Wed 15 Apr 2026 14:38:58 INFO  ['main.py', 'babyLFM2b1k', '83', '--clean', '--model', 'BPR', '--choice-model', 'consume_all', '--config', 'recbole_config_default.yaml']
Wed 15 Apr 2026 14:38:58 INFO  
General Hyper Parameters:
gpu_id = 0
use_gpu = True
seed = 2020
state = INFO
reproducibility = True
data_path = recbole_tmp/dataset
checkpoint_dir = saved
show_progress = True
save_dataset = False
dataset_save_path = None
save_dataloaders = False
dataloaders_save_path = None
log_wandb = False

Training Hyper Parameters:
epochs = 15
train_batch_size = 2048
learner = adam
learning_rate = 0.001
train_neg_sample_args = {'distribution': 'uniform', 'sample_num': 1, 'alpha': 1.0, 'dynamic': False, 'candidate_num': 0}
eval_step = 1
stopping_step = 5
clip_grad_norm = None
weight_decay = 0.0
loss_decimal_place = 4

Evaluation Hyper Parameters:
eval_args = {'split': {'RS': [0.75, 0.2, 0.05]}, 'order': 'RO', 'group_by': 'user', 'mode': {'valid': 'full', 'test': 'full'}}
repeatable = False
metrics = ['NDCG']
topk = [10]
valid_metric = NDCG@10
valid_metric_bigger = True
eval_batch_size = 2048
metric_decimal_place = 6

Dataset Hyper Parameters:
field_separator = 	
seq_separator =  
USER_ID_FIELD = user_id
ITEM_ID_FIELD = item_id
RATING_FIELD = rating
TIME_FIELD = timestamp
seq_len = None
LABEL_FIELD = label
threshold = None
NEG_PREFIX = neg_
load_col = {'inter': ['user_id', 'item_id']}
unload_col = None
unused_col = None
additional_feat_suffix = None
rm_dup_inter = None
val_interval = None
filter_inter_by_user_or_item = True
user_inter_num_interval = [0,inf)
item_inter_num_interval = [0,inf)
alias_of_user_id = None
alias_of_item_id = None
alias_of_entity_id = None
alias_of_relation_id = None
preload_weight = None
normalize_field = None
normalize_all = None
ITEM_LIST_LENGTH_FIELD = item_length
LIST_SUFFIX = _list
MAX_ITEM_LIST_LENGTH = 500
POSITION_FIELD = position_id
HEAD_ENTITY_ID_FIELD = head_id
TAIL_ENTITY_ID_FIELD = tail_id
RELATION_ID_FIELD = relation_id
ENTITY_ID_FIELD = entity_id
benchmark_filename = None

Other Hyper Parameters: 
worker = 0
wandb_project = recbole
shuffle = True
require_pow = False
enable_amp = False
enable_scaler = False
transform = None
embedding_size = 256
numerical_features = []
discretization = None
kg_reverse_r = False
entity_kg_num_interval = [0,inf)
relation_kg_num_interval = [0,inf)
MODEL_TYPE = ModelType.GENERAL
MODEL_INPUT_TYPE = InputType.PAIRWISE
eval_type = EvaluatorType.RANKING
single_spec = True
local_rank = 0
device = cuda
valid_neg_sample_args = {'distribution': 'uniform', 'sample_num': 'none'}
test_neg_sample_args = {'distribution': 'uniform', 'sample_num': 'none'}


Wed 15 Apr 2026 14:39:00 INFO  dataset
The number of users: 656
Average actions of users: 842.1954198473283
The number of items: 992
Average actions of items: 556.6478304742684
The number of inters: 551638
The sparsity of the dataset: 15.230686959087336%
Remain Fields: ['user_id', 'item_id']
Wed 15 Apr 2026 14:39:00 INFO  Preparing dataset
Wed 15 Apr 2026 14:39:01 INFO  [Training]: train_batch_size = [2048] train_neg_sample_args: [{'distribution': 'uniform', 'sample_num': 1, 'alpha': 1.0, 'dynamic': False, 'candidate_num': 0}]
Wed 15 Apr 2026 14:39:01 INFO  [Evaluation]: eval_batch_size = [2048] eval_args: [{'split': {'RS': [0.75, 0.2, 0.05]}, 'order': 'RO', 'group_by': 'user', 'mode': {'valid': 'full', 'test': 'full'}}]
Wed 15 Apr 2026 14:39:01 INFO  Done!
Wed 15 Apr 2026 14:39:01 INFO  BPR(
  (user_embedding): Embedding(656, 256)
  (item_embedding): Embedding(992, 256)
  (loss): BPRLoss()
)
Trainable parameters: 421888
Wed 15 Apr 2026 14:39:01 INFO  FLOPs: 512.0
Wed 15 Apr 2026 14:39:06 INFO  epoch 0 training [time: 3.12s, train loss: 129.1125]
Wed 15 Apr 2026 14:39:09 INFO  epoch 0 evaluating [time: 3.15s, valid_score: 0.825156]
Wed 15 Apr 2026 14:39:09 INFO  valid result: 
ndcg@10 : 0.825156
Wed 15 Apr 2026 14:39:09 INFO  Saving current: saved/BPR-Apr-15-2026_14-39-01.pth
Wed 15 Apr 2026 14:39:12 INFO  epoch 1 training [time: 3.00s, train loss: 83.1488]
Wed 15 Apr 2026 14:39:15 INFO  epoch 1 evaluating [time: 2.89s, valid_score: 0.818517]
Wed 15 Apr 2026 14:39:15 INFO  valid result: 
ndcg@10 : 0.818517
Wed 15 Apr 2026 14:39:18 INFO  epoch 2 training [time: 3.08s, train loss: 77.7335]
Wed 15 Apr 2026 14:39:21 INFO  epoch 2 evaluating [time: 3.31s, valid_score: 0.827228]
Wed 15 Apr 2026 14:39:21 INFO  valid result: 
ndcg@10 : 0.827228
Wed 15 Apr 2026 14:39:21 INFO  Saving current: saved/BPR-Apr-15-2026_14-39-01.pth
Wed 15 Apr 2026 14:39:24 INFO  epoch 3 training [time: 3.07s, train loss: 73.9387]
Wed 15 Apr 2026 14:39:27 INFO  epoch 3 evaluating [time: 3.11s, valid_score: 0.830111]
Wed 15 Apr 2026 14:39:27 INFO  valid result: 
ndcg@10 : 0.830111
Wed 15 Apr 2026 14:39:27 INFO  Saving current: saved/BPR-Apr-15-2026_14-39-01.pth
Wed 15 Apr 2026 14:39:30 INFO  epoch 4 training [time: 3.03s, train loss: 68.5886]
Wed 15 Apr 2026 14:39:33 INFO  epoch 4 evaluating [time: 3.13s, valid_score: 0.836077]
Wed 15 Apr 2026 14:39:33 INFO  valid result: 
ndcg@10 : 0.836077
Wed 15 Apr 2026 14:39:33 INFO  Saving current: saved/BPR-Apr-15-2026_14-39-01.pth
Wed 15 Apr 2026 14:39:37 INFO  epoch 5 training [time: 3.10s, train loss: 62.5587]
Wed 15 Apr 2026 14:39:40 INFO  epoch 5 evaluating [time: 3.31s, valid_score: 0.843249]
Wed 15 Apr 2026 14:39:40 INFO  valid result: 
ndcg@10 : 0.843249
Wed 15 Apr 2026 14:39:40 INFO  Saving current: saved/BPR-Apr-15-2026_14-39-01.pth
Wed 15 Apr 2026 14:39:43 INFO  epoch 6 training [time: 3.02s, train loss: 56.4719]
Wed 15 Apr 2026 14:39:46 INFO  epoch 6 evaluating [time: 3.02s, valid_score: 0.836374]
Wed 15 Apr 2026 14:39:46 INFO  valid result: 
ndcg@10 : 0.836374
Wed 15 Apr 2026 14:39:49 INFO  epoch 7 training [time: 3.07s, train loss: 50.8325]
Wed 15 Apr 2026 14:39:52 INFO  epoch 7 evaluating [time: 3.31s, valid_score: 0.838440]
Wed 15 Apr 2026 14:39:52 INFO  valid result: 
ndcg@10 : 0.83844
Wed 15 Apr 2026 14:39:55 INFO  epoch 8 training [time: 3.04s, train loss: 45.5553]
Wed 15 Apr 2026 14:39:59 INFO  epoch 8 evaluating [time: 3.37s, valid_score: 0.842762]
Wed 15 Apr 2026 14:39:59 INFO  valid result: 
ndcg@10 : 0.842762
Wed 15 Apr 2026 14:40:02 INFO  epoch 9 training [time: 3.00s, train loss: 41.0480]
Wed 15 Apr 2026 14:40:05 INFO  epoch 9 evaluating [time: 3.15s, valid_score: 0.842738]
Wed 15 Apr 2026 14:40:05 INFO  valid result: 
ndcg@10 : 0.842738
Wed 15 Apr 2026 14:40:08 INFO  epoch 10 training [time: 2.99s, train loss: 36.9101]
Wed 15 Apr 2026 14:40:11 INFO  epoch 10 evaluating [time: 3.04s, valid_score: 0.843135]
Wed 15 Apr 2026 14:40:11 INFO  valid result: 
ndcg@10 : 0.843135
Wed 15 Apr 2026 14:40:15 INFO  epoch 11 training [time: 4.23s, train loss: 33.2548]
Wed 15 Apr 2026 14:40:20 INFO  epoch 11 evaluating [time: 5.28s, valid_score: 0.841528]
Wed 15 Apr 2026 14:40:20 INFO  valid result: 
ndcg@10 : 0.841528
Wed 15 Apr 2026 14:40:20 INFO  Finished training, best eval result in epoch 5
Wed 15 Apr 2026 14:40:20 INFO  best valid : OrderedDict([('ndcg@10', 0.843249)])
Wed 15 Apr 2026 14:40:20 INFO  
General Hyper Parameters:
gpu_id = 0
use_gpu = True
seed = 2020
state = INFO
reproducibility = True
data_path = recbole_tmp/dataset
checkpoint_dir = saved
show_progress = True
save_dataset = False
dataset_save_path = None
save_dataloaders = False
dataloaders_save_path = None
log_wandb = False

Training Hyper Parameters:
epochs = 15
train_batch_size = 2048
learner = adam
learning_rate = 0.001
train_neg_sample_args = {'distribution': 'uniform', 'sample_num': 1, 'alpha': 1.0, 'dynamic': False, 'candidate_num': 0}
eval_step = 1
stopping_step = 5
clip_grad_norm = None
weight_decay = 0.0
loss_decimal_place = 4

Evaluation Hyper Parameters:
eval_args = {'split': {'RS': [0.75, 0.2, 0.05]}, 'order': 'RO', 'group_by': 'user', 'mode': {'valid': 'full', 'test': 'full'}}
repeatable = False
metrics = ['NDCG']
topk = [10]
valid_metric = NDCG@10
valid_metric_bigger = True
eval_batch_size = 2048
metric_decimal_place = 6

Dataset Hyper Parameters:
field_separator = 	
seq_separator =  
USER_ID_FIELD = user_id
ITEM_ID_FIELD = item_id
RATING_FIELD = rating
TIME_FIELD = timestamp
seq_len = None
LABEL_FIELD = label
threshold = None
NEG_PREFIX = neg_
load_col = {'inter': ['user_id', 'item_id']}
unload_col = None
unused_col = None
additional_feat_suffix = None
rm_dup_inter = None
val_interval = None
filter_inter_by_user_or_item = True
user_inter_num_interval = [0,inf)
item_inter_num_interval = [0,inf)
alias_of_user_id = None
alias_of_item_id = None
alias_of_entity_id = None
alias_of_relation_id = None
preload_weight = None
normalize_field = None
normalize_all = None
ITEM_LIST_LENGTH_FIELD = item_length
LIST_SUFFIX = _list
MAX_ITEM_LIST_LENGTH = 500
POSITION_FIELD = position_id
HEAD_ENTITY_ID_FIELD = head_id
TAIL_ENTITY_ID_FIELD = tail_id
RELATION_ID_FIELD = relation_id
ENTITY_ID_FIELD = entity_id
benchmark_filename = None

Other Hyper Parameters: 
worker = 0
wandb_project = recbole
shuffle = True
require_pow = False
enable_amp = False
enable_scaler = False
transform = None
embedding_size = 256
numerical_features = []
discretization = None
kg_reverse_r = False
entity_kg_num_interval = [0,inf)
relation_kg_num_interval = [0,inf)
MODEL_TYPE = ModelType.GENERAL
MODEL_INPUT_TYPE = InputType.PAIRWISE
eval_type = EvaluatorType.RANKING
single_spec = True
local_rank = 0
device = cuda
valid_neg_sample_args = {'distribution': 'uniform', 'sample_num': 'none'}
test_neg_sample_args = {'distribution': 'uniform', 'sample_num': 'none'}


Wed 15 Apr 2026 14:40:22 INFO  dataset
The number of users: 656
Average actions of users: 842.1954198473283
The number of items: 992
Average actions of items: 556.6478304742684
The number of inters: 551638
The sparsity of the dataset: 15.230686959087336%
Remain Fields: ['user_id', 'item_id']
Wed 15 Apr 2026 14:40:23 INFO  [Training]: train_batch_size = [2048] train_neg_sample_args: [{'distribution': 'uniform', 'sample_num': 1, 'alpha': 1.0, 'dynamic': False, 'candidate_num': 0}]
Wed 15 Apr 2026 14:40:23 INFO  [Evaluation]: eval_batch_size = [2048] eval_args: [{'split': {'RS': [0.75, 0.2, 0.05]}, 'order': 'RO', 'group_by': 'user', 'mode': {'valid': 'full', 'test': 'full'}}]
