Fri 17 Apr 2026 15:48:04 INFO  ['main.py', 'babyLFM2b1k', '83', '--clean', '--model', 'BPR', '--choice-model', 'consume_all', '--config', 'recbole_config_default.yaml', '--warm-start']
Fri 17 Apr 2026 15:48:04 INFO  
General Hyper Parameters:
gpu_id = 0
use_gpu = True
seed = 2020
state = INFO
reproducibility = True
data_path = recbole_tmp/dataset
checkpoint_dir = saved
show_progress = True
save_dataset = False
dataset_save_path = None
save_dataloaders = False
dataloaders_save_path = None
log_wandb = False

Training Hyper Parameters:
epochs = 10
train_batch_size = 2048
learner = adam
learning_rate = 0.001
train_neg_sample_args = {'distribution': 'uniform', 'sample_num': 1, 'alpha': 1.0, 'dynamic': False, 'candidate_num': 0}
eval_step = 1
stopping_step = 500
clip_grad_norm = None
weight_decay = 0.0
loss_decimal_place = 4

Evaluation Hyper Parameters:
eval_args = {'split': {'RS': [0.75, 0.2, 0.05]}, 'order': 'RO', 'group_by': 'user', 'mode': {'valid': 'full', 'test': 'full'}}
repeatable = False
metrics = ['NDCG']
topk = [10]
valid_metric = NDCG@10
valid_metric_bigger = True
eval_batch_size = 2048
metric_decimal_place = 3

Dataset Hyper Parameters:
field_separator = 	
seq_separator =  
USER_ID_FIELD = user_id
ITEM_ID_FIELD = item_id
RATING_FIELD = rating
TIME_FIELD = timestamp
seq_len = None
LABEL_FIELD = label
threshold = None
NEG_PREFIX = neg_
load_col = {'inter': ['user_id', 'item_id']}
unload_col = None
unused_col = None
additional_feat_suffix = None
rm_dup_inter = None
val_interval = None
filter_inter_by_user_or_item = True
user_inter_num_interval = [0,inf)
item_inter_num_interval = [0,inf)
alias_of_user_id = None
alias_of_item_id = None
alias_of_entity_id = None
alias_of_relation_id = None
preload_weight = None
normalize_field = None
normalize_all = None
ITEM_LIST_LENGTH_FIELD = item_length
LIST_SUFFIX = _list
MAX_ITEM_LIST_LENGTH = 500
POSITION_FIELD = position_id
HEAD_ENTITY_ID_FIELD = head_id
TAIL_ENTITY_ID_FIELD = tail_id
RELATION_ID_FIELD = relation_id
ENTITY_ID_FIELD = entity_id
benchmark_filename = None

Other Hyper Parameters: 
worker = 0
wandb_project = recbole
shuffle = True
require_pow = False
enable_amp = False
enable_scaler = False
transform = None
embedding_size = 256
numerical_features = []
discretization = None
kg_reverse_r = False
entity_kg_num_interval = [0,inf)
relation_kg_num_interval = [0,inf)
MODEL_TYPE = ModelType.GENERAL
MODEL_INPUT_TYPE = InputType.PAIRWISE
eval_type = EvaluatorType.RANKING
single_spec = True
local_rank = 0
device = cuda
valid_neg_sample_args = {'distribution': 'uniform', 'sample_num': 'none'}
test_neg_sample_args = {'distribution': 'uniform', 'sample_num': 'none'}


Fri 17 Apr 2026 15:48:05 INFO  dataset
The number of users: 656
Average actions of users: 842.1954198473283
The number of items: 992
Average actions of items: 556.6478304742684
The number of inters: 551638
The sparsity of the dataset: 15.230686959087336%
Remain Fields: ['user_id', 'item_id']
Fri 17 Apr 2026 15:48:05 INFO  Preparing dataset
Fri 17 Apr 2026 15:48:07 INFO  [Training]: train_batch_size = [2048] train_neg_sample_args: [{'distribution': 'uniform', 'sample_num': 1, 'alpha': 1.0, 'dynamic': False, 'candidate_num': 0}]
Fri 17 Apr 2026 15:48:07 INFO  [Evaluation]: eval_batch_size = [2048] eval_args: [{'split': {'RS': [0.75, 0.2, 0.05]}, 'order': 'RO', 'group_by': 'user', 'mode': {'valid': 'full', 'test': 'full'}}]
Fri 17 Apr 2026 15:48:07 INFO  Done!
Fri 17 Apr 2026 15:48:07 INFO  BPR(
  (user_embedding): Embedding(656, 256)
  (item_embedding): Embedding(992, 256)
  (loss): BPRLoss()
)
Trainable parameters: 421888
Fri 17 Apr 2026 15:48:07 INFO  FLOPs: 512.0
Fri 17 Apr 2026 15:48:08 INFO  Resuming training from checkpoint: experiments/babyLFM2b1k/output/iteration_82_checkpoint.pth
Fri 17 Apr 2026 15:48:08 INFO  Checkpoint loaded. Resume training from epoch 11
Fri 17 Apr 2026 15:48:10 INFO  epoch 0 training [time: 1.87s, train loss: 112.8426]
Fri 17 Apr 2026 15:48:11 INFO  epoch 0 evaluating [time: 0.55s, valid_score: 0.797000]
Fri 17 Apr 2026 15:48:11 INFO  valid result: 
ndcg@10 : 0.797
Fri 17 Apr 2026 15:48:11 INFO  Saving current: experiments/babyLFM2b1k/output/iteration_82_checkpoint.pth
Fri 17 Apr 2026 15:48:12 INFO  epoch 1 training [time: 1.64s, train loss: 94.8813]
Fri 17 Apr 2026 15:48:13 INFO  epoch 1 evaluating [time: 0.43s, valid_score: 0.813000]
Fri 17 Apr 2026 15:48:13 INFO  valid result: 
ndcg@10 : 0.813
Fri 17 Apr 2026 15:48:13 INFO  Saving current: experiments/babyLFM2b1k/output/iteration_82_checkpoint.pth
Fri 17 Apr 2026 15:48:14 INFO  epoch 2 training [time: 1.65s, train loss: 84.6522]
Fri 17 Apr 2026 15:48:15 INFO  epoch 2 evaluating [time: 0.43s, valid_score: 0.822000]
Fri 17 Apr 2026 15:48:15 INFO  valid result: 
ndcg@10 : 0.822
Fri 17 Apr 2026 15:48:15 INFO  Saving current: experiments/babyLFM2b1k/output/iteration_82_checkpoint.pth
Fri 17 Apr 2026 15:48:17 INFO  epoch 3 training [time: 1.88s, train loss: 76.9136]
Fri 17 Apr 2026 15:48:17 INFO  epoch 3 evaluating [time: 0.58s, valid_score: 0.824000]
Fri 17 Apr 2026 15:48:17 INFO  valid result: 
ndcg@10 : 0.824
Fri 17 Apr 2026 15:48:17 INFO  Saving current: experiments/babyLFM2b1k/output/iteration_82_checkpoint.pth
Fri 17 Apr 2026 15:48:19 INFO  epoch 4 training [time: 1.62s, train loss: 70.6767]
Fri 17 Apr 2026 15:48:19 INFO  epoch 4 evaluating [time: 0.55s, valid_score: 0.831000]
Fri 17 Apr 2026 15:48:19 INFO  valid result: 
ndcg@10 : 0.831
Fri 17 Apr 2026 15:48:19 INFO  Saving current: experiments/babyLFM2b1k/output/iteration_82_checkpoint.pth
Fri 17 Apr 2026 15:48:21 INFO  epoch 5 training [time: 1.77s, train loss: 65.8186]
Fri 17 Apr 2026 15:48:22 INFO  epoch 5 evaluating [time: 0.59s, valid_score: 0.834000]
Fri 17 Apr 2026 15:48:22 INFO  valid result: 
ndcg@10 : 0.834
Fri 17 Apr 2026 15:48:22 INFO  Saving current: experiments/babyLFM2b1k/output/iteration_82_checkpoint.pth
Fri 17 Apr 2026 15:48:23 INFO  epoch 6 training [time: 1.57s, train loss: 61.5257]
Fri 17 Apr 2026 15:48:24 INFO  epoch 6 evaluating [time: 0.50s, valid_score: 0.835000]
Fri 17 Apr 2026 15:48:24 INFO  valid result: 
ndcg@10 : 0.835
Fri 17 Apr 2026 15:48:24 INFO  Saving current: experiments/babyLFM2b1k/output/iteration_82_checkpoint.pth
Fri 17 Apr 2026 15:48:26 INFO  epoch 7 training [time: 1.75s, train loss: 57.7990]
Fri 17 Apr 2026 15:48:26 INFO  epoch 7 evaluating [time: 0.60s, valid_score: 0.838000]
Fri 17 Apr 2026 15:48:26 INFO  valid result: 
ndcg@10 : 0.838
Fri 17 Apr 2026 15:48:26 INFO  Saving current: experiments/babyLFM2b1k/output/iteration_82_checkpoint.pth
Fri 17 Apr 2026 15:48:28 INFO  epoch 8 training [time: 1.93s, train loss: 53.9495]
Fri 17 Apr 2026 15:48:29 INFO  epoch 8 evaluating [time: 0.76s, valid_score: 0.837000]
Fri 17 Apr 2026 15:48:29 INFO  valid result: 
ndcg@10 : 0.837
Fri 17 Apr 2026 15:48:31 INFO  epoch 9 training [time: 1.85s, train loss: 50.8601]
Fri 17 Apr 2026 15:48:31 INFO  epoch 9 evaluating [time: 0.51s, valid_score: 0.839000]
Fri 17 Apr 2026 15:48:31 INFO  valid result: 
ndcg@10 : 0.839
Fri 17 Apr 2026 15:48:31 INFO  Saving current: experiments/babyLFM2b1k/output/iteration_82_checkpoint.pth
Fri 17 Apr 2026 15:48:31 INFO  best valid : OrderedDict([('ndcg@10', 0.839)])
Fri 17 Apr 2026 15:48:31 INFO  No new best model saved (score did not improve). Force-saving current model state to: saved/iteration_82_checkpoint.pth
Fri 17 Apr 2026 15:48:31 INFO  Saving current: saved/iteration_82_checkpoint.pth
Fri 17 Apr 2026 15:48:31 INFO  
General Hyper Parameters:
gpu_id = 0
use_gpu = True
seed = 2020
state = INFO
reproducibility = True
data_path = recbole_tmp/dataset
checkpoint_dir = saved
show_progress = True
save_dataset = False
dataset_save_path = None
save_dataloaders = False
dataloaders_save_path = None
log_wandb = False

Training Hyper Parameters:
epochs = 10
train_batch_size = 2048
learner = adam
learning_rate = 0.001
train_neg_sample_args = {'distribution': 'uniform', 'sample_num': 1, 'alpha': 1.0, 'dynamic': False, 'candidate_num': 0}
eval_step = 1
stopping_step = 500
clip_grad_norm = None
weight_decay = 0.0
loss_decimal_place = 4

Evaluation Hyper Parameters:
eval_args = {'split': {'RS': [0.75, 0.2, 0.05]}, 'order': 'RO', 'group_by': 'user', 'mode': {'valid': 'full', 'test': 'full'}}
repeatable = False
metrics = ['NDCG']
topk = [10]
valid_metric = NDCG@10
valid_metric_bigger = True
eval_batch_size = 2048
metric_decimal_place = 3

Dataset Hyper Parameters:
field_separator = 	
seq_separator =  
USER_ID_FIELD = user_id
ITEM_ID_FIELD = item_id
RATING_FIELD = rating
TIME_FIELD = timestamp
seq_len = None
LABEL_FIELD = label
threshold = None
NEG_PREFIX = neg_
load_col = {'inter': ['user_id', 'item_id']}
unload_col = None
unused_col = None
additional_feat_suffix = None
rm_dup_inter = None
val_interval = None
filter_inter_by_user_or_item = True
user_inter_num_interval = [0,inf)
item_inter_num_interval = [0,inf)
alias_of_user_id = None
alias_of_item_id = None
alias_of_entity_id = None
alias_of_relation_id = None
preload_weight = None
normalize_field = None
normalize_all = None
ITEM_LIST_LENGTH_FIELD = item_length
LIST_SUFFIX = _list
MAX_ITEM_LIST_LENGTH = 500
POSITION_FIELD = position_id
HEAD_ENTITY_ID_FIELD = head_id
TAIL_ENTITY_ID_FIELD = tail_id
RELATION_ID_FIELD = relation_id
ENTITY_ID_FIELD = entity_id
benchmark_filename = None

Other Hyper Parameters: 
worker = 0
wandb_project = recbole
shuffle = True
require_pow = False
enable_amp = False
enable_scaler = False
transform = None
embedding_size = 256
numerical_features = []
discretization = None
kg_reverse_r = False
entity_kg_num_interval = [0,inf)
relation_kg_num_interval = [0,inf)
MODEL_TYPE = ModelType.GENERAL
MODEL_INPUT_TYPE = InputType.PAIRWISE
eval_type = EvaluatorType.RANKING
single_spec = True
local_rank = 0
device = cuda
valid_neg_sample_args = {'distribution': 'uniform', 'sample_num': 'none'}
test_neg_sample_args = {'distribution': 'uniform', 'sample_num': 'none'}


Fri 17 Apr 2026 15:48:33 INFO  dataset
The number of users: 656
Average actions of users: 842.1954198473283
The number of items: 992
Average actions of items: 556.6478304742684
The number of inters: 551638
The sparsity of the dataset: 15.230686959087336%
Remain Fields: ['user_id', 'item_id']
Fri 17 Apr 2026 15:48:34 INFO  [Training]: train_batch_size = [2048] train_neg_sample_args: [{'distribution': 'uniform', 'sample_num': 1, 'alpha': 1.0, 'dynamic': False, 'candidate_num': 0}]
Fri 17 Apr 2026 15:48:34 INFO  [Evaluation]: eval_batch_size = [2048] eval_args: [{'split': {'RS': [0.75, 0.2, 0.05]}, 'order': 'RO', 'group_by': 'user', 'mode': {'valid': 'full', 'test': 'full'}}]
