Wed 15 Apr 2026 12:59:39 INFO  ['main.py', 'babyLFM2b1k', '6', '--clean', '--model', 'BPR', '--choice-model', 'consume_all', '--config', 'recbole_config_default.yaml']
Wed 15 Apr 2026 12:59:39 INFO  
General Hyper Parameters:
gpu_id = 0
use_gpu = True
seed = 2020
state = INFO
reproducibility = True
data_path = recbole_tmp/dataset
checkpoint_dir = saved
show_progress = True
save_dataset = False
dataset_save_path = None
save_dataloaders = False
dataloaders_save_path = None
log_wandb = False

Training Hyper Parameters:
epochs = 15
train_batch_size = 2048
learner = adam
learning_rate = 0.001
train_neg_sample_args = {'distribution': 'uniform', 'sample_num': 1, 'alpha': 1.0, 'dynamic': False, 'candidate_num': 0}
eval_step = 1
stopping_step = 5
clip_grad_norm = None
weight_decay = 0.0
loss_decimal_place = 4

Evaluation Hyper Parameters:
eval_args = {'split': {'RS': [0.75, 0.2, 0.05]}, 'order': 'RO', 'group_by': 'user', 'mode': {'valid': 'full', 'test': 'full'}}
repeatable = False
metrics = ['NDCG']
topk = [10]
valid_metric = NDCG@10
valid_metric_bigger = True
eval_batch_size = 2048
metric_decimal_place = 6

Dataset Hyper Parameters:
field_separator = 	
seq_separator =  
USER_ID_FIELD = user_id
ITEM_ID_FIELD = item_id
RATING_FIELD = rating
TIME_FIELD = timestamp
seq_len = None
LABEL_FIELD = label
threshold = None
NEG_PREFIX = neg_
load_col = {'inter': ['user_id', 'item_id']}
unload_col = None
unused_col = None
additional_feat_suffix = None
rm_dup_inter = None
val_interval = None
filter_inter_by_user_or_item = True
user_inter_num_interval = [0,inf)
item_inter_num_interval = [0,inf)
alias_of_user_id = None
alias_of_item_id = None
alias_of_entity_id = None
alias_of_relation_id = None
preload_weight = None
normalize_field = None
normalize_all = None
ITEM_LIST_LENGTH_FIELD = item_length
LIST_SUFFIX = _list
MAX_ITEM_LIST_LENGTH = 500
POSITION_FIELD = position_id
HEAD_ENTITY_ID_FIELD = head_id
TAIL_ENTITY_ID_FIELD = tail_id
RELATION_ID_FIELD = relation_id
ENTITY_ID_FIELD = entity_id
benchmark_filename = None

Other Hyper Parameters: 
worker = 0
wandb_project = recbole
shuffle = True
require_pow = False
enable_amp = False
enable_scaler = False
transform = None
embedding_size = 256
numerical_features = []
discretization = None
kg_reverse_r = False
entity_kg_num_interval = [0,inf)
relation_kg_num_interval = [0,inf)
MODEL_TYPE = ModelType.GENERAL
MODEL_INPUT_TYPE = InputType.PAIRWISE
eval_type = EvaluatorType.RANKING
single_spec = True
local_rank = 0
device = cuda
valid_neg_sample_args = {'distribution': 'uniform', 'sample_num': 'none'}
test_neg_sample_args = {'distribution': 'uniform', 'sample_num': 'none'}


Wed 15 Apr 2026 12:59:39 INFO  dataset
The number of users: 656
Average actions of users: 72.31297709923665
The number of items: 992
Average actions of items: 47.79515640766902
The number of inters: 47365
The sparsity of the dataset: 92.72149759047994%
Remain Fields: ['user_id', 'item_id']
Wed 15 Apr 2026 12:59:39 INFO  Preparing dataset
Wed 15 Apr 2026 12:59:39 INFO  [Training]: train_batch_size = [2048] train_neg_sample_args: [{'distribution': 'uniform', 'sample_num': 1, 'alpha': 1.0, 'dynamic': False, 'candidate_num': 0}]
Wed 15 Apr 2026 12:59:39 INFO  [Evaluation]: eval_batch_size = [2048] eval_args: [{'split': {'RS': [0.75, 0.2, 0.05]}, 'order': 'RO', 'group_by': 'user', 'mode': {'valid': 'full', 'test': 'full'}}]
Wed 15 Apr 2026 12:59:39 INFO  Done!
Wed 15 Apr 2026 12:59:40 INFO  BPR(
  (user_embedding): Embedding(656, 256)
  (item_embedding): Embedding(992, 256)
  (loss): BPRLoss()
)
Trainable parameters: 421888
Wed 15 Apr 2026 12:59:40 INFO  FLOPs: 512.0
Wed 15 Apr 2026 12:59:41 INFO  epoch 0 training [time: 0.36s, train loss: 12.4100]
Wed 15 Apr 2026 12:59:44 INFO  epoch 0 evaluating [time: 3.02s, valid_score: 0.056515]
Wed 15 Apr 2026 12:59:44 INFO  valid result: 
ndcg@10 : 0.056515
Wed 15 Apr 2026 12:59:44 INFO  Saving current: saved/BPR-Apr-15-2026_12-59-40.pth
Wed 15 Apr 2026 12:59:45 INFO  epoch 1 training [time: 0.22s, train loss: 12.1580]
Wed 15 Apr 2026 12:59:48 INFO  epoch 1 evaluating [time: 3.03s, valid_score: 0.145683]
Wed 15 Apr 2026 12:59:48 INFO  valid result: 
ndcg@10 : 0.145683
Wed 15 Apr 2026 12:59:48 INFO  Saving current: saved/BPR-Apr-15-2026_12-59-40.pth
Wed 15 Apr 2026 12:59:48 INFO  epoch 2 training [time: 0.22s, train loss: 11.7776]
Wed 15 Apr 2026 12:59:51 INFO  epoch 2 evaluating [time: 2.96s, valid_score: 0.389077]
Wed 15 Apr 2026 12:59:51 INFO  valid result: 
ndcg@10 : 0.389077
Wed 15 Apr 2026 12:59:51 INFO  Saving current: saved/BPR-Apr-15-2026_12-59-40.pth
Wed 15 Apr 2026 12:59:51 INFO  epoch 3 training [time: 0.21s, train loss: 11.0560]
Wed 15 Apr 2026 12:59:54 INFO  epoch 3 evaluating [time: 2.81s, valid_score: 0.642040]
Wed 15 Apr 2026 12:59:54 INFO  valid result: 
ndcg@10 : 0.64204
Wed 15 Apr 2026 12:59:54 INFO  Saving current: saved/BPR-Apr-15-2026_12-59-40.pth
Wed 15 Apr 2026 12:59:54 INFO  epoch 4 training [time: 0.20s, train loss: 9.7230]
Wed 15 Apr 2026 12:59:57 INFO  epoch 4 evaluating [time: 2.63s, valid_score: 0.683856]
Wed 15 Apr 2026 12:59:57 INFO  valid result: 
ndcg@10 : 0.683856
Wed 15 Apr 2026 12:59:57 INFO  Saving current: saved/BPR-Apr-15-2026_12-59-40.pth
Wed 15 Apr 2026 12:59:57 INFO  epoch 5 training [time: 0.25s, train loss: 7.7936]
Wed 15 Apr 2026 13:00:00 INFO  epoch 5 evaluating [time: 3.01s, valid_score: 0.689548]
Wed 15 Apr 2026 13:00:00 INFO  valid result: 
ndcg@10 : 0.689548
Wed 15 Apr 2026 13:00:00 INFO  Saving current: saved/BPR-Apr-15-2026_12-59-40.pth
Wed 15 Apr 2026 13:00:00 INFO  epoch 6 training [time: 0.24s, train loss: 5.7924]
Wed 15 Apr 2026 13:00:03 INFO  epoch 6 evaluating [time: 3.06s, valid_score: 0.690376]
Wed 15 Apr 2026 13:00:03 INFO  valid result: 
ndcg@10 : 0.690376
Wed 15 Apr 2026 13:00:03 INFO  Saving current: saved/BPR-Apr-15-2026_12-59-40.pth
Wed 15 Apr 2026 13:00:04 INFO  epoch 7 training [time: 0.21s, train loss: 4.3709]
Wed 15 Apr 2026 13:00:06 INFO  epoch 7 evaluating [time: 2.87s, valid_score: 0.689904]
Wed 15 Apr 2026 13:00:06 INFO  valid result: 
ndcg@10 : 0.689904
Wed 15 Apr 2026 13:00:07 INFO  epoch 8 training [time: 0.21s, train loss: 3.5395]
Wed 15 Apr 2026 13:00:10 INFO  epoch 8 evaluating [time: 2.98s, valid_score: 0.689937]
Wed 15 Apr 2026 13:00:10 INFO  valid result: 
ndcg@10 : 0.689937
Wed 15 Apr 2026 13:00:10 INFO  epoch 9 training [time: 0.21s, train loss: 3.1073]
Wed 15 Apr 2026 13:00:13 INFO  epoch 9 evaluating [time: 3.10s, valid_score: 0.689145]
Wed 15 Apr 2026 13:00:13 INFO  valid result: 
ndcg@10 : 0.689145
Wed 15 Apr 2026 13:00:13 INFO  epoch 10 training [time: 0.22s, train loss: 2.8262]
Wed 15 Apr 2026 13:00:16 INFO  epoch 10 evaluating [time: 3.04s, valid_score: 0.691989]
Wed 15 Apr 2026 13:00:16 INFO  valid result: 
ndcg@10 : 0.691989
Wed 15 Apr 2026 13:00:16 INFO  Saving current: saved/BPR-Apr-15-2026_12-59-40.pth
Wed 15 Apr 2026 13:00:16 INFO  epoch 11 training [time: 0.24s, train loss: 2.6537]
Wed 15 Apr 2026 13:00:19 INFO  epoch 11 evaluating [time: 2.91s, valid_score: 0.689324]
Wed 15 Apr 2026 13:00:19 INFO  valid result: 
ndcg@10 : 0.689324
Wed 15 Apr 2026 13:00:20 INFO  epoch 12 training [time: 0.22s, train loss: 2.4586]
Wed 15 Apr 2026 13:00:23 INFO  epoch 12 evaluating [time: 3.07s, valid_score: 0.690341]
Wed 15 Apr 2026 13:00:23 INFO  valid result: 
ndcg@10 : 0.690341
Wed 15 Apr 2026 13:00:23 INFO  epoch 13 training [time: 0.24s, train loss: 2.4156]
Wed 15 Apr 2026 13:00:26 INFO  epoch 13 evaluating [time: 3.29s, valid_score: 0.690711]
Wed 15 Apr 2026 13:00:26 INFO  valid result: 
ndcg@10 : 0.690711
Wed 15 Apr 2026 13:00:26 INFO  epoch 14 training [time: 0.24s, train loss: 2.3425]
Wed 15 Apr 2026 13:00:33 INFO  epoch 14 evaluating [time: 6.79s, valid_score: 0.690593]
Wed 15 Apr 2026 13:00:33 INFO  valid result: 
ndcg@10 : 0.690593
Wed 15 Apr 2026 13:00:33 INFO  best valid : OrderedDict([('ndcg@10', 0.691989)])
Wed 15 Apr 2026 13:00:33 INFO  
General Hyper Parameters:
gpu_id = 0
use_gpu = True
seed = 2020
state = INFO
reproducibility = True
data_path = recbole_tmp/dataset
checkpoint_dir = saved
show_progress = True
save_dataset = False
dataset_save_path = None
save_dataloaders = False
dataloaders_save_path = None
log_wandb = False

Training Hyper Parameters:
epochs = 15
train_batch_size = 2048
learner = adam
learning_rate = 0.001
train_neg_sample_args = {'distribution': 'uniform', 'sample_num': 1, 'alpha': 1.0, 'dynamic': False, 'candidate_num': 0}
eval_step = 1
stopping_step = 5
clip_grad_norm = None
weight_decay = 0.0
loss_decimal_place = 4

Evaluation Hyper Parameters:
eval_args = {'split': {'RS': [0.75, 0.2, 0.05]}, 'order': 'RO', 'group_by': 'user', 'mode': {'valid': 'full', 'test': 'full'}}
repeatable = False
metrics = ['NDCG']
topk = [10]
valid_metric = NDCG@10
valid_metric_bigger = True
eval_batch_size = 2048
metric_decimal_place = 6

Dataset Hyper Parameters:
field_separator = 	
seq_separator =  
USER_ID_FIELD = user_id
ITEM_ID_FIELD = item_id
RATING_FIELD = rating
TIME_FIELD = timestamp
seq_len = None
LABEL_FIELD = label
threshold = None
NEG_PREFIX = neg_
load_col = {'inter': ['user_id', 'item_id']}
unload_col = None
unused_col = None
additional_feat_suffix = None
rm_dup_inter = None
val_interval = None
filter_inter_by_user_or_item = True
user_inter_num_interval = [0,inf)
item_inter_num_interval = [0,inf)
alias_of_user_id = None
alias_of_item_id = None
alias_of_entity_id = None
alias_of_relation_id = None
preload_weight = None
normalize_field = None
normalize_all = None
ITEM_LIST_LENGTH_FIELD = item_length
LIST_SUFFIX = _list
MAX_ITEM_LIST_LENGTH = 500
POSITION_FIELD = position_id
HEAD_ENTITY_ID_FIELD = head_id
TAIL_ENTITY_ID_FIELD = tail_id
RELATION_ID_FIELD = relation_id
ENTITY_ID_FIELD = entity_id
benchmark_filename = None

Other Hyper Parameters: 
worker = 0
wandb_project = recbole
shuffle = True
require_pow = False
enable_amp = False
enable_scaler = False
transform = None
embedding_size = 256
numerical_features = []
discretization = None
kg_reverse_r = False
entity_kg_num_interval = [0,inf)
relation_kg_num_interval = [0,inf)
MODEL_TYPE = ModelType.GENERAL
MODEL_INPUT_TYPE = InputType.PAIRWISE
eval_type = EvaluatorType.RANKING
single_spec = True
local_rank = 0
device = cuda
valid_neg_sample_args = {'distribution': 'uniform', 'sample_num': 'none'}
test_neg_sample_args = {'distribution': 'uniform', 'sample_num': 'none'}


Wed 15 Apr 2026 13:00:33 INFO  dataset
The number of users: 656
Average actions of users: 72.31297709923665
The number of items: 992
Average actions of items: 47.79515640766902
The number of inters: 47365
The sparsity of the dataset: 92.72149759047994%
Remain Fields: ['user_id', 'item_id']
Wed 15 Apr 2026 13:00:33 INFO  [Training]: train_batch_size = [2048] train_neg_sample_args: [{'distribution': 'uniform', 'sample_num': 1, 'alpha': 1.0, 'dynamic': False, 'candidate_num': 0}]
Wed 15 Apr 2026 13:00:33 INFO  [Evaluation]: eval_batch_size = [2048] eval_args: [{'split': {'RS': [0.75, 0.2, 0.05]}, 'order': 'RO', 'group_by': 'user', 'mode': {'valid': 'full', 'test': 'full'}}]
