Wed 15 Apr 2026 13:27:32 INFO  ['main.py', 'babyLFM2b1k', '36', '--clean', '--model', 'BPR', '--choice-model', 'consume_all', '--config', 'recbole_config_default.yaml']
Wed 15 Apr 2026 13:27:32 INFO  
General Hyper Parameters:
gpu_id = 0
use_gpu = True
seed = 2020
state = INFO
reproducibility = True
data_path = recbole_tmp/dataset
checkpoint_dir = saved
show_progress = True
save_dataset = False
dataset_save_path = None
save_dataloaders = False
dataloaders_save_path = None
log_wandb = False

Training Hyper Parameters:
epochs = 15
train_batch_size = 2048
learner = adam
learning_rate = 0.001
train_neg_sample_args = {'distribution': 'uniform', 'sample_num': 1, 'alpha': 1.0, 'dynamic': False, 'candidate_num': 0}
eval_step = 1
stopping_step = 5
clip_grad_norm = None
weight_decay = 0.0
loss_decimal_place = 4

Evaluation Hyper Parameters:
eval_args = {'split': {'RS': [0.75, 0.2, 0.05]}, 'order': 'RO', 'group_by': 'user', 'mode': {'valid': 'full', 'test': 'full'}}
repeatable = False
metrics = ['NDCG']
topk = [10]
valid_metric = NDCG@10
valid_metric_bigger = True
eval_batch_size = 2048
metric_decimal_place = 6

Dataset Hyper Parameters:
field_separator = 	
seq_separator =  
USER_ID_FIELD = user_id
ITEM_ID_FIELD = item_id
RATING_FIELD = rating
TIME_FIELD = timestamp
seq_len = None
LABEL_FIELD = label
threshold = None
NEG_PREFIX = neg_
load_col = {'inter': ['user_id', 'item_id']}
unload_col = None
unused_col = None
additional_feat_suffix = None
rm_dup_inter = None
val_interval = None
filter_inter_by_user_or_item = True
user_inter_num_interval = [0,inf)
item_inter_num_interval = [0,inf)
alias_of_user_id = None
alias_of_item_id = None
alias_of_entity_id = None
alias_of_relation_id = None
preload_weight = None
normalize_field = None
normalize_all = None
ITEM_LIST_LENGTH_FIELD = item_length
LIST_SUFFIX = _list
MAX_ITEM_LIST_LENGTH = 500
POSITION_FIELD = position_id
HEAD_ENTITY_ID_FIELD = head_id
TAIL_ENTITY_ID_FIELD = tail_id
RELATION_ID_FIELD = relation_id
ENTITY_ID_FIELD = entity_id
benchmark_filename = None

Other Hyper Parameters: 
worker = 0
wandb_project = recbole
shuffle = True
require_pow = False
enable_amp = False
enable_scaler = False
transform = None
embedding_size = 256
numerical_features = []
discretization = None
kg_reverse_r = False
entity_kg_num_interval = [0,inf)
relation_kg_num_interval = [0,inf)
MODEL_TYPE = ModelType.GENERAL
MODEL_INPUT_TYPE = InputType.PAIRWISE
eval_type = EvaluatorType.RANKING
single_spec = True
local_rank = 0
device = cuda
valid_neg_sample_args = {'distribution': 'uniform', 'sample_num': 'none'}
test_neg_sample_args = {'distribution': 'uniform', 'sample_num': 'none'}


Wed 15 Apr 2026 13:27:33 INFO  dataset
The number of users: 656
Average actions of users: 372.2671755725191
The number of items: 992
Average actions of items: 246.0494450050454
The number of inters: 243835
The sparsity of the dataset: 62.53027266915814%
Remain Fields: ['user_id', 'item_id']
Wed 15 Apr 2026 13:27:33 INFO  Preparing dataset
Wed 15 Apr 2026 13:27:33 INFO  [Training]: train_batch_size = [2048] train_neg_sample_args: [{'distribution': 'uniform', 'sample_num': 1, 'alpha': 1.0, 'dynamic': False, 'candidate_num': 0}]
Wed 15 Apr 2026 13:27:33 INFO  [Evaluation]: eval_batch_size = [2048] eval_args: [{'split': {'RS': [0.75, 0.2, 0.05]}, 'order': 'RO', 'group_by': 'user', 'mode': {'valid': 'full', 'test': 'full'}}]
Wed 15 Apr 2026 13:27:33 INFO  Done!
Wed 15 Apr 2026 13:27:34 INFO  BPR(
  (user_embedding): Embedding(656, 256)
  (item_embedding): Embedding(992, 256)
  (loss): BPRLoss()
)
Trainable parameters: 421888
Wed 15 Apr 2026 13:27:34 INFO  FLOPs: 512.0
Wed 15 Apr 2026 13:27:37 INFO  epoch 0 training [time: 1.31s, train loss: 60.9192]
Wed 15 Apr 2026 13:27:41 INFO  epoch 0 evaluating [time: 4.35s, valid_score: 0.820917]
Wed 15 Apr 2026 13:27:41 INFO  valid result: 
ndcg@10 : 0.820917
Wed 15 Apr 2026 13:27:41 INFO  Saving current: saved/BPR-Apr-15-2026_13-27-34.pth
Wed 15 Apr 2026 13:27:43 INFO  epoch 1 training [time: 1.75s, train loss: 30.9251]
Wed 15 Apr 2026 13:27:51 INFO  epoch 1 evaluating [time: 8.64s, valid_score: 0.821525]
Wed 15 Apr 2026 13:27:51 INFO  valid result: 
ndcg@10 : 0.821525
Wed 15 Apr 2026 13:27:51 INFO  Saving current: saved/BPR-Apr-15-2026_13-27-34.pth
Wed 15 Apr 2026 13:27:53 INFO  epoch 2 training [time: 1.71s, train loss: 13.4424]
Wed 15 Apr 2026 13:28:01 INFO  epoch 2 evaluating [time: 8.10s, valid_score: 0.825857]
Wed 15 Apr 2026 13:28:01 INFO  valid result: 
ndcg@10 : 0.825857
Wed 15 Apr 2026 13:28:01 INFO  Saving current: saved/BPR-Apr-15-2026_13-27-34.pth
Wed 15 Apr 2026 13:28:03 INFO  epoch 3 training [time: 1.82s, train loss: 12.3782]
Wed 15 Apr 2026 13:28:06 INFO  epoch 3 evaluating [time: 3.23s, valid_score: 0.825932]
Wed 15 Apr 2026 13:28:06 INFO  valid result: 
ndcg@10 : 0.825932
Wed 15 Apr 2026 13:28:06 INFO  Saving current: saved/BPR-Apr-15-2026_13-27-34.pth
Wed 15 Apr 2026 13:28:07 INFO  epoch 4 training [time: 1.16s, train loss: 12.1673]
Wed 15 Apr 2026 13:28:10 INFO  epoch 4 evaluating [time: 3.09s, valid_score: 0.826698]
Wed 15 Apr 2026 13:28:10 INFO  valid result: 
ndcg@10 : 0.826698
Wed 15 Apr 2026 13:28:10 INFO  Saving current: saved/BPR-Apr-15-2026_13-27-34.pth
Wed 15 Apr 2026 13:28:12 INFO  epoch 5 training [time: 1.19s, train loss: 11.9106]
Wed 15 Apr 2026 13:28:15 INFO  epoch 5 evaluating [time: 3.33s, valid_score: 0.820625]
Wed 15 Apr 2026 13:28:15 INFO  valid result: 
ndcg@10 : 0.820625
Wed 15 Apr 2026 13:28:16 INFO  epoch 6 training [time: 1.20s, train loss: 11.8158]
Wed 15 Apr 2026 13:28:19 INFO  epoch 6 evaluating [time: 3.21s, valid_score: 0.819341]
Wed 15 Apr 2026 13:28:19 INFO  valid result: 
ndcg@10 : 0.819341
Wed 15 Apr 2026 13:28:21 INFO  epoch 7 training [time: 1.14s, train loss: 11.6134]
Wed 15 Apr 2026 13:28:24 INFO  epoch 7 evaluating [time: 3.13s, valid_score: 0.828321]
Wed 15 Apr 2026 13:28:24 INFO  valid result: 
ndcg@10 : 0.828321
Wed 15 Apr 2026 13:28:24 INFO  Saving current: saved/BPR-Apr-15-2026_13-27-34.pth
Wed 15 Apr 2026 13:28:25 INFO  epoch 8 training [time: 1.10s, train loss: 11.4346]
Wed 15 Apr 2026 13:28:28 INFO  epoch 8 evaluating [time: 3.11s, valid_score: 0.827802]
Wed 15 Apr 2026 13:28:28 INFO  valid result: 
ndcg@10 : 0.827802
Wed 15 Apr 2026 13:28:29 INFO  epoch 9 training [time: 1.15s, train loss: 11.1862]
Wed 15 Apr 2026 13:28:32 INFO  epoch 9 evaluating [time: 2.97s, valid_score: 0.829873]
Wed 15 Apr 2026 13:28:32 INFO  valid result: 
ndcg@10 : 0.829873
Wed 15 Apr 2026 13:28:32 INFO  Saving current: saved/BPR-Apr-15-2026_13-27-34.pth
Wed 15 Apr 2026 13:28:33 INFO  epoch 10 training [time: 1.15s, train loss: 10.8886]
Wed 15 Apr 2026 13:28:36 INFO  epoch 10 evaluating [time: 2.94s, valid_score: 0.839732]
Wed 15 Apr 2026 13:28:36 INFO  valid result: 
ndcg@10 : 0.839732
Wed 15 Apr 2026 13:28:36 INFO  Saving current: saved/BPR-Apr-15-2026_13-27-34.pth
Wed 15 Apr 2026 13:28:37 INFO  epoch 11 training [time: 1.17s, train loss: 10.6953]
Wed 15 Apr 2026 13:28:40 INFO  epoch 11 evaluating [time: 3.12s, valid_score: 0.838100]
Wed 15 Apr 2026 13:28:40 INFO  valid result: 
ndcg@10 : 0.8381
Wed 15 Apr 2026 13:28:42 INFO  epoch 12 training [time: 1.17s, train loss: 10.4439]
Wed 15 Apr 2026 13:28:45 INFO  epoch 12 evaluating [time: 3.19s, valid_score: 0.837847]
Wed 15 Apr 2026 13:28:45 INFO  valid result: 
ndcg@10 : 0.837847
Wed 15 Apr 2026 13:28:46 INFO  epoch 13 training [time: 1.20s, train loss: 10.0607]
Wed 15 Apr 2026 13:28:49 INFO  epoch 13 evaluating [time: 3.14s, valid_score: 0.842271]
Wed 15 Apr 2026 13:28:49 INFO  valid result: 
ndcg@10 : 0.842271
Wed 15 Apr 2026 13:28:49 INFO  Saving current: saved/BPR-Apr-15-2026_13-27-34.pth
Wed 15 Apr 2026 13:28:50 INFO  epoch 14 training [time: 1.17s, train loss: 9.8604]
Wed 15 Apr 2026 13:28:54 INFO  epoch 14 evaluating [time: 3.29s, valid_score: 0.844452]
Wed 15 Apr 2026 13:28:54 INFO  valid result: 
ndcg@10 : 0.844452
Wed 15 Apr 2026 13:28:54 INFO  Saving current: saved/BPR-Apr-15-2026_13-27-34.pth
Wed 15 Apr 2026 13:28:54 INFO  best valid : OrderedDict([('ndcg@10', 0.844452)])
Wed 15 Apr 2026 13:28:54 INFO  
General Hyper Parameters:
gpu_id = 0
use_gpu = True
seed = 2020
state = INFO
reproducibility = True
data_path = recbole_tmp/dataset
checkpoint_dir = saved
show_progress = True
save_dataset = False
dataset_save_path = None
save_dataloaders = False
dataloaders_save_path = None
log_wandb = False

Training Hyper Parameters:
epochs = 15
train_batch_size = 2048
learner = adam
learning_rate = 0.001
train_neg_sample_args = {'distribution': 'uniform', 'sample_num': 1, 'alpha': 1.0, 'dynamic': False, 'candidate_num': 0}
eval_step = 1
stopping_step = 5
clip_grad_norm = None
weight_decay = 0.0
loss_decimal_place = 4

Evaluation Hyper Parameters:
eval_args = {'split': {'RS': [0.75, 0.2, 0.05]}, 'order': 'RO', 'group_by': 'user', 'mode': {'valid': 'full', 'test': 'full'}}
repeatable = False
metrics = ['NDCG']
topk = [10]
valid_metric = NDCG@10
valid_metric_bigger = True
eval_batch_size = 2048
metric_decimal_place = 6

Dataset Hyper Parameters:
field_separator = 	
seq_separator =  
USER_ID_FIELD = user_id
ITEM_ID_FIELD = item_id
RATING_FIELD = rating
TIME_FIELD = timestamp
seq_len = None
LABEL_FIELD = label
threshold = None
NEG_PREFIX = neg_
load_col = {'inter': ['user_id', 'item_id']}
unload_col = None
unused_col = None
additional_feat_suffix = None
rm_dup_inter = None
val_interval = None
filter_inter_by_user_or_item = True
user_inter_num_interval = [0,inf)
item_inter_num_interval = [0,inf)
alias_of_user_id = None
alias_of_item_id = None
alias_of_entity_id = None
alias_of_relation_id = None
preload_weight = None
normalize_field = None
normalize_all = None
ITEM_LIST_LENGTH_FIELD = item_length
LIST_SUFFIX = _list
MAX_ITEM_LIST_LENGTH = 500
POSITION_FIELD = position_id
HEAD_ENTITY_ID_FIELD = head_id
TAIL_ENTITY_ID_FIELD = tail_id
RELATION_ID_FIELD = relation_id
ENTITY_ID_FIELD = entity_id
benchmark_filename = None

Other Hyper Parameters: 
worker = 0
wandb_project = recbole
shuffle = True
require_pow = False
enable_amp = False
enable_scaler = False
transform = None
embedding_size = 256
numerical_features = []
discretization = None
kg_reverse_r = False
entity_kg_num_interval = [0,inf)
relation_kg_num_interval = [0,inf)
MODEL_TYPE = ModelType.GENERAL
MODEL_INPUT_TYPE = InputType.PAIRWISE
eval_type = EvaluatorType.RANKING
single_spec = True
local_rank = 0
device = cuda
valid_neg_sample_args = {'distribution': 'uniform', 'sample_num': 'none'}
test_neg_sample_args = {'distribution': 'uniform', 'sample_num': 'none'}


Wed 15 Apr 2026 13:28:54 INFO  dataset
The number of users: 656
Average actions of users: 372.2671755725191
The number of items: 992
Average actions of items: 246.0494450050454
The number of inters: 243835
The sparsity of the dataset: 62.53027266915814%
Remain Fields: ['user_id', 'item_id']
Wed 15 Apr 2026 13:28:55 INFO  [Training]: train_batch_size = [2048] train_neg_sample_args: [{'distribution': 'uniform', 'sample_num': 1, 'alpha': 1.0, 'dynamic': False, 'candidate_num': 0}]
Wed 15 Apr 2026 13:28:55 INFO  [Evaluation]: eval_batch_size = [2048] eval_args: [{'split': {'RS': [0.75, 0.2, 0.05]}, 'order': 'RO', 'group_by': 'user', 'mode': {'valid': 'full', 'test': 'full'}}]
