Wed 15 Apr 2026 13:05:28 INFO  ['main.py', 'babyLFM2b1k', '12', '--clean', '--model', 'BPR', '--choice-model', 'consume_all', '--config', 'recbole_config_default.yaml']
Wed 15 Apr 2026 13:05:28 INFO  
General Hyper Parameters:
gpu_id = 0
use_gpu = True
seed = 2020
state = INFO
reproducibility = True
data_path = recbole_tmp/dataset
checkpoint_dir = saved
show_progress = True
save_dataset = False
dataset_save_path = None
save_dataloaders = False
dataloaders_save_path = None
log_wandb = False

Training Hyper Parameters:
epochs = 15
train_batch_size = 2048
learner = adam
learning_rate = 0.001
train_neg_sample_args = {'distribution': 'uniform', 'sample_num': 1, 'alpha': 1.0, 'dynamic': False, 'candidate_num': 0}
eval_step = 1
stopping_step = 5
clip_grad_norm = None
weight_decay = 0.0
loss_decimal_place = 4

Evaluation Hyper Parameters:
eval_args = {'split': {'RS': [0.75, 0.2, 0.05]}, 'order': 'RO', 'group_by': 'user', 'mode': {'valid': 'full', 'test': 'full'}}
repeatable = False
metrics = ['NDCG']
topk = [10]
valid_metric = NDCG@10
valid_metric_bigger = True
eval_batch_size = 2048
metric_decimal_place = 6

Dataset Hyper Parameters:
field_separator = 	
seq_separator =  
USER_ID_FIELD = user_id
ITEM_ID_FIELD = item_id
RATING_FIELD = rating
TIME_FIELD = timestamp
seq_len = None
LABEL_FIELD = label
threshold = None
NEG_PREFIX = neg_
load_col = {'inter': ['user_id', 'item_id']}
unload_col = None
unused_col = None
additional_feat_suffix = None
rm_dup_inter = None
val_interval = None
filter_inter_by_user_or_item = True
user_inter_num_interval = [0,inf)
item_inter_num_interval = [0,inf)
alias_of_user_id = None
alias_of_item_id = None
alias_of_entity_id = None
alias_of_relation_id = None
preload_weight = None
normalize_field = None
normalize_all = None
ITEM_LIST_LENGTH_FIELD = item_length
LIST_SUFFIX = _list
MAX_ITEM_LIST_LENGTH = 500
POSITION_FIELD = position_id
HEAD_ENTITY_ID_FIELD = head_id
TAIL_ENTITY_ID_FIELD = tail_id
RELATION_ID_FIELD = relation_id
ENTITY_ID_FIELD = entity_id
benchmark_filename = None

Other Hyper Parameters: 
worker = 0
wandb_project = recbole
shuffle = True
require_pow = False
enable_amp = False
enable_scaler = False
transform = None
embedding_size = 256
numerical_features = []
discretization = None
kg_reverse_r = False
entity_kg_num_interval = [0,inf)
relation_kg_num_interval = [0,inf)
MODEL_TYPE = ModelType.GENERAL
MODEL_INPUT_TYPE = InputType.PAIRWISE
eval_type = EvaluatorType.RANKING
single_spec = True
local_rank = 0
device = cuda
valid_neg_sample_args = {'distribution': 'uniform', 'sample_num': 'none'}
test_neg_sample_args = {'distribution': 'uniform', 'sample_num': 'none'}


Wed 15 Apr 2026 13:05:28 INFO  dataset
The number of users: 656
Average actions of users: 132.30381679389313
The number of items: 992
Average actions of items: 87.4460141271443
The number of inters: 86659
The sparsity of the dataset: 86.68325260621558%
Remain Fields: ['user_id', 'item_id']
Wed 15 Apr 2026 13:05:28 INFO  Preparing dataset
Wed 15 Apr 2026 13:05:28 INFO  [Training]: train_batch_size = [2048] train_neg_sample_args: [{'distribution': 'uniform', 'sample_num': 1, 'alpha': 1.0, 'dynamic': False, 'candidate_num': 0}]
Wed 15 Apr 2026 13:05:28 INFO  [Evaluation]: eval_batch_size = [2048] eval_args: [{'split': {'RS': [0.75, 0.2, 0.05]}, 'order': 'RO', 'group_by': 'user', 'mode': {'valid': 'full', 'test': 'full'}}]
Wed 15 Apr 2026 13:05:28 INFO  Done!
Wed 15 Apr 2026 13:05:28 INFO  BPR(
  (user_embedding): Embedding(656, 256)
  (item_embedding): Embedding(992, 256)
  (loss): BPRLoss()
)
Trainable parameters: 421888
Wed 15 Apr 2026 13:05:28 INFO  FLOPs: 512.0
Wed 15 Apr 2026 13:05:30 INFO  epoch 0 training [time: 0.52s, train loss: 22.7671]
Wed 15 Apr 2026 13:05:33 INFO  epoch 0 evaluating [time: 3.19s, valid_score: 0.111032]
Wed 15 Apr 2026 13:05:33 INFO  valid result: 
ndcg@10 : 0.111032
Wed 15 Apr 2026 13:05:33 INFO  Saving current: saved/BPR-Apr-15-2026_13-05-28.pth
Wed 15 Apr 2026 13:05:34 INFO  epoch 1 training [time: 0.43s, train loss: 21.8252]
Wed 15 Apr 2026 13:05:40 INFO  epoch 1 evaluating [time: 5.84s, valid_score: 0.775521]
Wed 15 Apr 2026 13:05:40 INFO  valid result: 
ndcg@10 : 0.775521
Wed 15 Apr 2026 13:05:40 INFO  Saving current: saved/BPR-Apr-15-2026_13-05-28.pth
Wed 15 Apr 2026 13:05:40 INFO  epoch 2 training [time: 0.66s, train loss: 17.8554]
Wed 15 Apr 2026 13:05:44 INFO  epoch 2 evaluating [time: 3.29s, valid_score: 0.807148]
Wed 15 Apr 2026 13:05:44 INFO  valid result: 
ndcg@10 : 0.807148
Wed 15 Apr 2026 13:05:44 INFO  Saving current: saved/BPR-Apr-15-2026_13-05-28.pth
Wed 15 Apr 2026 13:05:44 INFO  epoch 3 training [time: 0.45s, train loss: 10.0472]
Wed 15 Apr 2026 13:05:47 INFO  epoch 3 evaluating [time: 3.45s, valid_score: 0.808085]
Wed 15 Apr 2026 13:05:47 INFO  valid result: 
ndcg@10 : 0.808085
Wed 15 Apr 2026 13:05:47 INFO  Saving current: saved/BPR-Apr-15-2026_13-05-28.pth
Wed 15 Apr 2026 13:05:48 INFO  epoch 4 training [time: 0.45s, train loss: 5.2387]
Wed 15 Apr 2026 13:05:51 INFO  epoch 4 evaluating [time: 3.46s, valid_score: 0.813267]
Wed 15 Apr 2026 13:05:51 INFO  valid result: 
ndcg@10 : 0.813267
Wed 15 Apr 2026 13:05:51 INFO  Saving current: saved/BPR-Apr-15-2026_13-05-28.pth
Wed 15 Apr 2026 13:05:52 INFO  epoch 5 training [time: 0.44s, train loss: 3.7766]
Wed 15 Apr 2026 13:05:55 INFO  epoch 5 evaluating [time: 3.37s, valid_score: 0.819284]
Wed 15 Apr 2026 13:05:55 INFO  valid result: 
ndcg@10 : 0.819284
Wed 15 Apr 2026 13:05:55 INFO  Saving current: saved/BPR-Apr-15-2026_13-05-28.pth
Wed 15 Apr 2026 13:05:56 INFO  epoch 6 training [time: 0.41s, train loss: 3.2690]
Wed 15 Apr 2026 13:05:59 INFO  epoch 6 evaluating [time: 3.28s, valid_score: 0.827714]
Wed 15 Apr 2026 13:05:59 INFO  valid result: 
ndcg@10 : 0.827714
Wed 15 Apr 2026 13:05:59 INFO  Saving current: saved/BPR-Apr-15-2026_13-05-28.pth
Wed 15 Apr 2026 13:05:59 INFO  epoch 7 training [time: 0.41s, train loss: 3.0576]
Wed 15 Apr 2026 13:06:03 INFO  epoch 7 evaluating [time: 3.20s, valid_score: 0.830910]
Wed 15 Apr 2026 13:06:03 INFO  valid result: 
ndcg@10 : 0.83091
Wed 15 Apr 2026 13:06:03 INFO  Saving current: saved/BPR-Apr-15-2026_13-05-28.pth
Wed 15 Apr 2026 13:06:03 INFO  epoch 8 training [time: 0.40s, train loss: 2.8253]
Wed 15 Apr 2026 13:06:06 INFO  epoch 8 evaluating [time: 3.08s, valid_score: 0.832349]
Wed 15 Apr 2026 13:06:06 INFO  valid result: 
ndcg@10 : 0.832349
Wed 15 Apr 2026 13:06:06 INFO  Saving current: saved/BPR-Apr-15-2026_13-05-28.pth
Wed 15 Apr 2026 13:06:06 INFO  epoch 9 training [time: 0.43s, train loss: 2.7543]
Wed 15 Apr 2026 13:06:10 INFO  epoch 9 evaluating [time: 3.02s, valid_score: 0.833896]
Wed 15 Apr 2026 13:06:10 INFO  valid result: 
ndcg@10 : 0.833896
Wed 15 Apr 2026 13:06:10 INFO  Saving current: saved/BPR-Apr-15-2026_13-05-28.pth
Wed 15 Apr 2026 13:06:10 INFO  epoch 10 training [time: 0.37s, train loss: 2.6237]
Wed 15 Apr 2026 13:06:13 INFO  epoch 10 evaluating [time: 3.29s, valid_score: 0.831469]
Wed 15 Apr 2026 13:06:13 INFO  valid result: 
ndcg@10 : 0.831469
Wed 15 Apr 2026 13:06:14 INFO  epoch 11 training [time: 0.45s, train loss: 2.6756]
Wed 15 Apr 2026 13:06:17 INFO  epoch 11 evaluating [time: 2.92s, valid_score: 0.833355]
Wed 15 Apr 2026 13:06:17 INFO  valid result: 
ndcg@10 : 0.833355
Wed 15 Apr 2026 13:06:17 INFO  epoch 12 training [time: 0.38s, train loss: 2.5079]
Wed 15 Apr 2026 13:06:20 INFO  epoch 12 evaluating [time: 3.12s, valid_score: 0.829412]
Wed 15 Apr 2026 13:06:20 INFO  valid result: 
ndcg@10 : 0.829412
Wed 15 Apr 2026 13:06:20 INFO  epoch 13 training [time: 0.35s, train loss: 2.4358]
Wed 15 Apr 2026 13:06:24 INFO  epoch 13 evaluating [time: 3.12s, valid_score: 0.824572]
Wed 15 Apr 2026 13:06:24 INFO  valid result: 
ndcg@10 : 0.824572
Wed 15 Apr 2026 13:06:24 INFO  epoch 14 training [time: 0.39s, train loss: 2.4618]
Wed 15 Apr 2026 13:06:27 INFO  epoch 14 evaluating [time: 3.13s, valid_score: 0.832819]
Wed 15 Apr 2026 13:06:27 INFO  valid result: 
ndcg@10 : 0.832819
Wed 15 Apr 2026 13:06:27 INFO  best valid : OrderedDict([('ndcg@10', 0.833896)])
Wed 15 Apr 2026 13:06:27 INFO  
General Hyper Parameters:
gpu_id = 0
use_gpu = True
seed = 2020
state = INFO
reproducibility = True
data_path = recbole_tmp/dataset
checkpoint_dir = saved
show_progress = True
save_dataset = False
dataset_save_path = None
save_dataloaders = False
dataloaders_save_path = None
log_wandb = False

Training Hyper Parameters:
epochs = 15
train_batch_size = 2048
learner = adam
learning_rate = 0.001
train_neg_sample_args = {'distribution': 'uniform', 'sample_num': 1, 'alpha': 1.0, 'dynamic': False, 'candidate_num': 0}
eval_step = 1
stopping_step = 5
clip_grad_norm = None
weight_decay = 0.0
loss_decimal_place = 4

Evaluation Hyper Parameters:
eval_args = {'split': {'RS': [0.75, 0.2, 0.05]}, 'order': 'RO', 'group_by': 'user', 'mode': {'valid': 'full', 'test': 'full'}}
repeatable = False
metrics = ['NDCG']
topk = [10]
valid_metric = NDCG@10
valid_metric_bigger = True
eval_batch_size = 2048
metric_decimal_place = 6

Dataset Hyper Parameters:
field_separator = 	
seq_separator =  
USER_ID_FIELD = user_id
ITEM_ID_FIELD = item_id
RATING_FIELD = rating
TIME_FIELD = timestamp
seq_len = None
LABEL_FIELD = label
threshold = None
NEG_PREFIX = neg_
load_col = {'inter': ['user_id', 'item_id']}
unload_col = None
unused_col = None
additional_feat_suffix = None
rm_dup_inter = None
val_interval = None
filter_inter_by_user_or_item = True
user_inter_num_interval = [0,inf)
item_inter_num_interval = [0,inf)
alias_of_user_id = None
alias_of_item_id = None
alias_of_entity_id = None
alias_of_relation_id = None
preload_weight = None
normalize_field = None
normalize_all = None
ITEM_LIST_LENGTH_FIELD = item_length
LIST_SUFFIX = _list
MAX_ITEM_LIST_LENGTH = 500
POSITION_FIELD = position_id
HEAD_ENTITY_ID_FIELD = head_id
TAIL_ENTITY_ID_FIELD = tail_id
RELATION_ID_FIELD = relation_id
ENTITY_ID_FIELD = entity_id
benchmark_filename = None

Other Hyper Parameters: 
worker = 0
wandb_project = recbole
shuffle = True
require_pow = False
enable_amp = False
enable_scaler = False
transform = None
embedding_size = 256
numerical_features = []
discretization = None
kg_reverse_r = False
entity_kg_num_interval = [0,inf)
relation_kg_num_interval = [0,inf)
MODEL_TYPE = ModelType.GENERAL
MODEL_INPUT_TYPE = InputType.PAIRWISE
eval_type = EvaluatorType.RANKING
single_spec = True
local_rank = 0
device = cuda
valid_neg_sample_args = {'distribution': 'uniform', 'sample_num': 'none'}
test_neg_sample_args = {'distribution': 'uniform', 'sample_num': 'none'}


Wed 15 Apr 2026 13:06:27 INFO  dataset
The number of users: 656
Average actions of users: 132.30381679389313
The number of items: 992
Average actions of items: 87.4460141271443
The number of inters: 86659
The sparsity of the dataset: 86.68325260621558%
Remain Fields: ['user_id', 'item_id']
Wed 15 Apr 2026 13:06:28 INFO  [Training]: train_batch_size = [2048] train_neg_sample_args: [{'distribution': 'uniform', 'sample_num': 1, 'alpha': 1.0, 'dynamic': False, 'candidate_num': 0}]
Wed 15 Apr 2026 13:06:28 INFO  [Evaluation]: eval_batch_size = [2048] eval_args: [{'split': {'RS': [0.75, 0.2, 0.05]}, 'order': 'RO', 'group_by': 'user', 'mode': {'valid': 'full', 'test': 'full'}}]
