Wed 15 Apr 2026 13:00:40 INFO  ['main.py', 'babyLFM2b1k', '7', '--clean', '--model', 'BPR', '--choice-model', 'consume_all', '--config', 'recbole_config_default.yaml']
Wed 15 Apr 2026 13:00:40 INFO  
General Hyper Parameters:
gpu_id = 0
use_gpu = True
seed = 2020
state = INFO
reproducibility = True
data_path = recbole_tmp/dataset
checkpoint_dir = saved
show_progress = True
save_dataset = False
dataset_save_path = None
save_dataloaders = False
dataloaders_save_path = None
log_wandb = False

Training Hyper Parameters:
epochs = 15
train_batch_size = 2048
learner = adam
learning_rate = 0.001
train_neg_sample_args = {'distribution': 'uniform', 'sample_num': 1, 'alpha': 1.0, 'dynamic': False, 'candidate_num': 0}
eval_step = 1
stopping_step = 5
clip_grad_norm = None
weight_decay = 0.0
loss_decimal_place = 4

Evaluation Hyper Parameters:
eval_args = {'split': {'RS': [0.75, 0.2, 0.05]}, 'order': 'RO', 'group_by': 'user', 'mode': {'valid': 'full', 'test': 'full'}}
repeatable = False
metrics = ['NDCG']
topk = [10]
valid_metric = NDCG@10
valid_metric_bigger = True
eval_batch_size = 2048
metric_decimal_place = 6

Dataset Hyper Parameters:
field_separator = 	
seq_separator =  
USER_ID_FIELD = user_id
ITEM_ID_FIELD = item_id
RATING_FIELD = rating
TIME_FIELD = timestamp
seq_len = None
LABEL_FIELD = label
threshold = None
NEG_PREFIX = neg_
load_col = {'inter': ['user_id', 'item_id']}
unload_col = None
unused_col = None
additional_feat_suffix = None
rm_dup_inter = None
val_interval = None
filter_inter_by_user_or_item = True
user_inter_num_interval = [0,inf)
item_inter_num_interval = [0,inf)
alias_of_user_id = None
alias_of_item_id = None
alias_of_entity_id = None
alias_of_relation_id = None
preload_weight = None
normalize_field = None
normalize_all = None
ITEM_LIST_LENGTH_FIELD = item_length
LIST_SUFFIX = _list
MAX_ITEM_LIST_LENGTH = 500
POSITION_FIELD = position_id
HEAD_ENTITY_ID_FIELD = head_id
TAIL_ENTITY_ID_FIELD = tail_id
RELATION_ID_FIELD = relation_id
ENTITY_ID_FIELD = entity_id
benchmark_filename = None

Other Hyper Parameters: 
worker = 0
wandb_project = recbole
shuffle = True
require_pow = False
enable_amp = False
enable_scaler = False
transform = None
embedding_size = 256
numerical_features = []
discretization = None
kg_reverse_r = False
entity_kg_num_interval = [0,inf)
relation_kg_num_interval = [0,inf)
MODEL_TYPE = ModelType.GENERAL
MODEL_INPUT_TYPE = InputType.PAIRWISE
eval_type = EvaluatorType.RANKING
single_spec = True
local_rank = 0
device = cuda
valid_neg_sample_args = {'distribution': 'uniform', 'sample_num': 'none'}
test_neg_sample_args = {'distribution': 'uniform', 'sample_num': 'none'}


Wed 15 Apr 2026 13:00:41 INFO  dataset
The number of users: 656
Average actions of users: 82.31145038167939
The number of items: 992
Average actions of items: 54.40363269424824
The number of inters: 53914
The sparsity of the dataset: 91.71512342643588%
Remain Fields: ['user_id', 'item_id']
Wed 15 Apr 2026 13:00:41 INFO  Preparing dataset
Wed 15 Apr 2026 13:00:41 INFO  [Training]: train_batch_size = [2048] train_neg_sample_args: [{'distribution': 'uniform', 'sample_num': 1, 'alpha': 1.0, 'dynamic': False, 'candidate_num': 0}]
Wed 15 Apr 2026 13:00:41 INFO  [Evaluation]: eval_batch_size = [2048] eval_args: [{'split': {'RS': [0.75, 0.2, 0.05]}, 'order': 'RO', 'group_by': 'user', 'mode': {'valid': 'full', 'test': 'full'}}]
Wed 15 Apr 2026 13:00:41 INFO  Done!
Wed 15 Apr 2026 13:00:41 INFO  BPR(
  (user_embedding): Embedding(656, 256)
  (item_embedding): Embedding(992, 256)
  (loss): BPRLoss()
)
Trainable parameters: 421888
Wed 15 Apr 2026 13:00:41 INFO  FLOPs: 512.0
Wed 15 Apr 2026 13:00:43 INFO  epoch 0 training [time: 0.39s, train loss: 14.4820]
Wed 15 Apr 2026 13:00:46 INFO  epoch 0 evaluating [time: 3.31s, valid_score: 0.063015]
Wed 15 Apr 2026 13:00:46 INFO  valid result: 
ndcg@10 : 0.063015
Wed 15 Apr 2026 13:00:46 INFO  Saving current: saved/BPR-Apr-15-2026_13-00-41.pth
Wed 15 Apr 2026 13:00:46 INFO  epoch 1 training [time: 0.26s, train loss: 14.1881]
Wed 15 Apr 2026 13:00:49 INFO  epoch 1 evaluating [time: 3.14s, valid_score: 0.172523]
Wed 15 Apr 2026 13:00:49 INFO  valid result: 
ndcg@10 : 0.172523
Wed 15 Apr 2026 13:00:49 INFO  Saving current: saved/BPR-Apr-15-2026_13-00-41.pth
Wed 15 Apr 2026 13:00:50 INFO  epoch 2 training [time: 0.27s, train loss: 13.6677]
Wed 15 Apr 2026 13:00:53 INFO  epoch 2 evaluating [time: 3.16s, valid_score: 0.542633]
Wed 15 Apr 2026 13:00:53 INFO  valid result: 
ndcg@10 : 0.542633
Wed 15 Apr 2026 13:00:53 INFO  Saving current: saved/BPR-Apr-15-2026_13-00-41.pth
Wed 15 Apr 2026 13:00:53 INFO  epoch 3 training [time: 0.25s, train loss: 12.5496]
Wed 15 Apr 2026 13:00:58 INFO  epoch 3 evaluating [time: 4.95s, valid_score: 0.717057]
Wed 15 Apr 2026 13:00:58 INFO  valid result: 
ndcg@10 : 0.717057
Wed 15 Apr 2026 13:00:58 INFO  Saving current: saved/BPR-Apr-15-2026_13-00-41.pth
Wed 15 Apr 2026 13:00:59 INFO  epoch 4 training [time: 0.39s, train loss: 10.5057]
Wed 15 Apr 2026 13:01:06 INFO  epoch 4 evaluating [time: 7.14s, valid_score: 0.740599]
Wed 15 Apr 2026 13:01:06 INFO  valid result: 
ndcg@10 : 0.740599
Wed 15 Apr 2026 13:01:06 INFO  Saving current: saved/BPR-Apr-15-2026_13-00-41.pth
Wed 15 Apr 2026 13:01:06 INFO  epoch 5 training [time: 0.23s, train loss: 7.9023]
Wed 15 Apr 2026 13:01:09 INFO  epoch 5 evaluating [time: 3.10s, valid_score: 0.750267]
Wed 15 Apr 2026 13:01:09 INFO  valid result: 
ndcg@10 : 0.750267
Wed 15 Apr 2026 13:01:09 INFO  Saving current: saved/BPR-Apr-15-2026_13-00-41.pth
Wed 15 Apr 2026 13:01:09 INFO  epoch 6 training [time: 0.28s, train loss: 5.6654]
Wed 15 Apr 2026 13:01:12 INFO  epoch 6 evaluating [time: 2.94s, valid_score: 0.757056]
Wed 15 Apr 2026 13:01:12 INFO  valid result: 
ndcg@10 : 0.757056
Wed 15 Apr 2026 13:01:12 INFO  Saving current: saved/BPR-Apr-15-2026_13-00-41.pth
Wed 15 Apr 2026 13:01:13 INFO  epoch 7 training [time: 0.28s, train loss: 4.2748]
Wed 15 Apr 2026 13:01:16 INFO  epoch 7 evaluating [time: 3.09s, valid_score: 0.768786]
Wed 15 Apr 2026 13:01:16 INFO  valid result: 
ndcg@10 : 0.768786
Wed 15 Apr 2026 13:01:16 INFO  Saving current: saved/BPR-Apr-15-2026_13-00-41.pth
Wed 15 Apr 2026 13:01:16 INFO  epoch 8 training [time: 0.24s, train loss: 3.6695]
Wed 15 Apr 2026 13:01:19 INFO  epoch 8 evaluating [time: 3.18s, valid_score: 0.778252]
Wed 15 Apr 2026 13:01:19 INFO  valid result: 
ndcg@10 : 0.778252
Wed 15 Apr 2026 13:01:19 INFO  Saving current: saved/BPR-Apr-15-2026_13-00-41.pth
Wed 15 Apr 2026 13:01:19 INFO  epoch 9 training [time: 0.26s, train loss: 3.1848]
Wed 15 Apr 2026 13:01:23 INFO  epoch 9 evaluating [time: 3.21s, valid_score: 0.783896]
Wed 15 Apr 2026 13:01:23 INFO  valid result: 
ndcg@10 : 0.783896
Wed 15 Apr 2026 13:01:23 INFO  Saving current: saved/BPR-Apr-15-2026_13-00-41.pth
Wed 15 Apr 2026 13:01:23 INFO  epoch 10 training [time: 0.30s, train loss: 2.9370]
Wed 15 Apr 2026 13:01:27 INFO  epoch 10 evaluating [time: 3.88s, valid_score: 0.784914]
Wed 15 Apr 2026 13:01:27 INFO  valid result: 
ndcg@10 : 0.784914
Wed 15 Apr 2026 13:01:27 INFO  Saving current: saved/BPR-Apr-15-2026_13-00-41.pth
Wed 15 Apr 2026 13:01:27 INFO  epoch 11 training [time: 0.40s, train loss: 2.7565]
Wed 15 Apr 2026 13:01:36 INFO  epoch 11 evaluating [time: 8.77s, valid_score: 0.790574]
Wed 15 Apr 2026 13:01:36 INFO  valid result: 
ndcg@10 : 0.790574
Wed 15 Apr 2026 13:01:36 INFO  Saving current: saved/BPR-Apr-15-2026_13-00-41.pth
Wed 15 Apr 2026 13:01:36 INFO  epoch 12 training [time: 0.41s, train loss: 2.6001]
Wed 15 Apr 2026 13:01:45 INFO  epoch 12 evaluating [time: 8.52s, valid_score: 0.790099]
Wed 15 Apr 2026 13:01:45 INFO  valid result: 
ndcg@10 : 0.790099
Wed 15 Apr 2026 13:01:45 INFO  epoch 13 training [time: 0.45s, train loss: 2.5895]
Wed 15 Apr 2026 13:01:47 INFO  epoch 13 evaluating [time: 1.99s, valid_score: 0.792506]
Wed 15 Apr 2026 13:01:47 INFO  valid result: 
ndcg@10 : 0.792506
Wed 15 Apr 2026 13:01:47 INFO  Saving current: saved/BPR-Apr-15-2026_13-00-41.pth
Wed 15 Apr 2026 13:01:47 INFO  epoch 14 training [time: 0.10s, train loss: 2.4526]
Wed 15 Apr 2026 13:01:49 INFO  epoch 14 evaluating [time: 1.14s, valid_score: 0.792154]
Wed 15 Apr 2026 13:01:49 INFO  valid result: 
ndcg@10 : 0.792154
Wed 15 Apr 2026 13:01:49 INFO  best valid : OrderedDict([('ndcg@10', 0.792506)])
Wed 15 Apr 2026 13:01:49 INFO  
General Hyper Parameters:
gpu_id = 0
use_gpu = True
seed = 2020
state = INFO
reproducibility = True
data_path = recbole_tmp/dataset
checkpoint_dir = saved
show_progress = True
save_dataset = False
dataset_save_path = None
save_dataloaders = False
dataloaders_save_path = None
log_wandb = False

Training Hyper Parameters:
epochs = 15
train_batch_size = 2048
learner = adam
learning_rate = 0.001
train_neg_sample_args = {'distribution': 'uniform', 'sample_num': 1, 'alpha': 1.0, 'dynamic': False, 'candidate_num': 0}
eval_step = 1
stopping_step = 5
clip_grad_norm = None
weight_decay = 0.0
loss_decimal_place = 4

Evaluation Hyper Parameters:
eval_args = {'split': {'RS': [0.75, 0.2, 0.05]}, 'order': 'RO', 'group_by': 'user', 'mode': {'valid': 'full', 'test': 'full'}}
repeatable = False
metrics = ['NDCG']
topk = [10]
valid_metric = NDCG@10
valid_metric_bigger = True
eval_batch_size = 2048
metric_decimal_place = 6

Dataset Hyper Parameters:
field_separator = 	
seq_separator =  
USER_ID_FIELD = user_id
ITEM_ID_FIELD = item_id
RATING_FIELD = rating
TIME_FIELD = timestamp
seq_len = None
LABEL_FIELD = label
threshold = None
NEG_PREFIX = neg_
load_col = {'inter': ['user_id', 'item_id']}
unload_col = None
unused_col = None
additional_feat_suffix = None
rm_dup_inter = None
val_interval = None
filter_inter_by_user_or_item = True
user_inter_num_interval = [0,inf)
item_inter_num_interval = [0,inf)
alias_of_user_id = None
alias_of_item_id = None
alias_of_entity_id = None
alias_of_relation_id = None
preload_weight = None
normalize_field = None
normalize_all = None
ITEM_LIST_LENGTH_FIELD = item_length
LIST_SUFFIX = _list
MAX_ITEM_LIST_LENGTH = 500
POSITION_FIELD = position_id
HEAD_ENTITY_ID_FIELD = head_id
TAIL_ENTITY_ID_FIELD = tail_id
RELATION_ID_FIELD = relation_id
ENTITY_ID_FIELD = entity_id
benchmark_filename = None

Other Hyper Parameters: 
worker = 0
wandb_project = recbole
shuffle = True
require_pow = False
enable_amp = False
enable_scaler = False
transform = None
embedding_size = 256
numerical_features = []
discretization = None
kg_reverse_r = False
entity_kg_num_interval = [0,inf)
relation_kg_num_interval = [0,inf)
MODEL_TYPE = ModelType.GENERAL
MODEL_INPUT_TYPE = InputType.PAIRWISE
eval_type = EvaluatorType.RANKING
single_spec = True
local_rank = 0
device = cuda
valid_neg_sample_args = {'distribution': 'uniform', 'sample_num': 'none'}
test_neg_sample_args = {'distribution': 'uniform', 'sample_num': 'none'}


Wed 15 Apr 2026 13:01:49 INFO  dataset
The number of users: 656
Average actions of users: 82.31145038167939
The number of items: 992
Average actions of items: 54.40363269424824
The number of inters: 53914
The sparsity of the dataset: 91.71512342643588%
Remain Fields: ['user_id', 'item_id']
Wed 15 Apr 2026 13:01:49 INFO  [Training]: train_batch_size = [2048] train_neg_sample_args: [{'distribution': 'uniform', 'sample_num': 1, 'alpha': 1.0, 'dynamic': False, 'candidate_num': 0}]
Wed 15 Apr 2026 13:01:49 INFO  [Evaluation]: eval_batch_size = [2048] eval_args: [{'split': {'RS': [0.75, 0.2, 0.05]}, 'order': 'RO', 'group_by': 'user', 'mode': {'valid': 'full', 'test': 'full'}}]
