Wed 15 Apr 2026 14:05:10 INFO  ['main.py', 'babyLFM2b1k', '63', '--clean', '--model', 'BPR', '--choice-model', 'consume_all', '--config', 'recbole_config_default.yaml']
Wed 15 Apr 2026 14:05:10 INFO  
General Hyper Parameters:
gpu_id = 0
use_gpu = True
seed = 2020
state = INFO
reproducibility = True
data_path = recbole_tmp/dataset
checkpoint_dir = saved
show_progress = True
save_dataset = False
dataset_save_path = None
save_dataloaders = False
dataloaders_save_path = None
log_wandb = False

Training Hyper Parameters:
epochs = 15
train_batch_size = 2048
learner = adam
learning_rate = 0.001
train_neg_sample_args = {'distribution': 'uniform', 'sample_num': 1, 'alpha': 1.0, 'dynamic': False, 'candidate_num': 0}
eval_step = 1
stopping_step = 5
clip_grad_norm = None
weight_decay = 0.0
loss_decimal_place = 4

Evaluation Hyper Parameters:
eval_args = {'split': {'RS': [0.75, 0.2, 0.05]}, 'order': 'RO', 'group_by': 'user', 'mode': {'valid': 'full', 'test': 'full'}}
repeatable = False
metrics = ['NDCG']
topk = [10]
valid_metric = NDCG@10
valid_metric_bigger = True
eval_batch_size = 2048
metric_decimal_place = 6

Dataset Hyper Parameters:
field_separator = 	
seq_separator =  
USER_ID_FIELD = user_id
ITEM_ID_FIELD = item_id
RATING_FIELD = rating
TIME_FIELD = timestamp
seq_len = None
LABEL_FIELD = label
threshold = None
NEG_PREFIX = neg_
load_col = {'inter': ['user_id', 'item_id']}
unload_col = None
unused_col = None
additional_feat_suffix = None
rm_dup_inter = None
val_interval = None
filter_inter_by_user_or_item = True
user_inter_num_interval = [0,inf)
item_inter_num_interval = [0,inf)
alias_of_user_id = None
alias_of_item_id = None
alias_of_entity_id = None
alias_of_relation_id = None
preload_weight = None
normalize_field = None
normalize_all = None
ITEM_LIST_LENGTH_FIELD = item_length
LIST_SUFFIX = _list
MAX_ITEM_LIST_LENGTH = 500
POSITION_FIELD = position_id
HEAD_ENTITY_ID_FIELD = head_id
TAIL_ENTITY_ID_FIELD = tail_id
RELATION_ID_FIELD = relation_id
ENTITY_ID_FIELD = entity_id
benchmark_filename = None

Other Hyper Parameters: 
worker = 0
wandb_project = recbole
shuffle = True
require_pow = False
enable_amp = False
enable_scaler = False
transform = None
embedding_size = 256
numerical_features = []
discretization = None
kg_reverse_r = False
entity_kg_num_interval = [0,inf)
relation_kg_num_interval = [0,inf)
MODEL_TYPE = ModelType.GENERAL
MODEL_INPUT_TYPE = InputType.PAIRWISE
eval_type = EvaluatorType.RANKING
single_spec = True
local_rank = 0
device = cuda
valid_neg_sample_args = {'distribution': 'uniform', 'sample_num': 'none'}
test_neg_sample_args = {'distribution': 'uniform', 'sample_num': 'none'}


Wed 15 Apr 2026 14:05:11 INFO  dataset
The number of users: 656
Average actions of users: 642.2259541984732
The number of items: 992
Average actions of items: 424.47830474268414
The number of inters: 420658
The sparsity of the dataset: 35.35817023996854%
Remain Fields: ['user_id', 'item_id']
Wed 15 Apr 2026 14:05:11 INFO  Preparing dataset
Wed 15 Apr 2026 14:05:11 INFO  [Training]: train_batch_size = [2048] train_neg_sample_args: [{'distribution': 'uniform', 'sample_num': 1, 'alpha': 1.0, 'dynamic': False, 'candidate_num': 0}]
Wed 15 Apr 2026 14:05:11 INFO  [Evaluation]: eval_batch_size = [2048] eval_args: [{'split': {'RS': [0.75, 0.2, 0.05]}, 'order': 'RO', 'group_by': 'user', 'mode': {'valid': 'full', 'test': 'full'}}]
Wed 15 Apr 2026 14:05:11 INFO  Done!
Wed 15 Apr 2026 14:05:12 INFO  BPR(
  (user_embedding): Embedding(656, 256)
  (item_embedding): Embedding(992, 256)
  (loss): BPRLoss()
)
Trainable parameters: 421888
Wed 15 Apr 2026 14:05:12 INFO  FLOPs: 512.0
Wed 15 Apr 2026 14:05:15 INFO  epoch 0 training [time: 2.30s, train loss: 96.7939]
Wed 15 Apr 2026 14:05:19 INFO  epoch 0 evaluating [time: 3.18s, valid_score: 0.816849]
Wed 15 Apr 2026 14:05:19 INFO  valid result: 
ndcg@10 : 0.816849
Wed 15 Apr 2026 14:05:19 INFO  Saving current: saved/BPR-Apr-15-2026_14-05-12.pth
Wed 15 Apr 2026 14:05:21 INFO  epoch 1 training [time: 2.15s, train loss: 40.8562]
Wed 15 Apr 2026 14:05:24 INFO  epoch 1 evaluating [time: 3.19s, valid_score: 0.814851]
Wed 15 Apr 2026 14:05:24 INFO  valid result: 
ndcg@10 : 0.814851
Wed 15 Apr 2026 14:05:26 INFO  epoch 2 training [time: 2.16s, train loss: 36.0890]
Wed 15 Apr 2026 14:05:29 INFO  epoch 2 evaluating [time: 3.08s, valid_score: 0.822458]
Wed 15 Apr 2026 14:05:29 INFO  valid result: 
ndcg@10 : 0.822458
Wed 15 Apr 2026 14:05:29 INFO  Saving current: saved/BPR-Apr-15-2026_14-05-12.pth
Wed 15 Apr 2026 14:05:31 INFO  epoch 3 training [time: 2.14s, train loss: 35.1967]
Wed 15 Apr 2026 14:05:35 INFO  epoch 3 evaluating [time: 3.20s, valid_score: 0.825929]
Wed 15 Apr 2026 14:05:35 INFO  valid result: 
ndcg@10 : 0.825929
Wed 15 Apr 2026 14:05:35 INFO  Saving current: saved/BPR-Apr-15-2026_14-05-12.pth
Wed 15 Apr 2026 14:05:37 INFO  epoch 4 training [time: 2.08s, train loss: 34.6361]
Wed 15 Apr 2026 14:05:40 INFO  epoch 4 evaluating [time: 3.05s, valid_score: 0.826402]
Wed 15 Apr 2026 14:05:40 INFO  valid result: 
ndcg@10 : 0.826402
Wed 15 Apr 2026 14:05:40 INFO  Saving current: saved/BPR-Apr-15-2026_14-05-12.pth
Wed 15 Apr 2026 14:05:42 INFO  epoch 5 training [time: 2.06s, train loss: 33.5290]
Wed 15 Apr 2026 14:05:45 INFO  epoch 5 evaluating [time: 3.17s, valid_score: 0.827162]
Wed 15 Apr 2026 14:05:45 INFO  valid result: 
ndcg@10 : 0.827162
Wed 15 Apr 2026 14:05:45 INFO  Saving current: saved/BPR-Apr-15-2026_14-05-12.pth
Wed 15 Apr 2026 14:05:47 INFO  epoch 6 training [time: 2.14s, train loss: 32.3821]
Wed 15 Apr 2026 14:05:50 INFO  epoch 6 evaluating [time: 3.21s, valid_score: 0.830576]
Wed 15 Apr 2026 14:05:50 INFO  valid result: 
ndcg@10 : 0.830576
Wed 15 Apr 2026 14:05:50 INFO  Saving current: saved/BPR-Apr-15-2026_14-05-12.pth
Wed 15 Apr 2026 14:05:53 INFO  epoch 7 training [time: 2.12s, train loss: 30.7489]
Wed 15 Apr 2026 14:05:56 INFO  epoch 7 evaluating [time: 3.27s, valid_score: 0.833434]
Wed 15 Apr 2026 14:05:56 INFO  valid result: 
ndcg@10 : 0.833434
Wed 15 Apr 2026 14:05:56 INFO  Saving current: saved/BPR-Apr-15-2026_14-05-12.pth
Wed 15 Apr 2026 14:05:58 INFO  epoch 8 training [time: 2.07s, train loss: 29.3049]
Wed 15 Apr 2026 14:06:01 INFO  epoch 8 evaluating [time: 3.08s, valid_score: 0.836919]
Wed 15 Apr 2026 14:06:01 INFO  valid result: 
ndcg@10 : 0.836919
Wed 15 Apr 2026 14:06:01 INFO  Saving current: saved/BPR-Apr-15-2026_14-05-12.pth
Wed 15 Apr 2026 14:06:03 INFO  epoch 9 training [time: 2.10s, train loss: 27.5926]
Wed 15 Apr 2026 14:06:06 INFO  epoch 9 evaluating [time: 3.02s, valid_score: 0.837717]
Wed 15 Apr 2026 14:06:06 INFO  valid result: 
ndcg@10 : 0.837717
Wed 15 Apr 2026 14:06:06 INFO  Saving current: saved/BPR-Apr-15-2026_14-05-12.pth
Wed 15 Apr 2026 14:06:08 INFO  epoch 10 training [time: 2.00s, train loss: 25.6702]
Wed 15 Apr 2026 14:06:11 INFO  epoch 10 evaluating [time: 3.08s, valid_score: 0.838102]
Wed 15 Apr 2026 14:06:11 INFO  valid result: 
ndcg@10 : 0.838102
Wed 15 Apr 2026 14:06:11 INFO  Saving current: saved/BPR-Apr-15-2026_14-05-12.pth
Wed 15 Apr 2026 14:06:13 INFO  epoch 11 training [time: 2.06s, train loss: 24.1715]
Wed 15 Apr 2026 14:06:17 INFO  epoch 11 evaluating [time: 3.32s, valid_score: 0.838652]
Wed 15 Apr 2026 14:06:17 INFO  valid result: 
ndcg@10 : 0.838652
Wed 15 Apr 2026 14:06:17 INFO  Saving current: saved/BPR-Apr-15-2026_14-05-12.pth
Wed 15 Apr 2026 14:06:19 INFO  epoch 12 training [time: 2.07s, train loss: 22.4896]
Wed 15 Apr 2026 14:06:19 INFO  epoch 12 evaluating [time: 0.68s, valid_score: 0.839946]
Wed 15 Apr 2026 14:06:19 INFO  valid result: 
ndcg@10 : 0.839946
Wed 15 Apr 2026 14:06:19 INFO  Saving current: saved/BPR-Apr-15-2026_14-05-12.pth
Wed 15 Apr 2026 14:06:21 INFO  epoch 13 training [time: 1.63s, train loss: 21.0711]
Wed 15 Apr 2026 14:06:24 INFO  epoch 13 evaluating [time: 3.13s, valid_score: 0.840031]
Wed 15 Apr 2026 14:06:24 INFO  valid result: 
ndcg@10 : 0.840031
Wed 15 Apr 2026 14:06:24 INFO  Saving current: saved/BPR-Apr-15-2026_14-05-12.pth
Wed 15 Apr 2026 14:06:26 INFO  epoch 14 training [time: 1.99s, train loss: 19.5690]
Wed 15 Apr 2026 14:06:29 INFO  epoch 14 evaluating [time: 3.07s, valid_score: 0.838634]
Wed 15 Apr 2026 14:06:29 INFO  valid result: 
ndcg@10 : 0.838634
Wed 15 Apr 2026 14:06:29 INFO  best valid : OrderedDict([('ndcg@10', 0.840031)])
Wed 15 Apr 2026 14:06:29 INFO  
General Hyper Parameters:
gpu_id = 0
use_gpu = True
seed = 2020
state = INFO
reproducibility = True
data_path = recbole_tmp/dataset
checkpoint_dir = saved
show_progress = True
save_dataset = False
dataset_save_path = None
save_dataloaders = False
dataloaders_save_path = None
log_wandb = False

Training Hyper Parameters:
epochs = 15
train_batch_size = 2048
learner = adam
learning_rate = 0.001
train_neg_sample_args = {'distribution': 'uniform', 'sample_num': 1, 'alpha': 1.0, 'dynamic': False, 'candidate_num': 0}
eval_step = 1
stopping_step = 5
clip_grad_norm = None
weight_decay = 0.0
loss_decimal_place = 4

Evaluation Hyper Parameters:
eval_args = {'split': {'RS': [0.75, 0.2, 0.05]}, 'order': 'RO', 'group_by': 'user', 'mode': {'valid': 'full', 'test': 'full'}}
repeatable = False
metrics = ['NDCG']
topk = [10]
valid_metric = NDCG@10
valid_metric_bigger = True
eval_batch_size = 2048
metric_decimal_place = 6

Dataset Hyper Parameters:
field_separator = 	
seq_separator =  
USER_ID_FIELD = user_id
ITEM_ID_FIELD = item_id
RATING_FIELD = rating
TIME_FIELD = timestamp
seq_len = None
LABEL_FIELD = label
threshold = None
NEG_PREFIX = neg_
load_col = {'inter': ['user_id', 'item_id']}
unload_col = None
unused_col = None
additional_feat_suffix = None
rm_dup_inter = None
val_interval = None
filter_inter_by_user_or_item = True
user_inter_num_interval = [0,inf)
item_inter_num_interval = [0,inf)
alias_of_user_id = None
alias_of_item_id = None
alias_of_entity_id = None
alias_of_relation_id = None
preload_weight = None
normalize_field = None
normalize_all = None
ITEM_LIST_LENGTH_FIELD = item_length
LIST_SUFFIX = _list
MAX_ITEM_LIST_LENGTH = 500
POSITION_FIELD = position_id
HEAD_ENTITY_ID_FIELD = head_id
TAIL_ENTITY_ID_FIELD = tail_id
RELATION_ID_FIELD = relation_id
ENTITY_ID_FIELD = entity_id
benchmark_filename = None

Other Hyper Parameters: 
worker = 0
wandb_project = recbole
shuffle = True
require_pow = False
enable_amp = False
enable_scaler = False
transform = None
embedding_size = 256
numerical_features = []
discretization = None
kg_reverse_r = False
entity_kg_num_interval = [0,inf)
relation_kg_num_interval = [0,inf)
MODEL_TYPE = ModelType.GENERAL
MODEL_INPUT_TYPE = InputType.PAIRWISE
eval_type = EvaluatorType.RANKING
single_spec = True
local_rank = 0
device = cuda
valid_neg_sample_args = {'distribution': 'uniform', 'sample_num': 'none'}
test_neg_sample_args = {'distribution': 'uniform', 'sample_num': 'none'}


Wed 15 Apr 2026 14:06:30 INFO  dataset
The number of users: 656
Average actions of users: 642.2259541984732
The number of items: 992
Average actions of items: 424.47830474268414
The number of inters: 420658
The sparsity of the dataset: 35.35817023996854%
Remain Fields: ['user_id', 'item_id']
Wed 15 Apr 2026 14:06:31 INFO  [Training]: train_batch_size = [2048] train_neg_sample_args: [{'distribution': 'uniform', 'sample_num': 1, 'alpha': 1.0, 'dynamic': False, 'candidate_num': 0}]
Wed 15 Apr 2026 14:06:31 INFO  [Evaluation]: eval_batch_size = [2048] eval_args: [{'split': {'RS': [0.75, 0.2, 0.05]}, 'order': 'RO', 'group_by': 'user', 'mode': {'valid': 'full', 'test': 'full'}}]
