Fri 17 Apr 2026 15:35:09 INFO  ['main.py', 'babyLFM2b1k', '63', '--clean', '--model', 'BPR', '--choice-model', 'consume_all', '--config', 'recbole_config_default.yaml', '--warm-start']
Fri 17 Apr 2026 15:35:09 INFO  
General Hyper Parameters:
gpu_id = 0
use_gpu = True
seed = 2020
state = INFO
reproducibility = True
data_path = recbole_tmp/dataset
checkpoint_dir = saved
show_progress = True
save_dataset = False
dataset_save_path = None
save_dataloaders = False
dataloaders_save_path = None
log_wandb = False

Training Hyper Parameters:
epochs = 10
train_batch_size = 2048
learner = adam
learning_rate = 0.001
train_neg_sample_args = {'distribution': 'uniform', 'sample_num': 1, 'alpha': 1.0, 'dynamic': False, 'candidate_num': 0}
eval_step = 1
stopping_step = 500
clip_grad_norm = None
weight_decay = 0.0
loss_decimal_place = 4

Evaluation Hyper Parameters:
eval_args = {'split': {'RS': [0.75, 0.2, 0.05]}, 'order': 'RO', 'group_by': 'user', 'mode': {'valid': 'full', 'test': 'full'}}
repeatable = False
metrics = ['NDCG']
topk = [10]
valid_metric = NDCG@10
valid_metric_bigger = True
eval_batch_size = 2048
metric_decimal_place = 3

Dataset Hyper Parameters:
field_separator = 	
seq_separator =  
USER_ID_FIELD = user_id
ITEM_ID_FIELD = item_id
RATING_FIELD = rating
TIME_FIELD = timestamp
seq_len = None
LABEL_FIELD = label
threshold = None
NEG_PREFIX = neg_
load_col = {'inter': ['user_id', 'item_id']}
unload_col = None
unused_col = None
additional_feat_suffix = None
rm_dup_inter = None
val_interval = None
filter_inter_by_user_or_item = True
user_inter_num_interval = [0,inf)
item_inter_num_interval = [0,inf)
alias_of_user_id = None
alias_of_item_id = None
alias_of_entity_id = None
alias_of_relation_id = None
preload_weight = None
normalize_field = None
normalize_all = None
ITEM_LIST_LENGTH_FIELD = item_length
LIST_SUFFIX = _list
MAX_ITEM_LIST_LENGTH = 500
POSITION_FIELD = position_id
HEAD_ENTITY_ID_FIELD = head_id
TAIL_ENTITY_ID_FIELD = tail_id
RELATION_ID_FIELD = relation_id
ENTITY_ID_FIELD = entity_id
benchmark_filename = None

Other Hyper Parameters: 
worker = 0
wandb_project = recbole
shuffle = True
require_pow = False
enable_amp = False
enable_scaler = False
transform = None
embedding_size = 256
numerical_features = []
discretization = None
kg_reverse_r = False
entity_kg_num_interval = [0,inf)
relation_kg_num_interval = [0,inf)
MODEL_TYPE = ModelType.GENERAL
MODEL_INPUT_TYPE = InputType.PAIRWISE
eval_type = EvaluatorType.RANKING
single_spec = True
local_rank = 0
device = cuda
valid_neg_sample_args = {'distribution': 'uniform', 'sample_num': 'none'}
test_neg_sample_args = {'distribution': 'uniform', 'sample_num': 'none'}


Fri 17 Apr 2026 15:35:10 INFO  dataset
The number of users: 656
Average actions of users: 642.2259541984732
The number of items: 992
Average actions of items: 424.47830474268414
The number of inters: 420658
The sparsity of the dataset: 35.35817023996854%
Remain Fields: ['user_id', 'item_id']
Fri 17 Apr 2026 15:35:10 INFO  Preparing dataset
Fri 17 Apr 2026 15:35:11 INFO  [Training]: train_batch_size = [2048] train_neg_sample_args: [{'distribution': 'uniform', 'sample_num': 1, 'alpha': 1.0, 'dynamic': False, 'candidate_num': 0}]
Fri 17 Apr 2026 15:35:11 INFO  [Evaluation]: eval_batch_size = [2048] eval_args: [{'split': {'RS': [0.75, 0.2, 0.05]}, 'order': 'RO', 'group_by': 'user', 'mode': {'valid': 'full', 'test': 'full'}}]
Fri 17 Apr 2026 15:35:11 INFO  Done!
Fri 17 Apr 2026 15:35:12 INFO  BPR(
  (user_embedding): Embedding(656, 256)
  (item_embedding): Embedding(992, 256)
  (loss): BPRLoss()
)
Trainable parameters: 421888
Fri 17 Apr 2026 15:35:12 INFO  FLOPs: 512.0
Fri 17 Apr 2026 15:35:13 INFO  Resuming training from checkpoint: experiments/babyLFM2b1k/output/iteration_62_checkpoint.pth
Fri 17 Apr 2026 15:35:13 INFO  Checkpoint loaded. Resume training from epoch 11
Fri 17 Apr 2026 15:35:15 INFO  epoch 0 training [time: 1.60s, train loss: 46.5133]
Fri 17 Apr 2026 15:35:16 INFO  epoch 0 evaluating [time: 1.02s, valid_score: 0.784000]
Fri 17 Apr 2026 15:35:16 INFO  valid result: 
ndcg@10 : 0.784
Fri 17 Apr 2026 15:35:16 INFO  Saving current: experiments/babyLFM2b1k/output/iteration_62_checkpoint.pth
Fri 17 Apr 2026 15:35:17 INFO  epoch 1 training [time: 1.38s, train loss: 41.2128]
Fri 17 Apr 2026 15:35:18 INFO  epoch 1 evaluating [time: 0.92s, valid_score: 0.800000]
Fri 17 Apr 2026 15:35:18 INFO  valid result: 
ndcg@10 : 0.8
Fri 17 Apr 2026 15:35:18 INFO  Saving current: experiments/babyLFM2b1k/output/iteration_62_checkpoint.pth
Fri 17 Apr 2026 15:35:19 INFO  epoch 2 training [time: 1.25s, train loss: 37.4990]
Fri 17 Apr 2026 15:35:20 INFO  epoch 2 evaluating [time: 0.92s, valid_score: 0.808000]
Fri 17 Apr 2026 15:35:20 INFO  valid result: 
ndcg@10 : 0.808
Fri 17 Apr 2026 15:35:20 INFO  Saving current: experiments/babyLFM2b1k/output/iteration_62_checkpoint.pth
Fri 17 Apr 2026 15:35:22 INFO  epoch 3 training [time: 1.34s, train loss: 34.7940]
Fri 17 Apr 2026 15:35:22 INFO  epoch 3 evaluating [time: 0.76s, valid_score: 0.813000]
Fri 17 Apr 2026 15:35:22 INFO  valid result: 
ndcg@10 : 0.813
Fri 17 Apr 2026 15:35:22 INFO  Saving current: experiments/babyLFM2b1k/output/iteration_62_checkpoint.pth
Fri 17 Apr 2026 15:35:24 INFO  epoch 4 training [time: 1.55s, train loss: 32.9394]
Fri 17 Apr 2026 15:35:25 INFO  epoch 4 evaluating [time: 1.09s, valid_score: 0.817000]
Fri 17 Apr 2026 15:35:25 INFO  valid result: 
ndcg@10 : 0.817
Fri 17 Apr 2026 15:35:25 INFO  Saving current: experiments/babyLFM2b1k/output/iteration_62_checkpoint.pth
Fri 17 Apr 2026 15:35:27 INFO  epoch 5 training [time: 1.48s, train loss: 31.2241]
Fri 17 Apr 2026 15:35:28 INFO  epoch 5 evaluating [time: 1.00s, valid_score: 0.819000]
Fri 17 Apr 2026 15:35:28 INFO  valid result: 
ndcg@10 : 0.819
Fri 17 Apr 2026 15:35:28 INFO  Saving current: experiments/babyLFM2b1k/output/iteration_62_checkpoint.pth
Fri 17 Apr 2026 15:35:29 INFO  epoch 6 training [time: 1.31s, train loss: 29.6337]
Fri 17 Apr 2026 15:35:30 INFO  epoch 6 evaluating [time: 0.68s, valid_score: 0.822000]
Fri 17 Apr 2026 15:35:30 INFO  valid result: 
ndcg@10 : 0.822
Fri 17 Apr 2026 15:35:30 INFO  Saving current: experiments/babyLFM2b1k/output/iteration_62_checkpoint.pth
Fri 17 Apr 2026 15:35:31 INFO  epoch 7 training [time: 1.43s, train loss: 28.0882]
Fri 17 Apr 2026 15:35:32 INFO  epoch 7 evaluating [time: 1.13s, valid_score: 0.826000]
Fri 17 Apr 2026 15:35:32 INFO  valid result: 
ndcg@10 : 0.826
Fri 17 Apr 2026 15:35:32 INFO  Saving current: experiments/babyLFM2b1k/output/iteration_62_checkpoint.pth
Fri 17 Apr 2026 15:35:33 INFO  epoch 8 training [time: 1.19s, train loss: 27.0130]
Fri 17 Apr 2026 15:35:34 INFO  epoch 8 evaluating [time: 1.04s, valid_score: 0.824000]
Fri 17 Apr 2026 15:35:34 INFO  valid result: 
ndcg@10 : 0.824
Fri 17 Apr 2026 15:35:36 INFO  epoch 9 training [time: 1.53s, train loss: 25.7625]
Fri 17 Apr 2026 15:35:36 INFO  epoch 9 evaluating [time: 0.36s, valid_score: 0.827000]
Fri 17 Apr 2026 15:35:36 INFO  valid result: 
ndcg@10 : 0.827
Fri 17 Apr 2026 15:35:36 INFO  Saving current: experiments/babyLFM2b1k/output/iteration_62_checkpoint.pth
Fri 17 Apr 2026 15:35:36 INFO  best valid : OrderedDict([('ndcg@10', 0.827)])
Fri 17 Apr 2026 15:35:36 INFO  No new best model saved (score did not improve). Force-saving current model state to: saved/iteration_62_checkpoint.pth
Fri 17 Apr 2026 15:35:36 INFO  Saving current: saved/iteration_62_checkpoint.pth
Fri 17 Apr 2026 15:35:36 INFO  
General Hyper Parameters:
gpu_id = 0
use_gpu = True
seed = 2020
state = INFO
reproducibility = True
data_path = recbole_tmp/dataset
checkpoint_dir = saved
show_progress = True
save_dataset = False
dataset_save_path = None
save_dataloaders = False
dataloaders_save_path = None
log_wandb = False

Training Hyper Parameters:
epochs = 10
train_batch_size = 2048
learner = adam
learning_rate = 0.001
train_neg_sample_args = {'distribution': 'uniform', 'sample_num': 1, 'alpha': 1.0, 'dynamic': False, 'candidate_num': 0}
eval_step = 1
stopping_step = 500
clip_grad_norm = None
weight_decay = 0.0
loss_decimal_place = 4

Evaluation Hyper Parameters:
eval_args = {'split': {'RS': [0.75, 0.2, 0.05]}, 'order': 'RO', 'group_by': 'user', 'mode': {'valid': 'full', 'test': 'full'}}
repeatable = False
metrics = ['NDCG']
topk = [10]
valid_metric = NDCG@10
valid_metric_bigger = True
eval_batch_size = 2048
metric_decimal_place = 3

Dataset Hyper Parameters:
field_separator = 	
seq_separator =  
USER_ID_FIELD = user_id
ITEM_ID_FIELD = item_id
RATING_FIELD = rating
TIME_FIELD = timestamp
seq_len = None
LABEL_FIELD = label
threshold = None
NEG_PREFIX = neg_
load_col = {'inter': ['user_id', 'item_id']}
unload_col = None
unused_col = None
additional_feat_suffix = None
rm_dup_inter = None
val_interval = None
filter_inter_by_user_or_item = True
user_inter_num_interval = [0,inf)
item_inter_num_interval = [0,inf)
alias_of_user_id = None
alias_of_item_id = None
alias_of_entity_id = None
alias_of_relation_id = None
preload_weight = None
normalize_field = None
normalize_all = None
ITEM_LIST_LENGTH_FIELD = item_length
LIST_SUFFIX = _list
MAX_ITEM_LIST_LENGTH = 500
POSITION_FIELD = position_id
HEAD_ENTITY_ID_FIELD = head_id
TAIL_ENTITY_ID_FIELD = tail_id
RELATION_ID_FIELD = relation_id
ENTITY_ID_FIELD = entity_id
benchmark_filename = None

Other Hyper Parameters: 
worker = 0
wandb_project = recbole
shuffle = True
require_pow = False
enable_amp = False
enable_scaler = False
transform = None
embedding_size = 256
numerical_features = []
discretization = None
kg_reverse_r = False
entity_kg_num_interval = [0,inf)
relation_kg_num_interval = [0,inf)
MODEL_TYPE = ModelType.GENERAL
MODEL_INPUT_TYPE = InputType.PAIRWISE
eval_type = EvaluatorType.RANKING
single_spec = True
local_rank = 0
device = cuda
valid_neg_sample_args = {'distribution': 'uniform', 'sample_num': 'none'}
test_neg_sample_args = {'distribution': 'uniform', 'sample_num': 'none'}


Fri 17 Apr 2026 15:35:38 INFO  dataset
The number of users: 656
Average actions of users: 642.2259541984732
The number of items: 992
Average actions of items: 424.47830474268414
The number of inters: 420658
The sparsity of the dataset: 35.35817023996854%
Remain Fields: ['user_id', 'item_id']
Fri 17 Apr 2026 15:35:39 INFO  [Training]: train_batch_size = [2048] train_neg_sample_args: [{'distribution': 'uniform', 'sample_num': 1, 'alpha': 1.0, 'dynamic': False, 'candidate_num': 0}]
Fri 17 Apr 2026 15:35:39 INFO  [Evaluation]: eval_batch_size = [2048] eval_args: [{'split': {'RS': [0.75, 0.2, 0.05]}, 'order': 'RO', 'group_by': 'user', 'mode': {'valid': 'full', 'test': 'full'}}]
