Wed 15 Apr 2026 14:00:31 INFO  ['main.py', 'babyLFM2b1k', '60', '--clean', '--model', 'BPR', '--choice-model', 'consume_all', '--config', 'recbole_config_default.yaml']
Wed 15 Apr 2026 14:00:31 INFO  
General Hyper Parameters:
gpu_id = 0
use_gpu = True
seed = 2020
state = INFO
reproducibility = True
data_path = recbole_tmp/dataset
checkpoint_dir = saved
show_progress = True
save_dataset = False
dataset_save_path = None
save_dataloaders = False
dataloaders_save_path = None
log_wandb = False

Training Hyper Parameters:
epochs = 15
train_batch_size = 2048
learner = adam
learning_rate = 0.001
train_neg_sample_args = {'distribution': 'uniform', 'sample_num': 1, 'alpha': 1.0, 'dynamic': False, 'candidate_num': 0}
eval_step = 1
stopping_step = 5
clip_grad_norm = None
weight_decay = 0.0
loss_decimal_place = 4

Evaluation Hyper Parameters:
eval_args = {'split': {'RS': [0.75, 0.2, 0.05]}, 'order': 'RO', 'group_by': 'user', 'mode': {'valid': 'full', 'test': 'full'}}
repeatable = False
metrics = ['NDCG']
topk = [10]
valid_metric = NDCG@10
valid_metric_bigger = True
eval_batch_size = 2048
metric_decimal_place = 6

Dataset Hyper Parameters:
field_separator = 	
seq_separator =  
USER_ID_FIELD = user_id
ITEM_ID_FIELD = item_id
RATING_FIELD = rating
TIME_FIELD = timestamp
seq_len = None
LABEL_FIELD = label
threshold = None
NEG_PREFIX = neg_
load_col = {'inter': ['user_id', 'item_id']}
unload_col = None
unused_col = None
additional_feat_suffix = None
rm_dup_inter = None
val_interval = None
filter_inter_by_user_or_item = True
user_inter_num_interval = [0,inf)
item_inter_num_interval = [0,inf)
alias_of_user_id = None
alias_of_item_id = None
alias_of_entity_id = None
alias_of_relation_id = None
preload_weight = None
normalize_field = None
normalize_all = None
ITEM_LIST_LENGTH_FIELD = item_length
LIST_SUFFIX = _list
MAX_ITEM_LIST_LENGTH = 500
POSITION_FIELD = position_id
HEAD_ENTITY_ID_FIELD = head_id
TAIL_ENTITY_ID_FIELD = tail_id
RELATION_ID_FIELD = relation_id
ENTITY_ID_FIELD = entity_id
benchmark_filename = None

Other Hyper Parameters: 
worker = 0
wandb_project = recbole
shuffle = True
require_pow = False
enable_amp = False
enable_scaler = False
transform = None
embedding_size = 256
numerical_features = []
discretization = None
kg_reverse_r = False
entity_kg_num_interval = [0,inf)
relation_kg_num_interval = [0,inf)
MODEL_TYPE = ModelType.GENERAL
MODEL_INPUT_TYPE = InputType.PAIRWISE
eval_type = EvaluatorType.RANKING
single_spec = True
local_rank = 0
device = cuda
valid_neg_sample_args = {'distribution': 'uniform', 'sample_num': 'none'}
test_neg_sample_args = {'distribution': 'uniform', 'sample_num': 'none'}


Wed 15 Apr 2026 14:00:32 INFO  dataset
The number of users: 656
Average actions of users: 612.230534351145
The number of items: 992
Average actions of items: 404.65287588294655
The number of inters: 401011
The sparsity of the dataset: 38.37729273210071%
Remain Fields: ['user_id', 'item_id']
Wed 15 Apr 2026 14:00:32 INFO  Preparing dataset
Wed 15 Apr 2026 14:00:33 INFO  [Training]: train_batch_size = [2048] train_neg_sample_args: [{'distribution': 'uniform', 'sample_num': 1, 'alpha': 1.0, 'dynamic': False, 'candidate_num': 0}]
Wed 15 Apr 2026 14:00:33 INFO  [Evaluation]: eval_batch_size = [2048] eval_args: [{'split': {'RS': [0.75, 0.2, 0.05]}, 'order': 'RO', 'group_by': 'user', 'mode': {'valid': 'full', 'test': 'full'}}]
Wed 15 Apr 2026 14:00:33 INFO  Done!
Wed 15 Apr 2026 14:00:33 INFO  BPR(
  (user_embedding): Embedding(656, 256)
  (item_embedding): Embedding(992, 256)
  (loss): BPRLoss()
)
Trainable parameters: 421888
Wed 15 Apr 2026 14:00:33 INFO  FLOPs: 512.0
Wed 15 Apr 2026 14:00:37 INFO  epoch 0 training [time: 2.15s, train loss: 93.0426]
Wed 15 Apr 2026 14:00:40 INFO  epoch 0 evaluating [time: 3.17s, valid_score: 0.813106]
Wed 15 Apr 2026 14:00:40 INFO  valid result: 
ndcg@10 : 0.813106
Wed 15 Apr 2026 14:00:40 INFO  Saving current: saved/BPR-Apr-15-2026_14-00-33.pth
Wed 15 Apr 2026 14:00:42 INFO  epoch 1 training [time: 2.03s, train loss: 37.5115]
Wed 15 Apr 2026 14:00:45 INFO  epoch 1 evaluating [time: 3.27s, valid_score: 0.821324]
Wed 15 Apr 2026 14:00:45 INFO  valid result: 
ndcg@10 : 0.821324
Wed 15 Apr 2026 14:00:45 INFO  Saving current: saved/BPR-Apr-15-2026_14-00-33.pth
Wed 15 Apr 2026 14:00:47 INFO  epoch 2 training [time: 2.06s, train loss: 31.9422]
Wed 15 Apr 2026 14:00:50 INFO  epoch 2 evaluating [time: 3.23s, valid_score: 0.821741]
Wed 15 Apr 2026 14:00:50 INFO  valid result: 
ndcg@10 : 0.821741
Wed 15 Apr 2026 14:00:50 INFO  Saving current: saved/BPR-Apr-15-2026_14-00-33.pth
Wed 15 Apr 2026 14:00:53 INFO  epoch 3 training [time: 2.13s, train loss: 31.2530]
Wed 15 Apr 2026 14:00:56 INFO  epoch 3 evaluating [time: 3.27s, valid_score: 0.817318]
Wed 15 Apr 2026 14:00:56 INFO  valid result: 
ndcg@10 : 0.817318
Wed 15 Apr 2026 14:00:58 INFO  epoch 4 training [time: 2.06s, train loss: 30.7111]
Wed 15 Apr 2026 14:01:01 INFO  epoch 4 evaluating [time: 2.96s, valid_score: 0.820288]
Wed 15 Apr 2026 14:01:01 INFO  valid result: 
ndcg@10 : 0.820288
Wed 15 Apr 2026 14:01:03 INFO  epoch 5 training [time: 1.96s, train loss: 30.0107]
Wed 15 Apr 2026 14:01:06 INFO  epoch 5 evaluating [time: 3.06s, valid_score: 0.825332]
Wed 15 Apr 2026 14:01:06 INFO  valid result: 
ndcg@10 : 0.825332
Wed 15 Apr 2026 14:01:06 INFO  Saving current: saved/BPR-Apr-15-2026_14-00-33.pth
Wed 15 Apr 2026 14:01:08 INFO  epoch 6 training [time: 2.05s, train loss: 29.0963]
Wed 15 Apr 2026 14:01:11 INFO  epoch 6 evaluating [time: 3.35s, valid_score: 0.825061]
Wed 15 Apr 2026 14:01:11 INFO  valid result: 
ndcg@10 : 0.825061
Wed 15 Apr 2026 14:01:12 INFO  epoch 7 training [time: 1.14s, train loss: 27.9214]
Wed 15 Apr 2026 14:01:15 INFO  epoch 7 evaluating [time: 2.94s, valid_score: 0.834054]
Wed 15 Apr 2026 14:01:15 INFO  valid result: 
ndcg@10 : 0.834054
Wed 15 Apr 2026 14:01:15 INFO  Saving current: saved/BPR-Apr-15-2026_14-00-33.pth
Wed 15 Apr 2026 14:01:17 INFO  epoch 8 training [time: 1.89s, train loss: 26.6867]
Wed 15 Apr 2026 14:01:20 INFO  epoch 8 evaluating [time: 2.88s, valid_score: 0.827103]
Wed 15 Apr 2026 14:01:20 INFO  valid result: 
ndcg@10 : 0.827103
Wed 15 Apr 2026 14:01:22 INFO  epoch 9 training [time: 1.96s, train loss: 25.3111]
Wed 15 Apr 2026 14:01:25 INFO  epoch 9 evaluating [time: 3.11s, valid_score: 0.828455]
Wed 15 Apr 2026 14:01:25 INFO  valid result: 
ndcg@10 : 0.828455
Wed 15 Apr 2026 14:01:27 INFO  epoch 10 training [time: 1.99s, train loss: 24.0400]
Wed 15 Apr 2026 14:01:30 INFO  epoch 10 evaluating [time: 3.13s, valid_score: 0.830397]
Wed 15 Apr 2026 14:01:30 INFO  valid result: 
ndcg@10 : 0.830397
Wed 15 Apr 2026 14:01:32 INFO  epoch 11 training [time: 1.98s, train loss: 22.4834]
Wed 15 Apr 2026 14:01:36 INFO  epoch 11 evaluating [time: 3.18s, valid_score: 0.830827]
Wed 15 Apr 2026 14:01:36 INFO  valid result: 
ndcg@10 : 0.830827
Wed 15 Apr 2026 14:01:37 INFO  epoch 12 training [time: 1.90s, train loss: 21.2225]
Wed 15 Apr 2026 14:01:40 INFO  epoch 12 evaluating [time: 3.00s, valid_score: 0.831890]
Wed 15 Apr 2026 14:01:40 INFO  valid result: 
ndcg@10 : 0.83189
Wed 15 Apr 2026 14:01:42 INFO  epoch 13 training [time: 2.01s, train loss: 19.7632]
Wed 15 Apr 2026 14:01:45 INFO  epoch 13 evaluating [time: 3.02s, valid_score: 0.828057]
Wed 15 Apr 2026 14:01:45 INFO  valid result: 
ndcg@10 : 0.828057
Wed 15 Apr 2026 14:01:45 INFO  Finished training, best eval result in epoch 7
Wed 15 Apr 2026 14:01:45 INFO  best valid : OrderedDict([('ndcg@10', 0.834054)])
Wed 15 Apr 2026 14:01:45 INFO  
General Hyper Parameters:
gpu_id = 0
use_gpu = True
seed = 2020
state = INFO
reproducibility = True
data_path = recbole_tmp/dataset
checkpoint_dir = saved
show_progress = True
save_dataset = False
dataset_save_path = None
save_dataloaders = False
dataloaders_save_path = None
log_wandb = False

Training Hyper Parameters:
epochs = 15
train_batch_size = 2048
learner = adam
learning_rate = 0.001
train_neg_sample_args = {'distribution': 'uniform', 'sample_num': 1, 'alpha': 1.0, 'dynamic': False, 'candidate_num': 0}
eval_step = 1
stopping_step = 5
clip_grad_norm = None
weight_decay = 0.0
loss_decimal_place = 4

Evaluation Hyper Parameters:
eval_args = {'split': {'RS': [0.75, 0.2, 0.05]}, 'order': 'RO', 'group_by': 'user', 'mode': {'valid': 'full', 'test': 'full'}}
repeatable = False
metrics = ['NDCG']
topk = [10]
valid_metric = NDCG@10
valid_metric_bigger = True
eval_batch_size = 2048
metric_decimal_place = 6

Dataset Hyper Parameters:
field_separator = 	
seq_separator =  
USER_ID_FIELD = user_id
ITEM_ID_FIELD = item_id
RATING_FIELD = rating
TIME_FIELD = timestamp
seq_len = None
LABEL_FIELD = label
threshold = None
NEG_PREFIX = neg_
load_col = {'inter': ['user_id', 'item_id']}
unload_col = None
unused_col = None
additional_feat_suffix = None
rm_dup_inter = None
val_interval = None
filter_inter_by_user_or_item = True
user_inter_num_interval = [0,inf)
item_inter_num_interval = [0,inf)
alias_of_user_id = None
alias_of_item_id = None
alias_of_entity_id = None
alias_of_relation_id = None
preload_weight = None
normalize_field = None
normalize_all = None
ITEM_LIST_LENGTH_FIELD = item_length
LIST_SUFFIX = _list
MAX_ITEM_LIST_LENGTH = 500
POSITION_FIELD = position_id
HEAD_ENTITY_ID_FIELD = head_id
TAIL_ENTITY_ID_FIELD = tail_id
RELATION_ID_FIELD = relation_id
ENTITY_ID_FIELD = entity_id
benchmark_filename = None

Other Hyper Parameters: 
worker = 0
wandb_project = recbole
shuffle = True
require_pow = False
enable_amp = False
enable_scaler = False
transform = None
embedding_size = 256
numerical_features = []
discretization = None
kg_reverse_r = False
entity_kg_num_interval = [0,inf)
relation_kg_num_interval = [0,inf)
MODEL_TYPE = ModelType.GENERAL
MODEL_INPUT_TYPE = InputType.PAIRWISE
eval_type = EvaluatorType.RANKING
single_spec = True
local_rank = 0
device = cuda
valid_neg_sample_args = {'distribution': 'uniform', 'sample_num': 'none'}
test_neg_sample_args = {'distribution': 'uniform', 'sample_num': 'none'}


Wed 15 Apr 2026 14:01:47 INFO  dataset
The number of users: 656
Average actions of users: 612.230534351145
The number of items: 992
Average actions of items: 404.65287588294655
The number of inters: 401011
The sparsity of the dataset: 38.37729273210071%
Remain Fields: ['user_id', 'item_id']
Wed 15 Apr 2026 14:01:47 INFO  [Training]: train_batch_size = [2048] train_neg_sample_args: [{'distribution': 'uniform', 'sample_num': 1, 'alpha': 1.0, 'dynamic': False, 'candidate_num': 0}]
Wed 15 Apr 2026 14:01:47 INFO  [Evaluation]: eval_batch_size = [2048] eval_args: [{'split': {'RS': [0.75, 0.2, 0.05]}, 'order': 'RO', 'group_by': 'user', 'mode': {'valid': 'full', 'test': 'full'}}]
