Fri 17 Apr 2026 15:17:45 INFO  ['main.py', 'babyLFM2b1k', '28', '--clean', '--model', 'BPR', '--choice-model', 'consume_all', '--config', 'recbole_config_default.yaml', '--warm-start']
Fri 17 Apr 2026 15:17:45 INFO  
General Hyper Parameters:
gpu_id = 0
use_gpu = True
seed = 2020
state = INFO
reproducibility = True
data_path = recbole_tmp/dataset
checkpoint_dir = saved
show_progress = True
save_dataset = False
dataset_save_path = None
save_dataloaders = False
dataloaders_save_path = None
log_wandb = False

Training Hyper Parameters:
epochs = 10
train_batch_size = 2048
learner = adam
learning_rate = 0.001
train_neg_sample_args = {'distribution': 'uniform', 'sample_num': 1, 'alpha': 1.0, 'dynamic': False, 'candidate_num': 0}
eval_step = 1
stopping_step = 500
clip_grad_norm = None
weight_decay = 0.0
loss_decimal_place = 4

Evaluation Hyper Parameters:
eval_args = {'split': {'RS': [0.75, 0.2, 0.05]}, 'order': 'RO', 'group_by': 'user', 'mode': {'valid': 'full', 'test': 'full'}}
repeatable = False
metrics = ['NDCG']
topk = [10]
valid_metric = NDCG@10
valid_metric_bigger = True
eval_batch_size = 2048
metric_decimal_place = 3

Dataset Hyper Parameters:
field_separator = 	
seq_separator =  
USER_ID_FIELD = user_id
ITEM_ID_FIELD = item_id
RATING_FIELD = rating
TIME_FIELD = timestamp
seq_len = None
LABEL_FIELD = label
threshold = None
NEG_PREFIX = neg_
load_col = {'inter': ['user_id', 'item_id']}
unload_col = None
unused_col = None
additional_feat_suffix = None
rm_dup_inter = None
val_interval = None
filter_inter_by_user_or_item = True
user_inter_num_interval = [0,inf)
item_inter_num_interval = [0,inf)
alias_of_user_id = None
alias_of_item_id = None
alias_of_entity_id = None
alias_of_relation_id = None
preload_weight = None
normalize_field = None
normalize_all = None
ITEM_LIST_LENGTH_FIELD = item_length
LIST_SUFFIX = _list
MAX_ITEM_LIST_LENGTH = 500
POSITION_FIELD = position_id
HEAD_ENTITY_ID_FIELD = head_id
TAIL_ENTITY_ID_FIELD = tail_id
RELATION_ID_FIELD = relation_id
ENTITY_ID_FIELD = entity_id
benchmark_filename = None

Other Hyper Parameters: 
worker = 0
wandb_project = recbole
shuffle = True
require_pow = False
enable_amp = False
enable_scaler = False
transform = None
embedding_size = 256
numerical_features = []
discretization = None
kg_reverse_r = False
entity_kg_num_interval = [0,inf)
relation_kg_num_interval = [0,inf)
MODEL_TYPE = ModelType.GENERAL
MODEL_INPUT_TYPE = InputType.PAIRWISE
eval_type = EvaluatorType.RANKING
single_spec = True
local_rank = 0
device = cuda
valid_neg_sample_args = {'distribution': 'uniform', 'sample_num': 'none'}
test_neg_sample_args = {'distribution': 'uniform', 'sample_num': 'none'}


Fri 17 Apr 2026 15:17:46 INFO  dataset
The number of users: 656
Average actions of users: 292.2793893129771
The number of items: 992
Average actions of items: 193.1816347124117
The number of inters: 191443
The sparsity of the dataset: 70.58126598151063%
Remain Fields: ['user_id', 'item_id']
Fri 17 Apr 2026 15:17:46 INFO  Preparing dataset
Fri 17 Apr 2026 15:17:46 INFO  [Training]: train_batch_size = [2048] train_neg_sample_args: [{'distribution': 'uniform', 'sample_num': 1, 'alpha': 1.0, 'dynamic': False, 'candidate_num': 0}]
Fri 17 Apr 2026 15:17:46 INFO  [Evaluation]: eval_batch_size = [2048] eval_args: [{'split': {'RS': [0.75, 0.2, 0.05]}, 'order': 'RO', 'group_by': 'user', 'mode': {'valid': 'full', 'test': 'full'}}]
Fri 17 Apr 2026 15:17:46 INFO  Done!
Fri 17 Apr 2026 15:17:47 INFO  BPR(
  (user_embedding): Embedding(656, 256)
  (item_embedding): Embedding(992, 256)
  (loss): BPRLoss()
)
Trainable parameters: 421888
Fri 17 Apr 2026 15:17:47 INFO  FLOPs: 512.0
Fri 17 Apr 2026 15:17:48 INFO  Resuming training from checkpoint: experiments/babyLFM2b1k/output/iteration_27_checkpoint.pth
Fri 17 Apr 2026 15:17:48 INFO  Checkpoint loaded. Resume training from epoch 11
Fri 17 Apr 2026 15:17:49 INFO  epoch 0 training [time: 0.71s, train loss: 8.4375]
Fri 17 Apr 2026 15:17:50 INFO  epoch 0 evaluating [time: 0.99s, valid_score: 0.810000]
Fri 17 Apr 2026 15:17:50 INFO  valid result: 
ndcg@10 : 0.81
Fri 17 Apr 2026 15:17:50 INFO  Saving current: experiments/babyLFM2b1k/output/iteration_27_checkpoint.pth
Fri 17 Apr 2026 15:17:50 INFO  epoch 1 training [time: 0.65s, train loss: 6.7107]
Fri 17 Apr 2026 15:17:51 INFO  epoch 1 evaluating [time: 0.87s, valid_score: 0.824000]
Fri 17 Apr 2026 15:17:51 INFO  valid result: 
ndcg@10 : 0.824
Fri 17 Apr 2026 15:17:51 INFO  Saving current: experiments/babyLFM2b1k/output/iteration_27_checkpoint.pth
Fri 17 Apr 2026 15:17:52 INFO  epoch 2 training [time: 0.49s, train loss: 6.0808]
Fri 17 Apr 2026 15:17:52 INFO  epoch 2 evaluating [time: 0.61s, valid_score: 0.832000]
Fri 17 Apr 2026 15:17:52 INFO  valid result: 
ndcg@10 : 0.832
Fri 17 Apr 2026 15:17:52 INFO  Saving current: experiments/babyLFM2b1k/output/iteration_27_checkpoint.pth
Fri 17 Apr 2026 15:17:53 INFO  epoch 3 training [time: 0.62s, train loss: 5.8045]
Fri 17 Apr 2026 15:17:54 INFO  epoch 3 evaluating [time: 0.78s, valid_score: 0.833000]
Fri 17 Apr 2026 15:17:54 INFO  valid result: 
ndcg@10 : 0.833
Fri 17 Apr 2026 15:17:54 INFO  Saving current: experiments/babyLFM2b1k/output/iteration_27_checkpoint.pth
Fri 17 Apr 2026 15:17:54 INFO  epoch 4 training [time: 0.59s, train loss: 5.5572]
Fri 17 Apr 2026 15:17:55 INFO  epoch 4 evaluating [time: 1.00s, valid_score: 0.837000]
Fri 17 Apr 2026 15:17:55 INFO  valid result: 
ndcg@10 : 0.837
Fri 17 Apr 2026 15:17:55 INFO  Saving current: experiments/babyLFM2b1k/output/iteration_27_checkpoint.pth
Fri 17 Apr 2026 15:17:56 INFO  epoch 5 training [time: 0.57s, train loss: 5.4536]
Fri 17 Apr 2026 15:17:57 INFO  epoch 5 evaluating [time: 0.84s, valid_score: 0.837000]
Fri 17 Apr 2026 15:17:57 INFO  valid result: 
ndcg@10 : 0.837
Fri 17 Apr 2026 15:17:57 INFO  Saving current: experiments/babyLFM2b1k/output/iteration_27_checkpoint.pth
Fri 17 Apr 2026 15:17:57 INFO  epoch 6 training [time: 0.61s, train loss: 5.2411]
Fri 17 Apr 2026 15:17:59 INFO  epoch 6 evaluating [time: 1.08s, valid_score: 0.837000]
Fri 17 Apr 2026 15:17:59 INFO  valid result: 
ndcg@10 : 0.837
Fri 17 Apr 2026 15:17:59 INFO  Saving current: experiments/babyLFM2b1k/output/iteration_27_checkpoint.pth
Fri 17 Apr 2026 15:17:59 INFO  epoch 7 training [time: 0.56s, train loss: 5.0788]
Fri 17 Apr 2026 15:18:00 INFO  epoch 7 evaluating [time: 0.45s, valid_score: 0.837000]
Fri 17 Apr 2026 15:18:00 INFO  valid result: 
ndcg@10 : 0.837
Fri 17 Apr 2026 15:18:00 INFO  Saving current: experiments/babyLFM2b1k/output/iteration_27_checkpoint.pth
Fri 17 Apr 2026 15:18:00 INFO  epoch 8 training [time: 0.37s, train loss: 4.9806]
Fri 17 Apr 2026 15:18:00 INFO  epoch 8 evaluating [time: 0.46s, valid_score: 0.839000]
Fri 17 Apr 2026 15:18:00 INFO  valid result: 
ndcg@10 : 0.839
Fri 17 Apr 2026 15:18:00 INFO  Saving current: experiments/babyLFM2b1k/output/iteration_27_checkpoint.pth
Fri 17 Apr 2026 15:18:01 INFO  epoch 9 training [time: 0.46s, train loss: 4.8518]
Fri 17 Apr 2026 15:18:01 INFO  epoch 9 evaluating [time: 0.50s, valid_score: 0.839000]
Fri 17 Apr 2026 15:18:01 INFO  valid result: 
ndcg@10 : 0.839
Fri 17 Apr 2026 15:18:01 INFO  Saving current: experiments/babyLFM2b1k/output/iteration_27_checkpoint.pth
Fri 17 Apr 2026 15:18:01 INFO  best valid : OrderedDict([('ndcg@10', 0.839)])
Fri 17 Apr 2026 15:18:01 INFO  No new best model saved (score did not improve). Force-saving current model state to: saved/iteration_27_checkpoint.pth
Fri 17 Apr 2026 15:18:01 INFO  Saving current: saved/iteration_27_checkpoint.pth
Fri 17 Apr 2026 15:18:02 INFO  
General Hyper Parameters:
gpu_id = 0
use_gpu = True
seed = 2020
state = INFO
reproducibility = True
data_path = recbole_tmp/dataset
checkpoint_dir = saved
show_progress = True
save_dataset = False
dataset_save_path = None
save_dataloaders = False
dataloaders_save_path = None
log_wandb = False

Training Hyper Parameters:
epochs = 10
train_batch_size = 2048
learner = adam
learning_rate = 0.001
train_neg_sample_args = {'distribution': 'uniform', 'sample_num': 1, 'alpha': 1.0, 'dynamic': False, 'candidate_num': 0}
eval_step = 1
stopping_step = 500
clip_grad_norm = None
weight_decay = 0.0
loss_decimal_place = 4

Evaluation Hyper Parameters:
eval_args = {'split': {'RS': [0.75, 0.2, 0.05]}, 'order': 'RO', 'group_by': 'user', 'mode': {'valid': 'full', 'test': 'full'}}
repeatable = False
metrics = ['NDCG']
topk = [10]
valid_metric = NDCG@10
valid_metric_bigger = True
eval_batch_size = 2048
metric_decimal_place = 3

Dataset Hyper Parameters:
field_separator = 	
seq_separator =  
USER_ID_FIELD = user_id
ITEM_ID_FIELD = item_id
RATING_FIELD = rating
TIME_FIELD = timestamp
seq_len = None
LABEL_FIELD = label
threshold = None
NEG_PREFIX = neg_
load_col = {'inter': ['user_id', 'item_id']}
unload_col = None
unused_col = None
additional_feat_suffix = None
rm_dup_inter = None
val_interval = None
filter_inter_by_user_or_item = True
user_inter_num_interval = [0,inf)
item_inter_num_interval = [0,inf)
alias_of_user_id = None
alias_of_item_id = None
alias_of_entity_id = None
alias_of_relation_id = None
preload_weight = None
normalize_field = None
normalize_all = None
ITEM_LIST_LENGTH_FIELD = item_length
LIST_SUFFIX = _list
MAX_ITEM_LIST_LENGTH = 500
POSITION_FIELD = position_id
HEAD_ENTITY_ID_FIELD = head_id
TAIL_ENTITY_ID_FIELD = tail_id
RELATION_ID_FIELD = relation_id
ENTITY_ID_FIELD = entity_id
benchmark_filename = None

Other Hyper Parameters: 
worker = 0
wandb_project = recbole
shuffle = True
require_pow = False
enable_amp = False
enable_scaler = False
transform = None
embedding_size = 256
numerical_features = []
discretization = None
kg_reverse_r = False
entity_kg_num_interval = [0,inf)
relation_kg_num_interval = [0,inf)
MODEL_TYPE = ModelType.GENERAL
MODEL_INPUT_TYPE = InputType.PAIRWISE
eval_type = EvaluatorType.RANKING
single_spec = True
local_rank = 0
device = cuda
valid_neg_sample_args = {'distribution': 'uniform', 'sample_num': 'none'}
test_neg_sample_args = {'distribution': 'uniform', 'sample_num': 'none'}


Fri 17 Apr 2026 15:18:02 INFO  dataset
The number of users: 656
Average actions of users: 292.2793893129771
The number of items: 992
Average actions of items: 193.1816347124117
The number of inters: 191443
The sparsity of the dataset: 70.58126598151063%
Remain Fields: ['user_id', 'item_id']
Fri 17 Apr 2026 15:18:02 INFO  [Training]: train_batch_size = [2048] train_neg_sample_args: [{'distribution': 'uniform', 'sample_num': 1, 'alpha': 1.0, 'dynamic': False, 'candidate_num': 0}]
Fri 17 Apr 2026 15:18:02 INFO  [Evaluation]: eval_batch_size = [2048] eval_args: [{'split': {'RS': [0.75, 0.2, 0.05]}, 'order': 'RO', 'group_by': 'user', 'mode': {'valid': 'full', 'test': 'full'}}]
