Fri 17 Apr 2026 15:19:50 INFO  ['main.py', 'babyLFM2b1k', '33', '--clean', '--model', 'BPR', '--choice-model', 'consume_all', '--config', 'recbole_config_default.yaml', '--warm-start']
Fri 17 Apr 2026 15:19:50 INFO  
General Hyper Parameters:
gpu_id = 0
use_gpu = True
seed = 2020
state = INFO
reproducibility = True
data_path = recbole_tmp/dataset
checkpoint_dir = saved
show_progress = True
save_dataset = False
dataset_save_path = None
save_dataloaders = False
dataloaders_save_path = None
log_wandb = False

Training Hyper Parameters:
epochs = 10
train_batch_size = 2048
learner = adam
learning_rate = 0.001
train_neg_sample_args = {'distribution': 'uniform', 'sample_num': 1, 'alpha': 1.0, 'dynamic': False, 'candidate_num': 0}
eval_step = 1
stopping_step = 500
clip_grad_norm = None
weight_decay = 0.0
loss_decimal_place = 4

Evaluation Hyper Parameters:
eval_args = {'split': {'RS': [0.75, 0.2, 0.05]}, 'order': 'RO', 'group_by': 'user', 'mode': {'valid': 'full', 'test': 'full'}}
repeatable = False
metrics = ['NDCG']
topk = [10]
valid_metric = NDCG@10
valid_metric_bigger = True
eval_batch_size = 2048
metric_decimal_place = 3

Dataset Hyper Parameters:
field_separator = 	
seq_separator =  
USER_ID_FIELD = user_id
ITEM_ID_FIELD = item_id
RATING_FIELD = rating
TIME_FIELD = timestamp
seq_len = None
LABEL_FIELD = label
threshold = None
NEG_PREFIX = neg_
load_col = {'inter': ['user_id', 'item_id']}
unload_col = None
unused_col = None
additional_feat_suffix = None
rm_dup_inter = None
val_interval = None
filter_inter_by_user_or_item = True
user_inter_num_interval = [0,inf)
item_inter_num_interval = [0,inf)
alias_of_user_id = None
alias_of_item_id = None
alias_of_entity_id = None
alias_of_relation_id = None
preload_weight = None
normalize_field = None
normalize_all = None
ITEM_LIST_LENGTH_FIELD = item_length
LIST_SUFFIX = _list
MAX_ITEM_LIST_LENGTH = 500
POSITION_FIELD = position_id
HEAD_ENTITY_ID_FIELD = head_id
TAIL_ENTITY_ID_FIELD = tail_id
RELATION_ID_FIELD = relation_id
ENTITY_ID_FIELD = entity_id
benchmark_filename = None

Other Hyper Parameters: 
worker = 0
wandb_project = recbole
shuffle = True
require_pow = False
enable_amp = False
enable_scaler = False
transform = None
embedding_size = 256
numerical_features = []
discretization = None
kg_reverse_r = False
entity_kg_num_interval = [0,inf)
relation_kg_num_interval = [0,inf)
MODEL_TYPE = ModelType.GENERAL
MODEL_INPUT_TYPE = InputType.PAIRWISE
eval_type = EvaluatorType.RANKING
single_spec = True
local_rank = 0
device = cuda
valid_neg_sample_args = {'distribution': 'uniform', 'sample_num': 'none'}
test_neg_sample_args = {'distribution': 'uniform', 'sample_num': 'none'}


Fri 17 Apr 2026 15:19:51 INFO  dataset
The number of users: 656
Average actions of users: 342.2717557251908
The number of items: 992
Average actions of items: 226.22401614530776
The number of inters: 224188
The sparsity of the dataset: 65.54939516129032%
Remain Fields: ['user_id', 'item_id']
Fri 17 Apr 2026 15:19:51 INFO  Preparing dataset
Fri 17 Apr 2026 15:19:51 INFO  [Training]: train_batch_size = [2048] train_neg_sample_args: [{'distribution': 'uniform', 'sample_num': 1, 'alpha': 1.0, 'dynamic': False, 'candidate_num': 0}]
Fri 17 Apr 2026 15:19:51 INFO  [Evaluation]: eval_batch_size = [2048] eval_args: [{'split': {'RS': [0.75, 0.2, 0.05]}, 'order': 'RO', 'group_by': 'user', 'mode': {'valid': 'full', 'test': 'full'}}]
Fri 17 Apr 2026 15:19:51 INFO  Done!
Fri 17 Apr 2026 15:19:52 INFO  BPR(
  (user_embedding): Embedding(656, 256)
  (item_embedding): Embedding(992, 256)
  (loss): BPRLoss()
)
Trainable parameters: 421888
Fri 17 Apr 2026 15:19:52 INFO  FLOPs: 512.0
Fri 17 Apr 2026 15:19:53 INFO  Resuming training from checkpoint: experiments/babyLFM2b1k/output/iteration_32_checkpoint.pth
Fri 17 Apr 2026 15:19:53 INFO  Checkpoint loaded. Resume training from epoch 11
Fri 17 Apr 2026 15:19:54 INFO  epoch 0 training [time: 0.74s, train loss: 13.2805]
Fri 17 Apr 2026 15:19:55 INFO  epoch 0 evaluating [time: 0.77s, valid_score: 0.775000]
Fri 17 Apr 2026 15:19:55 INFO  valid result: 
ndcg@10 : 0.775
Fri 17 Apr 2026 15:19:55 INFO  Saving current: experiments/babyLFM2b1k/output/iteration_32_checkpoint.pth
Fri 17 Apr 2026 15:19:55 INFO  epoch 1 training [time: 0.51s, train loss: 10.6410]
Fri 17 Apr 2026 15:19:56 INFO  epoch 1 evaluating [time: 0.51s, valid_score: 0.796000]
Fri 17 Apr 2026 15:19:56 INFO  valid result: 
ndcg@10 : 0.796
Fri 17 Apr 2026 15:19:56 INFO  Saving current: experiments/babyLFM2b1k/output/iteration_32_checkpoint.pth
Fri 17 Apr 2026 15:19:56 INFO  epoch 2 training [time: 0.55s, train loss: 9.4932]
Fri 17 Apr 2026 15:19:57 INFO  epoch 2 evaluating [time: 1.22s, valid_score: 0.806000]
Fri 17 Apr 2026 15:19:57 INFO  valid result: 
ndcg@10 : 0.806
Fri 17 Apr 2026 15:19:57 INFO  Saving current: experiments/babyLFM2b1k/output/iteration_32_checkpoint.pth
Fri 17 Apr 2026 15:19:58 INFO  epoch 3 training [time: 0.71s, train loss: 8.8215]
Fri 17 Apr 2026 15:19:59 INFO  epoch 3 evaluating [time: 0.98s, valid_score: 0.808000]
Fri 17 Apr 2026 15:19:59 INFO  valid result: 
ndcg@10 : 0.808
Fri 17 Apr 2026 15:19:59 INFO  Saving current: experiments/babyLFM2b1k/output/iteration_32_checkpoint.pth
Fri 17 Apr 2026 15:20:00 INFO  epoch 4 training [time: 0.69s, train loss: 8.4288]
Fri 17 Apr 2026 15:20:01 INFO  epoch 4 evaluating [time: 0.79s, valid_score: 0.811000]
Fri 17 Apr 2026 15:20:01 INFO  valid result: 
ndcg@10 : 0.811
Fri 17 Apr 2026 15:20:01 INFO  Saving current: experiments/babyLFM2b1k/output/iteration_32_checkpoint.pth
Fri 17 Apr 2026 15:20:01 INFO  epoch 5 training [time: 0.63s, train loss: 8.0571]
Fri 17 Apr 2026 15:20:02 INFO  epoch 5 evaluating [time: 0.70s, valid_score: 0.811000]
Fri 17 Apr 2026 15:20:02 INFO  valid result: 
ndcg@10 : 0.811
Fri 17 Apr 2026 15:20:02 INFO  Saving current: experiments/babyLFM2b1k/output/iteration_32_checkpoint.pth
Fri 17 Apr 2026 15:20:03 INFO  epoch 6 training [time: 0.57s, train loss: 7.5578]
Fri 17 Apr 2026 15:20:03 INFO  epoch 6 evaluating [time: 0.86s, valid_score: 0.809000]
Fri 17 Apr 2026 15:20:03 INFO  valid result: 
ndcg@10 : 0.809
Fri 17 Apr 2026 15:20:04 INFO  epoch 7 training [time: 0.53s, train loss: 7.3790]
Fri 17 Apr 2026 15:20:04 INFO  epoch 7 evaluating [time: 0.48s, valid_score: 0.812000]
Fri 17 Apr 2026 15:20:04 INFO  valid result: 
ndcg@10 : 0.812
Fri 17 Apr 2026 15:20:05 INFO  Saving current: experiments/babyLFM2b1k/output/iteration_32_checkpoint.pth
Fri 17 Apr 2026 15:20:05 INFO  epoch 8 training [time: 0.62s, train loss: 7.2291]
Fri 17 Apr 2026 15:20:06 INFO  epoch 8 evaluating [time: 0.46s, valid_score: 0.816000]
Fri 17 Apr 2026 15:20:06 INFO  valid result: 
ndcg@10 : 0.816
Fri 17 Apr 2026 15:20:06 INFO  Saving current: experiments/babyLFM2b1k/output/iteration_32_checkpoint.pth
Fri 17 Apr 2026 15:20:06 INFO  epoch 9 training [time: 0.54s, train loss: 6.9837]
Fri 17 Apr 2026 15:20:07 INFO  epoch 9 evaluating [time: 0.55s, valid_score: 0.820000]
Fri 17 Apr 2026 15:20:07 INFO  valid result: 
ndcg@10 : 0.82
Fri 17 Apr 2026 15:20:07 INFO  Saving current: experiments/babyLFM2b1k/output/iteration_32_checkpoint.pth
Fri 17 Apr 2026 15:20:07 INFO  best valid : OrderedDict([('ndcg@10', 0.82)])
Fri 17 Apr 2026 15:20:07 INFO  No new best model saved (score did not improve). Force-saving current model state to: saved/iteration_32_checkpoint.pth
Fri 17 Apr 2026 15:20:07 INFO  Saving current: saved/iteration_32_checkpoint.pth
Fri 17 Apr 2026 15:20:07 INFO  
General Hyper Parameters:
gpu_id = 0
use_gpu = True
seed = 2020
state = INFO
reproducibility = True
data_path = recbole_tmp/dataset
checkpoint_dir = saved
show_progress = True
save_dataset = False
dataset_save_path = None
save_dataloaders = False
dataloaders_save_path = None
log_wandb = False

Training Hyper Parameters:
epochs = 10
train_batch_size = 2048
learner = adam
learning_rate = 0.001
train_neg_sample_args = {'distribution': 'uniform', 'sample_num': 1, 'alpha': 1.0, 'dynamic': False, 'candidate_num': 0}
eval_step = 1
stopping_step = 500
clip_grad_norm = None
weight_decay = 0.0
loss_decimal_place = 4

Evaluation Hyper Parameters:
eval_args = {'split': {'RS': [0.75, 0.2, 0.05]}, 'order': 'RO', 'group_by': 'user', 'mode': {'valid': 'full', 'test': 'full'}}
repeatable = False
metrics = ['NDCG']
topk = [10]
valid_metric = NDCG@10
valid_metric_bigger = True
eval_batch_size = 2048
metric_decimal_place = 3

Dataset Hyper Parameters:
field_separator = 	
seq_separator =  
USER_ID_FIELD = user_id
ITEM_ID_FIELD = item_id
RATING_FIELD = rating
TIME_FIELD = timestamp
seq_len = None
LABEL_FIELD = label
threshold = None
NEG_PREFIX = neg_
load_col = {'inter': ['user_id', 'item_id']}
unload_col = None
unused_col = None
additional_feat_suffix = None
rm_dup_inter = None
val_interval = None
filter_inter_by_user_or_item = True
user_inter_num_interval = [0,inf)
item_inter_num_interval = [0,inf)
alias_of_user_id = None
alias_of_item_id = None
alias_of_entity_id = None
alias_of_relation_id = None
preload_weight = None
normalize_field = None
normalize_all = None
ITEM_LIST_LENGTH_FIELD = item_length
LIST_SUFFIX = _list
MAX_ITEM_LIST_LENGTH = 500
POSITION_FIELD = position_id
HEAD_ENTITY_ID_FIELD = head_id
TAIL_ENTITY_ID_FIELD = tail_id
RELATION_ID_FIELD = relation_id
ENTITY_ID_FIELD = entity_id
benchmark_filename = None

Other Hyper Parameters: 
worker = 0
wandb_project = recbole
shuffle = True
require_pow = False
enable_amp = False
enable_scaler = False
transform = None
embedding_size = 256
numerical_features = []
discretization = None
kg_reverse_r = False
entity_kg_num_interval = [0,inf)
relation_kg_num_interval = [0,inf)
MODEL_TYPE = ModelType.GENERAL
MODEL_INPUT_TYPE = InputType.PAIRWISE
eval_type = EvaluatorType.RANKING
single_spec = True
local_rank = 0
device = cuda
valid_neg_sample_args = {'distribution': 'uniform', 'sample_num': 'none'}
test_neg_sample_args = {'distribution': 'uniform', 'sample_num': 'none'}


Fri 17 Apr 2026 15:20:08 INFO  dataset
The number of users: 656
Average actions of users: 342.2717557251908
The number of items: 992
Average actions of items: 226.22401614530776
The number of inters: 224188
The sparsity of the dataset: 65.54939516129032%
Remain Fields: ['user_id', 'item_id']
Fri 17 Apr 2026 15:20:08 INFO  [Training]: train_batch_size = [2048] train_neg_sample_args: [{'distribution': 'uniform', 'sample_num': 1, 'alpha': 1.0, 'dynamic': False, 'candidate_num': 0}]
Fri 17 Apr 2026 15:20:08 INFO  [Evaluation]: eval_batch_size = [2048] eval_args: [{'split': {'RS': [0.75, 0.2, 0.05]}, 'order': 'RO', 'group_by': 'user', 'mode': {'valid': 'full', 'test': 'full'}}]
