Wed 15 Apr 2026 13:24:53 INFO  ['main.py', 'babyLFM2b1k', '33', '--clean', '--model', 'BPR', '--choice-model', 'consume_all', '--config', 'recbole_config_default.yaml']
Wed 15 Apr 2026 13:24:53 INFO  
General Hyper Parameters:
gpu_id = 0
use_gpu = True
seed = 2020
state = INFO
reproducibility = True
data_path = recbole_tmp/dataset
checkpoint_dir = saved
show_progress = True
save_dataset = False
dataset_save_path = None
save_dataloaders = False
dataloaders_save_path = None
log_wandb = False

Training Hyper Parameters:
epochs = 15
train_batch_size = 2048
learner = adam
learning_rate = 0.001
train_neg_sample_args = {'distribution': 'uniform', 'sample_num': 1, 'alpha': 1.0, 'dynamic': False, 'candidate_num': 0}
eval_step = 1
stopping_step = 5
clip_grad_norm = None
weight_decay = 0.0
loss_decimal_place = 4

Evaluation Hyper Parameters:
eval_args = {'split': {'RS': [0.75, 0.2, 0.05]}, 'order': 'RO', 'group_by': 'user', 'mode': {'valid': 'full', 'test': 'full'}}
repeatable = False
metrics = ['NDCG']
topk = [10]
valid_metric = NDCG@10
valid_metric_bigger = True
eval_batch_size = 2048
metric_decimal_place = 6

Dataset Hyper Parameters:
field_separator = 	
seq_separator =  
USER_ID_FIELD = user_id
ITEM_ID_FIELD = item_id
RATING_FIELD = rating
TIME_FIELD = timestamp
seq_len = None
LABEL_FIELD = label
threshold = None
NEG_PREFIX = neg_
load_col = {'inter': ['user_id', 'item_id']}
unload_col = None
unused_col = None
additional_feat_suffix = None
rm_dup_inter = None
val_interval = None
filter_inter_by_user_or_item = True
user_inter_num_interval = [0,inf)
item_inter_num_interval = [0,inf)
alias_of_user_id = None
alias_of_item_id = None
alias_of_entity_id = None
alias_of_relation_id = None
preload_weight = None
normalize_field = None
normalize_all = None
ITEM_LIST_LENGTH_FIELD = item_length
LIST_SUFFIX = _list
MAX_ITEM_LIST_LENGTH = 500
POSITION_FIELD = position_id
HEAD_ENTITY_ID_FIELD = head_id
TAIL_ENTITY_ID_FIELD = tail_id
RELATION_ID_FIELD = relation_id
ENTITY_ID_FIELD = entity_id
benchmark_filename = None

Other Hyper Parameters: 
worker = 0
wandb_project = recbole
shuffle = True
require_pow = False
enable_amp = False
enable_scaler = False
transform = None
embedding_size = 256
numerical_features = []
discretization = None
kg_reverse_r = False
entity_kg_num_interval = [0,inf)
relation_kg_num_interval = [0,inf)
MODEL_TYPE = ModelType.GENERAL
MODEL_INPUT_TYPE = InputType.PAIRWISE
eval_type = EvaluatorType.RANKING
single_spec = True
local_rank = 0
device = cuda
valid_neg_sample_args = {'distribution': 'uniform', 'sample_num': 'none'}
test_neg_sample_args = {'distribution': 'uniform', 'sample_num': 'none'}


Wed 15 Apr 2026 13:24:53 INFO  dataset
The number of users: 656
Average actions of users: 342.2717557251908
The number of items: 992
Average actions of items: 226.22401614530776
The number of inters: 224188
The sparsity of the dataset: 65.54939516129032%
Remain Fields: ['user_id', 'item_id']
Wed 15 Apr 2026 13:24:53 INFO  Preparing dataset
Wed 15 Apr 2026 13:24:54 INFO  [Training]: train_batch_size = [2048] train_neg_sample_args: [{'distribution': 'uniform', 'sample_num': 1, 'alpha': 1.0, 'dynamic': False, 'candidate_num': 0}]
Wed 15 Apr 2026 13:24:54 INFO  [Evaluation]: eval_batch_size = [2048] eval_args: [{'split': {'RS': [0.75, 0.2, 0.05]}, 'order': 'RO', 'group_by': 'user', 'mode': {'valid': 'full', 'test': 'full'}}]
Wed 15 Apr 2026 13:24:54 INFO  Done!
Wed 15 Apr 2026 13:24:54 INFO  BPR(
  (user_embedding): Embedding(656, 256)
  (item_embedding): Embedding(992, 256)
  (loss): BPRLoss()
)
Trainable parameters: 421888
Wed 15 Apr 2026 13:24:54 INFO  FLOPs: 512.0
Wed 15 Apr 2026 13:24:56 INFO  epoch 0 training [time: 1.14s, train loss: 56.3680]
Wed 15 Apr 2026 13:24:59 INFO  epoch 0 evaluating [time: 3.12s, valid_score: 0.812727]
Wed 15 Apr 2026 13:24:59 INFO  valid result: 
ndcg@10 : 0.812727
Wed 15 Apr 2026 13:25:00 INFO  Saving current: saved/BPR-Apr-15-2026_13-24-54.pth
Wed 15 Apr 2026 13:25:01 INFO  epoch 1 training [time: 1.16s, train loss: 29.2952]
Wed 15 Apr 2026 13:25:03 INFO  epoch 1 evaluating [time: 2.75s, valid_score: 0.818467]
Wed 15 Apr 2026 13:25:03 INFO  valid result: 
ndcg@10 : 0.818467
Wed 15 Apr 2026 13:25:03 INFO  Saving current: saved/BPR-Apr-15-2026_13-24-54.pth
Wed 15 Apr 2026 13:25:05 INFO  epoch 2 training [time: 1.09s, train loss: 9.6840]
Wed 15 Apr 2026 13:25:07 INFO  epoch 2 evaluating [time: 2.87s, valid_score: 0.813772]
Wed 15 Apr 2026 13:25:07 INFO  valid result: 
ndcg@10 : 0.813772
Wed 15 Apr 2026 13:25:08 INFO  epoch 3 training [time: 1.05s, train loss: 8.3248]
Wed 15 Apr 2026 13:25:11 INFO  epoch 3 evaluating [time: 3.03s, valid_score: 0.814450]
Wed 15 Apr 2026 13:25:11 INFO  valid result: 
ndcg@10 : 0.81445
Wed 15 Apr 2026 13:25:13 INFO  epoch 4 training [time: 1.03s, train loss: 8.0210]
Wed 15 Apr 2026 13:25:16 INFO  epoch 4 evaluating [time: 3.05s, valid_score: 0.815659]
Wed 15 Apr 2026 13:25:16 INFO  valid result: 
ndcg@10 : 0.815659
Wed 15 Apr 2026 13:25:17 INFO  epoch 5 training [time: 1.06s, train loss: 7.7645]
Wed 15 Apr 2026 13:25:20 INFO  epoch 5 evaluating [time: 3.08s, valid_score: 0.813455]
Wed 15 Apr 2026 13:25:20 INFO  valid result: 
ndcg@10 : 0.813455
Wed 15 Apr 2026 13:25:21 INFO  epoch 6 training [time: 1.13s, train loss: 7.6675]
Wed 15 Apr 2026 13:25:24 INFO  epoch 6 evaluating [time: 3.23s, valid_score: 0.822845]
Wed 15 Apr 2026 13:25:24 INFO  valid result: 
ndcg@10 : 0.822845
Wed 15 Apr 2026 13:25:24 INFO  Saving current: saved/BPR-Apr-15-2026_13-24-54.pth
Wed 15 Apr 2026 13:25:25 INFO  epoch 7 training [time: 1.13s, train loss: 7.5730]
Wed 15 Apr 2026 13:25:28 INFO  epoch 7 evaluating [time: 3.22s, valid_score: 0.825961]
Wed 15 Apr 2026 13:25:28 INFO  valid result: 
ndcg@10 : 0.825961
Wed 15 Apr 2026 13:25:28 INFO  Saving current: saved/BPR-Apr-15-2026_13-24-54.pth
Wed 15 Apr 2026 13:25:30 INFO  epoch 8 training [time: 1.10s, train loss: 7.3710]
Wed 15 Apr 2026 13:25:33 INFO  epoch 8 evaluating [time: 3.35s, valid_score: 0.824903]
Wed 15 Apr 2026 13:25:33 INFO  valid result: 
ndcg@10 : 0.824903
Wed 15 Apr 2026 13:25:34 INFO  epoch 9 training [time: 1.06s, train loss: 7.3652]
Wed 15 Apr 2026 13:25:37 INFO  epoch 9 evaluating [time: 3.17s, valid_score: 0.822639]
Wed 15 Apr 2026 13:25:37 INFO  valid result: 
ndcg@10 : 0.822639
Wed 15 Apr 2026 13:25:38 INFO  epoch 10 training [time: 1.11s, train loss: 7.0571]
Wed 15 Apr 2026 13:25:42 INFO  epoch 10 evaluating [time: 3.45s, valid_score: 0.831245]
Wed 15 Apr 2026 13:25:42 INFO  valid result: 
ndcg@10 : 0.831245
Wed 15 Apr 2026 13:25:42 INFO  Saving current: saved/BPR-Apr-15-2026_13-24-54.pth
Wed 15 Apr 2026 13:25:43 INFO  epoch 11 training [time: 1.13s, train loss: 7.0921]
Wed 15 Apr 2026 13:25:46 INFO  epoch 11 evaluating [time: 3.25s, valid_score: 0.827683]
Wed 15 Apr 2026 13:25:46 INFO  valid result: 
ndcg@10 : 0.827683
Wed 15 Apr 2026 13:25:47 INFO  epoch 12 training [time: 1.05s, train loss: 7.0380]
Wed 15 Apr 2026 13:25:50 INFO  epoch 12 evaluating [time: 2.98s, valid_score: 0.829741]
Wed 15 Apr 2026 13:25:50 INFO  valid result: 
ndcg@10 : 0.829741
Wed 15 Apr 2026 13:25:51 INFO  epoch 13 training [time: 1.07s, train loss: 6.7639]
Wed 15 Apr 2026 13:25:54 INFO  epoch 13 evaluating [time: 3.06s, valid_score: 0.839504]
Wed 15 Apr 2026 13:25:54 INFO  valid result: 
ndcg@10 : 0.839504
Wed 15 Apr 2026 13:25:54 INFO  Saving current: saved/BPR-Apr-15-2026_13-24-54.pth
Wed 15 Apr 2026 13:25:55 INFO  epoch 14 training [time: 1.09s, train loss: 6.6214]
Wed 15 Apr 2026 13:25:58 INFO  epoch 14 evaluating [time: 3.11s, valid_score: 0.828289]
Wed 15 Apr 2026 13:25:58 INFO  valid result: 
ndcg@10 : 0.828289
Wed 15 Apr 2026 13:25:58 INFO  best valid : OrderedDict([('ndcg@10', 0.839504)])
Wed 15 Apr 2026 13:25:58 INFO  
General Hyper Parameters:
gpu_id = 0
use_gpu = True
seed = 2020
state = INFO
reproducibility = True
data_path = recbole_tmp/dataset
checkpoint_dir = saved
show_progress = True
save_dataset = False
dataset_save_path = None
save_dataloaders = False
dataloaders_save_path = None
log_wandb = False

Training Hyper Parameters:
epochs = 15
train_batch_size = 2048
learner = adam
learning_rate = 0.001
train_neg_sample_args = {'distribution': 'uniform', 'sample_num': 1, 'alpha': 1.0, 'dynamic': False, 'candidate_num': 0}
eval_step = 1
stopping_step = 5
clip_grad_norm = None
weight_decay = 0.0
loss_decimal_place = 4

Evaluation Hyper Parameters:
eval_args = {'split': {'RS': [0.75, 0.2, 0.05]}, 'order': 'RO', 'group_by': 'user', 'mode': {'valid': 'full', 'test': 'full'}}
repeatable = False
metrics = ['NDCG']
topk = [10]
valid_metric = NDCG@10
valid_metric_bigger = True
eval_batch_size = 2048
metric_decimal_place = 6

Dataset Hyper Parameters:
field_separator = 	
seq_separator =  
USER_ID_FIELD = user_id
ITEM_ID_FIELD = item_id
RATING_FIELD = rating
TIME_FIELD = timestamp
seq_len = None
LABEL_FIELD = label
threshold = None
NEG_PREFIX = neg_
load_col = {'inter': ['user_id', 'item_id']}
unload_col = None
unused_col = None
additional_feat_suffix = None
rm_dup_inter = None
val_interval = None
filter_inter_by_user_or_item = True
user_inter_num_interval = [0,inf)
item_inter_num_interval = [0,inf)
alias_of_user_id = None
alias_of_item_id = None
alias_of_entity_id = None
alias_of_relation_id = None
preload_weight = None
normalize_field = None
normalize_all = None
ITEM_LIST_LENGTH_FIELD = item_length
LIST_SUFFIX = _list
MAX_ITEM_LIST_LENGTH = 500
POSITION_FIELD = position_id
HEAD_ENTITY_ID_FIELD = head_id
TAIL_ENTITY_ID_FIELD = tail_id
RELATION_ID_FIELD = relation_id
ENTITY_ID_FIELD = entity_id
benchmark_filename = None

Other Hyper Parameters: 
worker = 0
wandb_project = recbole
shuffle = True
require_pow = False
enable_amp = False
enable_scaler = False
transform = None
embedding_size = 256
numerical_features = []
discretization = None
kg_reverse_r = False
entity_kg_num_interval = [0,inf)
relation_kg_num_interval = [0,inf)
MODEL_TYPE = ModelType.GENERAL
MODEL_INPUT_TYPE = InputType.PAIRWISE
eval_type = EvaluatorType.RANKING
single_spec = True
local_rank = 0
device = cuda
valid_neg_sample_args = {'distribution': 'uniform', 'sample_num': 'none'}
test_neg_sample_args = {'distribution': 'uniform', 'sample_num': 'none'}


Wed 15 Apr 2026 13:25:59 INFO  dataset
The number of users: 656
Average actions of users: 342.2717557251908
The number of items: 992
Average actions of items: 226.22401614530776
The number of inters: 224188
The sparsity of the dataset: 65.54939516129032%
Remain Fields: ['user_id', 'item_id']
Wed 15 Apr 2026 13:26:00 INFO  [Training]: train_batch_size = [2048] train_neg_sample_args: [{'distribution': 'uniform', 'sample_num': 1, 'alpha': 1.0, 'dynamic': False, 'candidate_num': 0}]
Wed 15 Apr 2026 13:26:00 INFO  [Evaluation]: eval_batch_size = [2048] eval_args: [{'split': {'RS': [0.75, 0.2, 0.05]}, 'order': 'RO', 'group_by': 'user', 'mode': {'valid': 'full', 'test': 'full'}}]
