Fri 17 Apr 2026 15:15:03 INFO  ['main.py', 'babyLFM2b1k', '21', '--clean', '--model', 'BPR', '--choice-model', 'consume_all', '--config', 'recbole_config_default.yaml', '--warm-start']
Fri 17 Apr 2026 15:15:03 INFO  
General Hyper Parameters:
gpu_id = 0
use_gpu = True
seed = 2020
state = INFO
reproducibility = True
data_path = recbole_tmp/dataset
checkpoint_dir = saved
show_progress = True
save_dataset = False
dataset_save_path = None
save_dataloaders = False
dataloaders_save_path = None
log_wandb = False

Training Hyper Parameters:
epochs = 10
train_batch_size = 2048
learner = adam
learning_rate = 0.001
train_neg_sample_args = {'distribution': 'uniform', 'sample_num': 1, 'alpha': 1.0, 'dynamic': False, 'candidate_num': 0}
eval_step = 1
stopping_step = 500
clip_grad_norm = None
weight_decay = 0.0
loss_decimal_place = 4

Evaluation Hyper Parameters:
eval_args = {'split': {'RS': [0.75, 0.2, 0.05]}, 'order': 'RO', 'group_by': 'user', 'mode': {'valid': 'full', 'test': 'full'}}
repeatable = False
metrics = ['NDCG']
topk = [10]
valid_metric = NDCG@10
valid_metric_bigger = True
eval_batch_size = 2048
metric_decimal_place = 3

Dataset Hyper Parameters:
field_separator = 	
seq_separator =  
USER_ID_FIELD = user_id
ITEM_ID_FIELD = item_id
RATING_FIELD = rating
TIME_FIELD = timestamp
seq_len = None
LABEL_FIELD = label
threshold = None
NEG_PREFIX = neg_
load_col = {'inter': ['user_id', 'item_id']}
unload_col = None
unused_col = None
additional_feat_suffix = None
rm_dup_inter = None
val_interval = None
filter_inter_by_user_or_item = True
user_inter_num_interval = [0,inf)
item_inter_num_interval = [0,inf)
alias_of_user_id = None
alias_of_item_id = None
alias_of_entity_id = None
alias_of_relation_id = None
preload_weight = None
normalize_field = None
normalize_all = None
ITEM_LIST_LENGTH_FIELD = item_length
LIST_SUFFIX = _list
MAX_ITEM_LIST_LENGTH = 500
POSITION_FIELD = position_id
HEAD_ENTITY_ID_FIELD = head_id
TAIL_ENTITY_ID_FIELD = tail_id
RELATION_ID_FIELD = relation_id
ENTITY_ID_FIELD = entity_id
benchmark_filename = None

Other Hyper Parameters: 
worker = 0
wandb_project = recbole
shuffle = True
require_pow = False
enable_amp = False
enable_scaler = False
transform = None
embedding_size = 256
numerical_features = []
discretization = None
kg_reverse_r = False
entity_kg_num_interval = [0,inf)
relation_kg_num_interval = [0,inf)
MODEL_TYPE = ModelType.GENERAL
MODEL_INPUT_TYPE = InputType.PAIRWISE
eval_type = EvaluatorType.RANKING
single_spec = True
local_rank = 0
device = cuda
valid_neg_sample_args = {'distribution': 'uniform', 'sample_num': 'none'}
test_neg_sample_args = {'distribution': 'uniform', 'sample_num': 'none'}


Fri 17 Apr 2026 15:15:03 INFO  dataset
The number of users: 656
Average actions of users: 222.29007633587787
The number of items: 992
Average actions of items: 146.92230070635722
The number of inters: 145600
The sparsity of the dataset: 77.62588512981904%
Remain Fields: ['user_id', 'item_id']
Fri 17 Apr 2026 15:15:03 INFO  Preparing dataset
Fri 17 Apr 2026 15:15:03 INFO  [Training]: train_batch_size = [2048] train_neg_sample_args: [{'distribution': 'uniform', 'sample_num': 1, 'alpha': 1.0, 'dynamic': False, 'candidate_num': 0}]
Fri 17 Apr 2026 15:15:03 INFO  [Evaluation]: eval_batch_size = [2048] eval_args: [{'split': {'RS': [0.75, 0.2, 0.05]}, 'order': 'RO', 'group_by': 'user', 'mode': {'valid': 'full', 'test': 'full'}}]
Fri 17 Apr 2026 15:15:03 INFO  Done!
Fri 17 Apr 2026 15:15:04 INFO  BPR(
  (user_embedding): Embedding(656, 256)
  (item_embedding): Embedding(992, 256)
  (loss): BPRLoss()
)
Trainable parameters: 421888
Fri 17 Apr 2026 15:15:04 INFO  FLOPs: 512.0
Fri 17 Apr 2026 15:15:05 INFO  Resuming training from checkpoint: experiments/babyLFM2b1k/output/iteration_20_checkpoint.pth
Fri 17 Apr 2026 15:15:05 INFO  Checkpoint loaded. Resume training from epoch 11
Fri 17 Apr 2026 15:15:05 INFO  epoch 0 training [time: 0.43s, train loss: 6.2667]
Fri 17 Apr 2026 15:15:06 INFO  epoch 0 evaluating [time: 0.61s, valid_score: 0.791000]
Fri 17 Apr 2026 15:15:06 INFO  valid result: 
ndcg@10 : 0.791
Fri 17 Apr 2026 15:15:06 INFO  Saving current: experiments/babyLFM2b1k/output/iteration_20_checkpoint.pth
Fri 17 Apr 2026 15:15:06 INFO  epoch 1 training [time: 0.42s, train loss: 5.0250]
Fri 17 Apr 2026 15:15:07 INFO  epoch 1 evaluating [time: 0.48s, valid_score: 0.803000]
Fri 17 Apr 2026 15:15:07 INFO  valid result: 
ndcg@10 : 0.803
Fri 17 Apr 2026 15:15:07 INFO  Saving current: experiments/babyLFM2b1k/output/iteration_20_checkpoint.pth
Fri 17 Apr 2026 15:15:07 INFO  epoch 2 training [time: 0.35s, train loss: 4.4702]
Fri 17 Apr 2026 15:15:08 INFO  epoch 2 evaluating [time: 0.45s, valid_score: 0.807000]
Fri 17 Apr 2026 15:15:08 INFO  valid result: 
ndcg@10 : 0.807
Fri 17 Apr 2026 15:15:08 INFO  Saving current: experiments/babyLFM2b1k/output/iteration_20_checkpoint.pth
Fri 17 Apr 2026 15:15:08 INFO  epoch 3 training [time: 0.35s, train loss: 4.1437]
Fri 17 Apr 2026 15:15:09 INFO  epoch 3 evaluating [time: 0.50s, valid_score: 0.811000]
Fri 17 Apr 2026 15:15:09 INFO  valid result: 
ndcg@10 : 0.811
Fri 17 Apr 2026 15:15:09 INFO  Saving current: experiments/babyLFM2b1k/output/iteration_20_checkpoint.pth
Fri 17 Apr 2026 15:15:09 INFO  epoch 4 training [time: 0.31s, train loss: 3.9504]
Fri 17 Apr 2026 15:15:09 INFO  epoch 4 evaluating [time: 0.41s, valid_score: 0.816000]
Fri 17 Apr 2026 15:15:09 INFO  valid result: 
ndcg@10 : 0.816
Fri 17 Apr 2026 15:15:09 INFO  Saving current: experiments/babyLFM2b1k/output/iteration_20_checkpoint.pth
Fri 17 Apr 2026 15:15:10 INFO  epoch 5 training [time: 0.36s, train loss: 3.8415]
Fri 17 Apr 2026 15:15:10 INFO  epoch 5 evaluating [time: 0.50s, valid_score: 0.818000]
Fri 17 Apr 2026 15:15:10 INFO  valid result: 
ndcg@10 : 0.818
Fri 17 Apr 2026 15:15:10 INFO  Saving current: experiments/babyLFM2b1k/output/iteration_20_checkpoint.pth
Fri 17 Apr 2026 15:15:11 INFO  epoch 6 training [time: 0.26s, train loss: 3.7214]
Fri 17 Apr 2026 15:15:11 INFO  epoch 6 evaluating [time: 0.50s, valid_score: 0.820000]
Fri 17 Apr 2026 15:15:11 INFO  valid result: 
ndcg@10 : 0.82
Fri 17 Apr 2026 15:15:11 INFO  Saving current: experiments/babyLFM2b1k/output/iteration_20_checkpoint.pth
Fri 17 Apr 2026 15:15:12 INFO  epoch 7 training [time: 0.43s, train loss: 3.6294]
Fri 17 Apr 2026 15:15:13 INFO  epoch 7 evaluating [time: 0.99s, valid_score: 0.821000]
Fri 17 Apr 2026 15:15:13 INFO  valid result: 
ndcg@10 : 0.821
Fri 17 Apr 2026 15:15:13 INFO  Saving current: experiments/babyLFM2b1k/output/iteration_20_checkpoint.pth
Fri 17 Apr 2026 15:15:13 INFO  epoch 8 training [time: 0.51s, train loss: 3.5083]
Fri 17 Apr 2026 15:15:14 INFO  epoch 8 evaluating [time: 0.96s, valid_score: 0.820000]
Fri 17 Apr 2026 15:15:14 INFO  valid result: 
ndcg@10 : 0.82
Fri 17 Apr 2026 15:15:14 INFO  epoch 9 training [time: 0.44s, train loss: 3.4005]
Fri 17 Apr 2026 15:15:15 INFO  epoch 9 evaluating [time: 0.57s, valid_score: 0.820000]
Fri 17 Apr 2026 15:15:15 INFO  valid result: 
ndcg@10 : 0.82
Fri 17 Apr 2026 15:15:15 INFO  best valid : OrderedDict([('ndcg@10', 0.821)])
Fri 17 Apr 2026 15:15:15 INFO  No new best model saved (score did not improve). Force-saving current model state to: saved/iteration_20_checkpoint.pth
Fri 17 Apr 2026 15:15:15 INFO  Saving current: saved/iteration_20_checkpoint.pth
Fri 17 Apr 2026 15:15:15 INFO  
General Hyper Parameters:
gpu_id = 0
use_gpu = True
seed = 2020
state = INFO
reproducibility = True
data_path = recbole_tmp/dataset
checkpoint_dir = saved
show_progress = True
save_dataset = False
dataset_save_path = None
save_dataloaders = False
dataloaders_save_path = None
log_wandb = False

Training Hyper Parameters:
epochs = 10
train_batch_size = 2048
learner = adam
learning_rate = 0.001
train_neg_sample_args = {'distribution': 'uniform', 'sample_num': 1, 'alpha': 1.0, 'dynamic': False, 'candidate_num': 0}
eval_step = 1
stopping_step = 500
clip_grad_norm = None
weight_decay = 0.0
loss_decimal_place = 4

Evaluation Hyper Parameters:
eval_args = {'split': {'RS': [0.75, 0.2, 0.05]}, 'order': 'RO', 'group_by': 'user', 'mode': {'valid': 'full', 'test': 'full'}}
repeatable = False
metrics = ['NDCG']
topk = [10]
valid_metric = NDCG@10
valid_metric_bigger = True
eval_batch_size = 2048
metric_decimal_place = 3

Dataset Hyper Parameters:
field_separator = 	
seq_separator =  
USER_ID_FIELD = user_id
ITEM_ID_FIELD = item_id
RATING_FIELD = rating
TIME_FIELD = timestamp
seq_len = None
LABEL_FIELD = label
threshold = None
NEG_PREFIX = neg_
load_col = {'inter': ['user_id', 'item_id']}
unload_col = None
unused_col = None
additional_feat_suffix = None
rm_dup_inter = None
val_interval = None
filter_inter_by_user_or_item = True
user_inter_num_interval = [0,inf)
item_inter_num_interval = [0,inf)
alias_of_user_id = None
alias_of_item_id = None
alias_of_entity_id = None
alias_of_relation_id = None
preload_weight = None
normalize_field = None
normalize_all = None
ITEM_LIST_LENGTH_FIELD = item_length
LIST_SUFFIX = _list
MAX_ITEM_LIST_LENGTH = 500
POSITION_FIELD = position_id
HEAD_ENTITY_ID_FIELD = head_id
TAIL_ENTITY_ID_FIELD = tail_id
RELATION_ID_FIELD = relation_id
ENTITY_ID_FIELD = entity_id
benchmark_filename = None

Other Hyper Parameters: 
worker = 0
wandb_project = recbole
shuffle = True
require_pow = False
enable_amp = False
enable_scaler = False
transform = None
embedding_size = 256
numerical_features = []
discretization = None
kg_reverse_r = False
entity_kg_num_interval = [0,inf)
relation_kg_num_interval = [0,inf)
MODEL_TYPE = ModelType.GENERAL
MODEL_INPUT_TYPE = InputType.PAIRWISE
eval_type = EvaluatorType.RANKING
single_spec = True
local_rank = 0
device = cuda
valid_neg_sample_args = {'distribution': 'uniform', 'sample_num': 'none'}
test_neg_sample_args = {'distribution': 'uniform', 'sample_num': 'none'}


Fri 17 Apr 2026 15:15:15 INFO  dataset
The number of users: 656
Average actions of users: 222.29007633587787
The number of items: 992
Average actions of items: 146.92230070635722
The number of inters: 145600
The sparsity of the dataset: 77.62588512981904%
Remain Fields: ['user_id', 'item_id']
Fri 17 Apr 2026 15:15:16 INFO  [Training]: train_batch_size = [2048] train_neg_sample_args: [{'distribution': 'uniform', 'sample_num': 1, 'alpha': 1.0, 'dynamic': False, 'candidate_num': 0}]
Fri 17 Apr 2026 15:15:16 INFO  [Evaluation]: eval_batch_size = [2048] eval_args: [{'split': {'RS': [0.75, 0.2, 0.05]}, 'order': 'RO', 'group_by': 'user', 'mode': {'valid': 'full', 'test': 'full'}}]
