Wed 15 Apr 2026 13:14:24 INFO  ['main.py', 'babyLFM2b1k', '21', '--clean', '--model', 'BPR', '--choice-model', 'consume_all', '--config', 'recbole_config_default.yaml']
Wed 15 Apr 2026 13:14:24 INFO  
General Hyper Parameters:
gpu_id = 0
use_gpu = True
seed = 2020
state = INFO
reproducibility = True
data_path = recbole_tmp/dataset
checkpoint_dir = saved
show_progress = True
save_dataset = False
dataset_save_path = None
save_dataloaders = False
dataloaders_save_path = None
log_wandb = False

Training Hyper Parameters:
epochs = 15
train_batch_size = 2048
learner = adam
learning_rate = 0.001
train_neg_sample_args = {'distribution': 'uniform', 'sample_num': 1, 'alpha': 1.0, 'dynamic': False, 'candidate_num': 0}
eval_step = 1
stopping_step = 5
clip_grad_norm = None
weight_decay = 0.0
loss_decimal_place = 4

Evaluation Hyper Parameters:
eval_args = {'split': {'RS': [0.75, 0.2, 0.05]}, 'order': 'RO', 'group_by': 'user', 'mode': {'valid': 'full', 'test': 'full'}}
repeatable = False
metrics = ['NDCG']
topk = [10]
valid_metric = NDCG@10
valid_metric_bigger = True
eval_batch_size = 2048
metric_decimal_place = 6

Dataset Hyper Parameters:
field_separator = 	
seq_separator =  
USER_ID_FIELD = user_id
ITEM_ID_FIELD = item_id
RATING_FIELD = rating
TIME_FIELD = timestamp
seq_len = None
LABEL_FIELD = label
threshold = None
NEG_PREFIX = neg_
load_col = {'inter': ['user_id', 'item_id']}
unload_col = None
unused_col = None
additional_feat_suffix = None
rm_dup_inter = None
val_interval = None
filter_inter_by_user_or_item = True
user_inter_num_interval = [0,inf)
item_inter_num_interval = [0,inf)
alias_of_user_id = None
alias_of_item_id = None
alias_of_entity_id = None
alias_of_relation_id = None
preload_weight = None
normalize_field = None
normalize_all = None
ITEM_LIST_LENGTH_FIELD = item_length
LIST_SUFFIX = _list
MAX_ITEM_LIST_LENGTH = 500
POSITION_FIELD = position_id
HEAD_ENTITY_ID_FIELD = head_id
TAIL_ENTITY_ID_FIELD = tail_id
RELATION_ID_FIELD = relation_id
ENTITY_ID_FIELD = entity_id
benchmark_filename = None

Other Hyper Parameters: 
worker = 0
wandb_project = recbole
shuffle = True
require_pow = False
enable_amp = False
enable_scaler = False
transform = None
embedding_size = 256
numerical_features = []
discretization = None
kg_reverse_r = False
entity_kg_num_interval = [0,inf)
relation_kg_num_interval = [0,inf)
MODEL_TYPE = ModelType.GENERAL
MODEL_INPUT_TYPE = InputType.PAIRWISE
eval_type = EvaluatorType.RANKING
single_spec = True
local_rank = 0
device = cuda
valid_neg_sample_args = {'distribution': 'uniform', 'sample_num': 'none'}
test_neg_sample_args = {'distribution': 'uniform', 'sample_num': 'none'}


Wed 15 Apr 2026 13:14:24 INFO  dataset
The number of users: 656
Average actions of users: 222.29007633587787
The number of items: 992
Average actions of items: 146.92230070635722
The number of inters: 145600
The sparsity of the dataset: 77.62588512981904%
Remain Fields: ['user_id', 'item_id']
Wed 15 Apr 2026 13:14:24 INFO  Preparing dataset
Wed 15 Apr 2026 13:14:24 INFO  [Training]: train_batch_size = [2048] train_neg_sample_args: [{'distribution': 'uniform', 'sample_num': 1, 'alpha': 1.0, 'dynamic': False, 'candidate_num': 0}]
Wed 15 Apr 2026 13:14:24 INFO  [Evaluation]: eval_batch_size = [2048] eval_args: [{'split': {'RS': [0.75, 0.2, 0.05]}, 'order': 'RO', 'group_by': 'user', 'mode': {'valid': 'full', 'test': 'full'}}]
Wed 15 Apr 2026 13:14:24 INFO  Done!
Wed 15 Apr 2026 13:14:25 INFO  BPR(
  (user_embedding): Embedding(656, 256)
  (item_embedding): Embedding(992, 256)
  (loss): BPRLoss()
)
Trainable parameters: 421888
Wed 15 Apr 2026 13:14:25 INFO  FLOPs: 512.0
Wed 15 Apr 2026 13:14:27 INFO  epoch 0 training [time: 0.80s, train loss: 37.1599]
Wed 15 Apr 2026 13:14:29 INFO  epoch 0 evaluating [time: 2.36s, valid_score: 0.436317]
Wed 15 Apr 2026 13:14:29 INFO  valid result: 
ndcg@10 : 0.436317
Wed 15 Apr 2026 13:14:29 INFO  Saving current: saved/BPR-Apr-15-2026_13-14-25.pth
Wed 15 Apr 2026 13:14:29 INFO  epoch 1 training [time: 0.28s, train loss: 30.6013]
Wed 15 Apr 2026 13:14:31 INFO  epoch 1 evaluating [time: 1.51s, valid_score: 0.827831]
Wed 15 Apr 2026 13:14:31 INFO  valid result: 
ndcg@10 : 0.827831
Wed 15 Apr 2026 13:14:31 INFO  Saving current: saved/BPR-Apr-15-2026_13-14-25.pth
Wed 15 Apr 2026 13:14:32 INFO  epoch 2 training [time: 0.69s, train loss: 11.1931]
Wed 15 Apr 2026 13:14:35 INFO  epoch 2 evaluating [time: 2.97s, valid_score: 0.821107]
Wed 15 Apr 2026 13:14:35 INFO  valid result: 
ndcg@10 : 0.821107
Wed 15 Apr 2026 13:14:35 INFO  epoch 3 training [time: 0.66s, train loss: 5.2342]
Wed 15 Apr 2026 13:14:38 INFO  epoch 3 evaluating [time: 3.01s, valid_score: 0.820489]
Wed 15 Apr 2026 13:14:38 INFO  valid result: 
ndcg@10 : 0.820489
Wed 15 Apr 2026 13:14:39 INFO  epoch 4 training [time: 0.71s, train loss: 4.4010]
Wed 15 Apr 2026 13:14:42 INFO  epoch 4 evaluating [time: 3.05s, valid_score: 0.825073]
Wed 15 Apr 2026 13:14:42 INFO  valid result: 
ndcg@10 : 0.825073
Wed 15 Apr 2026 13:14:43 INFO  epoch 5 training [time: 0.72s, train loss: 4.2638]
Wed 15 Apr 2026 13:14:46 INFO  epoch 5 evaluating [time: 3.09s, valid_score: 0.817821]
Wed 15 Apr 2026 13:14:46 INFO  valid result: 
ndcg@10 : 0.817821
Wed 15 Apr 2026 13:14:47 INFO  epoch 6 training [time: 0.73s, train loss: 4.0636]
Wed 15 Apr 2026 13:14:50 INFO  epoch 6 evaluating [time: 3.23s, valid_score: 0.818785]
Wed 15 Apr 2026 13:14:50 INFO  valid result: 
ndcg@10 : 0.818785
Wed 15 Apr 2026 13:14:51 INFO  epoch 7 training [time: 0.68s, train loss: 3.9439]
Wed 15 Apr 2026 13:14:54 INFO  epoch 7 evaluating [time: 3.17s, valid_score: 0.823742]
Wed 15 Apr 2026 13:14:54 INFO  valid result: 
ndcg@10 : 0.823742
Wed 15 Apr 2026 13:14:54 INFO  Finished training, best eval result in epoch 1
Wed 15 Apr 2026 13:14:54 INFO  best valid : OrderedDict([('ndcg@10', 0.827831)])
Wed 15 Apr 2026 13:14:54 INFO  
General Hyper Parameters:
gpu_id = 0
use_gpu = True
seed = 2020
state = INFO
reproducibility = True
data_path = recbole_tmp/dataset
checkpoint_dir = saved
show_progress = True
save_dataset = False
dataset_save_path = None
save_dataloaders = False
dataloaders_save_path = None
log_wandb = False

Training Hyper Parameters:
epochs = 15
train_batch_size = 2048
learner = adam
learning_rate = 0.001
train_neg_sample_args = {'distribution': 'uniform', 'sample_num': 1, 'alpha': 1.0, 'dynamic': False, 'candidate_num': 0}
eval_step = 1
stopping_step = 5
clip_grad_norm = None
weight_decay = 0.0
loss_decimal_place = 4

Evaluation Hyper Parameters:
eval_args = {'split': {'RS': [0.75, 0.2, 0.05]}, 'order': 'RO', 'group_by': 'user', 'mode': {'valid': 'full', 'test': 'full'}}
repeatable = False
metrics = ['NDCG']
topk = [10]
valid_metric = NDCG@10
valid_metric_bigger = True
eval_batch_size = 2048
metric_decimal_place = 6

Dataset Hyper Parameters:
field_separator = 	
seq_separator =  
USER_ID_FIELD = user_id
ITEM_ID_FIELD = item_id
RATING_FIELD = rating
TIME_FIELD = timestamp
seq_len = None
LABEL_FIELD = label
threshold = None
NEG_PREFIX = neg_
load_col = {'inter': ['user_id', 'item_id']}
unload_col = None
unused_col = None
additional_feat_suffix = None
rm_dup_inter = None
val_interval = None
filter_inter_by_user_or_item = True
user_inter_num_interval = [0,inf)
item_inter_num_interval = [0,inf)
alias_of_user_id = None
alias_of_item_id = None
alias_of_entity_id = None
alias_of_relation_id = None
preload_weight = None
normalize_field = None
normalize_all = None
ITEM_LIST_LENGTH_FIELD = item_length
LIST_SUFFIX = _list
MAX_ITEM_LIST_LENGTH = 500
POSITION_FIELD = position_id
HEAD_ENTITY_ID_FIELD = head_id
TAIL_ENTITY_ID_FIELD = tail_id
RELATION_ID_FIELD = relation_id
ENTITY_ID_FIELD = entity_id
benchmark_filename = None

Other Hyper Parameters: 
worker = 0
wandb_project = recbole
shuffle = True
require_pow = False
enable_amp = False
enable_scaler = False
transform = None
embedding_size = 256
numerical_features = []
discretization = None
kg_reverse_r = False
entity_kg_num_interval = [0,inf)
relation_kg_num_interval = [0,inf)
MODEL_TYPE = ModelType.GENERAL
MODEL_INPUT_TYPE = InputType.PAIRWISE
eval_type = EvaluatorType.RANKING
single_spec = True
local_rank = 0
device = cuda
valid_neg_sample_args = {'distribution': 'uniform', 'sample_num': 'none'}
test_neg_sample_args = {'distribution': 'uniform', 'sample_num': 'none'}


Wed 15 Apr 2026 13:14:54 INFO  dataset
The number of users: 656
Average actions of users: 222.29007633587787
The number of items: 992
Average actions of items: 146.92230070635722
The number of inters: 145600
The sparsity of the dataset: 77.62588512981904%
Remain Fields: ['user_id', 'item_id']
Wed 15 Apr 2026 13:14:54 INFO  [Training]: train_batch_size = [2048] train_neg_sample_args: [{'distribution': 'uniform', 'sample_num': 1, 'alpha': 1.0, 'dynamic': False, 'candidate_num': 0}]
Wed 15 Apr 2026 13:14:54 INFO  [Evaluation]: eval_batch_size = [2048] eval_args: [{'split': {'RS': [0.75, 0.2, 0.05]}, 'order': 'RO', 'group_by': 'user', 'mode': {'valid': 'full', 'test': 'full'}}]
