Wed 15 Apr 2026 14:23:29 INFO  ['main.py', 'babyLFM2b1k', '74', '--clean', '--model', 'BPR', '--choice-model', 'consume_all', '--config', 'recbole_config_default.yaml']
Wed 15 Apr 2026 14:23:29 INFO  
General Hyper Parameters:
gpu_id = 0
use_gpu = True
seed = 2020
state = INFO
reproducibility = True
data_path = recbole_tmp/dataset
checkpoint_dir = saved
show_progress = True
save_dataset = False
dataset_save_path = None
save_dataloaders = False
dataloaders_save_path = None
log_wandb = False

Training Hyper Parameters:
epochs = 15
train_batch_size = 2048
learner = adam
learning_rate = 0.001
train_neg_sample_args = {'distribution': 'uniform', 'sample_num': 1, 'alpha': 1.0, 'dynamic': False, 'candidate_num': 0}
eval_step = 1
stopping_step = 5
clip_grad_norm = None
weight_decay = 0.0
loss_decimal_place = 4

Evaluation Hyper Parameters:
eval_args = {'split': {'RS': [0.75, 0.2, 0.05]}, 'order': 'RO', 'group_by': 'user', 'mode': {'valid': 'full', 'test': 'full'}}
repeatable = False
metrics = ['NDCG']
topk = [10]
valid_metric = NDCG@10
valid_metric_bigger = True
eval_batch_size = 2048
metric_decimal_place = 6

Dataset Hyper Parameters:
field_separator = 	
seq_separator =  
USER_ID_FIELD = user_id
ITEM_ID_FIELD = item_id
RATING_FIELD = rating
TIME_FIELD = timestamp
seq_len = None
LABEL_FIELD = label
threshold = None
NEG_PREFIX = neg_
load_col = {'inter': ['user_id', 'item_id']}
unload_col = None
unused_col = None
additional_feat_suffix = None
rm_dup_inter = None
val_interval = None
filter_inter_by_user_or_item = True
user_inter_num_interval = [0,inf)
item_inter_num_interval = [0,inf)
alias_of_user_id = None
alias_of_item_id = None
alias_of_entity_id = None
alias_of_relation_id = None
preload_weight = None
normalize_field = None
normalize_all = None
ITEM_LIST_LENGTH_FIELD = item_length
LIST_SUFFIX = _list
MAX_ITEM_LIST_LENGTH = 500
POSITION_FIELD = position_id
HEAD_ENTITY_ID_FIELD = head_id
TAIL_ENTITY_ID_FIELD = tail_id
RELATION_ID_FIELD = relation_id
ENTITY_ID_FIELD = entity_id
benchmark_filename = None

Other Hyper Parameters: 
worker = 0
wandb_project = recbole
shuffle = True
require_pow = False
enable_amp = False
enable_scaler = False
transform = None
embedding_size = 256
numerical_features = []
discretization = None
kg_reverse_r = False
entity_kg_num_interval = [0,inf)
relation_kg_num_interval = [0,inf)
MODEL_TYPE = ModelType.GENERAL
MODEL_INPUT_TYPE = InputType.PAIRWISE
eval_type = EvaluatorType.RANKING
single_spec = True
local_rank = 0
device = cuda
valid_neg_sample_args = {'distribution': 'uniform', 'sample_num': 'none'}
test_neg_sample_args = {'distribution': 'uniform', 'sample_num': 'none'}


Wed 15 Apr 2026 14:23:31 INFO  dataset
The number of users: 656
Average actions of users: 752.2091603053435
The number of items: 992
Average actions of items: 497.1715438950555
The number of inters: 492697
The sparsity of the dataset: 24.288054435483875%
Remain Fields: ['user_id', 'item_id']
Wed 15 Apr 2026 14:23:31 INFO  Preparing dataset
Wed 15 Apr 2026 14:23:32 INFO  [Training]: train_batch_size = [2048] train_neg_sample_args: [{'distribution': 'uniform', 'sample_num': 1, 'alpha': 1.0, 'dynamic': False, 'candidate_num': 0}]
Wed 15 Apr 2026 14:23:32 INFO  [Evaluation]: eval_batch_size = [2048] eval_args: [{'split': {'RS': [0.75, 0.2, 0.05]}, 'order': 'RO', 'group_by': 'user', 'mode': {'valid': 'full', 'test': 'full'}}]
Wed 15 Apr 2026 14:23:32 INFO  Done!
Wed 15 Apr 2026 14:23:32 INFO  BPR(
  (user_embedding): Embedding(656, 256)
  (item_embedding): Embedding(992, 256)
  (loss): BPRLoss()
)
Trainable parameters: 421888
Wed 15 Apr 2026 14:23:32 INFO  FLOPs: 512.0
Wed 15 Apr 2026 14:23:36 INFO  epoch 0 training [time: 2.79s, train loss: 112.3702]
Wed 15 Apr 2026 14:23:39 INFO  epoch 0 evaluating [time: 3.24s, valid_score: 0.824417]
Wed 15 Apr 2026 14:23:39 INFO  valid result: 
ndcg@10 : 0.824417
Wed 15 Apr 2026 14:23:39 INFO  Saving current: saved/BPR-Apr-15-2026_14-23-32.pth
Wed 15 Apr 2026 14:23:42 INFO  epoch 1 training [time: 2.57s, train loss: 58.8253]
Wed 15 Apr 2026 14:23:45 INFO  epoch 1 evaluating [time: 3.17s, valid_score: 0.819233]
Wed 15 Apr 2026 14:23:45 INFO  valid result: 
ndcg@10 : 0.819233
Wed 15 Apr 2026 14:23:48 INFO  epoch 2 training [time: 2.63s, train loss: 54.5914]
Wed 15 Apr 2026 14:23:51 INFO  epoch 2 evaluating [time: 3.24s, valid_score: 0.823363]
Wed 15 Apr 2026 14:23:51 INFO  valid result: 
ndcg@10 : 0.823363
Wed 15 Apr 2026 14:23:54 INFO  epoch 3 training [time: 2.62s, train loss: 52.8504]
Wed 15 Apr 2026 14:23:56 INFO  epoch 3 evaluating [time: 2.91s, valid_score: 0.827519]
Wed 15 Apr 2026 14:23:56 INFO  valid result: 
ndcg@10 : 0.827519
Wed 15 Apr 2026 14:23:57 INFO  Saving current: saved/BPR-Apr-15-2026_14-23-32.pth
Wed 15 Apr 2026 14:24:00 INFO  epoch 4 training [time: 2.63s, train loss: 50.6718]
Wed 15 Apr 2026 14:24:03 INFO  epoch 4 evaluating [time: 3.07s, valid_score: 0.830959]
Wed 15 Apr 2026 14:24:03 INFO  valid result: 
ndcg@10 : 0.830959
Wed 15 Apr 2026 14:24:03 INFO  Saving current: saved/BPR-Apr-15-2026_14-23-32.pth
Wed 15 Apr 2026 14:24:06 INFO  epoch 5 training [time: 2.58s, train loss: 47.6948]
Wed 15 Apr 2026 14:24:09 INFO  epoch 5 evaluating [time: 2.94s, valid_score: 0.835594]
Wed 15 Apr 2026 14:24:09 INFO  valid result: 
ndcg@10 : 0.835594
Wed 15 Apr 2026 14:24:09 INFO  Saving current: saved/BPR-Apr-15-2026_14-23-32.pth
Wed 15 Apr 2026 14:24:12 INFO  epoch 6 training [time: 2.67s, train loss: 44.6584]
Wed 15 Apr 2026 14:24:15 INFO  epoch 6 evaluating [time: 3.31s, valid_score: 0.832450]
Wed 15 Apr 2026 14:24:15 INFO  valid result: 
ndcg@10 : 0.83245
Wed 15 Apr 2026 14:24:18 INFO  epoch 7 training [time: 2.67s, train loss: 41.4165]
Wed 15 Apr 2026 14:24:21 INFO  epoch 7 evaluating [time: 3.28s, valid_score: 0.835348]
Wed 15 Apr 2026 14:24:21 INFO  valid result: 
ndcg@10 : 0.835348
Wed 15 Apr 2026 14:24:23 INFO  epoch 8 training [time: 2.56s, train loss: 38.0587]
Wed 15 Apr 2026 14:24:27 INFO  epoch 8 evaluating [time: 3.17s, valid_score: 0.835606]
Wed 15 Apr 2026 14:24:27 INFO  valid result: 
ndcg@10 : 0.835606
Wed 15 Apr 2026 14:24:27 INFO  Saving current: saved/BPR-Apr-15-2026_14-23-32.pth
Wed 15 Apr 2026 14:24:29 INFO  epoch 9 training [time: 2.59s, train loss: 34.9834]
Wed 15 Apr 2026 14:24:32 INFO  epoch 9 evaluating [time: 3.07s, valid_score: 0.838145]
Wed 15 Apr 2026 14:24:32 INFO  valid result: 
ndcg@10 : 0.838145
Wed 15 Apr 2026 14:24:32 INFO  Saving current: saved/BPR-Apr-15-2026_14-23-32.pth
Wed 15 Apr 2026 14:24:35 INFO  epoch 10 training [time: 2.64s, train loss: 32.0792]
Wed 15 Apr 2026 14:24:38 INFO  epoch 10 evaluating [time: 3.13s, valid_score: 0.840916]
Wed 15 Apr 2026 14:24:38 INFO  valid result: 
ndcg@10 : 0.840916
Wed 15 Apr 2026 14:24:38 INFO  Saving current: saved/BPR-Apr-15-2026_14-23-32.pth
Wed 15 Apr 2026 14:24:41 INFO  epoch 11 training [time: 2.70s, train loss: 29.3066]
Wed 15 Apr 2026 14:24:44 INFO  epoch 11 evaluating [time: 3.23s, valid_score: 0.841423]
Wed 15 Apr 2026 14:24:44 INFO  valid result: 
ndcg@10 : 0.841423
Wed 15 Apr 2026 14:24:44 INFO  Saving current: saved/BPR-Apr-15-2026_14-23-32.pth
Wed 15 Apr 2026 14:24:47 INFO  epoch 12 training [time: 2.60s, train loss: 26.8278]
Wed 15 Apr 2026 14:24:50 INFO  epoch 12 evaluating [time: 3.21s, valid_score: 0.839274]
Wed 15 Apr 2026 14:24:50 INFO  valid result: 
ndcg@10 : 0.839274
Wed 15 Apr 2026 14:24:52 INFO  epoch 13 training [time: 2.57s, train loss: 24.5507]
Wed 15 Apr 2026 14:24:55 INFO  epoch 13 evaluating [time: 2.90s, valid_score: 0.844380]
Wed 15 Apr 2026 14:24:55 INFO  valid result: 
ndcg@10 : 0.84438
Wed 15 Apr 2026 14:24:55 INFO  Saving current: saved/BPR-Apr-15-2026_14-23-32.pth
Wed 15 Apr 2026 14:24:58 INFO  epoch 14 training [time: 2.49s, train loss: 22.5116]
Wed 15 Apr 2026 14:25:01 INFO  epoch 14 evaluating [time: 2.97s, valid_score: 0.843453]
Wed 15 Apr 2026 14:25:01 INFO  valid result: 
ndcg@10 : 0.843453
Wed 15 Apr 2026 14:25:01 INFO  best valid : OrderedDict([('ndcg@10', 0.84438)])
Wed 15 Apr 2026 14:25:01 INFO  
General Hyper Parameters:
gpu_id = 0
use_gpu = True
seed = 2020
state = INFO
reproducibility = True
data_path = recbole_tmp/dataset
checkpoint_dir = saved
show_progress = True
save_dataset = False
dataset_save_path = None
save_dataloaders = False
dataloaders_save_path = None
log_wandb = False

Training Hyper Parameters:
epochs = 15
train_batch_size = 2048
learner = adam
learning_rate = 0.001
train_neg_sample_args = {'distribution': 'uniform', 'sample_num': 1, 'alpha': 1.0, 'dynamic': False, 'candidate_num': 0}
eval_step = 1
stopping_step = 5
clip_grad_norm = None
weight_decay = 0.0
loss_decimal_place = 4

Evaluation Hyper Parameters:
eval_args = {'split': {'RS': [0.75, 0.2, 0.05]}, 'order': 'RO', 'group_by': 'user', 'mode': {'valid': 'full', 'test': 'full'}}
repeatable = False
metrics = ['NDCG']
topk = [10]
valid_metric = NDCG@10
valid_metric_bigger = True
eval_batch_size = 2048
metric_decimal_place = 6

Dataset Hyper Parameters:
field_separator = 	
seq_separator =  
USER_ID_FIELD = user_id
ITEM_ID_FIELD = item_id
RATING_FIELD = rating
TIME_FIELD = timestamp
seq_len = None
LABEL_FIELD = label
threshold = None
NEG_PREFIX = neg_
load_col = {'inter': ['user_id', 'item_id']}
unload_col = None
unused_col = None
additional_feat_suffix = None
rm_dup_inter = None
val_interval = None
filter_inter_by_user_or_item = True
user_inter_num_interval = [0,inf)
item_inter_num_interval = [0,inf)
alias_of_user_id = None
alias_of_item_id = None
alias_of_entity_id = None
alias_of_relation_id = None
preload_weight = None
normalize_field = None
normalize_all = None
ITEM_LIST_LENGTH_FIELD = item_length
LIST_SUFFIX = _list
MAX_ITEM_LIST_LENGTH = 500
POSITION_FIELD = position_id
HEAD_ENTITY_ID_FIELD = head_id
TAIL_ENTITY_ID_FIELD = tail_id
RELATION_ID_FIELD = relation_id
ENTITY_ID_FIELD = entity_id
benchmark_filename = None

Other Hyper Parameters: 
worker = 0
wandb_project = recbole
shuffle = True
require_pow = False
enable_amp = False
enable_scaler = False
transform = None
embedding_size = 256
numerical_features = []
discretization = None
kg_reverse_r = False
entity_kg_num_interval = [0,inf)
relation_kg_num_interval = [0,inf)
MODEL_TYPE = ModelType.GENERAL
MODEL_INPUT_TYPE = InputType.PAIRWISE
eval_type = EvaluatorType.RANKING
single_spec = True
local_rank = 0
device = cuda
valid_neg_sample_args = {'distribution': 'uniform', 'sample_num': 'none'}
test_neg_sample_args = {'distribution': 'uniform', 'sample_num': 'none'}


Wed 15 Apr 2026 14:25:02 INFO  dataset
The number of users: 656
Average actions of users: 752.2091603053435
The number of items: 992
Average actions of items: 497.1715438950555
The number of inters: 492697
The sparsity of the dataset: 24.288054435483875%
Remain Fields: ['user_id', 'item_id']
Wed 15 Apr 2026 14:25:03 INFO  [Training]: train_batch_size = [2048] train_neg_sample_args: [{'distribution': 'uniform', 'sample_num': 1, 'alpha': 1.0, 'dynamic': False, 'candidate_num': 0}]
Wed 15 Apr 2026 14:25:03 INFO  [Evaluation]: eval_batch_size = [2048] eval_args: [{'split': {'RS': [0.75, 0.2, 0.05]}, 'order': 'RO', 'group_by': 'user', 'mode': {'valid': 'full', 'test': 'full'}}]
