Fri 17 Apr 2026 15:31:11 INFO  ['main.py', 'babyLFM2b1k', '56', '--clean', '--model', 'BPR', '--choice-model', 'consume_all', '--config', 'recbole_config_default.yaml', '--warm-start']
Fri 17 Apr 2026 15:31:11 INFO  
General Hyper Parameters:
gpu_id = 0
use_gpu = True
seed = 2020
state = INFO
reproducibility = True
data_path = recbole_tmp/dataset
checkpoint_dir = saved
show_progress = True
save_dataset = False
dataset_save_path = None
save_dataloaders = False
dataloaders_save_path = None
log_wandb = False

Training Hyper Parameters:
epochs = 10
train_batch_size = 2048
learner = adam
learning_rate = 0.001
train_neg_sample_args = {'distribution': 'uniform', 'sample_num': 1, 'alpha': 1.0, 'dynamic': False, 'candidate_num': 0}
eval_step = 1
stopping_step = 500
clip_grad_norm = None
weight_decay = 0.0
loss_decimal_place = 4

Evaluation Hyper Parameters:
eval_args = {'split': {'RS': [0.75, 0.2, 0.05]}, 'order': 'RO', 'group_by': 'user', 'mode': {'valid': 'full', 'test': 'full'}}
repeatable = False
metrics = ['NDCG']
topk = [10]
valid_metric = NDCG@10
valid_metric_bigger = True
eval_batch_size = 2048
metric_decimal_place = 3

Dataset Hyper Parameters:
field_separator = 	
seq_separator =  
USER_ID_FIELD = user_id
ITEM_ID_FIELD = item_id
RATING_FIELD = rating
TIME_FIELD = timestamp
seq_len = None
LABEL_FIELD = label
threshold = None
NEG_PREFIX = neg_
load_col = {'inter': ['user_id', 'item_id']}
unload_col = None
unused_col = None
additional_feat_suffix = None
rm_dup_inter = None
val_interval = None
filter_inter_by_user_or_item = True
user_inter_num_interval = [0,inf)
item_inter_num_interval = [0,inf)
alias_of_user_id = None
alias_of_item_id = None
alias_of_entity_id = None
alias_of_relation_id = None
preload_weight = None
normalize_field = None
normalize_all = None
ITEM_LIST_LENGTH_FIELD = item_length
LIST_SUFFIX = _list
MAX_ITEM_LIST_LENGTH = 500
POSITION_FIELD = position_id
HEAD_ENTITY_ID_FIELD = head_id
TAIL_ENTITY_ID_FIELD = tail_id
RELATION_ID_FIELD = relation_id
ENTITY_ID_FIELD = entity_id
benchmark_filename = None

Other Hyper Parameters: 
worker = 0
wandb_project = recbole
shuffle = True
require_pow = False
enable_amp = False
enable_scaler = False
transform = None
embedding_size = 256
numerical_features = []
discretization = None
kg_reverse_r = False
entity_kg_num_interval = [0,inf)
relation_kg_num_interval = [0,inf)
MODEL_TYPE = ModelType.GENERAL
MODEL_INPUT_TYPE = InputType.PAIRWISE
eval_type = EvaluatorType.RANKING
single_spec = True
local_rank = 0
device = cuda
valid_neg_sample_args = {'distribution': 'uniform', 'sample_num': 'none'}
test_neg_sample_args = {'distribution': 'uniform', 'sample_num': 'none'}


Fri 17 Apr 2026 15:31:12 INFO  dataset
The number of users: 656
Average actions of users: 572.236641221374
The number of items: 992
Average actions of items: 378.2189707366297
The number of inters: 374815
The sparsity of the dataset: 42.40278938827695%
Remain Fields: ['user_id', 'item_id']
Fri 17 Apr 2026 15:31:12 INFO  Preparing dataset
Fri 17 Apr 2026 15:31:13 INFO  [Training]: train_batch_size = [2048] train_neg_sample_args: [{'distribution': 'uniform', 'sample_num': 1, 'alpha': 1.0, 'dynamic': False, 'candidate_num': 0}]
Fri 17 Apr 2026 15:31:13 INFO  [Evaluation]: eval_batch_size = [2048] eval_args: [{'split': {'RS': [0.75, 0.2, 0.05]}, 'order': 'RO', 'group_by': 'user', 'mode': {'valid': 'full', 'test': 'full'}}]
Fri 17 Apr 2026 15:31:13 INFO  Done!
Fri 17 Apr 2026 15:31:13 INFO  BPR(
  (user_embedding): Embedding(656, 256)
  (item_embedding): Embedding(992, 256)
  (loss): BPRLoss()
)
Trainable parameters: 421888
Fri 17 Apr 2026 15:31:14 INFO  FLOPs: 512.0
Fri 17 Apr 2026 15:31:15 INFO  Resuming training from checkpoint: experiments/babyLFM2b1k/output/iteration_55_checkpoint.pth
Fri 17 Apr 2026 15:31:15 INFO  Checkpoint loaded. Resume training from epoch 11
Fri 17 Apr 2026 15:31:16 INFO  epoch 0 training [time: 1.15s, train loss: 33.8447]
Fri 17 Apr 2026 15:31:17 INFO  epoch 0 evaluating [time: 0.83s, valid_score: 0.794000]
Fri 17 Apr 2026 15:31:17 INFO  valid result: 
ndcg@10 : 0.794
Fri 17 Apr 2026 15:31:17 INFO  Saving current: experiments/babyLFM2b1k/output/iteration_55_checkpoint.pth
Fri 17 Apr 2026 15:31:18 INFO  epoch 1 training [time: 1.36s, train loss: 30.2587]
Fri 17 Apr 2026 15:31:19 INFO  epoch 1 evaluating [time: 0.90s, valid_score: 0.805000]
Fri 17 Apr 2026 15:31:19 INFO  valid result: 
ndcg@10 : 0.805
Fri 17 Apr 2026 15:31:19 INFO  Saving current: experiments/babyLFM2b1k/output/iteration_55_checkpoint.pth
Fri 17 Apr 2026 15:31:20 INFO  epoch 2 training [time: 1.20s, train loss: 27.9716]
Fri 17 Apr 2026 15:31:21 INFO  epoch 2 evaluating [time: 1.01s, valid_score: 0.811000]
Fri 17 Apr 2026 15:31:21 INFO  valid result: 
ndcg@10 : 0.811
Fri 17 Apr 2026 15:31:21 INFO  Saving current: experiments/babyLFM2b1k/output/iteration_55_checkpoint.pth
Fri 17 Apr 2026 15:31:22 INFO  epoch 3 training [time: 1.10s, train loss: 26.2423]
Fri 17 Apr 2026 15:31:23 INFO  epoch 3 evaluating [time: 0.52s, valid_score: 0.813000]
Fri 17 Apr 2026 15:31:23 INFO  valid result: 
ndcg@10 : 0.813
Fri 17 Apr 2026 15:31:23 INFO  Saving current: experiments/babyLFM2b1k/output/iteration_55_checkpoint.pth
Fri 17 Apr 2026 15:31:24 INFO  epoch 4 training [time: 0.94s, train loss: 24.8465]
Fri 17 Apr 2026 15:31:24 INFO  epoch 4 evaluating [time: 0.40s, valid_score: 0.814000]
Fri 17 Apr 2026 15:31:24 INFO  valid result: 
ndcg@10 : 0.814
Fri 17 Apr 2026 15:31:24 INFO  Saving current: experiments/babyLFM2b1k/output/iteration_55_checkpoint.pth
Fri 17 Apr 2026 15:31:25 INFO  epoch 5 training [time: 1.17s, train loss: 23.6023]
Fri 17 Apr 2026 15:31:26 INFO  epoch 5 evaluating [time: 0.63s, valid_score: 0.821000]
Fri 17 Apr 2026 15:31:26 INFO  valid result: 
ndcg@10 : 0.821
Fri 17 Apr 2026 15:31:26 INFO  Saving current: experiments/babyLFM2b1k/output/iteration_55_checkpoint.pth
Fri 17 Apr 2026 15:31:27 INFO  epoch 6 training [time: 1.20s, train loss: 22.6078]
Fri 17 Apr 2026 15:31:28 INFO  epoch 6 evaluating [time: 1.03s, valid_score: 0.828000]
Fri 17 Apr 2026 15:31:28 INFO  valid result: 
ndcg@10 : 0.828
Fri 17 Apr 2026 15:31:28 INFO  Saving current: experiments/babyLFM2b1k/output/iteration_55_checkpoint.pth
Fri 17 Apr 2026 15:31:30 INFO  epoch 7 training [time: 1.25s, train loss: 21.6911]
Fri 17 Apr 2026 15:31:31 INFO  epoch 7 evaluating [time: 0.99s, valid_score: 0.827000]
Fri 17 Apr 2026 15:31:31 INFO  valid result: 
ndcg@10 : 0.827
Fri 17 Apr 2026 15:31:32 INFO  epoch 8 training [time: 1.08s, train loss: 20.7609]
Fri 17 Apr 2026 15:31:32 INFO  epoch 8 evaluating [time: 0.53s, valid_score: 0.826000]
Fri 17 Apr 2026 15:31:32 INFO  valid result: 
ndcg@10 : 0.826
Fri 17 Apr 2026 15:31:33 INFO  epoch 9 training [time: 1.22s, train loss: 19.8688]
Fri 17 Apr 2026 15:31:34 INFO  epoch 9 evaluating [time: 0.83s, valid_score: 0.830000]
Fri 17 Apr 2026 15:31:34 INFO  valid result: 
ndcg@10 : 0.83
Fri 17 Apr 2026 15:31:34 INFO  Saving current: experiments/babyLFM2b1k/output/iteration_55_checkpoint.pth
Fri 17 Apr 2026 15:31:34 INFO  best valid : OrderedDict([('ndcg@10', 0.83)])
Fri 17 Apr 2026 15:31:34 INFO  No new best model saved (score did not improve). Force-saving current model state to: saved/iteration_55_checkpoint.pth
Fri 17 Apr 2026 15:31:34 INFO  Saving current: saved/iteration_55_checkpoint.pth
Fri 17 Apr 2026 15:31:34 INFO  
General Hyper Parameters:
gpu_id = 0
use_gpu = True
seed = 2020
state = INFO
reproducibility = True
data_path = recbole_tmp/dataset
checkpoint_dir = saved
show_progress = True
save_dataset = False
dataset_save_path = None
save_dataloaders = False
dataloaders_save_path = None
log_wandb = False

Training Hyper Parameters:
epochs = 10
train_batch_size = 2048
learner = adam
learning_rate = 0.001
train_neg_sample_args = {'distribution': 'uniform', 'sample_num': 1, 'alpha': 1.0, 'dynamic': False, 'candidate_num': 0}
eval_step = 1
stopping_step = 500
clip_grad_norm = None
weight_decay = 0.0
loss_decimal_place = 4

Evaluation Hyper Parameters:
eval_args = {'split': {'RS': [0.75, 0.2, 0.05]}, 'order': 'RO', 'group_by': 'user', 'mode': {'valid': 'full', 'test': 'full'}}
repeatable = False
metrics = ['NDCG']
topk = [10]
valid_metric = NDCG@10
valid_metric_bigger = True
eval_batch_size = 2048
metric_decimal_place = 3

Dataset Hyper Parameters:
field_separator = 	
seq_separator =  
USER_ID_FIELD = user_id
ITEM_ID_FIELD = item_id
RATING_FIELD = rating
TIME_FIELD = timestamp
seq_len = None
LABEL_FIELD = label
threshold = None
NEG_PREFIX = neg_
load_col = {'inter': ['user_id', 'item_id']}
unload_col = None
unused_col = None
additional_feat_suffix = None
rm_dup_inter = None
val_interval = None
filter_inter_by_user_or_item = True
user_inter_num_interval = [0,inf)
item_inter_num_interval = [0,inf)
alias_of_user_id = None
alias_of_item_id = None
alias_of_entity_id = None
alias_of_relation_id = None
preload_weight = None
normalize_field = None
normalize_all = None
ITEM_LIST_LENGTH_FIELD = item_length
LIST_SUFFIX = _list
MAX_ITEM_LIST_LENGTH = 500
POSITION_FIELD = position_id
HEAD_ENTITY_ID_FIELD = head_id
TAIL_ENTITY_ID_FIELD = tail_id
RELATION_ID_FIELD = relation_id
ENTITY_ID_FIELD = entity_id
benchmark_filename = None

Other Hyper Parameters: 
worker = 0
wandb_project = recbole
shuffle = True
require_pow = False
enable_amp = False
enable_scaler = False
transform = None
embedding_size = 256
numerical_features = []
discretization = None
kg_reverse_r = False
entity_kg_num_interval = [0,inf)
relation_kg_num_interval = [0,inf)
MODEL_TYPE = ModelType.GENERAL
MODEL_INPUT_TYPE = InputType.PAIRWISE
eval_type = EvaluatorType.RANKING
single_spec = True
local_rank = 0
device = cuda
valid_neg_sample_args = {'distribution': 'uniform', 'sample_num': 'none'}
test_neg_sample_args = {'distribution': 'uniform', 'sample_num': 'none'}


Fri 17 Apr 2026 15:31:35 INFO  dataset
The number of users: 656
Average actions of users: 572.236641221374
The number of items: 992
Average actions of items: 378.2189707366297
The number of inters: 374815
The sparsity of the dataset: 42.40278938827695%
Remain Fields: ['user_id', 'item_id']
Fri 17 Apr 2026 15:31:36 INFO  [Training]: train_batch_size = [2048] train_neg_sample_args: [{'distribution': 'uniform', 'sample_num': 1, 'alpha': 1.0, 'dynamic': False, 'candidate_num': 0}]
Fri 17 Apr 2026 15:31:36 INFO  [Evaluation]: eval_batch_size = [2048] eval_args: [{'split': {'RS': [0.75, 0.2, 0.05]}, 'order': 'RO', 'group_by': 'user', 'mode': {'valid': 'full', 'test': 'full'}}]
