Wed 15 Apr 2026 13:40:13 INFO  ['main.py', 'babyLFM2b1k', '46', '--clean', '--model', 'BPR', '--choice-model', 'consume_all', '--config', 'recbole_config_default.yaml']
Wed 15 Apr 2026 13:40:13 INFO  
General Hyper Parameters:
gpu_id = 0
use_gpu = True
seed = 2020
state = INFO
reproducibility = True
data_path = recbole_tmp/dataset
checkpoint_dir = saved
show_progress = True
save_dataset = False
dataset_save_path = None
save_dataloaders = False
dataloaders_save_path = None
log_wandb = False

Training Hyper Parameters:
epochs = 15
train_batch_size = 2048
learner = adam
learning_rate = 0.001
train_neg_sample_args = {'distribution': 'uniform', 'sample_num': 1, 'alpha': 1.0, 'dynamic': False, 'candidate_num': 0}
eval_step = 1
stopping_step = 5
clip_grad_norm = None
weight_decay = 0.0
loss_decimal_place = 4

Evaluation Hyper Parameters:
eval_args = {'split': {'RS': [0.75, 0.2, 0.05]}, 'order': 'RO', 'group_by': 'user', 'mode': {'valid': 'full', 'test': 'full'}}
repeatable = False
metrics = ['NDCG']
topk = [10]
valid_metric = NDCG@10
valid_metric_bigger = True
eval_batch_size = 2048
metric_decimal_place = 6

Dataset Hyper Parameters:
field_separator = 	
seq_separator =  
USER_ID_FIELD = user_id
ITEM_ID_FIELD = item_id
RATING_FIELD = rating
TIME_FIELD = timestamp
seq_len = None
LABEL_FIELD = label
threshold = None
NEG_PREFIX = neg_
load_col = {'inter': ['user_id', 'item_id']}
unload_col = None
unused_col = None
additional_feat_suffix = None
rm_dup_inter = None
val_interval = None
filter_inter_by_user_or_item = True
user_inter_num_interval = [0,inf)
item_inter_num_interval = [0,inf)
alias_of_user_id = None
alias_of_item_id = None
alias_of_entity_id = None
alias_of_relation_id = None
preload_weight = None
normalize_field = None
normalize_all = None
ITEM_LIST_LENGTH_FIELD = item_length
LIST_SUFFIX = _list
MAX_ITEM_LIST_LENGTH = 500
POSITION_FIELD = position_id
HEAD_ENTITY_ID_FIELD = head_id
TAIL_ENTITY_ID_FIELD = tail_id
RELATION_ID_FIELD = relation_id
ENTITY_ID_FIELD = entity_id
benchmark_filename = None

Other Hyper Parameters: 
worker = 0
wandb_project = recbole
shuffle = True
require_pow = False
enable_amp = False
enable_scaler = False
transform = None
embedding_size = 256
numerical_features = []
discretization = None
kg_reverse_r = False
entity_kg_num_interval = [0,inf)
relation_kg_num_interval = [0,inf)
MODEL_TYPE = ModelType.GENERAL
MODEL_INPUT_TYPE = InputType.PAIRWISE
eval_type = EvaluatorType.RANKING
single_spec = True
local_rank = 0
device = cuda
valid_neg_sample_args = {'distribution': 'uniform', 'sample_num': 'none'}
test_neg_sample_args = {'distribution': 'uniform', 'sample_num': 'none'}


Wed 15 Apr 2026 13:40:14 INFO  dataset
The number of users: 656
Average actions of users: 472.2519083969466
The number of items: 992
Average actions of items: 312.13420787083754
The number of inters: 309325
The sparsity of the dataset: 52.46653102871755%
Remain Fields: ['user_id', 'item_id']
Wed 15 Apr 2026 13:40:14 INFO  Preparing dataset
Wed 15 Apr 2026 13:40:15 INFO  [Training]: train_batch_size = [2048] train_neg_sample_args: [{'distribution': 'uniform', 'sample_num': 1, 'alpha': 1.0, 'dynamic': False, 'candidate_num': 0}]
Wed 15 Apr 2026 13:40:15 INFO  [Evaluation]: eval_batch_size = [2048] eval_args: [{'split': {'RS': [0.75, 0.2, 0.05]}, 'order': 'RO', 'group_by': 'user', 'mode': {'valid': 'full', 'test': 'full'}}]
Wed 15 Apr 2026 13:40:15 INFO  Done!
Wed 15 Apr 2026 13:40:15 INFO  BPR(
  (user_embedding): Embedding(656, 256)
  (item_embedding): Embedding(992, 256)
  (loss): BPRLoss()
)
Trainable parameters: 421888
Wed 15 Apr 2026 13:40:15 INFO  FLOPs: 512.0
Wed 15 Apr 2026 13:40:18 INFO  epoch 0 training [time: 1.62s, train loss: 75.1675]
Wed 15 Apr 2026 13:40:21 INFO  epoch 0 evaluating [time: 3.02s, valid_score: 0.813227]
Wed 15 Apr 2026 13:40:21 INFO  valid result: 
ndcg@10 : 0.813227
Wed 15 Apr 2026 13:40:21 INFO  Saving current: saved/BPR-Apr-15-2026_13-40-15.pth
Wed 15 Apr 2026 13:40:21 INFO  epoch 1 training [time: 0.69s, train loss: 29.5787]
Wed 15 Apr 2026 13:40:25 INFO  epoch 1 evaluating [time: 3.10s, valid_score: 0.815339]
Wed 15 Apr 2026 13:40:25 INFO  valid result: 
ndcg@10 : 0.815339
Wed 15 Apr 2026 13:40:25 INFO  Saving current: saved/BPR-Apr-15-2026_13-40-15.pth
Wed 15 Apr 2026 13:40:26 INFO  epoch 2 training [time: 1.56s, train loss: 18.8678]
Wed 15 Apr 2026 13:40:29 INFO  epoch 2 evaluating [time: 3.09s, valid_score: 0.811070]
Wed 15 Apr 2026 13:40:29 INFO  valid result: 
ndcg@10 : 0.81107
Wed 15 Apr 2026 13:40:31 INFO  epoch 3 training [time: 1.52s, train loss: 18.4600]
Wed 15 Apr 2026 13:40:34 INFO  epoch 3 evaluating [time: 2.98s, valid_score: 0.817201]
Wed 15 Apr 2026 13:40:34 INFO  valid result: 
ndcg@10 : 0.817201
Wed 15 Apr 2026 13:40:34 INFO  Saving current: saved/BPR-Apr-15-2026_13-40-15.pth
Wed 15 Apr 2026 13:40:35 INFO  epoch 4 training [time: 1.48s, train loss: 18.1803]
Wed 15 Apr 2026 13:40:38 INFO  epoch 4 evaluating [time: 2.78s, valid_score: 0.816981]
Wed 15 Apr 2026 13:40:38 INFO  valid result: 
ndcg@10 : 0.816981
Wed 15 Apr 2026 13:40:39 INFO  epoch 5 training [time: 1.47s, train loss: 17.8660]
Wed 15 Apr 2026 13:40:42 INFO  epoch 5 evaluating [time: 3.00s, valid_score: 0.824782]
Wed 15 Apr 2026 13:40:42 INFO  valid result: 
ndcg@10 : 0.824782
Wed 15 Apr 2026 13:40:42 INFO  Saving current: saved/BPR-Apr-15-2026_13-40-15.pth
Wed 15 Apr 2026 13:40:44 INFO  epoch 6 training [time: 1.49s, train loss: 17.4525]
Wed 15 Apr 2026 13:40:49 INFO  epoch 6 evaluating [time: 4.56s, valid_score: 0.819014]
Wed 15 Apr 2026 13:40:49 INFO  valid result: 
ndcg@10 : 0.819014
Wed 15 Apr 2026 13:40:50 INFO  epoch 7 training [time: 1.56s, train loss: 17.2366]
Wed 15 Apr 2026 13:40:53 INFO  epoch 7 evaluating [time: 2.99s, valid_score: 0.829429]
Wed 15 Apr 2026 13:40:53 INFO  valid result: 
ndcg@10 : 0.829429
Wed 15 Apr 2026 13:40:53 INFO  Saving current: saved/BPR-Apr-15-2026_13-40-15.pth
Wed 15 Apr 2026 13:40:55 INFO  epoch 8 training [time: 1.50s, train loss: 16.9370]
Wed 15 Apr 2026 13:40:58 INFO  epoch 8 evaluating [time: 3.18s, valid_score: 0.828613]
Wed 15 Apr 2026 13:40:58 INFO  valid result: 
ndcg@10 : 0.828613
Wed 15 Apr 2026 13:40:59 INFO  epoch 9 training [time: 1.51s, train loss: 16.3321]
Wed 15 Apr 2026 13:41:03 INFO  epoch 9 evaluating [time: 3.31s, valid_score: 0.829259]
Wed 15 Apr 2026 13:41:03 INFO  valid result: 
ndcg@10 : 0.829259
Wed 15 Apr 2026 13:41:04 INFO  epoch 10 training [time: 1.51s, train loss: 15.9639]
Wed 15 Apr 2026 13:41:07 INFO  epoch 10 evaluating [time: 3.09s, valid_score: 0.829364]
Wed 15 Apr 2026 13:41:07 INFO  valid result: 
ndcg@10 : 0.829364
Wed 15 Apr 2026 13:41:09 INFO  epoch 11 training [time: 1.51s, train loss: 15.3317]
Wed 15 Apr 2026 13:41:12 INFO  epoch 11 evaluating [time: 2.96s, valid_score: 0.830358]
Wed 15 Apr 2026 13:41:12 INFO  valid result: 
ndcg@10 : 0.830358
Wed 15 Apr 2026 13:41:12 INFO  Saving current: saved/BPR-Apr-15-2026_13-40-15.pth
Wed 15 Apr 2026 13:41:13 INFO  epoch 12 training [time: 1.44s, train loss: 14.7373]
Wed 15 Apr 2026 13:41:16 INFO  epoch 12 evaluating [time: 2.98s, valid_score: 0.836860]
Wed 15 Apr 2026 13:41:16 INFO  valid result: 
ndcg@10 : 0.83686
Wed 15 Apr 2026 13:41:16 INFO  Saving current: saved/BPR-Apr-15-2026_13-40-15.pth
Wed 15 Apr 2026 13:41:18 INFO  epoch 13 training [time: 1.49s, train loss: 14.0710]
Wed 15 Apr 2026 13:41:22 INFO  epoch 13 evaluating [time: 4.88s, valid_score: 0.836624]
Wed 15 Apr 2026 13:41:22 INFO  valid result: 
ndcg@10 : 0.836624
Wed 15 Apr 2026 13:41:24 INFO  epoch 14 training [time: 1.50s, train loss: 13.4843]
Wed 15 Apr 2026 13:41:27 INFO  epoch 14 evaluating [time: 3.29s, valid_score: 0.836447]
Wed 15 Apr 2026 13:41:27 INFO  valid result: 
ndcg@10 : 0.836447
Wed 15 Apr 2026 13:41:27 INFO  best valid : OrderedDict([('ndcg@10', 0.83686)])
Wed 15 Apr 2026 13:41:27 INFO  
General Hyper Parameters:
gpu_id = 0
use_gpu = True
seed = 2020
state = INFO
reproducibility = True
data_path = recbole_tmp/dataset
checkpoint_dir = saved
show_progress = True
save_dataset = False
dataset_save_path = None
save_dataloaders = False
dataloaders_save_path = None
log_wandb = False

Training Hyper Parameters:
epochs = 15
train_batch_size = 2048
learner = adam
learning_rate = 0.001
train_neg_sample_args = {'distribution': 'uniform', 'sample_num': 1, 'alpha': 1.0, 'dynamic': False, 'candidate_num': 0}
eval_step = 1
stopping_step = 5
clip_grad_norm = None
weight_decay = 0.0
loss_decimal_place = 4

Evaluation Hyper Parameters:
eval_args = {'split': {'RS': [0.75, 0.2, 0.05]}, 'order': 'RO', 'group_by': 'user', 'mode': {'valid': 'full', 'test': 'full'}}
repeatable = False
metrics = ['NDCG']
topk = [10]
valid_metric = NDCG@10
valid_metric_bigger = True
eval_batch_size = 2048
metric_decimal_place = 6

Dataset Hyper Parameters:
field_separator = 	
seq_separator =  
USER_ID_FIELD = user_id
ITEM_ID_FIELD = item_id
RATING_FIELD = rating
TIME_FIELD = timestamp
seq_len = None
LABEL_FIELD = label
threshold = None
NEG_PREFIX = neg_
load_col = {'inter': ['user_id', 'item_id']}
unload_col = None
unused_col = None
additional_feat_suffix = None
rm_dup_inter = None
val_interval = None
filter_inter_by_user_or_item = True
user_inter_num_interval = [0,inf)
item_inter_num_interval = [0,inf)
alias_of_user_id = None
alias_of_item_id = None
alias_of_entity_id = None
alias_of_relation_id = None
preload_weight = None
normalize_field = None
normalize_all = None
ITEM_LIST_LENGTH_FIELD = item_length
LIST_SUFFIX = _list
MAX_ITEM_LIST_LENGTH = 500
POSITION_FIELD = position_id
HEAD_ENTITY_ID_FIELD = head_id
TAIL_ENTITY_ID_FIELD = tail_id
RELATION_ID_FIELD = relation_id
ENTITY_ID_FIELD = entity_id
benchmark_filename = None

Other Hyper Parameters: 
worker = 0
wandb_project = recbole
shuffle = True
require_pow = False
enable_amp = False
enable_scaler = False
transform = None
embedding_size = 256
numerical_features = []
discretization = None
kg_reverse_r = False
entity_kg_num_interval = [0,inf)
relation_kg_num_interval = [0,inf)
MODEL_TYPE = ModelType.GENERAL
MODEL_INPUT_TYPE = InputType.PAIRWISE
eval_type = EvaluatorType.RANKING
single_spec = True
local_rank = 0
device = cuda
valid_neg_sample_args = {'distribution': 'uniform', 'sample_num': 'none'}
test_neg_sample_args = {'distribution': 'uniform', 'sample_num': 'none'}


Wed 15 Apr 2026 13:41:28 INFO  dataset
The number of users: 656
Average actions of users: 472.2519083969466
The number of items: 992
Average actions of items: 312.13420787083754
The number of inters: 309325
The sparsity of the dataset: 52.46653102871755%
Remain Fields: ['user_id', 'item_id']
Wed 15 Apr 2026 13:41:29 INFO  [Training]: train_batch_size = [2048] train_neg_sample_args: [{'distribution': 'uniform', 'sample_num': 1, 'alpha': 1.0, 'dynamic': False, 'candidate_num': 0}]
Wed 15 Apr 2026 13:41:29 INFO  [Evaluation]: eval_batch_size = [2048] eval_args: [{'split': {'RS': [0.75, 0.2, 0.05]}, 'order': 'RO', 'group_by': 'user', 'mode': {'valid': 'full', 'test': 'full'}}]
