Wed 15 Apr 2026 14:49:49 INFO  ['main.py', 'babyLFM2b1k', '89', '--clean', '--model', 'BPR', '--choice-model', 'consume_all', '--config', 'recbole_config_default.yaml']
Wed 15 Apr 2026 14:49:49 INFO  
General Hyper Parameters:
gpu_id = 0
use_gpu = True
seed = 2020
state = INFO
reproducibility = True
data_path = recbole_tmp/dataset
checkpoint_dir = saved
show_progress = True
save_dataset = False
dataset_save_path = None
save_dataloaders = False
dataloaders_save_path = None
log_wandb = False

Training Hyper Parameters:
epochs = 15
train_batch_size = 2048
learner = adam
learning_rate = 0.001
train_neg_sample_args = {'distribution': 'uniform', 'sample_num': 1, 'alpha': 1.0, 'dynamic': False, 'candidate_num': 0}
eval_step = 1
stopping_step = 5
clip_grad_norm = None
weight_decay = 0.0
loss_decimal_place = 4

Evaluation Hyper Parameters:
eval_args = {'split': {'RS': [0.75, 0.2, 0.05]}, 'order': 'RO', 'group_by': 'user', 'mode': {'valid': 'full', 'test': 'full'}}
repeatable = False
metrics = ['NDCG']
topk = [10]
valid_metric = NDCG@10
valid_metric_bigger = True
eval_batch_size = 2048
metric_decimal_place = 6

Dataset Hyper Parameters:
field_separator = 	
seq_separator =  
USER_ID_FIELD = user_id
ITEM_ID_FIELD = item_id
RATING_FIELD = rating
TIME_FIELD = timestamp
seq_len = None
LABEL_FIELD = label
threshold = None
NEG_PREFIX = neg_
load_col = {'inter': ['user_id', 'item_id']}
unload_col = None
unused_col = None
additional_feat_suffix = None
rm_dup_inter = None
val_interval = None
filter_inter_by_user_or_item = True
user_inter_num_interval = [0,inf)
item_inter_num_interval = [0,inf)
alias_of_user_id = None
alias_of_item_id = None
alias_of_entity_id = None
alias_of_relation_id = None
preload_weight = None
normalize_field = None
normalize_all = None
ITEM_LIST_LENGTH_FIELD = item_length
LIST_SUFFIX = _list
MAX_ITEM_LIST_LENGTH = 500
POSITION_FIELD = position_id
HEAD_ENTITY_ID_FIELD = head_id
TAIL_ENTITY_ID_FIELD = tail_id
RELATION_ID_FIELD = relation_id
ENTITY_ID_FIELD = entity_id
benchmark_filename = None

Other Hyper Parameters: 
worker = 0
wandb_project = recbole
shuffle = True
require_pow = False
enable_amp = False
enable_scaler = False
transform = None
embedding_size = 256
numerical_features = []
discretization = None
kg_reverse_r = False
entity_kg_num_interval = [0,inf)
relation_kg_num_interval = [0,inf)
MODEL_TYPE = ModelType.GENERAL
MODEL_INPUT_TYPE = InputType.PAIRWISE
eval_type = EvaluatorType.RANKING
single_spec = True
local_rank = 0
device = cuda
valid_neg_sample_args = {'distribution': 'uniform', 'sample_num': 'none'}
test_neg_sample_args = {'distribution': 'uniform', 'sample_num': 'none'}


Wed 15 Apr 2026 14:49:51 INFO  dataset
The number of users: 656
Average actions of users: 902.1862595419848
The number of items: 992
Average actions of items: 596.2986881937437
The number of inters: 590932
The sparsity of the dataset: 9.192441974822984%
Remain Fields: ['user_id', 'item_id']
Wed 15 Apr 2026 14:49:51 INFO  Preparing dataset
Wed 15 Apr 2026 14:49:52 INFO  [Training]: train_batch_size = [2048] train_neg_sample_args: [{'distribution': 'uniform', 'sample_num': 1, 'alpha': 1.0, 'dynamic': False, 'candidate_num': 0}]
Wed 15 Apr 2026 14:49:52 INFO  [Evaluation]: eval_batch_size = [2048] eval_args: [{'split': {'RS': [0.75, 0.2, 0.05]}, 'order': 'RO', 'group_by': 'user', 'mode': {'valid': 'full', 'test': 'full'}}]
Wed 15 Apr 2026 14:49:52 INFO  Done!
Wed 15 Apr 2026 14:49:52 INFO  BPR(
  (user_embedding): Embedding(656, 256)
  (item_embedding): Embedding(992, 256)
  (loss): BPRLoss()
)
Trainable parameters: 421888
Wed 15 Apr 2026 14:49:52 INFO  FLOPs: 512.0
Wed 15 Apr 2026 14:49:57 INFO  epoch 0 training [time: 3.36s, train loss: 142.3709]
Wed 15 Apr 2026 14:50:00 INFO  epoch 0 evaluating [time: 3.10s, valid_score: 0.805341]
Wed 15 Apr 2026 14:50:00 INFO  valid result: 
ndcg@10 : 0.805341
Wed 15 Apr 2026 14:50:00 INFO  Saving current: saved/BPR-Apr-15-2026_14-49-52.pth
Wed 15 Apr 2026 14:50:04 INFO  epoch 1 training [time: 3.35s, train loss: 105.3279]
Wed 15 Apr 2026 14:50:07 INFO  epoch 1 evaluating [time: 3.05s, valid_score: 0.813112]
Wed 15 Apr 2026 14:50:07 INFO  valid result: 
ndcg@10 : 0.813112
Wed 15 Apr 2026 14:50:07 INFO  Saving current: saved/BPR-Apr-15-2026_14-49-52.pth
Wed 15 Apr 2026 14:50:10 INFO  epoch 2 training [time: 3.30s, train loss: 97.8777]
Wed 15 Apr 2026 14:50:13 INFO  epoch 2 evaluating [time: 3.07s, valid_score: 0.825105]
Wed 15 Apr 2026 14:50:13 INFO  valid result: 
ndcg@10 : 0.825105
Wed 15 Apr 2026 14:50:13 INFO  Saving current: saved/BPR-Apr-15-2026_14-49-52.pth
Wed 15 Apr 2026 14:50:17 INFO  epoch 3 training [time: 3.99s, train loss: 90.4044]
Wed 15 Apr 2026 14:50:23 INFO  epoch 3 evaluating [time: 5.96s, valid_score: 0.830238]
Wed 15 Apr 2026 14:50:23 INFO  valid result: 
ndcg@10 : 0.830238
Wed 15 Apr 2026 14:50:23 INFO  Saving current: saved/BPR-Apr-15-2026_14-49-52.pth
Wed 15 Apr 2026 14:50:26 INFO  epoch 4 training [time: 3.29s, train loss: 81.6027]
Wed 15 Apr 2026 14:50:29 INFO  epoch 4 evaluating [time: 2.94s, valid_score: 0.834549]
Wed 15 Apr 2026 14:50:29 INFO  valid result: 
ndcg@10 : 0.834549
Wed 15 Apr 2026 14:50:29 INFO  Saving current: saved/BPR-Apr-15-2026_14-49-52.pth
Wed 15 Apr 2026 14:50:32 INFO  epoch 5 training [time: 2.69s, train loss: 72.4759]
Wed 15 Apr 2026 14:50:35 INFO  epoch 5 evaluating [time: 2.81s, valid_score: 0.841679]
Wed 15 Apr 2026 14:50:35 INFO  valid result: 
ndcg@10 : 0.841679
Wed 15 Apr 2026 14:50:35 INFO  Saving current: saved/BPR-Apr-15-2026_14-49-52.pth
Wed 15 Apr 2026 14:50:38 INFO  epoch 6 training [time: 3.26s, train loss: 63.9383]
Wed 15 Apr 2026 14:50:41 INFO  epoch 6 evaluating [time: 3.17s, valid_score: 0.839937]
Wed 15 Apr 2026 14:50:41 INFO  valid result: 
ndcg@10 : 0.839937
Wed 15 Apr 2026 14:50:44 INFO  epoch 7 training [time: 3.24s, train loss: 56.1265]
Wed 15 Apr 2026 14:50:52 INFO  epoch 7 evaluating [time: 7.19s, valid_score: 0.846056]
Wed 15 Apr 2026 14:50:52 INFO  valid result: 
ndcg@10 : 0.846056
Wed 15 Apr 2026 14:50:52 INFO  Saving current: saved/BPR-Apr-15-2026_14-49-52.pth
Wed 15 Apr 2026 14:50:56 INFO  epoch 8 training [time: 4.35s, train loss: 49.8052]
Wed 15 Apr 2026 14:50:59 INFO  epoch 8 evaluating [time: 3.05s, valid_score: 0.846769]
Wed 15 Apr 2026 14:50:59 INFO  valid result: 
ndcg@10 : 0.846769
Wed 15 Apr 2026 14:50:59 INFO  Saving current: saved/BPR-Apr-15-2026_14-49-52.pth
Wed 15 Apr 2026 14:51:02 INFO  epoch 9 training [time: 3.24s, train loss: 44.2848]
Wed 15 Apr 2026 14:51:05 INFO  epoch 9 evaluating [time: 2.94s, valid_score: 0.848881]
Wed 15 Apr 2026 14:51:05 INFO  valid result: 
ndcg@10 : 0.848881
Wed 15 Apr 2026 14:51:05 INFO  Saving current: saved/BPR-Apr-15-2026_14-49-52.pth
Wed 15 Apr 2026 14:51:09 INFO  epoch 10 training [time: 3.21s, train loss: 39.4306]
Wed 15 Apr 2026 14:51:12 INFO  epoch 10 evaluating [time: 3.02s, valid_score: 0.849185]
Wed 15 Apr 2026 14:51:12 INFO  valid result: 
ndcg@10 : 0.849185
Wed 15 Apr 2026 14:51:12 INFO  Saving current: saved/BPR-Apr-15-2026_14-49-52.pth
Wed 15 Apr 2026 14:51:15 INFO  epoch 11 training [time: 3.30s, train loss: 35.3601]
Wed 15 Apr 2026 14:51:18 INFO  epoch 11 evaluating [time: 2.82s, valid_score: 0.849374]
Wed 15 Apr 2026 14:51:18 INFO  valid result: 
ndcg@10 : 0.849374
Wed 15 Apr 2026 14:51:18 INFO  Saving current: saved/BPR-Apr-15-2026_14-49-52.pth
Wed 15 Apr 2026 14:51:21 INFO  epoch 12 training [time: 3.23s, train loss: 31.8157]
Wed 15 Apr 2026 14:51:24 INFO  epoch 12 evaluating [time: 2.99s, valid_score: 0.849793]
Wed 15 Apr 2026 14:51:24 INFO  valid result: 
ndcg@10 : 0.849793
Wed 15 Apr 2026 14:51:24 INFO  Saving current: saved/BPR-Apr-15-2026_14-49-52.pth
Wed 15 Apr 2026 14:51:27 INFO  epoch 13 training [time: 3.24s, train loss: 28.5838]
Wed 15 Apr 2026 14:51:30 INFO  epoch 13 evaluating [time: 3.16s, valid_score: 0.856220]
Wed 15 Apr 2026 14:51:30 INFO  valid result: 
ndcg@10 : 0.85622
Wed 15 Apr 2026 14:51:30 INFO  Saving current: saved/BPR-Apr-15-2026_14-49-52.pth
Wed 15 Apr 2026 14:51:34 INFO  epoch 14 training [time: 3.24s, train loss: 25.8579]
Wed 15 Apr 2026 14:51:37 INFO  epoch 14 evaluating [time: 3.33s, valid_score: 0.851887]
Wed 15 Apr 2026 14:51:37 INFO  valid result: 
ndcg@10 : 0.851887
Wed 15 Apr 2026 14:51:37 INFO  best valid : OrderedDict([('ndcg@10', 0.85622)])
Wed 15 Apr 2026 14:51:37 INFO  
General Hyper Parameters:
gpu_id = 0
use_gpu = True
seed = 2020
state = INFO
reproducibility = True
data_path = recbole_tmp/dataset
checkpoint_dir = saved
show_progress = True
save_dataset = False
dataset_save_path = None
save_dataloaders = False
dataloaders_save_path = None
log_wandb = False

Training Hyper Parameters:
epochs = 15
train_batch_size = 2048
learner = adam
learning_rate = 0.001
train_neg_sample_args = {'distribution': 'uniform', 'sample_num': 1, 'alpha': 1.0, 'dynamic': False, 'candidate_num': 0}
eval_step = 1
stopping_step = 5
clip_grad_norm = None
weight_decay = 0.0
loss_decimal_place = 4

Evaluation Hyper Parameters:
eval_args = {'split': {'RS': [0.75, 0.2, 0.05]}, 'order': 'RO', 'group_by': 'user', 'mode': {'valid': 'full', 'test': 'full'}}
repeatable = False
metrics = ['NDCG']
topk = [10]
valid_metric = NDCG@10
valid_metric_bigger = True
eval_batch_size = 2048
metric_decimal_place = 6

Dataset Hyper Parameters:
field_separator = 	
seq_separator =  
USER_ID_FIELD = user_id
ITEM_ID_FIELD = item_id
RATING_FIELD = rating
TIME_FIELD = timestamp
seq_len = None
LABEL_FIELD = label
threshold = None
NEG_PREFIX = neg_
load_col = {'inter': ['user_id', 'item_id']}
unload_col = None
unused_col = None
additional_feat_suffix = None
rm_dup_inter = None
val_interval = None
filter_inter_by_user_or_item = True
user_inter_num_interval = [0,inf)
item_inter_num_interval = [0,inf)
alias_of_user_id = None
alias_of_item_id = None
alias_of_entity_id = None
alias_of_relation_id = None
preload_weight = None
normalize_field = None
normalize_all = None
ITEM_LIST_LENGTH_FIELD = item_length
LIST_SUFFIX = _list
MAX_ITEM_LIST_LENGTH = 500
POSITION_FIELD = position_id
HEAD_ENTITY_ID_FIELD = head_id
TAIL_ENTITY_ID_FIELD = tail_id
RELATION_ID_FIELD = relation_id
ENTITY_ID_FIELD = entity_id
benchmark_filename = None

Other Hyper Parameters: 
worker = 0
wandb_project = recbole
shuffle = True
require_pow = False
enable_amp = False
enable_scaler = False
transform = None
embedding_size = 256
numerical_features = []
discretization = None
kg_reverse_r = False
entity_kg_num_interval = [0,inf)
relation_kg_num_interval = [0,inf)
MODEL_TYPE = ModelType.GENERAL
MODEL_INPUT_TYPE = InputType.PAIRWISE
eval_type = EvaluatorType.RANKING
single_spec = True
local_rank = 0
device = cuda
valid_neg_sample_args = {'distribution': 'uniform', 'sample_num': 'none'}
test_neg_sample_args = {'distribution': 'uniform', 'sample_num': 'none'}


Wed 15 Apr 2026 14:51:38 INFO  dataset
The number of users: 656
Average actions of users: 902.1862595419848
The number of items: 992
Average actions of items: 596.2986881937437
The number of inters: 590932
The sparsity of the dataset: 9.192441974822984%
Remain Fields: ['user_id', 'item_id']
Wed 15 Apr 2026 14:51:39 INFO  [Training]: train_batch_size = [2048] train_neg_sample_args: [{'distribution': 'uniform', 'sample_num': 1, 'alpha': 1.0, 'dynamic': False, 'candidate_num': 0}]
Wed 15 Apr 2026 14:51:39 INFO  [Evaluation]: eval_batch_size = [2048] eval_args: [{'split': {'RS': [0.75, 0.2, 0.05]}, 'order': 'RO', 'group_by': 'user', 'mode': {'valid': 'full', 'test': 'full'}}]
