Wed 15 Apr 2026 14:42:22 INFO  ['main.py', 'babyLFM2b1k', '85', '--clean', '--model', 'BPR', '--choice-model', 'consume_all', '--config', 'recbole_config_default.yaml']
Wed 15 Apr 2026 14:42:22 INFO  
General Hyper Parameters:
gpu_id = 0
use_gpu = True
seed = 2020
state = INFO
reproducibility = True
data_path = recbole_tmp/dataset
checkpoint_dir = saved
show_progress = True
save_dataset = False
dataset_save_path = None
save_dataloaders = False
dataloaders_save_path = None
log_wandb = False

Training Hyper Parameters:
epochs = 15
train_batch_size = 2048
learner = adam
learning_rate = 0.001
train_neg_sample_args = {'distribution': 'uniform', 'sample_num': 1, 'alpha': 1.0, 'dynamic': False, 'candidate_num': 0}
eval_step = 1
stopping_step = 5
clip_grad_norm = None
weight_decay = 0.0
loss_decimal_place = 4

Evaluation Hyper Parameters:
eval_args = {'split': {'RS': [0.75, 0.2, 0.05]}, 'order': 'RO', 'group_by': 'user', 'mode': {'valid': 'full', 'test': 'full'}}
repeatable = False
metrics = ['NDCG']
topk = [10]
valid_metric = NDCG@10
valid_metric_bigger = True
eval_batch_size = 2048
metric_decimal_place = 6

Dataset Hyper Parameters:
field_separator = 	
seq_separator =  
USER_ID_FIELD = user_id
ITEM_ID_FIELD = item_id
RATING_FIELD = rating
TIME_FIELD = timestamp
seq_len = None
LABEL_FIELD = label
threshold = None
NEG_PREFIX = neg_
load_col = {'inter': ['user_id', 'item_id']}
unload_col = None
unused_col = None
additional_feat_suffix = None
rm_dup_inter = None
val_interval = None
filter_inter_by_user_or_item = True
user_inter_num_interval = [0,inf)
item_inter_num_interval = [0,inf)
alias_of_user_id = None
alias_of_item_id = None
alias_of_entity_id = None
alias_of_relation_id = None
preload_weight = None
normalize_field = None
normalize_all = None
ITEM_LIST_LENGTH_FIELD = item_length
LIST_SUFFIX = _list
MAX_ITEM_LIST_LENGTH = 500
POSITION_FIELD = position_id
HEAD_ENTITY_ID_FIELD = head_id
TAIL_ENTITY_ID_FIELD = tail_id
RELATION_ID_FIELD = relation_id
ENTITY_ID_FIELD = entity_id
benchmark_filename = None

Other Hyper Parameters: 
worker = 0
wandb_project = recbole
shuffle = True
require_pow = False
enable_amp = False
enable_scaler = False
transform = None
embedding_size = 256
numerical_features = []
discretization = None
kg_reverse_r = False
entity_kg_num_interval = [0,inf)
relation_kg_num_interval = [0,inf)
MODEL_TYPE = ModelType.GENERAL
MODEL_INPUT_TYPE = InputType.PAIRWISE
eval_type = EvaluatorType.RANKING
single_spec = True
local_rank = 0
device = cuda
valid_neg_sample_args = {'distribution': 'uniform', 'sample_num': 'none'}
test_neg_sample_args = {'distribution': 'uniform', 'sample_num': 'none'}


Wed 15 Apr 2026 14:42:24 INFO  dataset
The number of users: 656
Average actions of users: 862.1923664122137
The number of items: 992
Average actions of items: 569.8647830474268
The number of inters: 564736
The sparsity of the dataset: 13.217938630999216%
Remain Fields: ['user_id', 'item_id']
Wed 15 Apr 2026 14:42:24 INFO  Preparing dataset
Wed 15 Apr 2026 14:42:25 INFO  [Training]: train_batch_size = [2048] train_neg_sample_args: [{'distribution': 'uniform', 'sample_num': 1, 'alpha': 1.0, 'dynamic': False, 'candidate_num': 0}]
Wed 15 Apr 2026 14:42:25 INFO  [Evaluation]: eval_batch_size = [2048] eval_args: [{'split': {'RS': [0.75, 0.2, 0.05]}, 'order': 'RO', 'group_by': 'user', 'mode': {'valid': 'full', 'test': 'full'}}]
Wed 15 Apr 2026 14:42:25 INFO  Done!
Wed 15 Apr 2026 14:42:25 INFO  BPR(
  (user_embedding): Embedding(656, 256)
  (item_embedding): Embedding(992, 256)
  (loss): BPRLoss()
)
Trainable parameters: 421888
Wed 15 Apr 2026 14:42:25 INFO  FLOPs: 512.0
Wed 15 Apr 2026 14:42:30 INFO  epoch 0 training [time: 3.24s, train loss: 133.3006]
Wed 15 Apr 2026 14:42:33 INFO  epoch 0 evaluating [time: 3.21s, valid_score: 0.817844]
Wed 15 Apr 2026 14:42:33 INFO  valid result: 
ndcg@10 : 0.817844
Wed 15 Apr 2026 14:42:33 INFO  Saving current: saved/BPR-Apr-15-2026_14-42-25.pth
Wed 15 Apr 2026 14:42:36 INFO  epoch 1 training [time: 3.21s, train loss: 89.9856]
Wed 15 Apr 2026 14:42:40 INFO  epoch 1 evaluating [time: 3.28s, valid_score: 0.814323]
Wed 15 Apr 2026 14:42:40 INFO  valid result: 
ndcg@10 : 0.814323
Wed 15 Apr 2026 14:42:43 INFO  epoch 2 training [time: 3.17s, train loss: 84.2104]
Wed 15 Apr 2026 14:42:46 INFO  epoch 2 evaluating [time: 3.06s, valid_score: 0.819879]
Wed 15 Apr 2026 14:42:46 INFO  valid result: 
ndcg@10 : 0.819879
Wed 15 Apr 2026 14:42:46 INFO  Saving current: saved/BPR-Apr-15-2026_14-42-25.pth
Wed 15 Apr 2026 14:42:49 INFO  epoch 3 training [time: 3.15s, train loss: 79.5280]
Wed 15 Apr 2026 14:42:52 INFO  epoch 3 evaluating [time: 3.43s, valid_score: 0.828836]
Wed 15 Apr 2026 14:42:52 INFO  valid result: 
ndcg@10 : 0.828836
Wed 15 Apr 2026 14:42:52 INFO  Saving current: saved/BPR-Apr-15-2026_14-42-25.pth
Wed 15 Apr 2026 14:42:56 INFO  epoch 4 training [time: 3.21s, train loss: 73.2929]
Wed 15 Apr 2026 14:42:59 INFO  epoch 4 evaluating [time: 3.33s, valid_score: 0.835648]
Wed 15 Apr 2026 14:42:59 INFO  valid result: 
ndcg@10 : 0.835648
Wed 15 Apr 2026 14:42:59 INFO  Saving current: saved/BPR-Apr-15-2026_14-42-25.pth
Wed 15 Apr 2026 14:43:02 INFO  epoch 5 training [time: 3.08s, train loss: 66.5210]
Wed 15 Apr 2026 14:43:03 INFO  epoch 5 evaluating [time: 1.19s, valid_score: 0.836563]
Wed 15 Apr 2026 14:43:03 INFO  valid result: 
ndcg@10 : 0.836563
Wed 15 Apr 2026 14:43:03 INFO  Saving current: saved/BPR-Apr-15-2026_14-42-25.pth
Wed 15 Apr 2026 14:43:06 INFO  epoch 6 training [time: 2.76s, train loss: 59.6925]
Wed 15 Apr 2026 14:43:09 INFO  epoch 6 evaluating [time: 3.05s, valid_score: 0.837476]
Wed 15 Apr 2026 14:43:09 INFO  valid result: 
ndcg@10 : 0.837476
Wed 15 Apr 2026 14:43:09 INFO  Saving current: saved/BPR-Apr-15-2026_14-42-25.pth
Wed 15 Apr 2026 14:43:12 INFO  epoch 7 training [time: 3.13s, train loss: 53.4279]
Wed 15 Apr 2026 14:43:15 INFO  epoch 7 evaluating [time: 3.01s, valid_score: 0.839594]
Wed 15 Apr 2026 14:43:15 INFO  valid result: 
ndcg@10 : 0.839594
Wed 15 Apr 2026 14:43:15 INFO  Saving current: saved/BPR-Apr-15-2026_14-42-25.pth
Wed 15 Apr 2026 14:43:18 INFO  epoch 8 training [time: 3.05s, train loss: 47.8824]
Wed 15 Apr 2026 14:43:21 INFO  epoch 8 evaluating [time: 3.17s, valid_score: 0.846657]
Wed 15 Apr 2026 14:43:21 INFO  valid result: 
ndcg@10 : 0.846657
Wed 15 Apr 2026 14:43:22 INFO  Saving current: saved/BPR-Apr-15-2026_14-42-25.pth
Wed 15 Apr 2026 14:43:25 INFO  epoch 9 training [time: 3.60s, train loss: 42.8799]
Wed 15 Apr 2026 14:43:30 INFO  epoch 9 evaluating [time: 4.71s, valid_score: 0.843689]
Wed 15 Apr 2026 14:43:30 INFO  valid result: 
ndcg@10 : 0.843689
Wed 15 Apr 2026 14:43:33 INFO  epoch 10 training [time: 3.09s, train loss: 38.4666]
Wed 15 Apr 2026 14:43:36 INFO  epoch 10 evaluating [time: 3.46s, valid_score: 0.848597]
Wed 15 Apr 2026 14:43:36 INFO  valid result: 
ndcg@10 : 0.848597
Wed 15 Apr 2026 14:43:36 INFO  Saving current: saved/BPR-Apr-15-2026_14-42-25.pth
Wed 15 Apr 2026 14:43:40 INFO  epoch 11 training [time: 3.16s, train loss: 34.7720]
Wed 15 Apr 2026 14:43:47 INFO  epoch 11 evaluating [time: 7.73s, valid_score: 0.850769]
Wed 15 Apr 2026 14:43:47 INFO  valid result: 
ndcg@10 : 0.850769
Wed 15 Apr 2026 14:43:47 INFO  Saving current: saved/BPR-Apr-15-2026_14-42-25.pth
Wed 15 Apr 2026 14:43:52 INFO  epoch 12 training [time: 4.61s, train loss: 31.3816]
Wed 15 Apr 2026 14:43:56 INFO  epoch 12 evaluating [time: 4.36s, valid_score: 0.852035]
Wed 15 Apr 2026 14:43:56 INFO  valid result: 
ndcg@10 : 0.852035
Wed 15 Apr 2026 14:43:56 INFO  Saving current: saved/BPR-Apr-15-2026_14-42-25.pth
Wed 15 Apr 2026 14:43:59 INFO  epoch 13 training [time: 3.11s, train loss: 28.4997]
Wed 15 Apr 2026 14:44:03 INFO  epoch 13 evaluating [time: 3.14s, valid_score: 0.855240]
Wed 15 Apr 2026 14:44:03 INFO  valid result: 
ndcg@10 : 0.85524
Wed 15 Apr 2026 14:44:03 INFO  Saving current: saved/BPR-Apr-15-2026_14-42-25.pth
Wed 15 Apr 2026 14:44:06 INFO  epoch 14 training [time: 3.04s, train loss: 25.9977]
Wed 15 Apr 2026 14:44:09 INFO  epoch 14 evaluating [time: 3.11s, valid_score: 0.855962]
Wed 15 Apr 2026 14:44:09 INFO  valid result: 
ndcg@10 : 0.855962
Wed 15 Apr 2026 14:44:09 INFO  Saving current: saved/BPR-Apr-15-2026_14-42-25.pth
Wed 15 Apr 2026 14:44:09 INFO  best valid : OrderedDict([('ndcg@10', 0.855962)])
Wed 15 Apr 2026 14:44:09 INFO  
General Hyper Parameters:
gpu_id = 0
use_gpu = True
seed = 2020
state = INFO
reproducibility = True
data_path = recbole_tmp/dataset
checkpoint_dir = saved
show_progress = True
save_dataset = False
dataset_save_path = None
save_dataloaders = False
dataloaders_save_path = None
log_wandb = False

Training Hyper Parameters:
epochs = 15
train_batch_size = 2048
learner = adam
learning_rate = 0.001
train_neg_sample_args = {'distribution': 'uniform', 'sample_num': 1, 'alpha': 1.0, 'dynamic': False, 'candidate_num': 0}
eval_step = 1
stopping_step = 5
clip_grad_norm = None
weight_decay = 0.0
loss_decimal_place = 4

Evaluation Hyper Parameters:
eval_args = {'split': {'RS': [0.75, 0.2, 0.05]}, 'order': 'RO', 'group_by': 'user', 'mode': {'valid': 'full', 'test': 'full'}}
repeatable = False
metrics = ['NDCG']
topk = [10]
valid_metric = NDCG@10
valid_metric_bigger = True
eval_batch_size = 2048
metric_decimal_place = 6

Dataset Hyper Parameters:
field_separator = 	
seq_separator =  
USER_ID_FIELD = user_id
ITEM_ID_FIELD = item_id
RATING_FIELD = rating
TIME_FIELD = timestamp
seq_len = None
LABEL_FIELD = label
threshold = None
NEG_PREFIX = neg_
load_col = {'inter': ['user_id', 'item_id']}
unload_col = None
unused_col = None
additional_feat_suffix = None
rm_dup_inter = None
val_interval = None
filter_inter_by_user_or_item = True
user_inter_num_interval = [0,inf)
item_inter_num_interval = [0,inf)
alias_of_user_id = None
alias_of_item_id = None
alias_of_entity_id = None
alias_of_relation_id = None
preload_weight = None
normalize_field = None
normalize_all = None
ITEM_LIST_LENGTH_FIELD = item_length
LIST_SUFFIX = _list
MAX_ITEM_LIST_LENGTH = 500
POSITION_FIELD = position_id
HEAD_ENTITY_ID_FIELD = head_id
TAIL_ENTITY_ID_FIELD = tail_id
RELATION_ID_FIELD = relation_id
ENTITY_ID_FIELD = entity_id
benchmark_filename = None

Other Hyper Parameters: 
worker = 0
wandb_project = recbole
shuffle = True
require_pow = False
enable_amp = False
enable_scaler = False
transform = None
embedding_size = 256
numerical_features = []
discretization = None
kg_reverse_r = False
entity_kg_num_interval = [0,inf)
relation_kg_num_interval = [0,inf)
MODEL_TYPE = ModelType.GENERAL
MODEL_INPUT_TYPE = InputType.PAIRWISE
eval_type = EvaluatorType.RANKING
single_spec = True
local_rank = 0
device = cuda
valid_neg_sample_args = {'distribution': 'uniform', 'sample_num': 'none'}
test_neg_sample_args = {'distribution': 'uniform', 'sample_num': 'none'}


Wed 15 Apr 2026 14:44:10 INFO  dataset
The number of users: 656
Average actions of users: 862.1923664122137
The number of items: 992
Average actions of items: 569.8647830474268
The number of inters: 564736
The sparsity of the dataset: 13.217938630999216%
Remain Fields: ['user_id', 'item_id']
Wed 15 Apr 2026 14:44:11 INFO  [Training]: train_batch_size = [2048] train_neg_sample_args: [{'distribution': 'uniform', 'sample_num': 1, 'alpha': 1.0, 'dynamic': False, 'candidate_num': 0}]
Wed 15 Apr 2026 14:44:11 INFO  [Evaluation]: eval_batch_size = [2048] eval_args: [{'split': {'RS': [0.75, 0.2, 0.05]}, 'order': 'RO', 'group_by': 'user', 'mode': {'valid': 'full', 'test': 'full'}}]
