Fri 17 Apr 2026 15:15:44 INFO  ['main.py', 'babyLFM2b1k', '23', '--clean', '--model', 'BPR', '--choice-model', 'consume_all', '--config', 'recbole_config_default.yaml', '--warm-start']
Fri 17 Apr 2026 15:15:44 INFO  
General Hyper Parameters:
gpu_id = 0
use_gpu = True
seed = 2020
state = INFO
reproducibility = True
data_path = recbole_tmp/dataset
checkpoint_dir = saved
show_progress = True
save_dataset = False
dataset_save_path = None
save_dataloaders = False
dataloaders_save_path = None
log_wandb = False

Training Hyper Parameters:
epochs = 10
train_batch_size = 2048
learner = adam
learning_rate = 0.001
train_neg_sample_args = {'distribution': 'uniform', 'sample_num': 1, 'alpha': 1.0, 'dynamic': False, 'candidate_num': 0}
eval_step = 1
stopping_step = 500
clip_grad_norm = None
weight_decay = 0.0
loss_decimal_place = 4

Evaluation Hyper Parameters:
eval_args = {'split': {'RS': [0.75, 0.2, 0.05]}, 'order': 'RO', 'group_by': 'user', 'mode': {'valid': 'full', 'test': 'full'}}
repeatable = False
metrics = ['NDCG']
topk = [10]
valid_metric = NDCG@10
valid_metric_bigger = True
eval_batch_size = 2048
metric_decimal_place = 3

Dataset Hyper Parameters:
field_separator = 	
seq_separator =  
USER_ID_FIELD = user_id
ITEM_ID_FIELD = item_id
RATING_FIELD = rating
TIME_FIELD = timestamp
seq_len = None
LABEL_FIELD = label
threshold = None
NEG_PREFIX = neg_
load_col = {'inter': ['user_id', 'item_id']}
unload_col = None
unused_col = None
additional_feat_suffix = None
rm_dup_inter = None
val_interval = None
filter_inter_by_user_or_item = True
user_inter_num_interval = [0,inf)
item_inter_num_interval = [0,inf)
alias_of_user_id = None
alias_of_item_id = None
alias_of_entity_id = None
alias_of_relation_id = None
preload_weight = None
normalize_field = None
normalize_all = None
ITEM_LIST_LENGTH_FIELD = item_length
LIST_SUFFIX = _list
MAX_ITEM_LIST_LENGTH = 500
POSITION_FIELD = position_id
HEAD_ENTITY_ID_FIELD = head_id
TAIL_ENTITY_ID_FIELD = tail_id
RELATION_ID_FIELD = relation_id
ENTITY_ID_FIELD = entity_id
benchmark_filename = None

Other Hyper Parameters: 
worker = 0
wandb_project = recbole
shuffle = True
require_pow = False
enable_amp = False
enable_scaler = False
transform = None
embedding_size = 256
numerical_features = []
discretization = None
kg_reverse_r = False
entity_kg_num_interval = [0,inf)
relation_kg_num_interval = [0,inf)
MODEL_TYPE = ModelType.GENERAL
MODEL_INPUT_TYPE = InputType.PAIRWISE
eval_type = EvaluatorType.RANKING
single_spec = True
local_rank = 0
device = cuda
valid_neg_sample_args = {'distribution': 'uniform', 'sample_num': 'none'}
test_neg_sample_args = {'distribution': 'uniform', 'sample_num': 'none'}


Fri 17 Apr 2026 15:15:45 INFO  dataset
The number of users: 656
Average actions of users: 242.28702290076336
The number of items: 992
Average actions of items: 160.13925327951563
The number of inters: 158698
The sparsity of the dataset: 75.61313680173092%
Remain Fields: ['user_id', 'item_id']
Fri 17 Apr 2026 15:15:45 INFO  Preparing dataset
Fri 17 Apr 2026 15:15:45 INFO  [Training]: train_batch_size = [2048] train_neg_sample_args: [{'distribution': 'uniform', 'sample_num': 1, 'alpha': 1.0, 'dynamic': False, 'candidate_num': 0}]
Fri 17 Apr 2026 15:15:45 INFO  [Evaluation]: eval_batch_size = [2048] eval_args: [{'split': {'RS': [0.75, 0.2, 0.05]}, 'order': 'RO', 'group_by': 'user', 'mode': {'valid': 'full', 'test': 'full'}}]
Fri 17 Apr 2026 15:15:45 INFO  Done!
Fri 17 Apr 2026 15:15:45 INFO  BPR(
  (user_embedding): Embedding(656, 256)
  (item_embedding): Embedding(992, 256)
  (loss): BPRLoss()
)
Trainable parameters: 421888
Fri 17 Apr 2026 15:15:45 INFO  FLOPs: 512.0
Fri 17 Apr 2026 15:15:46 INFO  Resuming training from checkpoint: experiments/babyLFM2b1k/output/iteration_22_checkpoint.pth
Fri 17 Apr 2026 15:15:46 INFO  Checkpoint loaded. Resume training from epoch 11
Fri 17 Apr 2026 15:15:47 INFO  epoch 0 training [time: 0.60s, train loss: 6.4436]
Fri 17 Apr 2026 15:15:48 INFO  epoch 0 evaluating [time: 1.01s, valid_score: 0.786000]
Fri 17 Apr 2026 15:15:48 INFO  valid result: 
ndcg@10 : 0.786
Fri 17 Apr 2026 15:15:48 INFO  Saving current: experiments/babyLFM2b1k/output/iteration_22_checkpoint.pth
Fri 17 Apr 2026 15:15:49 INFO  epoch 1 training [time: 0.57s, train loss: 5.1939]
Fri 17 Apr 2026 15:15:50 INFO  epoch 1 evaluating [time: 1.18s, valid_score: 0.800000]
Fri 17 Apr 2026 15:15:50 INFO  valid result: 
ndcg@10 : 0.8
Fri 17 Apr 2026 15:15:50 INFO  Saving current: experiments/babyLFM2b1k/output/iteration_22_checkpoint.pth
Fri 17 Apr 2026 15:15:50 INFO  epoch 2 training [time: 0.55s, train loss: 4.6867]
Fri 17 Apr 2026 15:15:51 INFO  epoch 2 evaluating [time: 0.92s, valid_score: 0.807000]
Fri 17 Apr 2026 15:15:51 INFO  valid result: 
ndcg@10 : 0.807
Fri 17 Apr 2026 15:15:51 INFO  Saving current: experiments/babyLFM2b1k/output/iteration_22_checkpoint.pth
Fri 17 Apr 2026 15:15:52 INFO  epoch 3 training [time: 0.48s, train loss: 4.4658]
Fri 17 Apr 2026 15:15:53 INFO  epoch 3 evaluating [time: 0.88s, valid_score: 0.816000]
Fri 17 Apr 2026 15:15:53 INFO  valid result: 
ndcg@10 : 0.816
Fri 17 Apr 2026 15:15:53 INFO  Saving current: experiments/babyLFM2b1k/output/iteration_22_checkpoint.pth
Fri 17 Apr 2026 15:15:53 INFO  epoch 4 training [time: 0.45s, train loss: 4.2497]
Fri 17 Apr 2026 15:15:54 INFO  epoch 4 evaluating [time: 0.70s, valid_score: 0.813000]
Fri 17 Apr 2026 15:15:54 INFO  valid result: 
ndcg@10 : 0.813
Fri 17 Apr 2026 15:15:54 INFO  epoch 5 training [time: 0.44s, train loss: 4.1359]
Fri 17 Apr 2026 15:15:55 INFO  epoch 5 evaluating [time: 0.80s, valid_score: 0.817000]
Fri 17 Apr 2026 15:15:55 INFO  valid result: 
ndcg@10 : 0.817
Fri 17 Apr 2026 15:15:55 INFO  Saving current: experiments/babyLFM2b1k/output/iteration_22_checkpoint.pth
Fri 17 Apr 2026 15:15:56 INFO  epoch 6 training [time: 0.56s, train loss: 4.0990]
Fri 17 Apr 2026 15:15:57 INFO  epoch 6 evaluating [time: 1.04s, valid_score: 0.815000]
Fri 17 Apr 2026 15:15:57 INFO  valid result: 
ndcg@10 : 0.815
Fri 17 Apr 2026 15:15:57 INFO  epoch 7 training [time: 0.47s, train loss: 3.8860]
Fri 17 Apr 2026 15:15:58 INFO  epoch 7 evaluating [time: 0.75s, valid_score: 0.816000]
Fri 17 Apr 2026 15:15:58 INFO  valid result: 
ndcg@10 : 0.816
Fri 17 Apr 2026 15:15:59 INFO  epoch 8 training [time: 0.53s, train loss: 3.8433]
Fri 17 Apr 2026 15:15:59 INFO  epoch 8 evaluating [time: 0.97s, valid_score: 0.820000]
Fri 17 Apr 2026 15:15:59 INFO  valid result: 
ndcg@10 : 0.82
Fri 17 Apr 2026 15:15:59 INFO  Saving current: experiments/babyLFM2b1k/output/iteration_22_checkpoint.pth
Fri 17 Apr 2026 15:16:00 INFO  epoch 9 training [time: 0.50s, train loss: 3.7141]
Fri 17 Apr 2026 15:16:01 INFO  epoch 9 evaluating [time: 0.99s, valid_score: 0.820000]
Fri 17 Apr 2026 15:16:01 INFO  valid result: 
ndcg@10 : 0.82
Fri 17 Apr 2026 15:16:01 INFO  Saving current: experiments/babyLFM2b1k/output/iteration_22_checkpoint.pth
Fri 17 Apr 2026 15:16:01 INFO  best valid : OrderedDict([('ndcg@10', 0.82)])
Fri 17 Apr 2026 15:16:01 INFO  No new best model saved (score did not improve). Force-saving current model state to: saved/iteration_22_checkpoint.pth
Fri 17 Apr 2026 15:16:01 INFO  Saving current: saved/iteration_22_checkpoint.pth
Fri 17 Apr 2026 15:16:01 INFO  
General Hyper Parameters:
gpu_id = 0
use_gpu = True
seed = 2020
state = INFO
reproducibility = True
data_path = recbole_tmp/dataset
checkpoint_dir = saved
show_progress = True
save_dataset = False
dataset_save_path = None
save_dataloaders = False
dataloaders_save_path = None
log_wandb = False

Training Hyper Parameters:
epochs = 10
train_batch_size = 2048
learner = adam
learning_rate = 0.001
train_neg_sample_args = {'distribution': 'uniform', 'sample_num': 1, 'alpha': 1.0, 'dynamic': False, 'candidate_num': 0}
eval_step = 1
stopping_step = 500
clip_grad_norm = None
weight_decay = 0.0
loss_decimal_place = 4

Evaluation Hyper Parameters:
eval_args = {'split': {'RS': [0.75, 0.2, 0.05]}, 'order': 'RO', 'group_by': 'user', 'mode': {'valid': 'full', 'test': 'full'}}
repeatable = False
metrics = ['NDCG']
topk = [10]
valid_metric = NDCG@10
valid_metric_bigger = True
eval_batch_size = 2048
metric_decimal_place = 3

Dataset Hyper Parameters:
field_separator = 	
seq_separator =  
USER_ID_FIELD = user_id
ITEM_ID_FIELD = item_id
RATING_FIELD = rating
TIME_FIELD = timestamp
seq_len = None
LABEL_FIELD = label
threshold = None
NEG_PREFIX = neg_
load_col = {'inter': ['user_id', 'item_id']}
unload_col = None
unused_col = None
additional_feat_suffix = None
rm_dup_inter = None
val_interval = None
filter_inter_by_user_or_item = True
user_inter_num_interval = [0,inf)
item_inter_num_interval = [0,inf)
alias_of_user_id = None
alias_of_item_id = None
alias_of_entity_id = None
alias_of_relation_id = None
preload_weight = None
normalize_field = None
normalize_all = None
ITEM_LIST_LENGTH_FIELD = item_length
LIST_SUFFIX = _list
MAX_ITEM_LIST_LENGTH = 500
POSITION_FIELD = position_id
HEAD_ENTITY_ID_FIELD = head_id
TAIL_ENTITY_ID_FIELD = tail_id
RELATION_ID_FIELD = relation_id
ENTITY_ID_FIELD = entity_id
benchmark_filename = None

Other Hyper Parameters: 
worker = 0
wandb_project = recbole
shuffle = True
require_pow = False
enable_amp = False
enable_scaler = False
transform = None
embedding_size = 256
numerical_features = []
discretization = None
kg_reverse_r = False
entity_kg_num_interval = [0,inf)
relation_kg_num_interval = [0,inf)
MODEL_TYPE = ModelType.GENERAL
MODEL_INPUT_TYPE = InputType.PAIRWISE
eval_type = EvaluatorType.RANKING
single_spec = True
local_rank = 0
device = cuda
valid_neg_sample_args = {'distribution': 'uniform', 'sample_num': 'none'}
test_neg_sample_args = {'distribution': 'uniform', 'sample_num': 'none'}


Fri 17 Apr 2026 15:16:02 INFO  dataset
The number of users: 656
Average actions of users: 242.28702290076336
The number of items: 992
Average actions of items: 160.13925327951563
The number of inters: 158698
The sparsity of the dataset: 75.61313680173092%
Remain Fields: ['user_id', 'item_id']
Fri 17 Apr 2026 15:16:02 INFO  [Training]: train_batch_size = [2048] train_neg_sample_args: [{'distribution': 'uniform', 'sample_num': 1, 'alpha': 1.0, 'dynamic': False, 'candidate_num': 0}]
Fri 17 Apr 2026 15:16:02 INFO  [Evaluation]: eval_batch_size = [2048] eval_args: [{'split': {'RS': [0.75, 0.2, 0.05]}, 'order': 'RO', 'group_by': 'user', 'mode': {'valid': 'full', 'test': 'full'}}]
