Wed 15 Apr 2026 13:23:33 INFO  ['main.py', 'babyLFM2b1k', '32', '--clean', '--model', 'BPR', '--choice-model', 'consume_all', '--config', 'recbole_config_default.yaml']
Wed 15 Apr 2026 13:23:33 INFO  
General Hyper Parameters:
gpu_id = 0
use_gpu = True
seed = 2020
state = INFO
reproducibility = True
data_path = recbole_tmp/dataset
checkpoint_dir = saved
show_progress = True
save_dataset = False
dataset_save_path = None
save_dataloaders = False
dataloaders_save_path = None
log_wandb = False

Training Hyper Parameters:
epochs = 15
train_batch_size = 2048
learner = adam
learning_rate = 0.001
train_neg_sample_args = {'distribution': 'uniform', 'sample_num': 1, 'alpha': 1.0, 'dynamic': False, 'candidate_num': 0}
eval_step = 1
stopping_step = 5
clip_grad_norm = None
weight_decay = 0.0
loss_decimal_place = 4

Evaluation Hyper Parameters:
eval_args = {'split': {'RS': [0.75, 0.2, 0.05]}, 'order': 'RO', 'group_by': 'user', 'mode': {'valid': 'full', 'test': 'full'}}
repeatable = False
metrics = ['NDCG']
topk = [10]
valid_metric = NDCG@10
valid_metric_bigger = True
eval_batch_size = 2048
metric_decimal_place = 6

Dataset Hyper Parameters:
field_separator = 	
seq_separator =  
USER_ID_FIELD = user_id
ITEM_ID_FIELD = item_id
RATING_FIELD = rating
TIME_FIELD = timestamp
seq_len = None
LABEL_FIELD = label
threshold = None
NEG_PREFIX = neg_
load_col = {'inter': ['user_id', 'item_id']}
unload_col = None
unused_col = None
additional_feat_suffix = None
rm_dup_inter = None
val_interval = None
filter_inter_by_user_or_item = True
user_inter_num_interval = [0,inf)
item_inter_num_interval = [0,inf)
alias_of_user_id = None
alias_of_item_id = None
alias_of_entity_id = None
alias_of_relation_id = None
preload_weight = None
normalize_field = None
normalize_all = None
ITEM_LIST_LENGTH_FIELD = item_length
LIST_SUFFIX = _list
MAX_ITEM_LIST_LENGTH = 500
POSITION_FIELD = position_id
HEAD_ENTITY_ID_FIELD = head_id
TAIL_ENTITY_ID_FIELD = tail_id
RELATION_ID_FIELD = relation_id
ENTITY_ID_FIELD = entity_id
benchmark_filename = None

Other Hyper Parameters: 
worker = 0
wandb_project = recbole
shuffle = True
require_pow = False
enable_amp = False
enable_scaler = False
transform = None
embedding_size = 256
numerical_features = []
discretization = None
kg_reverse_r = False
entity_kg_num_interval = [0,inf)
relation_kg_num_interval = [0,inf)
MODEL_TYPE = ModelType.GENERAL
MODEL_INPUT_TYPE = InputType.PAIRWISE
eval_type = EvaluatorType.RANKING
single_spec = True
local_rank = 0
device = cuda
valid_neg_sample_args = {'distribution': 'uniform', 'sample_num': 'none'}
test_neg_sample_args = {'distribution': 'uniform', 'sample_num': 'none'}


Wed 15 Apr 2026 13:23:34 INFO  dataset
The number of users: 656
Average actions of users: 332.2732824427481
The number of items: 992
Average actions of items: 219.61553985872857
The number of inters: 217639
The sparsity of the dataset: 66.55576932533438%
Remain Fields: ['user_id', 'item_id']
Wed 15 Apr 2026 13:23:34 INFO  Preparing dataset
Wed 15 Apr 2026 13:23:34 INFO  [Training]: train_batch_size = [2048] train_neg_sample_args: [{'distribution': 'uniform', 'sample_num': 1, 'alpha': 1.0, 'dynamic': False, 'candidate_num': 0}]
Wed 15 Apr 2026 13:23:34 INFO  [Evaluation]: eval_batch_size = [2048] eval_args: [{'split': {'RS': [0.75, 0.2, 0.05]}, 'order': 'RO', 'group_by': 'user', 'mode': {'valid': 'full', 'test': 'full'}}]
Wed 15 Apr 2026 13:23:34 INFO  Done!
Wed 15 Apr 2026 13:23:34 INFO  BPR(
  (user_embedding): Embedding(656, 256)
  (item_embedding): Embedding(992, 256)
  (loss): BPRLoss()
)
Trainable parameters: 421888
Wed 15 Apr 2026 13:23:35 INFO  FLOPs: 512.0
Wed 15 Apr 2026 13:23:37 INFO  epoch 0 training [time: 1.23s, train loss: 55.0827]
Wed 15 Apr 2026 13:23:40 INFO  epoch 0 evaluating [time: 3.23s, valid_score: 0.819668]
Wed 15 Apr 2026 13:23:40 INFO  valid result: 
ndcg@10 : 0.819668
Wed 15 Apr 2026 13:23:40 INFO  Saving current: saved/BPR-Apr-15-2026_13-23-35.pth
Wed 15 Apr 2026 13:23:41 INFO  epoch 1 training [time: 1.10s, train loss: 30.3449]
Wed 15 Apr 2026 13:23:45 INFO  epoch 1 evaluating [time: 3.08s, valid_score: 0.821272]
Wed 15 Apr 2026 13:23:45 INFO  valid result: 
ndcg@10 : 0.821272
Wed 15 Apr 2026 13:23:45 INFO  Saving current: saved/BPR-Apr-15-2026_13-23-35.pth
Wed 15 Apr 2026 13:23:46 INFO  epoch 2 training [time: 1.04s, train loss: 9.8066]
Wed 15 Apr 2026 13:23:49 INFO  epoch 2 evaluating [time: 2.98s, valid_score: 0.823130]
Wed 15 Apr 2026 13:23:49 INFO  valid result: 
ndcg@10 : 0.82313
Wed 15 Apr 2026 13:23:49 INFO  Saving current: saved/BPR-Apr-15-2026_13-23-35.pth
Wed 15 Apr 2026 13:23:50 INFO  epoch 3 training [time: 1.08s, train loss: 8.1627]
Wed 15 Apr 2026 13:23:53 INFO  epoch 3 evaluating [time: 2.98s, valid_score: 0.823221]
Wed 15 Apr 2026 13:23:53 INFO  valid result: 
ndcg@10 : 0.823221
Wed 15 Apr 2026 13:23:53 INFO  Saving current: saved/BPR-Apr-15-2026_13-23-35.pth
Wed 15 Apr 2026 13:23:54 INFO  epoch 4 training [time: 1.06s, train loss: 7.6589]
Wed 15 Apr 2026 13:23:57 INFO  epoch 4 evaluating [time: 3.11s, valid_score: 0.822004]
Wed 15 Apr 2026 13:23:57 INFO  valid result: 
ndcg@10 : 0.822004
Wed 15 Apr 2026 13:23:58 INFO  epoch 5 training [time: 1.04s, train loss: 7.4938]
Wed 15 Apr 2026 13:24:01 INFO  epoch 5 evaluating [time: 3.23s, valid_score: 0.824105]
Wed 15 Apr 2026 13:24:01 INFO  valid result: 
ndcg@10 : 0.824105
Wed 15 Apr 2026 13:24:01 INFO  Saving current: saved/BPR-Apr-15-2026_13-23-35.pth
Wed 15 Apr 2026 13:24:02 INFO  epoch 6 training [time: 1.07s, train loss: 7.4212]
Wed 15 Apr 2026 13:24:05 INFO  epoch 6 evaluating [time: 3.29s, valid_score: 0.827001]
Wed 15 Apr 2026 13:24:05 INFO  valid result: 
ndcg@10 : 0.827001
Wed 15 Apr 2026 13:24:06 INFO  Saving current: saved/BPR-Apr-15-2026_13-23-35.pth
Wed 15 Apr 2026 13:24:06 INFO  epoch 7 training [time: 0.99s, train loss: 7.1667]
Wed 15 Apr 2026 13:24:10 INFO  epoch 7 evaluating [time: 3.07s, valid_score: 0.821122]
Wed 15 Apr 2026 13:24:10 INFO  valid result: 
ndcg@10 : 0.821122
Wed 15 Apr 2026 13:24:11 INFO  epoch 8 training [time: 1.05s, train loss: 7.0720]
Wed 15 Apr 2026 13:24:14 INFO  epoch 8 evaluating [time: 2.89s, valid_score: 0.824374]
Wed 15 Apr 2026 13:24:14 INFO  valid result: 
ndcg@10 : 0.824374
Wed 15 Apr 2026 13:24:15 INFO  epoch 9 training [time: 1.01s, train loss: 7.0042]
Wed 15 Apr 2026 13:24:17 INFO  epoch 9 evaluating [time: 2.96s, valid_score: 0.832305]
Wed 15 Apr 2026 13:24:17 INFO  valid result: 
ndcg@10 : 0.832305
Wed 15 Apr 2026 13:24:18 INFO  Saving current: saved/BPR-Apr-15-2026_13-23-35.pth
Wed 15 Apr 2026 13:24:19 INFO  epoch 10 training [time: 1.05s, train loss: 6.8387]
Wed 15 Apr 2026 13:24:21 INFO  epoch 10 evaluating [time: 2.88s, valid_score: 0.831855]
Wed 15 Apr 2026 13:24:21 INFO  valid result: 
ndcg@10 : 0.831855
Wed 15 Apr 2026 13:24:22 INFO  epoch 11 training [time: 1.04s, train loss: 6.8473]
Wed 15 Apr 2026 13:24:26 INFO  epoch 11 evaluating [time: 3.25s, valid_score: 0.832513]
Wed 15 Apr 2026 13:24:26 INFO  valid result: 
ndcg@10 : 0.832513
Wed 15 Apr 2026 13:24:26 INFO  Saving current: saved/BPR-Apr-15-2026_13-23-35.pth
Wed 15 Apr 2026 13:24:27 INFO  epoch 12 training [time: 1.07s, train loss: 6.7483]
Wed 15 Apr 2026 13:24:30 INFO  epoch 12 evaluating [time: 3.14s, valid_score: 0.831257]
Wed 15 Apr 2026 13:24:30 INFO  valid result: 
ndcg@10 : 0.831257
Wed 15 Apr 2026 13:24:31 INFO  epoch 13 training [time: 1.04s, train loss: 6.5281]
Wed 15 Apr 2026 13:24:34 INFO  epoch 13 evaluating [time: 3.21s, valid_score: 0.839014]
Wed 15 Apr 2026 13:24:34 INFO  valid result: 
ndcg@10 : 0.839014
Wed 15 Apr 2026 13:24:34 INFO  Saving current: saved/BPR-Apr-15-2026_13-23-35.pth
Wed 15 Apr 2026 13:24:36 INFO  epoch 14 training [time: 1.34s, train loss: 6.4261]
Wed 15 Apr 2026 13:24:44 INFO  epoch 14 evaluating [time: 8.62s, valid_score: 0.839008]
Wed 15 Apr 2026 13:24:44 INFO  valid result: 
ndcg@10 : 0.839008
Wed 15 Apr 2026 13:24:44 INFO  best valid : OrderedDict([('ndcg@10', 0.839014)])
Wed 15 Apr 2026 13:24:44 INFO  
General Hyper Parameters:
gpu_id = 0
use_gpu = True
seed = 2020
state = INFO
reproducibility = True
data_path = recbole_tmp/dataset
checkpoint_dir = saved
show_progress = True
save_dataset = False
dataset_save_path = None
save_dataloaders = False
dataloaders_save_path = None
log_wandb = False

Training Hyper Parameters:
epochs = 15
train_batch_size = 2048
learner = adam
learning_rate = 0.001
train_neg_sample_args = {'distribution': 'uniform', 'sample_num': 1, 'alpha': 1.0, 'dynamic': False, 'candidate_num': 0}
eval_step = 1
stopping_step = 5
clip_grad_norm = None
weight_decay = 0.0
loss_decimal_place = 4

Evaluation Hyper Parameters:
eval_args = {'split': {'RS': [0.75, 0.2, 0.05]}, 'order': 'RO', 'group_by': 'user', 'mode': {'valid': 'full', 'test': 'full'}}
repeatable = False
metrics = ['NDCG']
topk = [10]
valid_metric = NDCG@10
valid_metric_bigger = True
eval_batch_size = 2048
metric_decimal_place = 6

Dataset Hyper Parameters:
field_separator = 	
seq_separator =  
USER_ID_FIELD = user_id
ITEM_ID_FIELD = item_id
RATING_FIELD = rating
TIME_FIELD = timestamp
seq_len = None
LABEL_FIELD = label
threshold = None
NEG_PREFIX = neg_
load_col = {'inter': ['user_id', 'item_id']}
unload_col = None
unused_col = None
additional_feat_suffix = None
rm_dup_inter = None
val_interval = None
filter_inter_by_user_or_item = True
user_inter_num_interval = [0,inf)
item_inter_num_interval = [0,inf)
alias_of_user_id = None
alias_of_item_id = None
alias_of_entity_id = None
alias_of_relation_id = None
preload_weight = None
normalize_field = None
normalize_all = None
ITEM_LIST_LENGTH_FIELD = item_length
LIST_SUFFIX = _list
MAX_ITEM_LIST_LENGTH = 500
POSITION_FIELD = position_id
HEAD_ENTITY_ID_FIELD = head_id
TAIL_ENTITY_ID_FIELD = tail_id
RELATION_ID_FIELD = relation_id
ENTITY_ID_FIELD = entity_id
benchmark_filename = None

Other Hyper Parameters: 
worker = 0
wandb_project = recbole
shuffle = True
require_pow = False
enable_amp = False
enable_scaler = False
transform = None
embedding_size = 256
numerical_features = []
discretization = None
kg_reverse_r = False
entity_kg_num_interval = [0,inf)
relation_kg_num_interval = [0,inf)
MODEL_TYPE = ModelType.GENERAL
MODEL_INPUT_TYPE = InputType.PAIRWISE
eval_type = EvaluatorType.RANKING
single_spec = True
local_rank = 0
device = cuda
valid_neg_sample_args = {'distribution': 'uniform', 'sample_num': 'none'}
test_neg_sample_args = {'distribution': 'uniform', 'sample_num': 'none'}


Wed 15 Apr 2026 13:24:45 INFO  dataset
The number of users: 656
Average actions of users: 332.2732824427481
The number of items: 992
Average actions of items: 219.61553985872857
The number of inters: 217639
The sparsity of the dataset: 66.55576932533438%
Remain Fields: ['user_id', 'item_id']
Wed 15 Apr 2026 13:24:45 INFO  [Training]: train_batch_size = [2048] train_neg_sample_args: [{'distribution': 'uniform', 'sample_num': 1, 'alpha': 1.0, 'dynamic': False, 'candidate_num': 0}]
Wed 15 Apr 2026 13:24:45 INFO  [Evaluation]: eval_batch_size = [2048] eval_args: [{'split': {'RS': [0.75, 0.2, 0.05]}, 'order': 'RO', 'group_by': 'user', 'mode': {'valid': 'full', 'test': 'full'}}]
