Tue 24 Mar 2026 16:35:42 INFO  ['main.py', 'babyLFM2b1k', '5', '--clean', '--model', 'BPR', '--choice-model', 'consume_all', '--config', 'recbole_config_default.yaml']
Tue 24 Mar 2026 16:35:42 INFO  
General Hyper Parameters:
gpu_id = 0
use_gpu = True
seed = 2020
state = INFO
reproducibility = True
data_path = recbole_tmp/dataset
checkpoint_dir = saved
show_progress = True
save_dataset = False
dataset_save_path = None
save_dataloaders = False
dataloaders_save_path = None
log_wandb = False

Training Hyper Parameters:
epochs = 15
train_batch_size = 2048
learner = adam
learning_rate = 0.001
train_neg_sample_args = {'distribution': 'uniform', 'sample_num': 1, 'alpha': 1.0, 'dynamic': False, 'candidate_num': 0}
eval_step = 1
stopping_step = 5
clip_grad_norm = None
weight_decay = 0.0
loss_decimal_place = 4

Evaluation Hyper Parameters:
eval_args = {'split': {'RS': [0.75, 0.2, 0.05]}, 'order': 'RO', 'group_by': 'user', 'mode': {'valid': 'full', 'test': 'full'}}
repeatable = False
metrics = ['NDCG']
topk = [10]
valid_metric = NDCG@10
valid_metric_bigger = True
eval_batch_size = 2048
metric_decimal_place = 6

Dataset Hyper Parameters:
field_separator = 	
seq_separator =  
USER_ID_FIELD = user_id
ITEM_ID_FIELD = item_id
RATING_FIELD = rating
TIME_FIELD = timestamp
seq_len = None
LABEL_FIELD = label
threshold = None
NEG_PREFIX = neg_
load_col = {'inter': ['user_id', 'item_id']}
unload_col = None
unused_col = None
additional_feat_suffix = None
rm_dup_inter = None
val_interval = None
filter_inter_by_user_or_item = True
user_inter_num_interval = [0,inf)
item_inter_num_interval = [0,inf)
alias_of_user_id = None
alias_of_item_id = None
alias_of_entity_id = None
alias_of_relation_id = None
preload_weight = None
normalize_field = None
normalize_all = None
ITEM_LIST_LENGTH_FIELD = item_length
LIST_SUFFIX = _list
MAX_ITEM_LIST_LENGTH = 500
POSITION_FIELD = position_id
HEAD_ENTITY_ID_FIELD = head_id
TAIL_ENTITY_ID_FIELD = tail_id
RELATION_ID_FIELD = relation_id
ENTITY_ID_FIELD = entity_id
benchmark_filename = None

Other Hyper Parameters: 
worker = 0
wandb_project = recbole
shuffle = True
require_pow = False
enable_amp = False
enable_scaler = False
transform = None
embedding_size = 256
numerical_features = []
discretization = None
kg_reverse_r = False
entity_kg_num_interval = [0,inf)
relation_kg_num_interval = [0,inf)
MODEL_TYPE = ModelType.GENERAL
MODEL_INPUT_TYPE = InputType.PAIRWISE
eval_type = EvaluatorType.RANKING
single_spec = True
local_rank = 0
device = cuda
valid_neg_sample_args = {'distribution': 'uniform', 'sample_num': 'none'}
test_neg_sample_args = {'distribution': 'uniform', 'sample_num': 'none'}


Tue 24 Mar 2026 16:35:42 INFO  dataset
The number of users: 656
Average actions of users: 62.314503816793895
The number of items: 992
Average actions of items: 41.18668012108981
The number of inters: 40816
The sparsity of the dataset: 93.72787175452399%
Remain Fields: ['user_id', 'item_id']
Tue 24 Mar 2026 16:35:42 INFO  Preparing dataset
Tue 24 Mar 2026 16:35:42 INFO  [Training]: train_batch_size = [2048] train_neg_sample_args: [{'distribution': 'uniform', 'sample_num': 1, 'alpha': 1.0, 'dynamic': False, 'candidate_num': 0}]
Tue 24 Mar 2026 16:35:42 INFO  [Evaluation]: eval_batch_size = [2048] eval_args: [{'split': {'RS': [0.75, 0.2, 0.05]}, 'order': 'RO', 'group_by': 'user', 'mode': {'valid': 'full', 'test': 'full'}}]
Tue 24 Mar 2026 16:35:42 INFO  Done!
Tue 24 Mar 2026 16:35:45 INFO  BPR(
  (user_embedding): Embedding(656, 256)
  (item_embedding): Embedding(992, 256)
  (loss): BPRLoss()
)
Trainable parameters: 421888
Tue 24 Mar 2026 16:35:45 INFO  FLOPs: 512.0
Tue 24 Mar 2026 16:35:46 INFO  epoch 0 training [time: 0.18s, train loss: 11.0265]
Tue 24 Mar 2026 16:35:47 INFO  epoch 0 evaluating [time: 0.34s, valid_score: 0.052162]
Tue 24 Mar 2026 16:35:47 INFO  valid result: 
ndcg@10 : 0.052162
Tue 24 Mar 2026 16:35:47 INFO  Saving current: saved/BPR-Mar-24-2026_16-35-45.pth
Tue 24 Mar 2026 16:35:47 INFO  epoch 1 training [time: 0.07s, train loss: 10.8033]
Tue 24 Mar 2026 16:35:47 INFO  epoch 1 evaluating [time: 0.28s, valid_score: 0.119114]
Tue 24 Mar 2026 16:35:47 INFO  valid result: 
ndcg@10 : 0.119114
Tue 24 Mar 2026 16:35:47 INFO  Saving current: saved/BPR-Mar-24-2026_16-35-45.pth
Tue 24 Mar 2026 16:35:47 INFO  epoch 2 training [time: 0.07s, train loss: 10.5352]
Tue 24 Mar 2026 16:35:47 INFO  epoch 2 evaluating [time: 0.27s, valid_score: 0.220026]
Tue 24 Mar 2026 16:35:47 INFO  valid result: 
ndcg@10 : 0.220026
Tue 24 Mar 2026 16:35:47 INFO  Saving current: saved/BPR-Mar-24-2026_16-35-45.pth
Tue 24 Mar 2026 16:35:47 INFO  epoch 3 training [time: 0.07s, train loss: 10.1331]
Tue 24 Mar 2026 16:35:48 INFO  epoch 3 evaluating [time: 0.28s, valid_score: 0.414151]
Tue 24 Mar 2026 16:35:48 INFO  valid result: 
ndcg@10 : 0.414151
Tue 24 Mar 2026 16:35:48 INFO  Saving current: saved/BPR-Mar-24-2026_16-35-45.pth
Tue 24 Mar 2026 16:35:48 INFO  epoch 4 training [time: 0.07s, train loss: 9.4822]
Tue 24 Mar 2026 16:35:48 INFO  epoch 4 evaluating [time: 0.27s, valid_score: 0.539819]
Tue 24 Mar 2026 16:35:48 INFO  valid result: 
ndcg@10 : 0.539819
Tue 24 Mar 2026 16:35:48 INFO  Saving current: saved/BPR-Mar-24-2026_16-35-45.pth
Tue 24 Mar 2026 16:35:48 INFO  epoch 5 training [time: 0.06s, train loss: 8.4808]
Tue 24 Mar 2026 16:35:48 INFO  epoch 5 evaluating [time: 0.29s, valid_score: 0.564984]
Tue 24 Mar 2026 16:35:48 INFO  valid result: 
ndcg@10 : 0.564984
Tue 24 Mar 2026 16:35:48 INFO  Saving current: saved/BPR-Mar-24-2026_16-35-45.pth
Tue 24 Mar 2026 16:35:48 INFO  epoch 6 training [time: 0.06s, train loss: 7.1771]
Tue 24 Mar 2026 16:35:49 INFO  epoch 6 evaluating [time: 0.29s, valid_score: 0.563082]
Tue 24 Mar 2026 16:35:49 INFO  valid result: 
ndcg@10 : 0.563082
Tue 24 Mar 2026 16:35:49 INFO  epoch 7 training [time: 0.06s, train loss: 5.7839]
Tue 24 Mar 2026 16:35:49 INFO  epoch 7 evaluating [time: 0.28s, valid_score: 0.558398]
Tue 24 Mar 2026 16:35:49 INFO  valid result: 
ndcg@10 : 0.558398
Tue 24 Mar 2026 16:35:49 INFO  epoch 8 training [time: 0.06s, train loss: 4.6453]
Tue 24 Mar 2026 16:35:49 INFO  epoch 8 evaluating [time: 0.27s, valid_score: 0.555852]
Tue 24 Mar 2026 16:35:49 INFO  valid result: 
ndcg@10 : 0.555852
Tue 24 Mar 2026 16:35:49 INFO  epoch 9 training [time: 0.05s, train loss: 3.8246]
Tue 24 Mar 2026 16:35:50 INFO  epoch 9 evaluating [time: 0.28s, valid_score: 0.553599]
Tue 24 Mar 2026 16:35:50 INFO  valid result: 
ndcg@10 : 0.553599
Tue 24 Mar 2026 16:35:50 INFO  epoch 10 training [time: 0.06s, train loss: 3.3398]
Tue 24 Mar 2026 16:35:50 INFO  epoch 10 evaluating [time: 0.29s, valid_score: 0.552144]
Tue 24 Mar 2026 16:35:50 INFO  valid result: 
ndcg@10 : 0.552144
Tue 24 Mar 2026 16:35:50 INFO  epoch 11 training [time: 0.06s, train loss: 3.0123]
Tue 24 Mar 2026 16:35:50 INFO  epoch 11 evaluating [time: 0.27s, valid_score: 0.551175]
Tue 24 Mar 2026 16:35:50 INFO  valid result: 
ndcg@10 : 0.551175
Tue 24 Mar 2026 16:35:50 INFO  Finished training, best eval result in epoch 5
Tue 24 Mar 2026 16:35:50 INFO  best valid : OrderedDict([('ndcg@10', 0.564984)])
Tue 24 Mar 2026 16:35:50 INFO  
General Hyper Parameters:
gpu_id = 0
use_gpu = True
seed = 2020
state = INFO
reproducibility = True
data_path = recbole_tmp/dataset
checkpoint_dir = saved
show_progress = True
save_dataset = False
dataset_save_path = None
save_dataloaders = False
dataloaders_save_path = None
log_wandb = False

Training Hyper Parameters:
epochs = 15
train_batch_size = 2048
learner = adam
learning_rate = 0.001
train_neg_sample_args = {'distribution': 'uniform', 'sample_num': 1, 'alpha': 1.0, 'dynamic': False, 'candidate_num': 0}
eval_step = 1
stopping_step = 5
clip_grad_norm = None
weight_decay = 0.0
loss_decimal_place = 4

Evaluation Hyper Parameters:
eval_args = {'split': {'RS': [0.75, 0.2, 0.05]}, 'order': 'RO', 'group_by': 'user', 'mode': {'valid': 'full', 'test': 'full'}}
repeatable = False
metrics = ['NDCG']
topk = [10]
valid_metric = NDCG@10
valid_metric_bigger = True
eval_batch_size = 2048
metric_decimal_place = 6

Dataset Hyper Parameters:
field_separator = 	
seq_separator =  
USER_ID_FIELD = user_id
ITEM_ID_FIELD = item_id
RATING_FIELD = rating
TIME_FIELD = timestamp
seq_len = None
LABEL_FIELD = label
threshold = None
NEG_PREFIX = neg_
load_col = {'inter': ['user_id', 'item_id']}
unload_col = None
unused_col = None
additional_feat_suffix = None
rm_dup_inter = None
val_interval = None
filter_inter_by_user_or_item = True
user_inter_num_interval = [0,inf)
item_inter_num_interval = [0,inf)
alias_of_user_id = None
alias_of_item_id = None
alias_of_entity_id = None
alias_of_relation_id = None
preload_weight = None
normalize_field = None
normalize_all = None
ITEM_LIST_LENGTH_FIELD = item_length
LIST_SUFFIX = _list
MAX_ITEM_LIST_LENGTH = 500
POSITION_FIELD = position_id
HEAD_ENTITY_ID_FIELD = head_id
TAIL_ENTITY_ID_FIELD = tail_id
RELATION_ID_FIELD = relation_id
ENTITY_ID_FIELD = entity_id
benchmark_filename = None

Other Hyper Parameters: 
worker = 0
wandb_project = recbole
shuffle = True
require_pow = False
enable_amp = False
enable_scaler = False
transform = None
embedding_size = 256
numerical_features = []
discretization = None
kg_reverse_r = False
entity_kg_num_interval = [0,inf)
relation_kg_num_interval = [0,inf)
MODEL_TYPE = ModelType.GENERAL
MODEL_INPUT_TYPE = InputType.PAIRWISE
eval_type = EvaluatorType.RANKING
single_spec = True
local_rank = 0
device = cuda
valid_neg_sample_args = {'distribution': 'uniform', 'sample_num': 'none'}
test_neg_sample_args = {'distribution': 'uniform', 'sample_num': 'none'}


Tue 24 Mar 2026 16:35:51 INFO  dataset
The number of users: 656
Average actions of users: 62.314503816793895
The number of items: 992
Average actions of items: 41.18668012108981
The number of inters: 40816
The sparsity of the dataset: 93.72787175452399%
Remain Fields: ['user_id', 'item_id']
Tue 24 Mar 2026 16:35:51 INFO  [Training]: train_batch_size = [2048] train_neg_sample_args: [{'distribution': 'uniform', 'sample_num': 1, 'alpha': 1.0, 'dynamic': False, 'candidate_num': 0}]
Tue 24 Mar 2026 16:35:51 INFO  [Evaluation]: eval_batch_size = [2048] eval_args: [{'split': {'RS': [0.75, 0.2, 0.05]}, 'order': 'RO', 'group_by': 'user', 'mode': {'valid': 'full', 'test': 'full'}}]
