Fri 17 Apr 2026 15:37:38 INFO  ['main.py', 'babyLFM2b1k', '67', '--clean', '--model', 'BPR', '--choice-model', 'consume_all', '--config', 'recbole_config_default.yaml', '--warm-start']
Fri 17 Apr 2026 15:37:38 INFO  
General Hyper Parameters:
gpu_id = 0
use_gpu = True
seed = 2020
state = INFO
reproducibility = True
data_path = recbole_tmp/dataset
checkpoint_dir = saved
show_progress = True
save_dataset = False
dataset_save_path = None
save_dataloaders = False
dataloaders_save_path = None
log_wandb = False

Training Hyper Parameters:
epochs = 10
train_batch_size = 2048
learner = adam
learning_rate = 0.001
train_neg_sample_args = {'distribution': 'uniform', 'sample_num': 1, 'alpha': 1.0, 'dynamic': False, 'candidate_num': 0}
eval_step = 1
stopping_step = 500
clip_grad_norm = None
weight_decay = 0.0
loss_decimal_place = 4

Evaluation Hyper Parameters:
eval_args = {'split': {'RS': [0.75, 0.2, 0.05]}, 'order': 'RO', 'group_by': 'user', 'mode': {'valid': 'full', 'test': 'full'}}
repeatable = False
metrics = ['NDCG']
topk = [10]
valid_metric = NDCG@10
valid_metric_bigger = True
eval_batch_size = 2048
metric_decimal_place = 3

Dataset Hyper Parameters:
field_separator = 	
seq_separator =  
USER_ID_FIELD = user_id
ITEM_ID_FIELD = item_id
RATING_FIELD = rating
TIME_FIELD = timestamp
seq_len = None
LABEL_FIELD = label
threshold = None
NEG_PREFIX = neg_
load_col = {'inter': ['user_id', 'item_id']}
unload_col = None
unused_col = None
additional_feat_suffix = None
rm_dup_inter = None
val_interval = None
filter_inter_by_user_or_item = True
user_inter_num_interval = [0,inf)
item_inter_num_interval = [0,inf)
alias_of_user_id = None
alias_of_item_id = None
alias_of_entity_id = None
alias_of_relation_id = None
preload_weight = None
normalize_field = None
normalize_all = None
ITEM_LIST_LENGTH_FIELD = item_length
LIST_SUFFIX = _list
MAX_ITEM_LIST_LENGTH = 500
POSITION_FIELD = position_id
HEAD_ENTITY_ID_FIELD = head_id
TAIL_ENTITY_ID_FIELD = tail_id
RELATION_ID_FIELD = relation_id
ENTITY_ID_FIELD = entity_id
benchmark_filename = None

Other Hyper Parameters: 
worker = 0
wandb_project = recbole
shuffle = True
require_pow = False
enable_amp = False
enable_scaler = False
transform = None
embedding_size = 256
numerical_features = []
discretization = None
kg_reverse_r = False
entity_kg_num_interval = [0,inf)
relation_kg_num_interval = [0,inf)
MODEL_TYPE = ModelType.GENERAL
MODEL_INPUT_TYPE = InputType.PAIRWISE
eval_type = EvaluatorType.RANKING
single_spec = True
local_rank = 0
device = cuda
valid_neg_sample_args = {'distribution': 'uniform', 'sample_num': 'none'}
test_neg_sample_args = {'distribution': 'uniform', 'sample_num': 'none'}


Fri 17 Apr 2026 15:37:39 INFO  dataset
The number of users: 656
Average actions of users: 682.2198473282443
The number of items: 992
Average actions of items: 450.912209889001
The number of inters: 446854
The sparsity of the dataset: 31.332673583792293%
Remain Fields: ['user_id', 'item_id']
Fri 17 Apr 2026 15:37:39 INFO  Preparing dataset
Fri 17 Apr 2026 15:37:40 INFO  [Training]: train_batch_size = [2048] train_neg_sample_args: [{'distribution': 'uniform', 'sample_num': 1, 'alpha': 1.0, 'dynamic': False, 'candidate_num': 0}]
Fri 17 Apr 2026 15:37:40 INFO  [Evaluation]: eval_batch_size = [2048] eval_args: [{'split': {'RS': [0.75, 0.2, 0.05]}, 'order': 'RO', 'group_by': 'user', 'mode': {'valid': 'full', 'test': 'full'}}]
Fri 17 Apr 2026 15:37:40 INFO  Done!
Fri 17 Apr 2026 15:37:40 INFO  BPR(
  (user_embedding): Embedding(656, 256)
  (item_embedding): Embedding(992, 256)
  (loss): BPRLoss()
)
Trainable parameters: 421888
Fri 17 Apr 2026 15:37:40 INFO  FLOPs: 512.0
Fri 17 Apr 2026 15:37:42 INFO  Resuming training from checkpoint: experiments/babyLFM2b1k/output/iteration_66_checkpoint.pth
Fri 17 Apr 2026 15:37:42 INFO  Checkpoint loaded. Resume training from epoch 11
Fri 17 Apr 2026 15:37:43 INFO  epoch 0 training [time: 1.62s, train loss: 55.2415]
Fri 17 Apr 2026 15:37:44 INFO  epoch 0 evaluating [time: 1.05s, valid_score: 0.791000]
Fri 17 Apr 2026 15:37:44 INFO  valid result: 
ndcg@10 : 0.791
Fri 17 Apr 2026 15:37:44 INFO  Saving current: experiments/babyLFM2b1k/output/iteration_66_checkpoint.pth
Fri 17 Apr 2026 15:37:46 INFO  epoch 1 training [time: 1.52s, train loss: 48.4916]
Fri 17 Apr 2026 15:37:47 INFO  epoch 1 evaluating [time: 0.81s, valid_score: 0.809000]
Fri 17 Apr 2026 15:37:47 INFO  valid result: 
ndcg@10 : 0.809
Fri 17 Apr 2026 15:37:47 INFO  Saving current: experiments/babyLFM2b1k/output/iteration_66_checkpoint.pth
Fri 17 Apr 2026 15:37:48 INFO  epoch 2 training [time: 1.53s, train loss: 43.5805]
Fri 17 Apr 2026 15:37:49 INFO  epoch 2 evaluating [time: 0.63s, valid_score: 0.815000]
Fri 17 Apr 2026 15:37:49 INFO  valid result: 
ndcg@10 : 0.815
Fri 17 Apr 2026 15:37:49 INFO  Saving current: experiments/babyLFM2b1k/output/iteration_66_checkpoint.pth
Fri 17 Apr 2026 15:37:51 INFO  epoch 3 training [time: 1.67s, train loss: 40.6352]
Fri 17 Apr 2026 15:37:51 INFO  epoch 3 evaluating [time: 0.88s, valid_score: 0.820000]
Fri 17 Apr 2026 15:37:51 INFO  valid result: 
ndcg@10 : 0.82
Fri 17 Apr 2026 15:37:52 INFO  Saving current: experiments/babyLFM2b1k/output/iteration_66_checkpoint.pth
Fri 17 Apr 2026 15:37:53 INFO  epoch 4 training [time: 1.49s, train loss: 38.0763]
Fri 17 Apr 2026 15:37:54 INFO  epoch 4 evaluating [time: 0.85s, valid_score: 0.824000]
Fri 17 Apr 2026 15:37:54 INFO  valid result: 
ndcg@10 : 0.824
Fri 17 Apr 2026 15:37:54 INFO  Saving current: experiments/babyLFM2b1k/output/iteration_66_checkpoint.pth
Fri 17 Apr 2026 15:37:56 INFO  epoch 5 training [time: 1.62s, train loss: 36.0576]
Fri 17 Apr 2026 15:37:57 INFO  epoch 5 evaluating [time: 1.11s, valid_score: 0.825000]
Fri 17 Apr 2026 15:37:57 INFO  valid result: 
ndcg@10 : 0.825
Fri 17 Apr 2026 15:37:57 INFO  Saving current: experiments/babyLFM2b1k/output/iteration_66_checkpoint.pth
Fri 17 Apr 2026 15:37:58 INFO  epoch 6 training [time: 1.35s, train loss: 33.9422]
Fri 17 Apr 2026 15:37:59 INFO  epoch 6 evaluating [time: 1.16s, valid_score: 0.826000]
Fri 17 Apr 2026 15:37:59 INFO  valid result: 
ndcg@10 : 0.826
Fri 17 Apr 2026 15:37:59 INFO  Saving current: experiments/babyLFM2b1k/output/iteration_66_checkpoint.pth
Fri 17 Apr 2026 15:38:00 INFO  epoch 7 training [time: 1.30s, train loss: 32.3188]
Fri 17 Apr 2026 15:38:01 INFO  epoch 7 evaluating [time: 0.58s, valid_score: 0.831000]
Fri 17 Apr 2026 15:38:01 INFO  valid result: 
ndcg@10 : 0.831
Fri 17 Apr 2026 15:38:01 INFO  Saving current: experiments/babyLFM2b1k/output/iteration_66_checkpoint.pth
Fri 17 Apr 2026 15:38:02 INFO  epoch 8 training [time: 1.37s, train loss: 30.7271]
Fri 17 Apr 2026 15:38:03 INFO  epoch 8 evaluating [time: 0.95s, valid_score: 0.831000]
Fri 17 Apr 2026 15:38:03 INFO  valid result: 
ndcg@10 : 0.831
Fri 17 Apr 2026 15:38:03 INFO  Saving current: experiments/babyLFM2b1k/output/iteration_66_checkpoint.pth
Fri 17 Apr 2026 15:38:05 INFO  epoch 9 training [time: 1.62s, train loss: 29.0728]
Fri 17 Apr 2026 15:38:06 INFO  epoch 9 evaluating [time: 0.86s, valid_score: 0.831000]
Fri 17 Apr 2026 15:38:06 INFO  valid result: 
ndcg@10 : 0.831
Fri 17 Apr 2026 15:38:06 INFO  Saving current: experiments/babyLFM2b1k/output/iteration_66_checkpoint.pth
Fri 17 Apr 2026 15:38:06 INFO  best valid : OrderedDict([('ndcg@10', 0.831)])
Fri 17 Apr 2026 15:38:06 INFO  No new best model saved (score did not improve). Force-saving current model state to: saved/iteration_66_checkpoint.pth
Fri 17 Apr 2026 15:38:06 INFO  Saving current: saved/iteration_66_checkpoint.pth
Fri 17 Apr 2026 15:38:06 INFO  
General Hyper Parameters:
gpu_id = 0
use_gpu = True
seed = 2020
state = INFO
reproducibility = True
data_path = recbole_tmp/dataset
checkpoint_dir = saved
show_progress = True
save_dataset = False
dataset_save_path = None
save_dataloaders = False
dataloaders_save_path = None
log_wandb = False

Training Hyper Parameters:
epochs = 10
train_batch_size = 2048
learner = adam
learning_rate = 0.001
train_neg_sample_args = {'distribution': 'uniform', 'sample_num': 1, 'alpha': 1.0, 'dynamic': False, 'candidate_num': 0}
eval_step = 1
stopping_step = 500
clip_grad_norm = None
weight_decay = 0.0
loss_decimal_place = 4

Evaluation Hyper Parameters:
eval_args = {'split': {'RS': [0.75, 0.2, 0.05]}, 'order': 'RO', 'group_by': 'user', 'mode': {'valid': 'full', 'test': 'full'}}
repeatable = False
metrics = ['NDCG']
topk = [10]
valid_metric = NDCG@10
valid_metric_bigger = True
eval_batch_size = 2048
metric_decimal_place = 3

Dataset Hyper Parameters:
field_separator = 	
seq_separator =  
USER_ID_FIELD = user_id
ITEM_ID_FIELD = item_id
RATING_FIELD = rating
TIME_FIELD = timestamp
seq_len = None
LABEL_FIELD = label
threshold = None
NEG_PREFIX = neg_
load_col = {'inter': ['user_id', 'item_id']}
unload_col = None
unused_col = None
additional_feat_suffix = None
rm_dup_inter = None
val_interval = None
filter_inter_by_user_or_item = True
user_inter_num_interval = [0,inf)
item_inter_num_interval = [0,inf)
alias_of_user_id = None
alias_of_item_id = None
alias_of_entity_id = None
alias_of_relation_id = None
preload_weight = None
normalize_field = None
normalize_all = None
ITEM_LIST_LENGTH_FIELD = item_length
LIST_SUFFIX = _list
MAX_ITEM_LIST_LENGTH = 500
POSITION_FIELD = position_id
HEAD_ENTITY_ID_FIELD = head_id
TAIL_ENTITY_ID_FIELD = tail_id
RELATION_ID_FIELD = relation_id
ENTITY_ID_FIELD = entity_id
benchmark_filename = None

Other Hyper Parameters: 
worker = 0
wandb_project = recbole
shuffle = True
require_pow = False
enable_amp = False
enable_scaler = False
transform = None
embedding_size = 256
numerical_features = []
discretization = None
kg_reverse_r = False
entity_kg_num_interval = [0,inf)
relation_kg_num_interval = [0,inf)
MODEL_TYPE = ModelType.GENERAL
MODEL_INPUT_TYPE = InputType.PAIRWISE
eval_type = EvaluatorType.RANKING
single_spec = True
local_rank = 0
device = cuda
valid_neg_sample_args = {'distribution': 'uniform', 'sample_num': 'none'}
test_neg_sample_args = {'distribution': 'uniform', 'sample_num': 'none'}


Fri 17 Apr 2026 15:38:07 INFO  dataset
The number of users: 656
Average actions of users: 682.2198473282443
The number of items: 992
Average actions of items: 450.912209889001
The number of inters: 446854
The sparsity of the dataset: 31.332673583792293%
Remain Fields: ['user_id', 'item_id']
Fri 17 Apr 2026 15:38:08 INFO  [Training]: train_batch_size = [2048] train_neg_sample_args: [{'distribution': 'uniform', 'sample_num': 1, 'alpha': 1.0, 'dynamic': False, 'candidate_num': 0}]
Fri 17 Apr 2026 15:38:08 INFO  [Evaluation]: eval_batch_size = [2048] eval_args: [{'split': {'RS': [0.75, 0.2, 0.05]}, 'order': 'RO', 'group_by': 'user', 'mode': {'valid': 'full', 'test': 'full'}}]
