Fri 17 Apr 2026 15:40:46 INFO  ['main.py', 'babyLFM2b1k', '72', '--clean', '--model', 'BPR', '--choice-model', 'consume_all', '--config', 'recbole_config_default.yaml', '--warm-start']
Fri 17 Apr 2026 15:40:46 INFO  
General Hyper Parameters:
gpu_id = 0
use_gpu = True
seed = 2020
state = INFO
reproducibility = True
data_path = recbole_tmp/dataset
checkpoint_dir = saved
show_progress = True
save_dataset = False
dataset_save_path = None
save_dataloaders = False
dataloaders_save_path = None
log_wandb = False

Training Hyper Parameters:
epochs = 10
train_batch_size = 2048
learner = adam
learning_rate = 0.001
train_neg_sample_args = {'distribution': 'uniform', 'sample_num': 1, 'alpha': 1.0, 'dynamic': False, 'candidate_num': 0}
eval_step = 1
stopping_step = 500
clip_grad_norm = None
weight_decay = 0.0
loss_decimal_place = 4

Evaluation Hyper Parameters:
eval_args = {'split': {'RS': [0.75, 0.2, 0.05]}, 'order': 'RO', 'group_by': 'user', 'mode': {'valid': 'full', 'test': 'full'}}
repeatable = False
metrics = ['NDCG']
topk = [10]
valid_metric = NDCG@10
valid_metric_bigger = True
eval_batch_size = 2048
metric_decimal_place = 3

Dataset Hyper Parameters:
field_separator = 	
seq_separator =  
USER_ID_FIELD = user_id
ITEM_ID_FIELD = item_id
RATING_FIELD = rating
TIME_FIELD = timestamp
seq_len = None
LABEL_FIELD = label
threshold = None
NEG_PREFIX = neg_
load_col = {'inter': ['user_id', 'item_id']}
unload_col = None
unused_col = None
additional_feat_suffix = None
rm_dup_inter = None
val_interval = None
filter_inter_by_user_or_item = True
user_inter_num_interval = [0,inf)
item_inter_num_interval = [0,inf)
alias_of_user_id = None
alias_of_item_id = None
alias_of_entity_id = None
alias_of_relation_id = None
preload_weight = None
normalize_field = None
normalize_all = None
ITEM_LIST_LENGTH_FIELD = item_length
LIST_SUFFIX = _list
MAX_ITEM_LIST_LENGTH = 500
POSITION_FIELD = position_id
HEAD_ENTITY_ID_FIELD = head_id
TAIL_ENTITY_ID_FIELD = tail_id
RELATION_ID_FIELD = relation_id
ENTITY_ID_FIELD = entity_id
benchmark_filename = None

Other Hyper Parameters: 
worker = 0
wandb_project = recbole
shuffle = True
require_pow = False
enable_amp = False
enable_scaler = False
transform = None
embedding_size = 256
numerical_features = []
discretization = None
kg_reverse_r = False
entity_kg_num_interval = [0,inf)
relation_kg_num_interval = [0,inf)
MODEL_TYPE = ModelType.GENERAL
MODEL_INPUT_TYPE = InputType.PAIRWISE
eval_type = EvaluatorType.RANKING
single_spec = True
local_rank = 0
device = cuda
valid_neg_sample_args = {'distribution': 'uniform', 'sample_num': 'none'}
test_neg_sample_args = {'distribution': 'uniform', 'sample_num': 'none'}


Fri 17 Apr 2026 15:40:47 INFO  dataset
The number of users: 656
Average actions of users: 732.212213740458
The number of items: 992
Average actions of items: 483.95459132189706
The number of inters: 479599
The sparsity of the dataset: 26.300802763571994%
Remain Fields: ['user_id', 'item_id']
Fri 17 Apr 2026 15:40:47 INFO  Preparing dataset
Fri 17 Apr 2026 15:40:48 INFO  [Training]: train_batch_size = [2048] train_neg_sample_args: [{'distribution': 'uniform', 'sample_num': 1, 'alpha': 1.0, 'dynamic': False, 'candidate_num': 0}]
Fri 17 Apr 2026 15:40:48 INFO  [Evaluation]: eval_batch_size = [2048] eval_args: [{'split': {'RS': [0.75, 0.2, 0.05]}, 'order': 'RO', 'group_by': 'user', 'mode': {'valid': 'full', 'test': 'full'}}]
Fri 17 Apr 2026 15:40:48 INFO  Done!
Fri 17 Apr 2026 15:40:49 INFO  BPR(
  (user_embedding): Embedding(656, 256)
  (item_embedding): Embedding(992, 256)
  (loss): BPRLoss()
)
Trainable parameters: 421888
Fri 17 Apr 2026 15:40:49 INFO  FLOPs: 512.0
Fri 17 Apr 2026 15:40:50 INFO  Resuming training from checkpoint: experiments/babyLFM2b1k/output/iteration_71_checkpoint.pth
Fri 17 Apr 2026 15:40:50 INFO  Checkpoint loaded. Resume training from epoch 11
Fri 17 Apr 2026 15:40:52 INFO  epoch 0 training [time: 1.74s, train loss: 69.0074]
Fri 17 Apr 2026 15:40:53 INFO  epoch 0 evaluating [time: 1.01s, valid_score: 0.791000]
Fri 17 Apr 2026 15:40:53 INFO  valid result: 
ndcg@10 : 0.791
Fri 17 Apr 2026 15:40:53 INFO  Saving current: experiments/babyLFM2b1k/output/iteration_71_checkpoint.pth
Fri 17 Apr 2026 15:40:55 INFO  epoch 1 training [time: 1.81s, train loss: 60.4314]
Fri 17 Apr 2026 15:40:55 INFO  epoch 1 evaluating [time: 0.94s, valid_score: 0.798000]
Fri 17 Apr 2026 15:40:55 INFO  valid result: 
ndcg@10 : 0.798
Fri 17 Apr 2026 15:40:56 INFO  Saving current: experiments/babyLFM2b1k/output/iteration_71_checkpoint.pth
Fri 17 Apr 2026 15:40:57 INFO  epoch 2 training [time: 1.72s, train loss: 55.0158]
Fri 17 Apr 2026 15:40:58 INFO  epoch 2 evaluating [time: 0.83s, valid_score: 0.802000]
Fri 17 Apr 2026 15:40:58 INFO  valid result: 
ndcg@10 : 0.802
Fri 17 Apr 2026 15:40:58 INFO  Saving current: experiments/babyLFM2b1k/output/iteration_71_checkpoint.pth
Fri 17 Apr 2026 15:41:00 INFO  epoch 3 training [time: 1.60s, train loss: 50.9654]
Fri 17 Apr 2026 15:41:00 INFO  epoch 3 evaluating [time: 0.66s, valid_score: 0.804000]
Fri 17 Apr 2026 15:41:00 INFO  valid result: 
ndcg@10 : 0.804
Fri 17 Apr 2026 15:41:00 INFO  Saving current: experiments/babyLFM2b1k/output/iteration_71_checkpoint.pth
Fri 17 Apr 2026 15:41:02 INFO  epoch 4 training [time: 1.63s, train loss: 47.5763]
Fri 17 Apr 2026 15:41:03 INFO  epoch 4 evaluating [time: 0.92s, valid_score: 0.807000]
Fri 17 Apr 2026 15:41:03 INFO  valid result: 
ndcg@10 : 0.807
Fri 17 Apr 2026 15:41:03 INFO  Saving current: experiments/babyLFM2b1k/output/iteration_71_checkpoint.pth
Fri 17 Apr 2026 15:41:04 INFO  epoch 5 training [time: 1.49s, train loss: 44.5220]
Fri 17 Apr 2026 15:41:05 INFO  epoch 5 evaluating [time: 0.58s, valid_score: 0.815000]
Fri 17 Apr 2026 15:41:05 INFO  valid result: 
ndcg@10 : 0.815
Fri 17 Apr 2026 15:41:05 INFO  Saving current: experiments/babyLFM2b1k/output/iteration_71_checkpoint.pth
Fri 17 Apr 2026 15:41:07 INFO  epoch 6 training [time: 1.60s, train loss: 42.1388]
Fri 17 Apr 2026 15:41:07 INFO  epoch 6 evaluating [time: 0.50s, valid_score: 0.818000]
Fri 17 Apr 2026 15:41:07 INFO  valid result: 
ndcg@10 : 0.818
Fri 17 Apr 2026 15:41:07 INFO  Saving current: experiments/babyLFM2b1k/output/iteration_71_checkpoint.pth
Fri 17 Apr 2026 15:41:09 INFO  epoch 7 training [time: 1.37s, train loss: 39.8312]
Fri 17 Apr 2026 15:41:10 INFO  epoch 7 evaluating [time: 1.29s, valid_score: 0.821000]
Fri 17 Apr 2026 15:41:10 INFO  valid result: 
ndcg@10 : 0.821
Fri 17 Apr 2026 15:41:10 INFO  Saving current: experiments/babyLFM2b1k/output/iteration_71_checkpoint.pth
Fri 17 Apr 2026 15:41:11 INFO  epoch 8 training [time: 1.66s, train loss: 37.5240]
Fri 17 Apr 2026 15:41:12 INFO  epoch 8 evaluating [time: 0.55s, valid_score: 0.819000]
Fri 17 Apr 2026 15:41:12 INFO  valid result: 
ndcg@10 : 0.819
Fri 17 Apr 2026 15:41:14 INFO  epoch 9 training [time: 1.73s, train loss: 35.6191]
Fri 17 Apr 2026 15:41:14 INFO  epoch 9 evaluating [time: 0.49s, valid_score: 0.820000]
Fri 17 Apr 2026 15:41:14 INFO  valid result: 
ndcg@10 : 0.82
Fri 17 Apr 2026 15:41:14 INFO  best valid : OrderedDict([('ndcg@10', 0.821)])
Fri 17 Apr 2026 15:41:14 INFO  No new best model saved (score did not improve). Force-saving current model state to: saved/iteration_71_checkpoint.pth
Fri 17 Apr 2026 15:41:14 INFO  Saving current: saved/iteration_71_checkpoint.pth
Fri 17 Apr 2026 15:41:14 INFO  
General Hyper Parameters:
gpu_id = 0
use_gpu = True
seed = 2020
state = INFO
reproducibility = True
data_path = recbole_tmp/dataset
checkpoint_dir = saved
show_progress = True
save_dataset = False
dataset_save_path = None
save_dataloaders = False
dataloaders_save_path = None
log_wandb = False

Training Hyper Parameters:
epochs = 10
train_batch_size = 2048
learner = adam
learning_rate = 0.001
train_neg_sample_args = {'distribution': 'uniform', 'sample_num': 1, 'alpha': 1.0, 'dynamic': False, 'candidate_num': 0}
eval_step = 1
stopping_step = 500
clip_grad_norm = None
weight_decay = 0.0
loss_decimal_place = 4

Evaluation Hyper Parameters:
eval_args = {'split': {'RS': [0.75, 0.2, 0.05]}, 'order': 'RO', 'group_by': 'user', 'mode': {'valid': 'full', 'test': 'full'}}
repeatable = False
metrics = ['NDCG']
topk = [10]
valid_metric = NDCG@10
valid_metric_bigger = True
eval_batch_size = 2048
metric_decimal_place = 3

Dataset Hyper Parameters:
field_separator = 	
seq_separator =  
USER_ID_FIELD = user_id
ITEM_ID_FIELD = item_id
RATING_FIELD = rating
TIME_FIELD = timestamp
seq_len = None
LABEL_FIELD = label
threshold = None
NEG_PREFIX = neg_
load_col = {'inter': ['user_id', 'item_id']}
unload_col = None
unused_col = None
additional_feat_suffix = None
rm_dup_inter = None
val_interval = None
filter_inter_by_user_or_item = True
user_inter_num_interval = [0,inf)
item_inter_num_interval = [0,inf)
alias_of_user_id = None
alias_of_item_id = None
alias_of_entity_id = None
alias_of_relation_id = None
preload_weight = None
normalize_field = None
normalize_all = None
ITEM_LIST_LENGTH_FIELD = item_length
LIST_SUFFIX = _list
MAX_ITEM_LIST_LENGTH = 500
POSITION_FIELD = position_id
HEAD_ENTITY_ID_FIELD = head_id
TAIL_ENTITY_ID_FIELD = tail_id
RELATION_ID_FIELD = relation_id
ENTITY_ID_FIELD = entity_id
benchmark_filename = None

Other Hyper Parameters: 
worker = 0
wandb_project = recbole
shuffle = True
require_pow = False
enable_amp = False
enable_scaler = False
transform = None
embedding_size = 256
numerical_features = []
discretization = None
kg_reverse_r = False
entity_kg_num_interval = [0,inf)
relation_kg_num_interval = [0,inf)
MODEL_TYPE = ModelType.GENERAL
MODEL_INPUT_TYPE = InputType.PAIRWISE
eval_type = EvaluatorType.RANKING
single_spec = True
local_rank = 0
device = cuda
valid_neg_sample_args = {'distribution': 'uniform', 'sample_num': 'none'}
test_neg_sample_args = {'distribution': 'uniform', 'sample_num': 'none'}


Fri 17 Apr 2026 15:41:16 INFO  dataset
The number of users: 656
Average actions of users: 732.212213740458
The number of items: 992
Average actions of items: 483.95459132189706
The number of inters: 479599
The sparsity of the dataset: 26.300802763571994%
Remain Fields: ['user_id', 'item_id']
Fri 17 Apr 2026 15:41:17 INFO  [Training]: train_batch_size = [2048] train_neg_sample_args: [{'distribution': 'uniform', 'sample_num': 1, 'alpha': 1.0, 'dynamic': False, 'candidate_num': 0}]
Fri 17 Apr 2026 15:41:17 INFO  [Evaluation]: eval_batch_size = [2048] eval_args: [{'split': {'RS': [0.75, 0.2, 0.05]}, 'order': 'RO', 'group_by': 'user', 'mode': {'valid': 'full', 'test': 'full'}}]
