Wed 15 Apr 2026 14:32:15 INFO  ['main.py', 'babyLFM2b1k', '79', '--clean', '--model', 'BPR', '--choice-model', 'consume_all', '--config', 'recbole_config_default.yaml']
Wed 15 Apr 2026 14:32:15 INFO  
General Hyper Parameters:
gpu_id = 0
use_gpu = True
seed = 2020
state = INFO
reproducibility = True
data_path = recbole_tmp/dataset
checkpoint_dir = saved
show_progress = True
save_dataset = False
dataset_save_path = None
save_dataloaders = False
dataloaders_save_path = None
log_wandb = False

Training Hyper Parameters:
epochs = 15
train_batch_size = 2048
learner = adam
learning_rate = 0.001
train_neg_sample_args = {'distribution': 'uniform', 'sample_num': 1, 'alpha': 1.0, 'dynamic': False, 'candidate_num': 0}
eval_step = 1
stopping_step = 5
clip_grad_norm = None
weight_decay = 0.0
loss_decimal_place = 4

Evaluation Hyper Parameters:
eval_args = {'split': {'RS': [0.75, 0.2, 0.05]}, 'order': 'RO', 'group_by': 'user', 'mode': {'valid': 'full', 'test': 'full'}}
repeatable = False
metrics = ['NDCG']
topk = [10]
valid_metric = NDCG@10
valid_metric_bigger = True
eval_batch_size = 2048
metric_decimal_place = 6

Dataset Hyper Parameters:
field_separator = 	
seq_separator =  
USER_ID_FIELD = user_id
ITEM_ID_FIELD = item_id
RATING_FIELD = rating
TIME_FIELD = timestamp
seq_len = None
LABEL_FIELD = label
threshold = None
NEG_PREFIX = neg_
load_col = {'inter': ['user_id', 'item_id']}
unload_col = None
unused_col = None
additional_feat_suffix = None
rm_dup_inter = None
val_interval = None
filter_inter_by_user_or_item = True
user_inter_num_interval = [0,inf)
item_inter_num_interval = [0,inf)
alias_of_user_id = None
alias_of_item_id = None
alias_of_entity_id = None
alias_of_relation_id = None
preload_weight = None
normalize_field = None
normalize_all = None
ITEM_LIST_LENGTH_FIELD = item_length
LIST_SUFFIX = _list
MAX_ITEM_LIST_LENGTH = 500
POSITION_FIELD = position_id
HEAD_ENTITY_ID_FIELD = head_id
TAIL_ENTITY_ID_FIELD = tail_id
RELATION_ID_FIELD = relation_id
ENTITY_ID_FIELD = entity_id
benchmark_filename = None

Other Hyper Parameters: 
worker = 0
wandb_project = recbole
shuffle = True
require_pow = False
enable_amp = False
enable_scaler = False
transform = None
embedding_size = 256
numerical_features = []
discretization = None
kg_reverse_r = False
entity_kg_num_interval = [0,inf)
relation_kg_num_interval = [0,inf)
MODEL_TYPE = ModelType.GENERAL
MODEL_INPUT_TYPE = InputType.PAIRWISE
eval_type = EvaluatorType.RANKING
single_spec = True
local_rank = 0
device = cuda
valid_neg_sample_args = {'distribution': 'uniform', 'sample_num': 'none'}
test_neg_sample_args = {'distribution': 'uniform', 'sample_num': 'none'}


Wed 15 Apr 2026 14:32:16 INFO  dataset
The number of users: 656
Average actions of users: 802.2015267175573
The number of items: 992
Average actions of items: 530.2139253279515
The number of inters: 525442
The sparsity of the dataset: 19.256183615263566%
Remain Fields: ['user_id', 'item_id']
Wed 15 Apr 2026 14:32:16 INFO  Preparing dataset
Wed 15 Apr 2026 14:32:17 INFO  [Training]: train_batch_size = [2048] train_neg_sample_args: [{'distribution': 'uniform', 'sample_num': 1, 'alpha': 1.0, 'dynamic': False, 'candidate_num': 0}]
Wed 15 Apr 2026 14:32:17 INFO  [Evaluation]: eval_batch_size = [2048] eval_args: [{'split': {'RS': [0.75, 0.2, 0.05]}, 'order': 'RO', 'group_by': 'user', 'mode': {'valid': 'full', 'test': 'full'}}]
Wed 15 Apr 2026 14:32:17 INFO  Done!
Wed 15 Apr 2026 14:32:17 INFO  BPR(
  (user_embedding): Embedding(656, 256)
  (item_embedding): Embedding(992, 256)
  (loss): BPRLoss()
)
Trainable parameters: 421888
Wed 15 Apr 2026 14:32:18 INFO  FLOPs: 512.0
Wed 15 Apr 2026 14:32:22 INFO  epoch 0 training [time: 2.97s, train loss: 120.7722]
Wed 15 Apr 2026 14:32:25 INFO  epoch 0 evaluating [time: 3.30s, valid_score: 0.818220]
Wed 15 Apr 2026 14:32:25 INFO  valid result: 
ndcg@10 : 0.81822
Wed 15 Apr 2026 14:32:25 INFO  Saving current: saved/BPR-Apr-15-2026_14-32-18.pth
Wed 15 Apr 2026 14:32:28 INFO  epoch 1 training [time: 2.89s, train loss: 70.7288]
Wed 15 Apr 2026 14:32:31 INFO  epoch 1 evaluating [time: 3.25s, valid_score: 0.815005]
Wed 15 Apr 2026 14:32:31 INFO  valid result: 
ndcg@10 : 0.815005
Wed 15 Apr 2026 14:32:34 INFO  epoch 2 training [time: 2.80s, train loss: 65.9898]
Wed 15 Apr 2026 14:32:37 INFO  epoch 2 evaluating [time: 2.96s, valid_score: 0.827520]
Wed 15 Apr 2026 14:32:37 INFO  valid result: 
ndcg@10 : 0.82752
Wed 15 Apr 2026 14:32:37 INFO  Saving current: saved/BPR-Apr-15-2026_14-32-18.pth
Wed 15 Apr 2026 14:32:40 INFO  epoch 3 training [time: 2.82s, train loss: 63.6876]
Wed 15 Apr 2026 14:32:43 INFO  epoch 3 evaluating [time: 3.15s, valid_score: 0.828613]
Wed 15 Apr 2026 14:32:43 INFO  valid result: 
ndcg@10 : 0.828613
Wed 15 Apr 2026 14:32:43 INFO  Saving current: saved/BPR-Apr-15-2026_14-32-18.pth
Wed 15 Apr 2026 14:32:46 INFO  epoch 4 training [time: 2.87s, train loss: 59.6950]
Wed 15 Apr 2026 14:32:49 INFO  epoch 4 evaluating [time: 3.22s, valid_score: 0.828443]
Wed 15 Apr 2026 14:32:49 INFO  valid result: 
ndcg@10 : 0.828443
Wed 15 Apr 2026 14:32:52 INFO  epoch 5 training [time: 2.86s, train loss: 55.5900]
Wed 15 Apr 2026 14:32:55 INFO  epoch 5 evaluating [time: 3.29s, valid_score: 0.828266]
Wed 15 Apr 2026 14:32:55 INFO  valid result: 
ndcg@10 : 0.828266
Wed 15 Apr 2026 14:32:58 INFO  epoch 6 training [time: 2.82s, train loss: 50.7593]
Wed 15 Apr 2026 14:33:01 INFO  epoch 6 evaluating [time: 3.10s, valid_score: 0.826582]
Wed 15 Apr 2026 14:33:01 INFO  valid result: 
ndcg@10 : 0.826582
Wed 15 Apr 2026 14:33:04 INFO  epoch 7 training [time: 2.81s, train loss: 46.3649]
Wed 15 Apr 2026 14:33:07 INFO  epoch 7 evaluating [time: 3.11s, valid_score: 0.829266]
Wed 15 Apr 2026 14:33:07 INFO  valid result: 
ndcg@10 : 0.829266
Wed 15 Apr 2026 14:33:07 INFO  Saving current: saved/BPR-Apr-15-2026_14-32-18.pth
Wed 15 Apr 2026 14:33:10 INFO  epoch 8 training [time: 2.89s, train loss: 42.0976]
Wed 15 Apr 2026 14:33:13 INFO  epoch 8 evaluating [time: 3.07s, valid_score: 0.833044]
Wed 15 Apr 2026 14:33:13 INFO  valid result: 
ndcg@10 : 0.833044
Wed 15 Apr 2026 14:33:13 INFO  Saving current: saved/BPR-Apr-15-2026_14-32-18.pth
Wed 15 Apr 2026 14:33:16 INFO  epoch 9 training [time: 2.82s, train loss: 38.0361]
Wed 15 Apr 2026 14:33:19 INFO  epoch 9 evaluating [time: 3.03s, valid_score: 0.832322]
Wed 15 Apr 2026 14:33:19 INFO  valid result: 
ndcg@10 : 0.832322
Wed 15 Apr 2026 14:33:22 INFO  epoch 10 training [time: 2.77s, train loss: 34.5331]
Wed 15 Apr 2026 14:33:25 INFO  epoch 10 evaluating [time: 3.17s, valid_score: 0.834197]
Wed 15 Apr 2026 14:33:25 INFO  valid result: 
ndcg@10 : 0.834197
Wed 15 Apr 2026 14:33:25 INFO  Saving current: saved/BPR-Apr-15-2026_14-32-18.pth
Wed 15 Apr 2026 14:33:28 INFO  epoch 11 training [time: 2.77s, train loss: 31.3605]
Wed 15 Apr 2026 14:33:31 INFO  epoch 11 evaluating [time: 2.98s, valid_score: 0.836857]
Wed 15 Apr 2026 14:33:31 INFO  valid result: 
ndcg@10 : 0.836857
Wed 15 Apr 2026 14:33:31 INFO  Saving current: saved/BPR-Apr-15-2026_14-32-18.pth
Wed 15 Apr 2026 14:33:34 INFO  epoch 12 training [time: 2.78s, train loss: 28.6321]
Wed 15 Apr 2026 14:33:37 INFO  epoch 12 evaluating [time: 3.28s, valid_score: 0.840135]
Wed 15 Apr 2026 14:33:37 INFO  valid result: 
ndcg@10 : 0.840135
Wed 15 Apr 2026 14:33:37 INFO  Saving current: saved/BPR-Apr-15-2026_14-32-18.pth
Wed 15 Apr 2026 14:33:40 INFO  epoch 13 training [time: 2.85s, train loss: 25.9235]
Wed 15 Apr 2026 14:33:47 INFO  epoch 13 evaluating [time: 6.80s, valid_score: 0.843602]
Wed 15 Apr 2026 14:33:47 INFO  valid result: 
ndcg@10 : 0.843602
Wed 15 Apr 2026 14:33:47 INFO  Saving current: saved/BPR-Apr-15-2026_14-32-18.pth
Wed 15 Apr 2026 14:33:51 INFO  epoch 14 training [time: 4.36s, train loss: 23.8185]
Wed 15 Apr 2026 14:33:56 INFO  epoch 14 evaluating [time: 5.08s, valid_score: 0.844198]
Wed 15 Apr 2026 14:33:56 INFO  valid result: 
ndcg@10 : 0.844198
Wed 15 Apr 2026 14:33:56 INFO  Saving current: saved/BPR-Apr-15-2026_14-32-18.pth
Wed 15 Apr 2026 14:33:56 INFO  best valid : OrderedDict([('ndcg@10', 0.844198)])
Wed 15 Apr 2026 14:33:56 INFO  
General Hyper Parameters:
gpu_id = 0
use_gpu = True
seed = 2020
state = INFO
reproducibility = True
data_path = recbole_tmp/dataset
checkpoint_dir = saved
show_progress = True
save_dataset = False
dataset_save_path = None
save_dataloaders = False
dataloaders_save_path = None
log_wandb = False

Training Hyper Parameters:
epochs = 15
train_batch_size = 2048
learner = adam
learning_rate = 0.001
train_neg_sample_args = {'distribution': 'uniform', 'sample_num': 1, 'alpha': 1.0, 'dynamic': False, 'candidate_num': 0}
eval_step = 1
stopping_step = 5
clip_grad_norm = None
weight_decay = 0.0
loss_decimal_place = 4

Evaluation Hyper Parameters:
eval_args = {'split': {'RS': [0.75, 0.2, 0.05]}, 'order': 'RO', 'group_by': 'user', 'mode': {'valid': 'full', 'test': 'full'}}
repeatable = False
metrics = ['NDCG']
topk = [10]
valid_metric = NDCG@10
valid_metric_bigger = True
eval_batch_size = 2048
metric_decimal_place = 6

Dataset Hyper Parameters:
field_separator = 	
seq_separator =  
USER_ID_FIELD = user_id
ITEM_ID_FIELD = item_id
RATING_FIELD = rating
TIME_FIELD = timestamp
seq_len = None
LABEL_FIELD = label
threshold = None
NEG_PREFIX = neg_
load_col = {'inter': ['user_id', 'item_id']}
unload_col = None
unused_col = None
additional_feat_suffix = None
rm_dup_inter = None
val_interval = None
filter_inter_by_user_or_item = True
user_inter_num_interval = [0,inf)
item_inter_num_interval = [0,inf)
alias_of_user_id = None
alias_of_item_id = None
alias_of_entity_id = None
alias_of_relation_id = None
preload_weight = None
normalize_field = None
normalize_all = None
ITEM_LIST_LENGTH_FIELD = item_length
LIST_SUFFIX = _list
MAX_ITEM_LIST_LENGTH = 500
POSITION_FIELD = position_id
HEAD_ENTITY_ID_FIELD = head_id
TAIL_ENTITY_ID_FIELD = tail_id
RELATION_ID_FIELD = relation_id
ENTITY_ID_FIELD = entity_id
benchmark_filename = None

Other Hyper Parameters: 
worker = 0
wandb_project = recbole
shuffle = True
require_pow = False
enable_amp = False
enable_scaler = False
transform = None
embedding_size = 256
numerical_features = []
discretization = None
kg_reverse_r = False
entity_kg_num_interval = [0,inf)
relation_kg_num_interval = [0,inf)
MODEL_TYPE = ModelType.GENERAL
MODEL_INPUT_TYPE = InputType.PAIRWISE
eval_type = EvaluatorType.RANKING
single_spec = True
local_rank = 0
device = cuda
valid_neg_sample_args = {'distribution': 'uniform', 'sample_num': 'none'}
test_neg_sample_args = {'distribution': 'uniform', 'sample_num': 'none'}


Wed 15 Apr 2026 14:33:57 INFO  dataset
The number of users: 656
Average actions of users: 802.2015267175573
The number of items: 992
Average actions of items: 530.2139253279515
The number of inters: 525442
The sparsity of the dataset: 19.256183615263566%
Remain Fields: ['user_id', 'item_id']
Wed 15 Apr 2026 14:33:58 INFO  [Training]: train_batch_size = [2048] train_neg_sample_args: [{'distribution': 'uniform', 'sample_num': 1, 'alpha': 1.0, 'dynamic': False, 'candidate_num': 0}]
Wed 15 Apr 2026 14:33:58 INFO  [Evaluation]: eval_batch_size = [2048] eval_args: [{'split': {'RS': [0.75, 0.2, 0.05]}, 'order': 'RO', 'group_by': 'user', 'mode': {'valid': 'full', 'test': 'full'}}]
