Fri 17 Apr 2026 15:12:50 INFO  ['main.py', 'babyLFM2b1k', '15', '--clean', '--model', 'BPR', '--choice-model', 'consume_all', '--config', 'recbole_config_default.yaml', '--warm-start']
Fri 17 Apr 2026 15:12:50 INFO  
General Hyper Parameters:
gpu_id = 0
use_gpu = True
seed = 2020
state = INFO
reproducibility = True
data_path = recbole_tmp/dataset
checkpoint_dir = saved
show_progress = True
save_dataset = False
dataset_save_path = None
save_dataloaders = False
dataloaders_save_path = None
log_wandb = False

Training Hyper Parameters:
epochs = 10
train_batch_size = 2048
learner = adam
learning_rate = 0.001
train_neg_sample_args = {'distribution': 'uniform', 'sample_num': 1, 'alpha': 1.0, 'dynamic': False, 'candidate_num': 0}
eval_step = 1
stopping_step = 500
clip_grad_norm = None
weight_decay = 0.0
loss_decimal_place = 4

Evaluation Hyper Parameters:
eval_args = {'split': {'RS': [0.75, 0.2, 0.05]}, 'order': 'RO', 'group_by': 'user', 'mode': {'valid': 'full', 'test': 'full'}}
repeatable = False
metrics = ['NDCG']
topk = [10]
valid_metric = NDCG@10
valid_metric_bigger = True
eval_batch_size = 2048
metric_decimal_place = 3

Dataset Hyper Parameters:
field_separator = 	
seq_separator =  
USER_ID_FIELD = user_id
ITEM_ID_FIELD = item_id
RATING_FIELD = rating
TIME_FIELD = timestamp
seq_len = None
LABEL_FIELD = label
threshold = None
NEG_PREFIX = neg_
load_col = {'inter': ['user_id', 'item_id']}
unload_col = None
unused_col = None
additional_feat_suffix = None
rm_dup_inter = None
val_interval = None
filter_inter_by_user_or_item = True
user_inter_num_interval = [0,inf)
item_inter_num_interval = [0,inf)
alias_of_user_id = None
alias_of_item_id = None
alias_of_entity_id = None
alias_of_relation_id = None
preload_weight = None
normalize_field = None
normalize_all = None
ITEM_LIST_LENGTH_FIELD = item_length
LIST_SUFFIX = _list
MAX_ITEM_LIST_LENGTH = 500
POSITION_FIELD = position_id
HEAD_ENTITY_ID_FIELD = head_id
TAIL_ENTITY_ID_FIELD = tail_id
RELATION_ID_FIELD = relation_id
ENTITY_ID_FIELD = entity_id
benchmark_filename = None

Other Hyper Parameters: 
worker = 0
wandb_project = recbole
shuffle = True
require_pow = False
enable_amp = False
enable_scaler = False
transform = None
embedding_size = 256
numerical_features = []
discretization = None
kg_reverse_r = False
entity_kg_num_interval = [0,inf)
relation_kg_num_interval = [0,inf)
MODEL_TYPE = ModelType.GENERAL
MODEL_INPUT_TYPE = InputType.PAIRWISE
eval_type = EvaluatorType.RANKING
single_spec = True
local_rank = 0
device = cuda
valid_neg_sample_args = {'distribution': 'uniform', 'sample_num': 'none'}
test_neg_sample_args = {'distribution': 'uniform', 'sample_num': 'none'}


Fri 17 Apr 2026 15:12:50 INFO  dataset
The number of users: 656
Average actions of users: 162.29923664122137
The number of items: 992
Average actions of items: 107.27144298688194
The number of inters: 106306
The sparsity of the dataset: 83.6641301140834%
Remain Fields: ['user_id', 'item_id']
Fri 17 Apr 2026 15:12:50 INFO  Preparing dataset
Fri 17 Apr 2026 15:12:50 INFO  [Training]: train_batch_size = [2048] train_neg_sample_args: [{'distribution': 'uniform', 'sample_num': 1, 'alpha': 1.0, 'dynamic': False, 'candidate_num': 0}]
Fri 17 Apr 2026 15:12:50 INFO  [Evaluation]: eval_batch_size = [2048] eval_args: [{'split': {'RS': [0.75, 0.2, 0.05]}, 'order': 'RO', 'group_by': 'user', 'mode': {'valid': 'full', 'test': 'full'}}]
Fri 17 Apr 2026 15:12:50 INFO  Done!
Fri 17 Apr 2026 15:12:50 INFO  BPR(
  (user_embedding): Embedding(656, 256)
  (item_embedding): Embedding(992, 256)
  (loss): BPRLoss()
)
Trainable parameters: 421888
Fri 17 Apr 2026 15:12:51 INFO  FLOPs: 512.0
Fri 17 Apr 2026 15:12:52 INFO  Resuming training from checkpoint: experiments/babyLFM2b1k/output/iteration_14_checkpoint.pth
Fri 17 Apr 2026 15:12:52 INFO  Checkpoint loaded. Resume training from epoch 11
Fri 17 Apr 2026 15:12:52 INFO  epoch 0 training [time: 0.42s, train loss: 4.3188]
Fri 17 Apr 2026 15:12:53 INFO  epoch 0 evaluating [time: 0.64s, valid_score: 0.770000]
Fri 17 Apr 2026 15:12:53 INFO  valid result: 
ndcg@10 : 0.77
Fri 17 Apr 2026 15:12:53 INFO  Saving current: experiments/babyLFM2b1k/output/iteration_14_checkpoint.pth
Fri 17 Apr 2026 15:12:53 INFO  epoch 1 training [time: 0.26s, train loss: 3.3906]
Fri 17 Apr 2026 15:12:54 INFO  epoch 1 evaluating [time: 0.47s, valid_score: 0.786000]
Fri 17 Apr 2026 15:12:54 INFO  valid result: 
ndcg@10 : 0.786
Fri 17 Apr 2026 15:12:54 INFO  Saving current: experiments/babyLFM2b1k/output/iteration_14_checkpoint.pth
Fri 17 Apr 2026 15:12:54 INFO  epoch 2 training [time: 0.26s, train loss: 3.0216]
Fri 17 Apr 2026 15:12:55 INFO  epoch 2 evaluating [time: 0.66s, valid_score: 0.791000]
Fri 17 Apr 2026 15:12:55 INFO  valid result: 
ndcg@10 : 0.791
Fri 17 Apr 2026 15:12:55 INFO  Saving current: experiments/babyLFM2b1k/output/iteration_14_checkpoint.pth
Fri 17 Apr 2026 15:12:55 INFO  epoch 3 training [time: 0.39s, train loss: 2.6513]
Fri 17 Apr 2026 15:12:56 INFO  epoch 3 evaluating [time: 1.02s, valid_score: 0.794000]
Fri 17 Apr 2026 15:12:56 INFO  valid result: 
ndcg@10 : 0.794
Fri 17 Apr 2026 15:12:56 INFO  Saving current: experiments/babyLFM2b1k/output/iteration_14_checkpoint.pth
Fri 17 Apr 2026 15:12:56 INFO  epoch 4 training [time: 0.30s, train loss: 2.6021]
Fri 17 Apr 2026 15:12:57 INFO  epoch 4 evaluating [time: 1.04s, valid_score: 0.796000]
Fri 17 Apr 2026 15:12:57 INFO  valid result: 
ndcg@10 : 0.796
Fri 17 Apr 2026 15:12:58 INFO  Saving current: experiments/babyLFM2b1k/output/iteration_14_checkpoint.pth
Fri 17 Apr 2026 15:12:58 INFO  epoch 5 training [time: 0.27s, train loss: 2.4662]
Fri 17 Apr 2026 15:12:58 INFO  epoch 5 evaluating [time: 0.48s, valid_score: 0.799000]
Fri 17 Apr 2026 15:12:58 INFO  valid result: 
ndcg@10 : 0.799
Fri 17 Apr 2026 15:12:58 INFO  Saving current: experiments/babyLFM2b1k/output/iteration_14_checkpoint.pth
Fri 17 Apr 2026 15:12:59 INFO  epoch 6 training [time: 0.28s, train loss: 2.3970]
Fri 17 Apr 2026 15:12:59 INFO  epoch 6 evaluating [time: 0.51s, valid_score: 0.799000]
Fri 17 Apr 2026 15:12:59 INFO  valid result: 
ndcg@10 : 0.799
Fri 17 Apr 2026 15:12:59 INFO  Saving current: experiments/babyLFM2b1k/output/iteration_14_checkpoint.pth
Fri 17 Apr 2026 15:12:59 INFO  epoch 7 training [time: 0.26s, train loss: 2.2673]
Fri 17 Apr 2026 15:13:00 INFO  epoch 7 evaluating [time: 0.74s, valid_score: 0.799000]
Fri 17 Apr 2026 15:13:00 INFO  valid result: 
ndcg@10 : 0.799
Fri 17 Apr 2026 15:13:00 INFO  Saving current: experiments/babyLFM2b1k/output/iteration_14_checkpoint.pth
Fri 17 Apr 2026 15:13:00 INFO  epoch 8 training [time: 0.34s, train loss: 2.2514]
Fri 17 Apr 2026 15:13:01 INFO  epoch 8 evaluating [time: 0.67s, valid_score: 0.798000]
Fri 17 Apr 2026 15:13:01 INFO  valid result: 
ndcg@10 : 0.798
Fri 17 Apr 2026 15:13:01 INFO  epoch 9 training [time: 0.27s, train loss: 2.1528]
Fri 17 Apr 2026 15:13:02 INFO  epoch 9 evaluating [time: 0.86s, valid_score: 0.802000]
Fri 17 Apr 2026 15:13:02 INFO  valid result: 
ndcg@10 : 0.802
Fri 17 Apr 2026 15:13:02 INFO  Saving current: experiments/babyLFM2b1k/output/iteration_14_checkpoint.pth
Fri 17 Apr 2026 15:13:02 INFO  best valid : OrderedDict([('ndcg@10', 0.802)])
Fri 17 Apr 2026 15:13:02 INFO  No new best model saved (score did not improve). Force-saving current model state to: saved/iteration_14_checkpoint.pth
Fri 17 Apr 2026 15:13:02 INFO  Saving current: saved/iteration_14_checkpoint.pth
Fri 17 Apr 2026 15:13:02 INFO  
General Hyper Parameters:
gpu_id = 0
use_gpu = True
seed = 2020
state = INFO
reproducibility = True
data_path = recbole_tmp/dataset
checkpoint_dir = saved
show_progress = True
save_dataset = False
dataset_save_path = None
save_dataloaders = False
dataloaders_save_path = None
log_wandb = False

Training Hyper Parameters:
epochs = 10
train_batch_size = 2048
learner = adam
learning_rate = 0.001
train_neg_sample_args = {'distribution': 'uniform', 'sample_num': 1, 'alpha': 1.0, 'dynamic': False, 'candidate_num': 0}
eval_step = 1
stopping_step = 500
clip_grad_norm = None
weight_decay = 0.0
loss_decimal_place = 4

Evaluation Hyper Parameters:
eval_args = {'split': {'RS': [0.75, 0.2, 0.05]}, 'order': 'RO', 'group_by': 'user', 'mode': {'valid': 'full', 'test': 'full'}}
repeatable = False
metrics = ['NDCG']
topk = [10]
valid_metric = NDCG@10
valid_metric_bigger = True
eval_batch_size = 2048
metric_decimal_place = 3

Dataset Hyper Parameters:
field_separator = 	
seq_separator =  
USER_ID_FIELD = user_id
ITEM_ID_FIELD = item_id
RATING_FIELD = rating
TIME_FIELD = timestamp
seq_len = None
LABEL_FIELD = label
threshold = None
NEG_PREFIX = neg_
load_col = {'inter': ['user_id', 'item_id']}
unload_col = None
unused_col = None
additional_feat_suffix = None
rm_dup_inter = None
val_interval = None
filter_inter_by_user_or_item = True
user_inter_num_interval = [0,inf)
item_inter_num_interval = [0,inf)
alias_of_user_id = None
alias_of_item_id = None
alias_of_entity_id = None
alias_of_relation_id = None
preload_weight = None
normalize_field = None
normalize_all = None
ITEM_LIST_LENGTH_FIELD = item_length
LIST_SUFFIX = _list
MAX_ITEM_LIST_LENGTH = 500
POSITION_FIELD = position_id
HEAD_ENTITY_ID_FIELD = head_id
TAIL_ENTITY_ID_FIELD = tail_id
RELATION_ID_FIELD = relation_id
ENTITY_ID_FIELD = entity_id
benchmark_filename = None

Other Hyper Parameters: 
worker = 0
wandb_project = recbole
shuffle = True
require_pow = False
enable_amp = False
enable_scaler = False
transform = None
embedding_size = 256
numerical_features = []
discretization = None
kg_reverse_r = False
entity_kg_num_interval = [0,inf)
relation_kg_num_interval = [0,inf)
MODEL_TYPE = ModelType.GENERAL
MODEL_INPUT_TYPE = InputType.PAIRWISE
eval_type = EvaluatorType.RANKING
single_spec = True
local_rank = 0
device = cuda
valid_neg_sample_args = {'distribution': 'uniform', 'sample_num': 'none'}
test_neg_sample_args = {'distribution': 'uniform', 'sample_num': 'none'}


Fri 17 Apr 2026 15:13:03 INFO  dataset
The number of users: 656
Average actions of users: 162.29923664122137
The number of items: 992
Average actions of items: 107.27144298688194
The number of inters: 106306
The sparsity of the dataset: 83.6641301140834%
Remain Fields: ['user_id', 'item_id']
Fri 17 Apr 2026 15:13:03 INFO  [Training]: train_batch_size = [2048] train_neg_sample_args: [{'distribution': 'uniform', 'sample_num': 1, 'alpha': 1.0, 'dynamic': False, 'candidate_num': 0}]
Fri 17 Apr 2026 15:13:03 INFO  [Evaluation]: eval_batch_size = [2048] eval_args: [{'split': {'RS': [0.75, 0.2, 0.05]}, 'order': 'RO', 'group_by': 'user', 'mode': {'valid': 'full', 'test': 'full'}}]
