Wed 15 Apr 2026 13:45:18 INFO  ['main.py', 'babyLFM2b1k', '50', '--clean', '--model', 'BPR', '--choice-model', 'consume_all', '--config', 'recbole_config_default.yaml']
Wed 15 Apr 2026 13:45:18 INFO  
General Hyper Parameters:
gpu_id = 0
use_gpu = True
seed = 2020
state = INFO
reproducibility = True
data_path = recbole_tmp/dataset
checkpoint_dir = saved
show_progress = True
save_dataset = False
dataset_save_path = None
save_dataloaders = False
dataloaders_save_path = None
log_wandb = False

Training Hyper Parameters:
epochs = 15
train_batch_size = 2048
learner = adam
learning_rate = 0.001
train_neg_sample_args = {'distribution': 'uniform', 'sample_num': 1, 'alpha': 1.0, 'dynamic': False, 'candidate_num': 0}
eval_step = 1
stopping_step = 5
clip_grad_norm = None
weight_decay = 0.0
loss_decimal_place = 4

Evaluation Hyper Parameters:
eval_args = {'split': {'RS': [0.75, 0.2, 0.05]}, 'order': 'RO', 'group_by': 'user', 'mode': {'valid': 'full', 'test': 'full'}}
repeatable = False
metrics = ['NDCG']
topk = [10]
valid_metric = NDCG@10
valid_metric_bigger = True
eval_batch_size = 2048
metric_decimal_place = 6

Dataset Hyper Parameters:
field_separator = 	
seq_separator =  
USER_ID_FIELD = user_id
ITEM_ID_FIELD = item_id
RATING_FIELD = rating
TIME_FIELD = timestamp
seq_len = None
LABEL_FIELD = label
threshold = None
NEG_PREFIX = neg_
load_col = {'inter': ['user_id', 'item_id']}
unload_col = None
unused_col = None
additional_feat_suffix = None
rm_dup_inter = None
val_interval = None
filter_inter_by_user_or_item = True
user_inter_num_interval = [0,inf)
item_inter_num_interval = [0,inf)
alias_of_user_id = None
alias_of_item_id = None
alias_of_entity_id = None
alias_of_relation_id = None
preload_weight = None
normalize_field = None
normalize_all = None
ITEM_LIST_LENGTH_FIELD = item_length
LIST_SUFFIX = _list
MAX_ITEM_LIST_LENGTH = 500
POSITION_FIELD = position_id
HEAD_ENTITY_ID_FIELD = head_id
TAIL_ENTITY_ID_FIELD = tail_id
RELATION_ID_FIELD = relation_id
ENTITY_ID_FIELD = entity_id
benchmark_filename = None

Other Hyper Parameters: 
worker = 0
wandb_project = recbole
shuffle = True
require_pow = False
enable_amp = False
enable_scaler = False
transform = None
embedding_size = 256
numerical_features = []
discretization = None
kg_reverse_r = False
entity_kg_num_interval = [0,inf)
relation_kg_num_interval = [0,inf)
MODEL_TYPE = ModelType.GENERAL
MODEL_INPUT_TYPE = InputType.PAIRWISE
eval_type = EvaluatorType.RANKING
single_spec = True
local_rank = 0
device = cuda
valid_neg_sample_args = {'distribution': 'uniform', 'sample_num': 'none'}
test_neg_sample_args = {'distribution': 'uniform', 'sample_num': 'none'}


Wed 15 Apr 2026 13:45:19 INFO  dataset
The number of users: 656
Average actions of users: 512.2458015267175
The number of items: 992
Average actions of items: 338.5681130171544
The number of inters: 335521
The sparsity of the dataset: 48.44103437254132%
Remain Fields: ['user_id', 'item_id']
Wed 15 Apr 2026 13:45:19 INFO  Preparing dataset
Wed 15 Apr 2026 13:45:20 INFO  [Training]: train_batch_size = [2048] train_neg_sample_args: [{'distribution': 'uniform', 'sample_num': 1, 'alpha': 1.0, 'dynamic': False, 'candidate_num': 0}]
Wed 15 Apr 2026 13:45:20 INFO  [Evaluation]: eval_batch_size = [2048] eval_args: [{'split': {'RS': [0.75, 0.2, 0.05]}, 'order': 'RO', 'group_by': 'user', 'mode': {'valid': 'full', 'test': 'full'}}]
Wed 15 Apr 2026 13:45:20 INFO  Done!
Wed 15 Apr 2026 13:45:20 INFO  BPR(
  (user_embedding): Embedding(656, 256)
  (item_embedding): Embedding(992, 256)
  (loss): BPRLoss()
)
Trainable parameters: 421888
Wed 15 Apr 2026 13:45:20 INFO  FLOPs: 512.0
Wed 15 Apr 2026 13:45:23 INFO  epoch 0 training [time: 1.80s, train loss: 80.5358]
Wed 15 Apr 2026 13:45:26 INFO  epoch 0 evaluating [time: 3.21s, valid_score: 0.818608]
Wed 15 Apr 2026 13:45:26 INFO  valid result: 
ndcg@10 : 0.818608
Wed 15 Apr 2026 13:45:26 INFO  Saving current: saved/BPR-Apr-15-2026_13-45-20.pth
Wed 15 Apr 2026 13:45:27 INFO  epoch 1 training [time: 1.30s, train loss: 30.8087]
Wed 15 Apr 2026 13:45:28 INFO  epoch 1 evaluating [time: 0.29s, valid_score: 0.823434]
Wed 15 Apr 2026 13:45:28 INFO  valid result: 
ndcg@10 : 0.823434
Wed 15 Apr 2026 13:45:28 INFO  Saving current: saved/BPR-Apr-15-2026_13-45-20.pth
Wed 15 Apr 2026 13:45:29 INFO  epoch 2 training [time: 1.42s, train loss: 22.3287]
Wed 15 Apr 2026 13:45:32 INFO  epoch 2 evaluating [time: 3.06s, valid_score: 0.820268]
Wed 15 Apr 2026 13:45:32 INFO  valid result: 
ndcg@10 : 0.820268
Wed 15 Apr 2026 13:45:34 INFO  epoch 3 training [time: 1.65s, train loss: 21.5347]
Wed 15 Apr 2026 13:45:37 INFO  epoch 3 evaluating [time: 3.30s, valid_score: 0.819887]
Wed 15 Apr 2026 13:45:37 INFO  valid result: 
ndcg@10 : 0.819887
Wed 15 Apr 2026 13:45:39 INFO  epoch 4 training [time: 1.64s, train loss: 21.2087]
Wed 15 Apr 2026 13:45:42 INFO  epoch 4 evaluating [time: 3.24s, valid_score: 0.824599]
Wed 15 Apr 2026 13:45:42 INFO  valid result: 
ndcg@10 : 0.824599
Wed 15 Apr 2026 13:45:42 INFO  Saving current: saved/BPR-Apr-15-2026_13-45-20.pth
Wed 15 Apr 2026 13:45:44 INFO  epoch 5 training [time: 1.60s, train loss: 20.9550]
Wed 15 Apr 2026 13:45:47 INFO  epoch 5 evaluating [time: 3.21s, valid_score: 0.825220]
Wed 15 Apr 2026 13:45:47 INFO  valid result: 
ndcg@10 : 0.82522
Wed 15 Apr 2026 13:45:47 INFO  Saving current: saved/BPR-Apr-15-2026_13-45-20.pth
Wed 15 Apr 2026 13:45:49 INFO  epoch 6 training [time: 1.59s, train loss: 20.6045]
Wed 15 Apr 2026 13:45:52 INFO  epoch 6 evaluating [time: 3.23s, valid_score: 0.829771]
Wed 15 Apr 2026 13:45:52 INFO  valid result: 
ndcg@10 : 0.829771
Wed 15 Apr 2026 13:45:52 INFO  Saving current: saved/BPR-Apr-15-2026_13-45-20.pth
Wed 15 Apr 2026 13:45:53 INFO  epoch 7 training [time: 1.65s, train loss: 20.1356]
Wed 15 Apr 2026 13:45:57 INFO  epoch 7 evaluating [time: 3.20s, valid_score: 0.827642]
Wed 15 Apr 2026 13:45:57 INFO  valid result: 
ndcg@10 : 0.827642
Wed 15 Apr 2026 13:45:58 INFO  epoch 8 training [time: 1.66s, train loss: 19.5252]
Wed 15 Apr 2026 13:46:02 INFO  epoch 8 evaluating [time: 3.38s, valid_score: 0.836985]
Wed 15 Apr 2026 13:46:02 INFO  valid result: 
ndcg@10 : 0.836985
Wed 15 Apr 2026 13:46:02 INFO  Saving current: saved/BPR-Apr-15-2026_13-45-20.pth
Wed 15 Apr 2026 13:46:03 INFO  epoch 9 training [time: 1.66s, train loss: 19.1574]
Wed 15 Apr 2026 13:46:07 INFO  epoch 9 evaluating [time: 3.26s, valid_score: 0.828983]
Wed 15 Apr 2026 13:46:07 INFO  valid result: 
ndcg@10 : 0.828983
Wed 15 Apr 2026 13:46:08 INFO  epoch 10 training [time: 1.66s, train loss: 18.2866]
Wed 15 Apr 2026 13:46:13 INFO  epoch 10 evaluating [time: 4.35s, valid_score: 0.838426]
Wed 15 Apr 2026 13:46:13 INFO  valid result: 
ndcg@10 : 0.838426
Wed 15 Apr 2026 13:46:13 INFO  Saving current: saved/BPR-Apr-15-2026_13-45-20.pth
Wed 15 Apr 2026 13:46:15 INFO  epoch 11 training [time: 2.56s, train loss: 17.6335]
Wed 15 Apr 2026 13:46:18 INFO  epoch 11 evaluating [time: 2.97s, valid_score: 0.836462]
Wed 15 Apr 2026 13:46:18 INFO  valid result: 
ndcg@10 : 0.836462
Wed 15 Apr 2026 13:46:20 INFO  epoch 12 training [time: 1.60s, train loss: 16.7553]
Wed 15 Apr 2026 13:46:23 INFO  epoch 12 evaluating [time: 3.16s, valid_score: 0.839146]
Wed 15 Apr 2026 13:46:23 INFO  valid result: 
ndcg@10 : 0.839146
Wed 15 Apr 2026 13:46:23 INFO  Saving current: saved/BPR-Apr-15-2026_13-45-20.pth
Wed 15 Apr 2026 13:46:25 INFO  epoch 13 training [time: 1.63s, train loss: 16.0672]
Wed 15 Apr 2026 13:46:28 INFO  epoch 13 evaluating [time: 3.15s, valid_score: 0.833356]
Wed 15 Apr 2026 13:46:28 INFO  valid result: 
ndcg@10 : 0.833356
Wed 15 Apr 2026 13:46:29 INFO  epoch 14 training [time: 1.70s, train loss: 15.3058]
Wed 15 Apr 2026 13:46:33 INFO  epoch 14 evaluating [time: 3.36s, valid_score: 0.835733]
Wed 15 Apr 2026 13:46:33 INFO  valid result: 
ndcg@10 : 0.835733
Wed 15 Apr 2026 13:46:33 INFO  best valid : OrderedDict([('ndcg@10', 0.839146)])
Wed 15 Apr 2026 13:46:33 INFO  
General Hyper Parameters:
gpu_id = 0
use_gpu = True
seed = 2020
state = INFO
reproducibility = True
data_path = recbole_tmp/dataset
checkpoint_dir = saved
show_progress = True
save_dataset = False
dataset_save_path = None
save_dataloaders = False
dataloaders_save_path = None
log_wandb = False

Training Hyper Parameters:
epochs = 15
train_batch_size = 2048
learner = adam
learning_rate = 0.001
train_neg_sample_args = {'distribution': 'uniform', 'sample_num': 1, 'alpha': 1.0, 'dynamic': False, 'candidate_num': 0}
eval_step = 1
stopping_step = 5
clip_grad_norm = None
weight_decay = 0.0
loss_decimal_place = 4

Evaluation Hyper Parameters:
eval_args = {'split': {'RS': [0.75, 0.2, 0.05]}, 'order': 'RO', 'group_by': 'user', 'mode': {'valid': 'full', 'test': 'full'}}
repeatable = False
metrics = ['NDCG']
topk = [10]
valid_metric = NDCG@10
valid_metric_bigger = True
eval_batch_size = 2048
metric_decimal_place = 6

Dataset Hyper Parameters:
field_separator = 	
seq_separator =  
USER_ID_FIELD = user_id
ITEM_ID_FIELD = item_id
RATING_FIELD = rating
TIME_FIELD = timestamp
seq_len = None
LABEL_FIELD = label
threshold = None
NEG_PREFIX = neg_
load_col = {'inter': ['user_id', 'item_id']}
unload_col = None
unused_col = None
additional_feat_suffix = None
rm_dup_inter = None
val_interval = None
filter_inter_by_user_or_item = True
user_inter_num_interval = [0,inf)
item_inter_num_interval = [0,inf)
alias_of_user_id = None
alias_of_item_id = None
alias_of_entity_id = None
alias_of_relation_id = None
preload_weight = None
normalize_field = None
normalize_all = None
ITEM_LIST_LENGTH_FIELD = item_length
LIST_SUFFIX = _list
MAX_ITEM_LIST_LENGTH = 500
POSITION_FIELD = position_id
HEAD_ENTITY_ID_FIELD = head_id
TAIL_ENTITY_ID_FIELD = tail_id
RELATION_ID_FIELD = relation_id
ENTITY_ID_FIELD = entity_id
benchmark_filename = None

Other Hyper Parameters: 
worker = 0
wandb_project = recbole
shuffle = True
require_pow = False
enable_amp = False
enable_scaler = False
transform = None
embedding_size = 256
numerical_features = []
discretization = None
kg_reverse_r = False
entity_kg_num_interval = [0,inf)
relation_kg_num_interval = [0,inf)
MODEL_TYPE = ModelType.GENERAL
MODEL_INPUT_TYPE = InputType.PAIRWISE
eval_type = EvaluatorType.RANKING
single_spec = True
local_rank = 0
device = cuda
valid_neg_sample_args = {'distribution': 'uniform', 'sample_num': 'none'}
test_neg_sample_args = {'distribution': 'uniform', 'sample_num': 'none'}


Wed 15 Apr 2026 13:46:34 INFO  dataset
The number of users: 656
Average actions of users: 512.2458015267175
The number of items: 992
Average actions of items: 338.5681130171544
The number of inters: 335521
The sparsity of the dataset: 48.44103437254132%
Remain Fields: ['user_id', 'item_id']
Wed 15 Apr 2026 13:46:34 INFO  [Training]: train_batch_size = [2048] train_neg_sample_args: [{'distribution': 'uniform', 'sample_num': 1, 'alpha': 1.0, 'dynamic': False, 'candidate_num': 0}]
Wed 15 Apr 2026 13:46:34 INFO  [Evaluation]: eval_batch_size = [2048] eval_args: [{'split': {'RS': [0.75, 0.2, 0.05]}, 'order': 'RO', 'group_by': 'user', 'mode': {'valid': 'full', 'test': 'full'}}]
