Wed 15 Apr 2026 14:13:10 INFO  ['main.py', 'babyLFM2b1k', '68', '--clean', '--model', 'BPR', '--choice-model', 'consume_all', '--config', 'recbole_config_default.yaml']
Wed 15 Apr 2026 14:13:10 INFO  
General Hyper Parameters:
gpu_id = 0
use_gpu = True
seed = 2020
state = INFO
reproducibility = True
data_path = recbole_tmp/dataset
checkpoint_dir = saved
show_progress = True
save_dataset = False
dataset_save_path = None
save_dataloaders = False
dataloaders_save_path = None
log_wandb = False

Training Hyper Parameters:
epochs = 15
train_batch_size = 2048
learner = adam
learning_rate = 0.001
train_neg_sample_args = {'distribution': 'uniform', 'sample_num': 1, 'alpha': 1.0, 'dynamic': False, 'candidate_num': 0}
eval_step = 1
stopping_step = 5
clip_grad_norm = None
weight_decay = 0.0
loss_decimal_place = 4

Evaluation Hyper Parameters:
eval_args = {'split': {'RS': [0.75, 0.2, 0.05]}, 'order': 'RO', 'group_by': 'user', 'mode': {'valid': 'full', 'test': 'full'}}
repeatable = False
metrics = ['NDCG']
topk = [10]
valid_metric = NDCG@10
valid_metric_bigger = True
eval_batch_size = 2048
metric_decimal_place = 6

Dataset Hyper Parameters:
field_separator = 	
seq_separator =  
USER_ID_FIELD = user_id
ITEM_ID_FIELD = item_id
RATING_FIELD = rating
TIME_FIELD = timestamp
seq_len = None
LABEL_FIELD = label
threshold = None
NEG_PREFIX = neg_
load_col = {'inter': ['user_id', 'item_id']}
unload_col = None
unused_col = None
additional_feat_suffix = None
rm_dup_inter = None
val_interval = None
filter_inter_by_user_or_item = True
user_inter_num_interval = [0,inf)
item_inter_num_interval = [0,inf)
alias_of_user_id = None
alias_of_item_id = None
alias_of_entity_id = None
alias_of_relation_id = None
preload_weight = None
normalize_field = None
normalize_all = None
ITEM_LIST_LENGTH_FIELD = item_length
LIST_SUFFIX = _list
MAX_ITEM_LIST_LENGTH = 500
POSITION_FIELD = position_id
HEAD_ENTITY_ID_FIELD = head_id
TAIL_ENTITY_ID_FIELD = tail_id
RELATION_ID_FIELD = relation_id
ENTITY_ID_FIELD = entity_id
benchmark_filename = None

Other Hyper Parameters: 
worker = 0
wandb_project = recbole
shuffle = True
require_pow = False
enable_amp = False
enable_scaler = False
transform = None
embedding_size = 256
numerical_features = []
discretization = None
kg_reverse_r = False
entity_kg_num_interval = [0,inf)
relation_kg_num_interval = [0,inf)
MODEL_TYPE = ModelType.GENERAL
MODEL_INPUT_TYPE = InputType.PAIRWISE
eval_type = EvaluatorType.RANKING
single_spec = True
local_rank = 0
device = cuda
valid_neg_sample_args = {'distribution': 'uniform', 'sample_num': 'none'}
test_neg_sample_args = {'distribution': 'uniform', 'sample_num': 'none'}


Wed 15 Apr 2026 14:13:12 INFO  dataset
The number of users: 656
Average actions of users: 692.218320610687
The number of items: 992
Average actions of items: 457.52068617558024
The number of inters: 453403
The sparsity of the dataset: 30.326299419748224%
Remain Fields: ['user_id', 'item_id']
Wed 15 Apr 2026 14:13:12 INFO  Preparing dataset
Wed 15 Apr 2026 14:13:13 INFO  [Training]: train_batch_size = [2048] train_neg_sample_args: [{'distribution': 'uniform', 'sample_num': 1, 'alpha': 1.0, 'dynamic': False, 'candidate_num': 0}]
Wed 15 Apr 2026 14:13:13 INFO  [Evaluation]: eval_batch_size = [2048] eval_args: [{'split': {'RS': [0.75, 0.2, 0.05]}, 'order': 'RO', 'group_by': 'user', 'mode': {'valid': 'full', 'test': 'full'}}]
Wed 15 Apr 2026 14:13:13 INFO  Done!
Wed 15 Apr 2026 14:13:13 INFO  BPR(
  (user_embedding): Embedding(656, 256)
  (item_embedding): Embedding(992, 256)
  (loss): BPRLoss()
)
Trainable parameters: 421888
Wed 15 Apr 2026 14:13:13 INFO  FLOPs: 512.0
Wed 15 Apr 2026 14:13:18 INFO  epoch 0 training [time: 3.82s, train loss: 103.5396]
Wed 15 Apr 2026 14:13:22 INFO  epoch 0 evaluating [time: 4.14s, valid_score: 0.816140]
Wed 15 Apr 2026 14:13:22 INFO  valid result: 
ndcg@10 : 0.81614
Wed 15 Apr 2026 14:13:22 INFO  Saving current: saved/BPR-Apr-15-2026_14-13-13.pth
Wed 15 Apr 2026 14:13:25 INFO  epoch 1 training [time: 2.48s, train loss: 47.9476]
Wed 15 Apr 2026 14:13:28 INFO  epoch 1 evaluating [time: 3.07s, valid_score: 0.816969]
Wed 15 Apr 2026 14:13:28 INFO  valid result: 
ndcg@10 : 0.816969
Wed 15 Apr 2026 14:13:28 INFO  Saving current: saved/BPR-Apr-15-2026_14-13-13.pth
Wed 15 Apr 2026 14:13:30 INFO  epoch 2 training [time: 2.28s, train loss: 43.4272]
Wed 15 Apr 2026 14:13:33 INFO  epoch 2 evaluating [time: 3.17s, valid_score: 0.812775]
Wed 15 Apr 2026 14:13:33 INFO  valid result: 
ndcg@10 : 0.812775
Wed 15 Apr 2026 14:13:36 INFO  epoch 3 training [time: 2.37s, train loss: 42.3622]
Wed 15 Apr 2026 14:13:39 INFO  epoch 3 evaluating [time: 3.04s, valid_score: 0.818871]
Wed 15 Apr 2026 14:13:39 INFO  valid result: 
ndcg@10 : 0.818871
Wed 15 Apr 2026 14:13:39 INFO  Saving current: saved/BPR-Apr-15-2026_14-13-13.pth
Wed 15 Apr 2026 14:13:41 INFO  epoch 4 training [time: 2.43s, train loss: 41.0758]
Wed 15 Apr 2026 14:13:45 INFO  epoch 4 evaluating [time: 3.23s, valid_score: 0.829173]
Wed 15 Apr 2026 14:13:45 INFO  valid result: 
ndcg@10 : 0.829173
Wed 15 Apr 2026 14:13:45 INFO  Saving current: saved/BPR-Apr-15-2026_14-13-13.pth
Wed 15 Apr 2026 14:13:47 INFO  epoch 5 training [time: 2.45s, train loss: 39.3895]
Wed 15 Apr 2026 14:13:50 INFO  epoch 5 evaluating [time: 3.24s, valid_score: 0.833506]
Wed 15 Apr 2026 14:13:50 INFO  valid result: 
ndcg@10 : 0.833506
Wed 15 Apr 2026 14:13:50 INFO  Saving current: saved/BPR-Apr-15-2026_14-13-13.pth
Wed 15 Apr 2026 14:13:53 INFO  epoch 6 training [time: 2.43s, train loss: 37.4873]
Wed 15 Apr 2026 14:13:56 INFO  epoch 6 evaluating [time: 3.02s, valid_score: 0.833544]
Wed 15 Apr 2026 14:13:56 INFO  valid result: 
ndcg@10 : 0.833544
Wed 15 Apr 2026 14:13:56 INFO  Saving current: saved/BPR-Apr-15-2026_14-13-13.pth
Wed 15 Apr 2026 14:13:58 INFO  epoch 7 training [time: 2.21s, train loss: 35.1853]
Wed 15 Apr 2026 14:14:01 INFO  epoch 7 evaluating [time: 3.17s, valid_score: 0.834020]
Wed 15 Apr 2026 14:14:01 INFO  valid result: 
ndcg@10 : 0.83402
Wed 15 Apr 2026 14:14:01 INFO  Saving current: saved/BPR-Apr-15-2026_14-13-13.pth
Wed 15 Apr 2026 14:14:03 INFO  epoch 8 training [time: 2.32s, train loss: 32.9892]
Wed 15 Apr 2026 14:14:07 INFO  epoch 8 evaluating [time: 3.18s, valid_score: 0.839534]
Wed 15 Apr 2026 14:14:07 INFO  valid result: 
ndcg@10 : 0.839534
Wed 15 Apr 2026 14:14:07 INFO  Saving current: saved/BPR-Apr-15-2026_14-13-13.pth
Wed 15 Apr 2026 14:14:09 INFO  epoch 9 training [time: 2.31s, train loss: 30.6221]
Wed 15 Apr 2026 14:14:12 INFO  epoch 9 evaluating [time: 3.09s, valid_score: 0.838099]
Wed 15 Apr 2026 14:14:12 INFO  valid result: 
ndcg@10 : 0.838099
Wed 15 Apr 2026 14:14:14 INFO  epoch 10 training [time: 2.24s, train loss: 28.4944]
Wed 15 Apr 2026 14:14:17 INFO  epoch 10 evaluating [time: 3.18s, valid_score: 0.843154]
Wed 15 Apr 2026 14:14:17 INFO  valid result: 
ndcg@10 : 0.843154
Wed 15 Apr 2026 14:14:18 INFO  Saving current: saved/BPR-Apr-15-2026_14-13-13.pth
Wed 15 Apr 2026 14:14:19 INFO  epoch 11 training [time: 1.79s, train loss: 26.3935]
Wed 15 Apr 2026 14:14:22 INFO  epoch 11 evaluating [time: 2.32s, valid_score: 0.845147]
Wed 15 Apr 2026 14:14:22 INFO  valid result: 
ndcg@10 : 0.845147
Wed 15 Apr 2026 14:14:22 INFO  Saving current: saved/BPR-Apr-15-2026_14-13-13.pth
Wed 15 Apr 2026 14:14:24 INFO  epoch 12 training [time: 2.26s, train loss: 24.3646]
Wed 15 Apr 2026 14:14:27 INFO  epoch 12 evaluating [time: 3.02s, valid_score: 0.846675]
Wed 15 Apr 2026 14:14:27 INFO  valid result: 
ndcg@10 : 0.846675
Wed 15 Apr 2026 14:14:27 INFO  Saving current: saved/BPR-Apr-15-2026_14-13-13.pth
Wed 15 Apr 2026 14:14:29 INFO  epoch 13 training [time: 2.33s, train loss: 22.4209]
Wed 15 Apr 2026 14:14:32 INFO  epoch 13 evaluating [time: 3.06s, valid_score: 0.847911]
Wed 15 Apr 2026 14:14:32 INFO  valid result: 
ndcg@10 : 0.847911
Wed 15 Apr 2026 14:14:32 INFO  Saving current: saved/BPR-Apr-15-2026_14-13-13.pth
Wed 15 Apr 2026 14:14:35 INFO  epoch 14 training [time: 2.27s, train loss: 20.9234]
Wed 15 Apr 2026 14:14:38 INFO  epoch 14 evaluating [time: 2.90s, valid_score: 0.848458]
Wed 15 Apr 2026 14:14:38 INFO  valid result: 
ndcg@10 : 0.848458
Wed 15 Apr 2026 14:14:38 INFO  Saving current: saved/BPR-Apr-15-2026_14-13-13.pth
Wed 15 Apr 2026 14:14:38 INFO  best valid : OrderedDict([('ndcg@10', 0.848458)])
Wed 15 Apr 2026 14:14:38 INFO  
General Hyper Parameters:
gpu_id = 0
use_gpu = True
seed = 2020
state = INFO
reproducibility = True
data_path = recbole_tmp/dataset
checkpoint_dir = saved
show_progress = True
save_dataset = False
dataset_save_path = None
save_dataloaders = False
dataloaders_save_path = None
log_wandb = False

Training Hyper Parameters:
epochs = 15
train_batch_size = 2048
learner = adam
learning_rate = 0.001
train_neg_sample_args = {'distribution': 'uniform', 'sample_num': 1, 'alpha': 1.0, 'dynamic': False, 'candidate_num': 0}
eval_step = 1
stopping_step = 5
clip_grad_norm = None
weight_decay = 0.0
loss_decimal_place = 4

Evaluation Hyper Parameters:
eval_args = {'split': {'RS': [0.75, 0.2, 0.05]}, 'order': 'RO', 'group_by': 'user', 'mode': {'valid': 'full', 'test': 'full'}}
repeatable = False
metrics = ['NDCG']
topk = [10]
valid_metric = NDCG@10
valid_metric_bigger = True
eval_batch_size = 2048
metric_decimal_place = 6

Dataset Hyper Parameters:
field_separator = 	
seq_separator =  
USER_ID_FIELD = user_id
ITEM_ID_FIELD = item_id
RATING_FIELD = rating
TIME_FIELD = timestamp
seq_len = None
LABEL_FIELD = label
threshold = None
NEG_PREFIX = neg_
load_col = {'inter': ['user_id', 'item_id']}
unload_col = None
unused_col = None
additional_feat_suffix = None
rm_dup_inter = None
val_interval = None
filter_inter_by_user_or_item = True
user_inter_num_interval = [0,inf)
item_inter_num_interval = [0,inf)
alias_of_user_id = None
alias_of_item_id = None
alias_of_entity_id = None
alias_of_relation_id = None
preload_weight = None
normalize_field = None
normalize_all = None
ITEM_LIST_LENGTH_FIELD = item_length
LIST_SUFFIX = _list
MAX_ITEM_LIST_LENGTH = 500
POSITION_FIELD = position_id
HEAD_ENTITY_ID_FIELD = head_id
TAIL_ENTITY_ID_FIELD = tail_id
RELATION_ID_FIELD = relation_id
ENTITY_ID_FIELD = entity_id
benchmark_filename = None

Other Hyper Parameters: 
worker = 0
wandb_project = recbole
shuffle = True
require_pow = False
enable_amp = False
enable_scaler = False
transform = None
embedding_size = 256
numerical_features = []
discretization = None
kg_reverse_r = False
entity_kg_num_interval = [0,inf)
relation_kg_num_interval = [0,inf)
MODEL_TYPE = ModelType.GENERAL
MODEL_INPUT_TYPE = InputType.PAIRWISE
eval_type = EvaluatorType.RANKING
single_spec = True
local_rank = 0
device = cuda
valid_neg_sample_args = {'distribution': 'uniform', 'sample_num': 'none'}
test_neg_sample_args = {'distribution': 'uniform', 'sample_num': 'none'}


Wed 15 Apr 2026 14:14:39 INFO  dataset
The number of users: 656
Average actions of users: 692.218320610687
The number of items: 992
Average actions of items: 457.52068617558024
The number of inters: 453403
The sparsity of the dataset: 30.326299419748224%
Remain Fields: ['user_id', 'item_id']
Wed 15 Apr 2026 14:14:39 INFO  [Training]: train_batch_size = [2048] train_neg_sample_args: [{'distribution': 'uniform', 'sample_num': 1, 'alpha': 1.0, 'dynamic': False, 'candidate_num': 0}]
Wed 15 Apr 2026 14:14:39 INFO  [Evaluation]: eval_batch_size = [2048] eval_args: [{'split': {'RS': [0.75, 0.2, 0.05]}, 'order': 'RO', 'group_by': 'user', 'mode': {'valid': 'full', 'test': 'full'}}]
