Fri 17 Apr 2026 15:32:51 INFO  ['main.py', 'babyLFM2b1k', '59', '--clean', '--model', 'BPR', '--choice-model', 'consume_all', '--config', 'recbole_config_default.yaml', '--warm-start']
Fri 17 Apr 2026 15:32:51 INFO  
General Hyper Parameters:
gpu_id = 0
use_gpu = True
seed = 2020
state = INFO
reproducibility = True
data_path = recbole_tmp/dataset
checkpoint_dir = saved
show_progress = True
save_dataset = False
dataset_save_path = None
save_dataloaders = False
dataloaders_save_path = None
log_wandb = False

Training Hyper Parameters:
epochs = 10
train_batch_size = 2048
learner = adam
learning_rate = 0.001
train_neg_sample_args = {'distribution': 'uniform', 'sample_num': 1, 'alpha': 1.0, 'dynamic': False, 'candidate_num': 0}
eval_step = 1
stopping_step = 500
clip_grad_norm = None
weight_decay = 0.0
loss_decimal_place = 4

Evaluation Hyper Parameters:
eval_args = {'split': {'RS': [0.75, 0.2, 0.05]}, 'order': 'RO', 'group_by': 'user', 'mode': {'valid': 'full', 'test': 'full'}}
repeatable = False
metrics = ['NDCG']
topk = [10]
valid_metric = NDCG@10
valid_metric_bigger = True
eval_batch_size = 2048
metric_decimal_place = 3

Dataset Hyper Parameters:
field_separator = 	
seq_separator =  
USER_ID_FIELD = user_id
ITEM_ID_FIELD = item_id
RATING_FIELD = rating
TIME_FIELD = timestamp
seq_len = None
LABEL_FIELD = label
threshold = None
NEG_PREFIX = neg_
load_col = {'inter': ['user_id', 'item_id']}
unload_col = None
unused_col = None
additional_feat_suffix = None
rm_dup_inter = None
val_interval = None
filter_inter_by_user_or_item = True
user_inter_num_interval = [0,inf)
item_inter_num_interval = [0,inf)
alias_of_user_id = None
alias_of_item_id = None
alias_of_entity_id = None
alias_of_relation_id = None
preload_weight = None
normalize_field = None
normalize_all = None
ITEM_LIST_LENGTH_FIELD = item_length
LIST_SUFFIX = _list
MAX_ITEM_LIST_LENGTH = 500
POSITION_FIELD = position_id
HEAD_ENTITY_ID_FIELD = head_id
TAIL_ENTITY_ID_FIELD = tail_id
RELATION_ID_FIELD = relation_id
ENTITY_ID_FIELD = entity_id
benchmark_filename = None

Other Hyper Parameters: 
worker = 0
wandb_project = recbole
shuffle = True
require_pow = False
enable_amp = False
enable_scaler = False
transform = None
embedding_size = 256
numerical_features = []
discretization = None
kg_reverse_r = False
entity_kg_num_interval = [0,inf)
relation_kg_num_interval = [0,inf)
MODEL_TYPE = ModelType.GENERAL
MODEL_INPUT_TYPE = InputType.PAIRWISE
eval_type = EvaluatorType.RANKING
single_spec = True
local_rank = 0
device = cuda
valid_neg_sample_args = {'distribution': 'uniform', 'sample_num': 'none'}
test_neg_sample_args = {'distribution': 'uniform', 'sample_num': 'none'}


Fri 17 Apr 2026 15:32:52 INFO  dataset
The number of users: 656
Average actions of users: 602.2320610687023
The number of items: 992
Average actions of items: 398.0443995963673
The number of inters: 394462
The sparsity of the dataset: 39.38366689614477%
Remain Fields: ['user_id', 'item_id']
Fri 17 Apr 2026 15:32:52 INFO  Preparing dataset
Fri 17 Apr 2026 15:32:53 INFO  [Training]: train_batch_size = [2048] train_neg_sample_args: [{'distribution': 'uniform', 'sample_num': 1, 'alpha': 1.0, 'dynamic': False, 'candidate_num': 0}]
Fri 17 Apr 2026 15:32:53 INFO  [Evaluation]: eval_batch_size = [2048] eval_args: [{'split': {'RS': [0.75, 0.2, 0.05]}, 'order': 'RO', 'group_by': 'user', 'mode': {'valid': 'full', 'test': 'full'}}]
Fri 17 Apr 2026 15:32:53 INFO  Done!
Fri 17 Apr 2026 15:32:53 INFO  BPR(
  (user_embedding): Embedding(656, 256)
  (item_embedding): Embedding(992, 256)
  (loss): BPRLoss()
)
Trainable parameters: 421888
Fri 17 Apr 2026 15:32:53 INFO  FLOPs: 512.0
Fri 17 Apr 2026 15:32:55 INFO  Resuming training from checkpoint: experiments/babyLFM2b1k/output/iteration_58_checkpoint.pth
Fri 17 Apr 2026 15:32:55 INFO  Checkpoint loaded. Resume training from epoch 11
Fri 17 Apr 2026 15:32:56 INFO  epoch 0 training [time: 1.48s, train loss: 37.2994]
Fri 17 Apr 2026 15:32:57 INFO  epoch 0 evaluating [time: 1.15s, valid_score: 0.793000]
Fri 17 Apr 2026 15:32:57 INFO  valid result: 
ndcg@10 : 0.793
Fri 17 Apr 2026 15:32:57 INFO  Saving current: experiments/babyLFM2b1k/output/iteration_58_checkpoint.pth
Fri 17 Apr 2026 15:32:59 INFO  epoch 1 training [time: 1.37s, train loss: 33.4011]
Fri 17 Apr 2026 15:33:00 INFO  epoch 1 evaluating [time: 0.91s, valid_score: 0.802000]
Fri 17 Apr 2026 15:33:00 INFO  valid result: 
ndcg@10 : 0.802
Fri 17 Apr 2026 15:33:00 INFO  Saving current: experiments/babyLFM2b1k/output/iteration_58_checkpoint.pth
Fri 17 Apr 2026 15:33:01 INFO  epoch 2 training [time: 1.41s, train loss: 30.9780]
Fri 17 Apr 2026 15:33:02 INFO  epoch 2 evaluating [time: 1.07s, valid_score: 0.811000]
Fri 17 Apr 2026 15:33:02 INFO  valid result: 
ndcg@10 : 0.811
Fri 17 Apr 2026 15:33:02 INFO  Saving current: experiments/babyLFM2b1k/output/iteration_58_checkpoint.pth
Fri 17 Apr 2026 15:33:04 INFO  epoch 3 training [time: 1.46s, train loss: 28.8615]
Fri 17 Apr 2026 15:33:05 INFO  epoch 3 evaluating [time: 1.08s, valid_score: 0.815000]
Fri 17 Apr 2026 15:33:05 INFO  valid result: 
ndcg@10 : 0.815
Fri 17 Apr 2026 15:33:05 INFO  Saving current: experiments/babyLFM2b1k/output/iteration_58_checkpoint.pth
Fri 17 Apr 2026 15:33:06 INFO  epoch 4 training [time: 1.44s, train loss: 27.3105]
Fri 17 Apr 2026 15:33:07 INFO  epoch 4 evaluating [time: 0.94s, valid_score: 0.816000]
Fri 17 Apr 2026 15:33:07 INFO  valid result: 
ndcg@10 : 0.816
Fri 17 Apr 2026 15:33:07 INFO  Saving current: experiments/babyLFM2b1k/output/iteration_58_checkpoint.pth
Fri 17 Apr 2026 15:33:08 INFO  epoch 5 training [time: 1.19s, train loss: 26.0898]
Fri 17 Apr 2026 15:33:09 INFO  epoch 5 evaluating [time: 0.83s, valid_score: 0.823000]
Fri 17 Apr 2026 15:33:09 INFO  valid result: 
ndcg@10 : 0.823
Fri 17 Apr 2026 15:33:09 INFO  Saving current: experiments/babyLFM2b1k/output/iteration_58_checkpoint.pth
Fri 17 Apr 2026 15:33:10 INFO  epoch 6 training [time: 1.06s, train loss: 24.8377]
Fri 17 Apr 2026 15:33:11 INFO  epoch 6 evaluating [time: 0.91s, valid_score: 0.828000]
Fri 17 Apr 2026 15:33:11 INFO  valid result: 
ndcg@10 : 0.828
Fri 17 Apr 2026 15:33:11 INFO  Saving current: experiments/babyLFM2b1k/output/iteration_58_checkpoint.pth
Fri 17 Apr 2026 15:33:13 INFO  epoch 7 training [time: 1.31s, train loss: 23.7868]
Fri 17 Apr 2026 15:33:14 INFO  epoch 7 evaluating [time: 0.96s, valid_score: 0.829000]
Fri 17 Apr 2026 15:33:14 INFO  valid result: 
ndcg@10 : 0.829
Fri 17 Apr 2026 15:33:14 INFO  Saving current: experiments/babyLFM2b1k/output/iteration_58_checkpoint.pth
Fri 17 Apr 2026 15:33:15 INFO  epoch 8 training [time: 1.36s, train loss: 22.6102]
Fri 17 Apr 2026 15:33:16 INFO  epoch 8 evaluating [time: 0.76s, valid_score: 0.831000]
Fri 17 Apr 2026 15:33:16 INFO  valid result: 
ndcg@10 : 0.831
Fri 17 Apr 2026 15:33:16 INFO  Saving current: experiments/babyLFM2b1k/output/iteration_58_checkpoint.pth
Fri 17 Apr 2026 15:33:17 INFO  epoch 9 training [time: 1.09s, train loss: 21.6916]
Fri 17 Apr 2026 15:33:18 INFO  epoch 9 evaluating [time: 1.10s, valid_score: 0.830000]
Fri 17 Apr 2026 15:33:18 INFO  valid result: 
ndcg@10 : 0.83
Fri 17 Apr 2026 15:33:18 INFO  best valid : OrderedDict([('ndcg@10', 0.831)])
Fri 17 Apr 2026 15:33:18 INFO  No new best model saved (score did not improve). Force-saving current model state to: saved/iteration_58_checkpoint.pth
Fri 17 Apr 2026 15:33:18 INFO  Saving current: saved/iteration_58_checkpoint.pth
Fri 17 Apr 2026 15:33:18 INFO  
General Hyper Parameters:
gpu_id = 0
use_gpu = True
seed = 2020
state = INFO
reproducibility = True
data_path = recbole_tmp/dataset
checkpoint_dir = saved
show_progress = True
save_dataset = False
dataset_save_path = None
save_dataloaders = False
dataloaders_save_path = None
log_wandb = False

Training Hyper Parameters:
epochs = 10
train_batch_size = 2048
learner = adam
learning_rate = 0.001
train_neg_sample_args = {'distribution': 'uniform', 'sample_num': 1, 'alpha': 1.0, 'dynamic': False, 'candidate_num': 0}
eval_step = 1
stopping_step = 500
clip_grad_norm = None
weight_decay = 0.0
loss_decimal_place = 4

Evaluation Hyper Parameters:
eval_args = {'split': {'RS': [0.75, 0.2, 0.05]}, 'order': 'RO', 'group_by': 'user', 'mode': {'valid': 'full', 'test': 'full'}}
repeatable = False
metrics = ['NDCG']
topk = [10]
valid_metric = NDCG@10
valid_metric_bigger = True
eval_batch_size = 2048
metric_decimal_place = 3

Dataset Hyper Parameters:
field_separator = 	
seq_separator =  
USER_ID_FIELD = user_id
ITEM_ID_FIELD = item_id
RATING_FIELD = rating
TIME_FIELD = timestamp
seq_len = None
LABEL_FIELD = label
threshold = None
NEG_PREFIX = neg_
load_col = {'inter': ['user_id', 'item_id']}
unload_col = None
unused_col = None
additional_feat_suffix = None
rm_dup_inter = None
val_interval = None
filter_inter_by_user_or_item = True
user_inter_num_interval = [0,inf)
item_inter_num_interval = [0,inf)
alias_of_user_id = None
alias_of_item_id = None
alias_of_entity_id = None
alias_of_relation_id = None
preload_weight = None
normalize_field = None
normalize_all = None
ITEM_LIST_LENGTH_FIELD = item_length
LIST_SUFFIX = _list
MAX_ITEM_LIST_LENGTH = 500
POSITION_FIELD = position_id
HEAD_ENTITY_ID_FIELD = head_id
TAIL_ENTITY_ID_FIELD = tail_id
RELATION_ID_FIELD = relation_id
ENTITY_ID_FIELD = entity_id
benchmark_filename = None

Other Hyper Parameters: 
worker = 0
wandb_project = recbole
shuffle = True
require_pow = False
enable_amp = False
enable_scaler = False
transform = None
embedding_size = 256
numerical_features = []
discretization = None
kg_reverse_r = False
entity_kg_num_interval = [0,inf)
relation_kg_num_interval = [0,inf)
MODEL_TYPE = ModelType.GENERAL
MODEL_INPUT_TYPE = InputType.PAIRWISE
eval_type = EvaluatorType.RANKING
single_spec = True
local_rank = 0
device = cuda
valid_neg_sample_args = {'distribution': 'uniform', 'sample_num': 'none'}
test_neg_sample_args = {'distribution': 'uniform', 'sample_num': 'none'}


Fri 17 Apr 2026 15:33:19 INFO  dataset
The number of users: 656
Average actions of users: 602.2320610687023
The number of items: 992
Average actions of items: 398.0443995963673
The number of inters: 394462
The sparsity of the dataset: 39.38366689614477%
Remain Fields: ['user_id', 'item_id']
Fri 17 Apr 2026 15:33:20 INFO  [Training]: train_batch_size = [2048] train_neg_sample_args: [{'distribution': 'uniform', 'sample_num': 1, 'alpha': 1.0, 'dynamic': False, 'candidate_num': 0}]
Fri 17 Apr 2026 15:33:20 INFO  [Evaluation]: eval_batch_size = [2048] eval_args: [{'split': {'RS': [0.75, 0.2, 0.05]}, 'order': 'RO', 'group_by': 'user', 'mode': {'valid': 'full', 'test': 'full'}}]
