Wed 15 Apr 2026 13:59:04 INFO  ['main.py', 'babyLFM2b1k', '59', '--clean', '--model', 'BPR', '--choice-model', 'consume_all', '--config', 'recbole_config_default.yaml']
Wed 15 Apr 2026 13:59:04 INFO  
General Hyper Parameters:
gpu_id = 0
use_gpu = True
seed = 2020
state = INFO
reproducibility = True
data_path = recbole_tmp/dataset
checkpoint_dir = saved
show_progress = True
save_dataset = False
dataset_save_path = None
save_dataloaders = False
dataloaders_save_path = None
log_wandb = False

Training Hyper Parameters:
epochs = 15
train_batch_size = 2048
learner = adam
learning_rate = 0.001
train_neg_sample_args = {'distribution': 'uniform', 'sample_num': 1, 'alpha': 1.0, 'dynamic': False, 'candidate_num': 0}
eval_step = 1
stopping_step = 5
clip_grad_norm = None
weight_decay = 0.0
loss_decimal_place = 4

Evaluation Hyper Parameters:
eval_args = {'split': {'RS': [0.75, 0.2, 0.05]}, 'order': 'RO', 'group_by': 'user', 'mode': {'valid': 'full', 'test': 'full'}}
repeatable = False
metrics = ['NDCG']
topk = [10]
valid_metric = NDCG@10
valid_metric_bigger = True
eval_batch_size = 2048
metric_decimal_place = 6

Dataset Hyper Parameters:
field_separator = 	
seq_separator =  
USER_ID_FIELD = user_id
ITEM_ID_FIELD = item_id
RATING_FIELD = rating
TIME_FIELD = timestamp
seq_len = None
LABEL_FIELD = label
threshold = None
NEG_PREFIX = neg_
load_col = {'inter': ['user_id', 'item_id']}
unload_col = None
unused_col = None
additional_feat_suffix = None
rm_dup_inter = None
val_interval = None
filter_inter_by_user_or_item = True
user_inter_num_interval = [0,inf)
item_inter_num_interval = [0,inf)
alias_of_user_id = None
alias_of_item_id = None
alias_of_entity_id = None
alias_of_relation_id = None
preload_weight = None
normalize_field = None
normalize_all = None
ITEM_LIST_LENGTH_FIELD = item_length
LIST_SUFFIX = _list
MAX_ITEM_LIST_LENGTH = 500
POSITION_FIELD = position_id
HEAD_ENTITY_ID_FIELD = head_id
TAIL_ENTITY_ID_FIELD = tail_id
RELATION_ID_FIELD = relation_id
ENTITY_ID_FIELD = entity_id
benchmark_filename = None

Other Hyper Parameters: 
worker = 0
wandb_project = recbole
shuffle = True
require_pow = False
enable_amp = False
enable_scaler = False
transform = None
embedding_size = 256
numerical_features = []
discretization = None
kg_reverse_r = False
entity_kg_num_interval = [0,inf)
relation_kg_num_interval = [0,inf)
MODEL_TYPE = ModelType.GENERAL
MODEL_INPUT_TYPE = InputType.PAIRWISE
eval_type = EvaluatorType.RANKING
single_spec = True
local_rank = 0
device = cuda
valid_neg_sample_args = {'distribution': 'uniform', 'sample_num': 'none'}
test_neg_sample_args = {'distribution': 'uniform', 'sample_num': 'none'}


Wed 15 Apr 2026 13:59:05 INFO  dataset
The number of users: 656
Average actions of users: 602.2320610687023
The number of items: 992
Average actions of items: 398.0443995963673
The number of inters: 394462
The sparsity of the dataset: 39.38366689614477%
Remain Fields: ['user_id', 'item_id']
Wed 15 Apr 2026 13:59:05 INFO  Preparing dataset
Wed 15 Apr 2026 13:59:06 INFO  [Training]: train_batch_size = [2048] train_neg_sample_args: [{'distribution': 'uniform', 'sample_num': 1, 'alpha': 1.0, 'dynamic': False, 'candidate_num': 0}]
Wed 15 Apr 2026 13:59:06 INFO  [Evaluation]: eval_batch_size = [2048] eval_args: [{'split': {'RS': [0.75, 0.2, 0.05]}, 'order': 'RO', 'group_by': 'user', 'mode': {'valid': 'full', 'test': 'full'}}]
Wed 15 Apr 2026 13:59:06 INFO  Done!
Wed 15 Apr 2026 13:59:06 INFO  BPR(
  (user_embedding): Embedding(656, 256)
  (item_embedding): Embedding(992, 256)
  (loss): BPRLoss()
)
Trainable parameters: 421888
Wed 15 Apr 2026 13:59:07 INFO  FLOPs: 512.0
Wed 15 Apr 2026 13:59:10 INFO  epoch 0 training [time: 2.15s, train loss: 91.7373]
Wed 15 Apr 2026 13:59:13 INFO  epoch 0 evaluating [time: 3.17s, valid_score: 0.819328]
Wed 15 Apr 2026 13:59:13 INFO  valid result: 
ndcg@10 : 0.819328
Wed 15 Apr 2026 13:59:13 INFO  Saving current: saved/BPR-Apr-15-2026_13-59-07.pth
Wed 15 Apr 2026 13:59:15 INFO  epoch 1 training [time: 2.04s, train loss: 36.6515]
Wed 15 Apr 2026 13:59:18 INFO  epoch 1 evaluating [time: 2.98s, valid_score: 0.816889]
Wed 15 Apr 2026 13:59:18 INFO  valid result: 
ndcg@10 : 0.816889
Wed 15 Apr 2026 13:59:20 INFO  epoch 2 training [time: 2.06s, train loss: 30.9732]
Wed 15 Apr 2026 13:59:23 INFO  epoch 2 evaluating [time: 2.90s, valid_score: 0.816328]
Wed 15 Apr 2026 13:59:23 INFO  valid result: 
ndcg@10 : 0.816328
Wed 15 Apr 2026 13:59:25 INFO  epoch 3 training [time: 2.08s, train loss: 30.1361]
Wed 15 Apr 2026 13:59:28 INFO  epoch 3 evaluating [time: 3.09s, valid_score: 0.823068]
Wed 15 Apr 2026 13:59:28 INFO  valid result: 
ndcg@10 : 0.823068
Wed 15 Apr 2026 13:59:28 INFO  Saving current: saved/BPR-Apr-15-2026_13-59-07.pth
Wed 15 Apr 2026 13:59:30 INFO  epoch 4 training [time: 2.10s, train loss: 29.5492]
Wed 15 Apr 2026 13:59:34 INFO  epoch 4 evaluating [time: 3.19s, valid_score: 0.822727]
Wed 15 Apr 2026 13:59:34 INFO  valid result: 
ndcg@10 : 0.822727
Wed 15 Apr 2026 13:59:36 INFO  epoch 5 training [time: 2.07s, train loss: 28.9548]
Wed 15 Apr 2026 13:59:39 INFO  epoch 5 evaluating [time: 3.20s, valid_score: 0.830670]
Wed 15 Apr 2026 13:59:39 INFO  valid result: 
ndcg@10 : 0.83067
Wed 15 Apr 2026 13:59:39 INFO  Saving current: saved/BPR-Apr-15-2026_13-59-07.pth
Wed 15 Apr 2026 13:59:41 INFO  epoch 6 training [time: 2.04s, train loss: 28.0359]
Wed 15 Apr 2026 13:59:44 INFO  epoch 6 evaluating [time: 3.16s, valid_score: 0.841140]
Wed 15 Apr 2026 13:59:44 INFO  valid result: 
ndcg@10 : 0.84114
Wed 15 Apr 2026 13:59:44 INFO  Saving current: saved/BPR-Apr-15-2026_13-59-07.pth
Wed 15 Apr 2026 13:59:46 INFO  epoch 7 training [time: 1.88s, train loss: 27.0767]
Wed 15 Apr 2026 13:59:49 INFO  epoch 7 evaluating [time: 2.96s, valid_score: 0.839312]
Wed 15 Apr 2026 13:59:49 INFO  valid result: 
ndcg@10 : 0.839312
Wed 15 Apr 2026 13:59:51 INFO  epoch 8 training [time: 1.83s, train loss: 25.8571]
Wed 15 Apr 2026 13:59:54 INFO  epoch 8 evaluating [time: 3.00s, valid_score: 0.835783]
Wed 15 Apr 2026 13:59:54 INFO  valid result: 
ndcg@10 : 0.835783
Wed 15 Apr 2026 13:59:56 INFO  epoch 9 training [time: 1.84s, train loss: 24.5752]
Wed 15 Apr 2026 13:59:57 INFO  epoch 9 evaluating [time: 1.52s, valid_score: 0.838637]
Wed 15 Apr 2026 13:59:57 INFO  valid result: 
ndcg@10 : 0.838637
Wed 15 Apr 2026 13:59:59 INFO  epoch 10 training [time: 1.44s, train loss: 23.3125]
Wed 15 Apr 2026 14:00:02 INFO  epoch 10 evaluating [time: 2.90s, valid_score: 0.840598]
Wed 15 Apr 2026 14:00:02 INFO  valid result: 
ndcg@10 : 0.840598
Wed 15 Apr 2026 14:00:03 INFO  epoch 11 training [time: 1.85s, train loss: 21.9510]
Wed 15 Apr 2026 14:00:06 INFO  epoch 11 evaluating [time: 2.83s, valid_score: 0.842836]
Wed 15 Apr 2026 14:00:06 INFO  valid result: 
ndcg@10 : 0.842836
Wed 15 Apr 2026 14:00:06 INFO  Saving current: saved/BPR-Apr-15-2026_13-59-07.pth
Wed 15 Apr 2026 14:00:08 INFO  epoch 12 training [time: 1.89s, train loss: 20.4243]
Wed 15 Apr 2026 14:00:11 INFO  epoch 12 evaluating [time: 2.82s, valid_score: 0.846114]
Wed 15 Apr 2026 14:00:11 INFO  valid result: 
ndcg@10 : 0.846114
Wed 15 Apr 2026 14:00:11 INFO  Saving current: saved/BPR-Apr-15-2026_13-59-07.pth
Wed 15 Apr 2026 14:00:13 INFO  epoch 13 training [time: 1.86s, train loss: 19.2042]
Wed 15 Apr 2026 14:00:16 INFO  epoch 13 evaluating [time: 3.05s, valid_score: 0.843492]
Wed 15 Apr 2026 14:00:16 INFO  valid result: 
ndcg@10 : 0.843492
Wed 15 Apr 2026 14:00:18 INFO  epoch 14 training [time: 2.02s, train loss: 17.9884]
Wed 15 Apr 2026 14:00:21 INFO  epoch 14 evaluating [time: 3.13s, valid_score: 0.847971]
Wed 15 Apr 2026 14:00:21 INFO  valid result: 
ndcg@10 : 0.847971
Wed 15 Apr 2026 14:00:21 INFO  Saving current: saved/BPR-Apr-15-2026_13-59-07.pth
Wed 15 Apr 2026 14:00:21 INFO  best valid : OrderedDict([('ndcg@10', 0.847971)])
Wed 15 Apr 2026 14:00:21 INFO  
General Hyper Parameters:
gpu_id = 0
use_gpu = True
seed = 2020
state = INFO
reproducibility = True
data_path = recbole_tmp/dataset
checkpoint_dir = saved
show_progress = True
save_dataset = False
dataset_save_path = None
save_dataloaders = False
dataloaders_save_path = None
log_wandb = False

Training Hyper Parameters:
epochs = 15
train_batch_size = 2048
learner = adam
learning_rate = 0.001
train_neg_sample_args = {'distribution': 'uniform', 'sample_num': 1, 'alpha': 1.0, 'dynamic': False, 'candidate_num': 0}
eval_step = 1
stopping_step = 5
clip_grad_norm = None
weight_decay = 0.0
loss_decimal_place = 4

Evaluation Hyper Parameters:
eval_args = {'split': {'RS': [0.75, 0.2, 0.05]}, 'order': 'RO', 'group_by': 'user', 'mode': {'valid': 'full', 'test': 'full'}}
repeatable = False
metrics = ['NDCG']
topk = [10]
valid_metric = NDCG@10
valid_metric_bigger = True
eval_batch_size = 2048
metric_decimal_place = 6

Dataset Hyper Parameters:
field_separator = 	
seq_separator =  
USER_ID_FIELD = user_id
ITEM_ID_FIELD = item_id
RATING_FIELD = rating
TIME_FIELD = timestamp
seq_len = None
LABEL_FIELD = label
threshold = None
NEG_PREFIX = neg_
load_col = {'inter': ['user_id', 'item_id']}
unload_col = None
unused_col = None
additional_feat_suffix = None
rm_dup_inter = None
val_interval = None
filter_inter_by_user_or_item = True
user_inter_num_interval = [0,inf)
item_inter_num_interval = [0,inf)
alias_of_user_id = None
alias_of_item_id = None
alias_of_entity_id = None
alias_of_relation_id = None
preload_weight = None
normalize_field = None
normalize_all = None
ITEM_LIST_LENGTH_FIELD = item_length
LIST_SUFFIX = _list
MAX_ITEM_LIST_LENGTH = 500
POSITION_FIELD = position_id
HEAD_ENTITY_ID_FIELD = head_id
TAIL_ENTITY_ID_FIELD = tail_id
RELATION_ID_FIELD = relation_id
ENTITY_ID_FIELD = entity_id
benchmark_filename = None

Other Hyper Parameters: 
worker = 0
wandb_project = recbole
shuffle = True
require_pow = False
enable_amp = False
enable_scaler = False
transform = None
embedding_size = 256
numerical_features = []
discretization = None
kg_reverse_r = False
entity_kg_num_interval = [0,inf)
relation_kg_num_interval = [0,inf)
MODEL_TYPE = ModelType.GENERAL
MODEL_INPUT_TYPE = InputType.PAIRWISE
eval_type = EvaluatorType.RANKING
single_spec = True
local_rank = 0
device = cuda
valid_neg_sample_args = {'distribution': 'uniform', 'sample_num': 'none'}
test_neg_sample_args = {'distribution': 'uniform', 'sample_num': 'none'}


Wed 15 Apr 2026 14:00:22 INFO  dataset
The number of users: 656
Average actions of users: 602.2320610687023
The number of items: 992
Average actions of items: 398.0443995963673
The number of inters: 394462
The sparsity of the dataset: 39.38366689614477%
Remain Fields: ['user_id', 'item_id']
Wed 15 Apr 2026 14:00:23 INFO  [Training]: train_batch_size = [2048] train_neg_sample_args: [{'distribution': 'uniform', 'sample_num': 1, 'alpha': 1.0, 'dynamic': False, 'candidate_num': 0}]
Wed 15 Apr 2026 14:00:23 INFO  [Evaluation]: eval_batch_size = [2048] eval_args: [{'split': {'RS': [0.75, 0.2, 0.05]}, 'order': 'RO', 'group_by': 'user', 'mode': {'valid': 'full', 'test': 'full'}}]
