Wed 15 Apr 2026 13:12:35 INFO  ['main.py', 'babyLFM2b1k', '19', '--clean', '--model', 'BPR', '--choice-model', 'consume_all', '--config', 'recbole_config_default.yaml']
Wed 15 Apr 2026 13:12:35 INFO  
General Hyper Parameters:
gpu_id = 0
use_gpu = True
seed = 2020
state = INFO
reproducibility = True
data_path = recbole_tmp/dataset
checkpoint_dir = saved
show_progress = True
save_dataset = False
dataset_save_path = None
save_dataloaders = False
dataloaders_save_path = None
log_wandb = False

Training Hyper Parameters:
epochs = 15
train_batch_size = 2048
learner = adam
learning_rate = 0.001
train_neg_sample_args = {'distribution': 'uniform', 'sample_num': 1, 'alpha': 1.0, 'dynamic': False, 'candidate_num': 0}
eval_step = 1
stopping_step = 5
clip_grad_norm = None
weight_decay = 0.0
loss_decimal_place = 4

Evaluation Hyper Parameters:
eval_args = {'split': {'RS': [0.75, 0.2, 0.05]}, 'order': 'RO', 'group_by': 'user', 'mode': {'valid': 'full', 'test': 'full'}}
repeatable = False
metrics = ['NDCG']
topk = [10]
valid_metric = NDCG@10
valid_metric_bigger = True
eval_batch_size = 2048
metric_decimal_place = 6

Dataset Hyper Parameters:
field_separator = 	
seq_separator =  
USER_ID_FIELD = user_id
ITEM_ID_FIELD = item_id
RATING_FIELD = rating
TIME_FIELD = timestamp
seq_len = None
LABEL_FIELD = label
threshold = None
NEG_PREFIX = neg_
load_col = {'inter': ['user_id', 'item_id']}
unload_col = None
unused_col = None
additional_feat_suffix = None
rm_dup_inter = None
val_interval = None
filter_inter_by_user_or_item = True
user_inter_num_interval = [0,inf)
item_inter_num_interval = [0,inf)
alias_of_user_id = None
alias_of_item_id = None
alias_of_entity_id = None
alias_of_relation_id = None
preload_weight = None
normalize_field = None
normalize_all = None
ITEM_LIST_LENGTH_FIELD = item_length
LIST_SUFFIX = _list
MAX_ITEM_LIST_LENGTH = 500
POSITION_FIELD = position_id
HEAD_ENTITY_ID_FIELD = head_id
TAIL_ENTITY_ID_FIELD = tail_id
RELATION_ID_FIELD = relation_id
ENTITY_ID_FIELD = entity_id
benchmark_filename = None

Other Hyper Parameters: 
worker = 0
wandb_project = recbole
shuffle = True
require_pow = False
enable_amp = False
enable_scaler = False
transform = None
embedding_size = 256
numerical_features = []
discretization = None
kg_reverse_r = False
entity_kg_num_interval = [0,inf)
relation_kg_num_interval = [0,inf)
MODEL_TYPE = ModelType.GENERAL
MODEL_INPUT_TYPE = InputType.PAIRWISE
eval_type = EvaluatorType.RANKING
single_spec = True
local_rank = 0
device = cuda
valid_neg_sample_args = {'distribution': 'uniform', 'sample_num': 'none'}
test_neg_sample_args = {'distribution': 'uniform', 'sample_num': 'none'}


Wed 15 Apr 2026 13:12:35 INFO  dataset
The number of users: 656
Average actions of users: 202.29312977099238
The number of items: 992
Average actions of items: 133.70534813319878
The number of inters: 132502
The sparsity of the dataset: 79.63863345790716%
Remain Fields: ['user_id', 'item_id']
Wed 15 Apr 2026 13:12:35 INFO  Preparing dataset
Wed 15 Apr 2026 13:12:35 INFO  [Training]: train_batch_size = [2048] train_neg_sample_args: [{'distribution': 'uniform', 'sample_num': 1, 'alpha': 1.0, 'dynamic': False, 'candidate_num': 0}]
Wed 15 Apr 2026 13:12:35 INFO  [Evaluation]: eval_batch_size = [2048] eval_args: [{'split': {'RS': [0.75, 0.2, 0.05]}, 'order': 'RO', 'group_by': 'user', 'mode': {'valid': 'full', 'test': 'full'}}]
Wed 15 Apr 2026 13:12:35 INFO  Done!
Wed 15 Apr 2026 13:12:36 INFO  BPR(
  (user_embedding): Embedding(656, 256)
  (item_embedding): Embedding(992, 256)
  (loss): BPRLoss()
)
Trainable parameters: 421888
Wed 15 Apr 2026 13:12:36 INFO  FLOPs: 512.0
Wed 15 Apr 2026 13:12:37 INFO  epoch 0 training [time: 0.73s, train loss: 33.7565]
Wed 15 Apr 2026 13:12:41 INFO  epoch 0 evaluating [time: 3.14s, valid_score: 0.302192]
Wed 15 Apr 2026 13:12:41 INFO  valid result: 
ndcg@10 : 0.302192
Wed 15 Apr 2026 13:12:41 INFO  Saving current: saved/BPR-Apr-15-2026_13-12-36.pth
Wed 15 Apr 2026 13:12:41 INFO  epoch 1 training [time: 0.64s, train loss: 29.3089]
Wed 15 Apr 2026 13:12:44 INFO  epoch 1 evaluating [time: 2.94s, valid_score: 0.815469]
Wed 15 Apr 2026 13:12:44 INFO  valid result: 
ndcg@10 : 0.815469
Wed 15 Apr 2026 13:12:44 INFO  Saving current: saved/BPR-Apr-15-2026_13-12-36.pth
Wed 15 Apr 2026 13:12:45 INFO  epoch 2 training [time: 0.64s, train loss: 12.9174]
Wed 15 Apr 2026 13:12:48 INFO  epoch 2 evaluating [time: 3.11s, valid_score: 0.816237]
Wed 15 Apr 2026 13:12:48 INFO  valid result: 
ndcg@10 : 0.816237
Wed 15 Apr 2026 13:12:48 INFO  Saving current: saved/BPR-Apr-15-2026_13-12-36.pth
Wed 15 Apr 2026 13:12:49 INFO  epoch 3 training [time: 0.66s, train loss: 5.3771]
Wed 15 Apr 2026 13:12:52 INFO  epoch 3 evaluating [time: 3.02s, valid_score: 0.822173]
Wed 15 Apr 2026 13:12:52 INFO  valid result: 
ndcg@10 : 0.822173
Wed 15 Apr 2026 13:12:52 INFO  Saving current: saved/BPR-Apr-15-2026_13-12-36.pth
Wed 15 Apr 2026 13:12:52 INFO  epoch 4 training [time: 0.60s, train loss: 4.2362]
Wed 15 Apr 2026 13:12:55 INFO  epoch 4 evaluating [time: 2.98s, valid_score: 0.824454]
Wed 15 Apr 2026 13:12:55 INFO  valid result: 
ndcg@10 : 0.824454
Wed 15 Apr 2026 13:12:55 INFO  Saving current: saved/BPR-Apr-15-2026_13-12-36.pth
Wed 15 Apr 2026 13:12:56 INFO  epoch 5 training [time: 0.63s, train loss: 3.8713]
Wed 15 Apr 2026 13:12:59 INFO  epoch 5 evaluating [time: 3.05s, valid_score: 0.820563]
Wed 15 Apr 2026 13:12:59 INFO  valid result: 
ndcg@10 : 0.820563
Wed 15 Apr 2026 13:13:00 INFO  epoch 6 training [time: 0.62s, train loss: 3.6547]
Wed 15 Apr 2026 13:13:05 INFO  epoch 6 evaluating [time: 5.60s, valid_score: 0.819751]
Wed 15 Apr 2026 13:13:05 INFO  valid result: 
ndcg@10 : 0.819751
Wed 15 Apr 2026 13:13:06 INFO  epoch 7 training [time: 1.07s, train loss: 3.5054]
Wed 15 Apr 2026 13:13:09 INFO  epoch 7 evaluating [time: 3.13s, valid_score: 0.818689]
Wed 15 Apr 2026 13:13:09 INFO  valid result: 
ndcg@10 : 0.818689
Wed 15 Apr 2026 13:13:10 INFO  epoch 8 training [time: 0.63s, train loss: 3.5141]
Wed 15 Apr 2026 13:13:13 INFO  epoch 8 evaluating [time: 3.03s, valid_score: 0.822384]
Wed 15 Apr 2026 13:13:13 INFO  valid result: 
ndcg@10 : 0.822384
Wed 15 Apr 2026 13:13:14 INFO  epoch 9 training [time: 0.61s, train loss: 3.4841]
Wed 15 Apr 2026 13:13:17 INFO  epoch 9 evaluating [time: 3.15s, valid_score: 0.817259]
Wed 15 Apr 2026 13:13:17 INFO  valid result: 
ndcg@10 : 0.817259
Wed 15 Apr 2026 13:13:17 INFO  epoch 10 training [time: 0.59s, train loss: 3.3241]
Wed 15 Apr 2026 13:13:20 INFO  epoch 10 evaluating [time: 2.96s, valid_score: 0.818066]
Wed 15 Apr 2026 13:13:20 INFO  valid result: 
ndcg@10 : 0.818066
Wed 15 Apr 2026 13:13:20 INFO  Finished training, best eval result in epoch 4
Wed 15 Apr 2026 13:13:20 INFO  best valid : OrderedDict([('ndcg@10', 0.824454)])
Wed 15 Apr 2026 13:13:20 INFO  
General Hyper Parameters:
gpu_id = 0
use_gpu = True
seed = 2020
state = INFO
reproducibility = True
data_path = recbole_tmp/dataset
checkpoint_dir = saved
show_progress = True
save_dataset = False
dataset_save_path = None
save_dataloaders = False
dataloaders_save_path = None
log_wandb = False

Training Hyper Parameters:
epochs = 15
train_batch_size = 2048
learner = adam
learning_rate = 0.001
train_neg_sample_args = {'distribution': 'uniform', 'sample_num': 1, 'alpha': 1.0, 'dynamic': False, 'candidate_num': 0}
eval_step = 1
stopping_step = 5
clip_grad_norm = None
weight_decay = 0.0
loss_decimal_place = 4

Evaluation Hyper Parameters:
eval_args = {'split': {'RS': [0.75, 0.2, 0.05]}, 'order': 'RO', 'group_by': 'user', 'mode': {'valid': 'full', 'test': 'full'}}
repeatable = False
metrics = ['NDCG']
topk = [10]
valid_metric = NDCG@10
valid_metric_bigger = True
eval_batch_size = 2048
metric_decimal_place = 6

Dataset Hyper Parameters:
field_separator = 	
seq_separator =  
USER_ID_FIELD = user_id
ITEM_ID_FIELD = item_id
RATING_FIELD = rating
TIME_FIELD = timestamp
seq_len = None
LABEL_FIELD = label
threshold = None
NEG_PREFIX = neg_
load_col = {'inter': ['user_id', 'item_id']}
unload_col = None
unused_col = None
additional_feat_suffix = None
rm_dup_inter = None
val_interval = None
filter_inter_by_user_or_item = True
user_inter_num_interval = [0,inf)
item_inter_num_interval = [0,inf)
alias_of_user_id = None
alias_of_item_id = None
alias_of_entity_id = None
alias_of_relation_id = None
preload_weight = None
normalize_field = None
normalize_all = None
ITEM_LIST_LENGTH_FIELD = item_length
LIST_SUFFIX = _list
MAX_ITEM_LIST_LENGTH = 500
POSITION_FIELD = position_id
HEAD_ENTITY_ID_FIELD = head_id
TAIL_ENTITY_ID_FIELD = tail_id
RELATION_ID_FIELD = relation_id
ENTITY_ID_FIELD = entity_id
benchmark_filename = None

Other Hyper Parameters: 
worker = 0
wandb_project = recbole
shuffle = True
require_pow = False
enable_amp = False
enable_scaler = False
transform = None
embedding_size = 256
numerical_features = []
discretization = None
kg_reverse_r = False
entity_kg_num_interval = [0,inf)
relation_kg_num_interval = [0,inf)
MODEL_TYPE = ModelType.GENERAL
MODEL_INPUT_TYPE = InputType.PAIRWISE
eval_type = EvaluatorType.RANKING
single_spec = True
local_rank = 0
device = cuda
valid_neg_sample_args = {'distribution': 'uniform', 'sample_num': 'none'}
test_neg_sample_args = {'distribution': 'uniform', 'sample_num': 'none'}


Wed 15 Apr 2026 13:13:21 INFO  dataset
The number of users: 656
Average actions of users: 202.29312977099238
The number of items: 992
Average actions of items: 133.70534813319878
The number of inters: 132502
The sparsity of the dataset: 79.63863345790716%
Remain Fields: ['user_id', 'item_id']
Wed 15 Apr 2026 13:13:21 INFO  [Training]: train_batch_size = [2048] train_neg_sample_args: [{'distribution': 'uniform', 'sample_num': 1, 'alpha': 1.0, 'dynamic': False, 'candidate_num': 0}]
Wed 15 Apr 2026 13:13:21 INFO  [Evaluation]: eval_batch_size = [2048] eval_args: [{'split': {'RS': [0.75, 0.2, 0.05]}, 'order': 'RO', 'group_by': 'user', 'mode': {'valid': 'full', 'test': 'full'}}]
