Wed 15 Apr 2026 14:21:45 INFO  ['main.py', 'babyLFM2b1k', '73', '--clean', '--model', 'BPR', '--choice-model', 'consume_all', '--config', 'recbole_config_default.yaml']
Wed 15 Apr 2026 14:21:45 INFO  
General Hyper Parameters:
gpu_id = 0
use_gpu = True
seed = 2020
state = INFO
reproducibility = True
data_path = recbole_tmp/dataset
checkpoint_dir = saved
show_progress = True
save_dataset = False
dataset_save_path = None
save_dataloaders = False
dataloaders_save_path = None
log_wandb = False

Training Hyper Parameters:
epochs = 15
train_batch_size = 2048
learner = adam
learning_rate = 0.001
train_neg_sample_args = {'distribution': 'uniform', 'sample_num': 1, 'alpha': 1.0, 'dynamic': False, 'candidate_num': 0}
eval_step = 1
stopping_step = 5
clip_grad_norm = None
weight_decay = 0.0
loss_decimal_place = 4

Evaluation Hyper Parameters:
eval_args = {'split': {'RS': [0.75, 0.2, 0.05]}, 'order': 'RO', 'group_by': 'user', 'mode': {'valid': 'full', 'test': 'full'}}
repeatable = False
metrics = ['NDCG']
topk = [10]
valid_metric = NDCG@10
valid_metric_bigger = True
eval_batch_size = 2048
metric_decimal_place = 6

Dataset Hyper Parameters:
field_separator = 	
seq_separator =  
USER_ID_FIELD = user_id
ITEM_ID_FIELD = item_id
RATING_FIELD = rating
TIME_FIELD = timestamp
seq_len = None
LABEL_FIELD = label
threshold = None
NEG_PREFIX = neg_
load_col = {'inter': ['user_id', 'item_id']}
unload_col = None
unused_col = None
additional_feat_suffix = None
rm_dup_inter = None
val_interval = None
filter_inter_by_user_or_item = True
user_inter_num_interval = [0,inf)
item_inter_num_interval = [0,inf)
alias_of_user_id = None
alias_of_item_id = None
alias_of_entity_id = None
alias_of_relation_id = None
preload_weight = None
normalize_field = None
normalize_all = None
ITEM_LIST_LENGTH_FIELD = item_length
LIST_SUFFIX = _list
MAX_ITEM_LIST_LENGTH = 500
POSITION_FIELD = position_id
HEAD_ENTITY_ID_FIELD = head_id
TAIL_ENTITY_ID_FIELD = tail_id
RELATION_ID_FIELD = relation_id
ENTITY_ID_FIELD = entity_id
benchmark_filename = None

Other Hyper Parameters: 
worker = 0
wandb_project = recbole
shuffle = True
require_pow = False
enable_amp = False
enable_scaler = False
transform = None
embedding_size = 256
numerical_features = []
discretization = None
kg_reverse_r = False
entity_kg_num_interval = [0,inf)
relation_kg_num_interval = [0,inf)
MODEL_TYPE = ModelType.GENERAL
MODEL_INPUT_TYPE = InputType.PAIRWISE
eval_type = EvaluatorType.RANKING
single_spec = True
local_rank = 0
device = cuda
valid_neg_sample_args = {'distribution': 'uniform', 'sample_num': 'none'}
test_neg_sample_args = {'distribution': 'uniform', 'sample_num': 'none'}


Wed 15 Apr 2026 14:21:47 INFO  dataset
The number of users: 656
Average actions of users: 742.2106870229007
The number of items: 992
Average actions of items: 490.5630676084763
The number of inters: 486148
The sparsity of the dataset: 25.29442859952793%
Remain Fields: ['user_id', 'item_id']
Wed 15 Apr 2026 14:21:47 INFO  Preparing dataset
Wed 15 Apr 2026 14:21:47 INFO  [Training]: train_batch_size = [2048] train_neg_sample_args: [{'distribution': 'uniform', 'sample_num': 1, 'alpha': 1.0, 'dynamic': False, 'candidate_num': 0}]
Wed 15 Apr 2026 14:21:47 INFO  [Evaluation]: eval_batch_size = [2048] eval_args: [{'split': {'RS': [0.75, 0.2, 0.05]}, 'order': 'RO', 'group_by': 'user', 'mode': {'valid': 'full', 'test': 'full'}}]
Wed 15 Apr 2026 14:21:47 INFO  Done!
Wed 15 Apr 2026 14:21:48 INFO  BPR(
  (user_embedding): Embedding(656, 256)
  (item_embedding): Embedding(992, 256)
  (loss): BPRLoss()
)
Trainable parameters: 421888
Wed 15 Apr 2026 14:21:48 INFO  FLOPs: 512.0
Wed 15 Apr 2026 14:21:53 INFO  epoch 0 training [time: 3.66s, train loss: 110.8960]
Wed 15 Apr 2026 14:21:56 INFO  epoch 0 evaluating [time: 3.09s, valid_score: 0.816708]
Wed 15 Apr 2026 14:21:56 INFO  valid result: 
ndcg@10 : 0.816708
Wed 15 Apr 2026 14:21:56 INFO  Saving current: saved/BPR-Apr-15-2026_14-21-48.pth
Wed 15 Apr 2026 14:21:58 INFO  epoch 1 training [time: 2.24s, train loss: 56.6500]
Wed 15 Apr 2026 14:22:01 INFO  epoch 1 evaluating [time: 3.16s, valid_score: 0.809504]
Wed 15 Apr 2026 14:22:01 INFO  valid result: 
ndcg@10 : 0.809504
Wed 15 Apr 2026 14:22:04 INFO  epoch 2 training [time: 2.17s, train loss: 52.2861]
Wed 15 Apr 2026 14:22:06 INFO  epoch 2 evaluating [time: 2.55s, valid_score: 0.817748]
Wed 15 Apr 2026 14:22:06 INFO  valid result: 
ndcg@10 : 0.817748
Wed 15 Apr 2026 14:22:06 INFO  Saving current: saved/BPR-Apr-15-2026_14-21-48.pth
Wed 15 Apr 2026 14:22:07 INFO  epoch 3 training [time: 1.20s, train loss: 50.7576]
Wed 15 Apr 2026 14:22:09 INFO  epoch 3 evaluating [time: 1.65s, valid_score: 0.823749]
Wed 15 Apr 2026 14:22:09 INFO  valid result: 
ndcg@10 : 0.823749
Wed 15 Apr 2026 14:22:09 INFO  Saving current: saved/BPR-Apr-15-2026_14-21-48.pth
Wed 15 Apr 2026 14:22:12 INFO  epoch 4 training [time: 2.50s, train loss: 48.8403]
Wed 15 Apr 2026 14:22:15 INFO  epoch 4 evaluating [time: 3.11s, valid_score: 0.836428]
Wed 15 Apr 2026 14:22:15 INFO  valid result: 
ndcg@10 : 0.836428
Wed 15 Apr 2026 14:22:15 INFO  Saving current: saved/BPR-Apr-15-2026_14-21-48.pth
Wed 15 Apr 2026 14:22:17 INFO  epoch 5 training [time: 2.58s, train loss: 45.9746]
Wed 15 Apr 2026 14:22:20 INFO  epoch 5 evaluating [time: 3.05s, valid_score: 0.839815]
Wed 15 Apr 2026 14:22:20 INFO  valid result: 
ndcg@10 : 0.839815
Wed 15 Apr 2026 14:22:20 INFO  Saving current: saved/BPR-Apr-15-2026_14-21-48.pth
Wed 15 Apr 2026 14:22:23 INFO  epoch 6 training [time: 2.48s, train loss: 43.1360]
Wed 15 Apr 2026 14:22:26 INFO  epoch 6 evaluating [time: 3.01s, valid_score: 0.844236]
Wed 15 Apr 2026 14:22:26 INFO  valid result: 
ndcg@10 : 0.844236
Wed 15 Apr 2026 14:22:26 INFO  Saving current: saved/BPR-Apr-15-2026_14-21-48.pth
Wed 15 Apr 2026 14:22:28 INFO  epoch 7 training [time: 2.55s, train loss: 40.1773]
Wed 15 Apr 2026 14:22:31 INFO  epoch 7 evaluating [time: 2.91s, valid_score: 0.846306]
Wed 15 Apr 2026 14:22:31 INFO  valid result: 
ndcg@10 : 0.846306
Wed 15 Apr 2026 14:22:31 INFO  Saving current: saved/BPR-Apr-15-2026_14-21-48.pth
Wed 15 Apr 2026 14:22:34 INFO  epoch 8 training [time: 2.51s, train loss: 37.0024]
Wed 15 Apr 2026 14:22:37 INFO  epoch 8 evaluating [time: 2.98s, valid_score: 0.844582]
Wed 15 Apr 2026 14:22:37 INFO  valid result: 
ndcg@10 : 0.844582
Wed 15 Apr 2026 14:22:39 INFO  epoch 9 training [time: 2.52s, train loss: 33.9041]
Wed 15 Apr 2026 14:22:42 INFO  epoch 9 evaluating [time: 3.13s, valid_score: 0.847977]
Wed 15 Apr 2026 14:22:42 INFO  valid result: 
ndcg@10 : 0.847977
Wed 15 Apr 2026 14:22:42 INFO  Saving current: saved/BPR-Apr-15-2026_14-21-48.pth
Wed 15 Apr 2026 14:22:45 INFO  epoch 10 training [time: 2.58s, train loss: 31.2536]
Wed 15 Apr 2026 14:22:49 INFO  epoch 10 evaluating [time: 3.71s, valid_score: 0.850283]
Wed 15 Apr 2026 14:22:49 INFO  valid result: 
ndcg@10 : 0.850283
Wed 15 Apr 2026 14:22:49 INFO  Saving current: saved/BPR-Apr-15-2026_14-21-48.pth
Wed 15 Apr 2026 14:22:53 INFO  epoch 11 training [time: 3.95s, train loss: 28.5663]
Wed 15 Apr 2026 14:23:01 INFO  epoch 11 evaluating [time: 8.24s, valid_score: 0.849974]
Wed 15 Apr 2026 14:23:01 INFO  valid result: 
ndcg@10 : 0.849974
Wed 15 Apr 2026 14:23:04 INFO  epoch 12 training [time: 3.25s, train loss: 26.2437]
Wed 15 Apr 2026 14:23:08 INFO  epoch 12 evaluating [time: 3.38s, valid_score: 0.849723]
Wed 15 Apr 2026 14:23:08 INFO  valid result: 
ndcg@10 : 0.849723
Wed 15 Apr 2026 14:23:10 INFO  epoch 13 training [time: 2.66s, train loss: 24.1418]
Wed 15 Apr 2026 14:23:13 INFO  epoch 13 evaluating [time: 3.07s, valid_score: 0.850660]
Wed 15 Apr 2026 14:23:13 INFO  valid result: 
ndcg@10 : 0.85066
Wed 15 Apr 2026 14:23:13 INFO  Saving current: saved/BPR-Apr-15-2026_14-21-48.pth
Wed 15 Apr 2026 14:23:16 INFO  epoch 14 training [time: 2.61s, train loss: 22.0028]
Wed 15 Apr 2026 14:23:19 INFO  epoch 14 evaluating [time: 3.09s, valid_score: 0.854296]
Wed 15 Apr 2026 14:23:19 INFO  valid result: 
ndcg@10 : 0.854296
Wed 15 Apr 2026 14:23:19 INFO  Saving current: saved/BPR-Apr-15-2026_14-21-48.pth
Wed 15 Apr 2026 14:23:19 INFO  best valid : OrderedDict([('ndcg@10', 0.854296)])
Wed 15 Apr 2026 14:23:19 INFO  
General Hyper Parameters:
gpu_id = 0
use_gpu = True
seed = 2020
state = INFO
reproducibility = True
data_path = recbole_tmp/dataset
checkpoint_dir = saved
show_progress = True
save_dataset = False
dataset_save_path = None
save_dataloaders = False
dataloaders_save_path = None
log_wandb = False

Training Hyper Parameters:
epochs = 15
train_batch_size = 2048
learner = adam
learning_rate = 0.001
train_neg_sample_args = {'distribution': 'uniform', 'sample_num': 1, 'alpha': 1.0, 'dynamic': False, 'candidate_num': 0}
eval_step = 1
stopping_step = 5
clip_grad_norm = None
weight_decay = 0.0
loss_decimal_place = 4

Evaluation Hyper Parameters:
eval_args = {'split': {'RS': [0.75, 0.2, 0.05]}, 'order': 'RO', 'group_by': 'user', 'mode': {'valid': 'full', 'test': 'full'}}
repeatable = False
metrics = ['NDCG']
topk = [10]
valid_metric = NDCG@10
valid_metric_bigger = True
eval_batch_size = 2048
metric_decimal_place = 6

Dataset Hyper Parameters:
field_separator = 	
seq_separator =  
USER_ID_FIELD = user_id
ITEM_ID_FIELD = item_id
RATING_FIELD = rating
TIME_FIELD = timestamp
seq_len = None
LABEL_FIELD = label
threshold = None
NEG_PREFIX = neg_
load_col = {'inter': ['user_id', 'item_id']}
unload_col = None
unused_col = None
additional_feat_suffix = None
rm_dup_inter = None
val_interval = None
filter_inter_by_user_or_item = True
user_inter_num_interval = [0,inf)
item_inter_num_interval = [0,inf)
alias_of_user_id = None
alias_of_item_id = None
alias_of_entity_id = None
alias_of_relation_id = None
preload_weight = None
normalize_field = None
normalize_all = None
ITEM_LIST_LENGTH_FIELD = item_length
LIST_SUFFIX = _list
MAX_ITEM_LIST_LENGTH = 500
POSITION_FIELD = position_id
HEAD_ENTITY_ID_FIELD = head_id
TAIL_ENTITY_ID_FIELD = tail_id
RELATION_ID_FIELD = relation_id
ENTITY_ID_FIELD = entity_id
benchmark_filename = None

Other Hyper Parameters: 
worker = 0
wandb_project = recbole
shuffle = True
require_pow = False
enable_amp = False
enable_scaler = False
transform = None
embedding_size = 256
numerical_features = []
discretization = None
kg_reverse_r = False
entity_kg_num_interval = [0,inf)
relation_kg_num_interval = [0,inf)
MODEL_TYPE = ModelType.GENERAL
MODEL_INPUT_TYPE = InputType.PAIRWISE
eval_type = EvaluatorType.RANKING
single_spec = True
local_rank = 0
device = cuda
valid_neg_sample_args = {'distribution': 'uniform', 'sample_num': 'none'}
test_neg_sample_args = {'distribution': 'uniform', 'sample_num': 'none'}


Wed 15 Apr 2026 14:23:20 INFO  dataset
The number of users: 656
Average actions of users: 742.2106870229007
The number of items: 992
Average actions of items: 490.5630676084763
The number of inters: 486148
The sparsity of the dataset: 25.29442859952793%
Remain Fields: ['user_id', 'item_id']
Wed 15 Apr 2026 14:23:21 INFO  [Training]: train_batch_size = [2048] train_neg_sample_args: [{'distribution': 'uniform', 'sample_num': 1, 'alpha': 1.0, 'dynamic': False, 'candidate_num': 0}]
Wed 15 Apr 2026 14:23:21 INFO  [Evaluation]: eval_batch_size = [2048] eval_args: [{'split': {'RS': [0.75, 0.2, 0.05]}, 'order': 'RO', 'group_by': 'user', 'mode': {'valid': 'full', 'test': 'full'}}]
