Wed 15 Apr 2026 13:17:40 INFO  ['main.py', 'babyLFM2b1k', '25', '--clean', '--model', 'BPR', '--choice-model', 'consume_all', '--config', 'recbole_config_default.yaml']
Wed 15 Apr 2026 13:17:40 INFO  
General Hyper Parameters:
gpu_id = 0
use_gpu = True
seed = 2020
state = INFO
reproducibility = True
data_path = recbole_tmp/dataset
checkpoint_dir = saved
show_progress = True
save_dataset = False
dataset_save_path = None
save_dataloaders = False
dataloaders_save_path = None
log_wandb = False

Training Hyper Parameters:
epochs = 15
train_batch_size = 2048
learner = adam
learning_rate = 0.001
train_neg_sample_args = {'distribution': 'uniform', 'sample_num': 1, 'alpha': 1.0, 'dynamic': False, 'candidate_num': 0}
eval_step = 1
stopping_step = 5
clip_grad_norm = None
weight_decay = 0.0
loss_decimal_place = 4

Evaluation Hyper Parameters:
eval_args = {'split': {'RS': [0.75, 0.2, 0.05]}, 'order': 'RO', 'group_by': 'user', 'mode': {'valid': 'full', 'test': 'full'}}
repeatable = False
metrics = ['NDCG']
topk = [10]
valid_metric = NDCG@10
valid_metric_bigger = True
eval_batch_size = 2048
metric_decimal_place = 6

Dataset Hyper Parameters:
field_separator = 	
seq_separator =  
USER_ID_FIELD = user_id
ITEM_ID_FIELD = item_id
RATING_FIELD = rating
TIME_FIELD = timestamp
seq_len = None
LABEL_FIELD = label
threshold = None
NEG_PREFIX = neg_
load_col = {'inter': ['user_id', 'item_id']}
unload_col = None
unused_col = None
additional_feat_suffix = None
rm_dup_inter = None
val_interval = None
filter_inter_by_user_or_item = True
user_inter_num_interval = [0,inf)
item_inter_num_interval = [0,inf)
alias_of_user_id = None
alias_of_item_id = None
alias_of_entity_id = None
alias_of_relation_id = None
preload_weight = None
normalize_field = None
normalize_all = None
ITEM_LIST_LENGTH_FIELD = item_length
LIST_SUFFIX = _list
MAX_ITEM_LIST_LENGTH = 500
POSITION_FIELD = position_id
HEAD_ENTITY_ID_FIELD = head_id
TAIL_ENTITY_ID_FIELD = tail_id
RELATION_ID_FIELD = relation_id
ENTITY_ID_FIELD = entity_id
benchmark_filename = None

Other Hyper Parameters: 
worker = 0
wandb_project = recbole
shuffle = True
require_pow = False
enable_amp = False
enable_scaler = False
transform = None
embedding_size = 256
numerical_features = []
discretization = None
kg_reverse_r = False
entity_kg_num_interval = [0,inf)
relation_kg_num_interval = [0,inf)
MODEL_TYPE = ModelType.GENERAL
MODEL_INPUT_TYPE = InputType.PAIRWISE
eval_type = EvaluatorType.RANKING
single_spec = True
local_rank = 0
device = cuda
valid_neg_sample_args = {'distribution': 'uniform', 'sample_num': 'none'}
test_neg_sample_args = {'distribution': 'uniform', 'sample_num': 'none'}


Wed 15 Apr 2026 13:17:41 INFO  dataset
The number of users: 656
Average actions of users: 262.28396946564885
The number of items: 992
Average actions of items: 173.35620585267407
The number of inters: 171796
The sparsity of the dataset: 73.60038847364281%
Remain Fields: ['user_id', 'item_id']
Wed 15 Apr 2026 13:17:41 INFO  Preparing dataset
Wed 15 Apr 2026 13:17:41 INFO  [Training]: train_batch_size = [2048] train_neg_sample_args: [{'distribution': 'uniform', 'sample_num': 1, 'alpha': 1.0, 'dynamic': False, 'candidate_num': 0}]
Wed 15 Apr 2026 13:17:41 INFO  [Evaluation]: eval_batch_size = [2048] eval_args: [{'split': {'RS': [0.75, 0.2, 0.05]}, 'order': 'RO', 'group_by': 'user', 'mode': {'valid': 'full', 'test': 'full'}}]
Wed 15 Apr 2026 13:17:41 INFO  Done!
Wed 15 Apr 2026 13:17:41 INFO  BPR(
  (user_embedding): Embedding(656, 256)
  (item_embedding): Embedding(992, 256)
  (loss): BPRLoss()
)
Trainable parameters: 421888
Wed 15 Apr 2026 13:17:42 INFO  FLOPs: 512.0
Wed 15 Apr 2026 13:17:44 INFO  epoch 0 training [time: 1.04s, train loss: 43.9153]
Wed 15 Apr 2026 13:17:47 INFO  epoch 0 evaluating [time: 3.43s, valid_score: 0.708753]
Wed 15 Apr 2026 13:17:47 INFO  valid result: 
ndcg@10 : 0.708753
Wed 15 Apr 2026 13:17:47 INFO  Saving current: saved/BPR-Apr-15-2026_13-17-42.pth
Wed 15 Apr 2026 13:17:48 INFO  epoch 1 training [time: 0.80s, train loss: 31.6763]
Wed 15 Apr 2026 13:17:51 INFO  epoch 1 evaluating [time: 3.03s, valid_score: 0.821677]
Wed 15 Apr 2026 13:17:51 INFO  valid result: 
ndcg@10 : 0.821677
Wed 15 Apr 2026 13:17:51 INFO  Saving current: saved/BPR-Apr-15-2026_13-17-42.pth
Wed 15 Apr 2026 13:17:52 INFO  epoch 2 training [time: 0.84s, train loss: 9.5261]
Wed 15 Apr 2026 13:17:55 INFO  epoch 2 evaluating [time: 3.22s, valid_score: 0.815239]
Wed 15 Apr 2026 13:17:55 INFO  valid result: 
ndcg@10 : 0.815239
Wed 15 Apr 2026 13:17:56 INFO  epoch 3 training [time: 0.82s, train loss: 6.0587]
Wed 15 Apr 2026 13:17:59 INFO  epoch 3 evaluating [time: 2.94s, valid_score: 0.817984]
Wed 15 Apr 2026 13:17:59 INFO  valid result: 
ndcg@10 : 0.817984
Wed 15 Apr 2026 13:18:00 INFO  epoch 4 training [time: 0.88s, train loss: 5.4592]
Wed 15 Apr 2026 13:18:03 INFO  epoch 4 evaluating [time: 3.22s, valid_score: 0.817807]
Wed 15 Apr 2026 13:18:03 INFO  valid result: 
ndcg@10 : 0.817807
Wed 15 Apr 2026 13:18:04 INFO  epoch 5 training [time: 0.76s, train loss: 5.2286]
Wed 15 Apr 2026 13:18:07 INFO  epoch 5 evaluating [time: 3.15s, valid_score: 0.813646]
Wed 15 Apr 2026 13:18:07 INFO  valid result: 
ndcg@10 : 0.813646
Wed 15 Apr 2026 13:18:08 INFO  epoch 6 training [time: 0.82s, train loss: 5.1315]
Wed 15 Apr 2026 13:18:11 INFO  epoch 6 evaluating [time: 3.20s, valid_score: 0.820021]
Wed 15 Apr 2026 13:18:11 INFO  valid result: 
ndcg@10 : 0.820021
Wed 15 Apr 2026 13:18:12 INFO  epoch 7 training [time: 0.79s, train loss: 5.0312]
Wed 15 Apr 2026 13:18:15 INFO  epoch 7 evaluating [time: 3.19s, valid_score: 0.819236]
Wed 15 Apr 2026 13:18:15 INFO  valid result: 
ndcg@10 : 0.819236
Wed 15 Apr 2026 13:18:15 INFO  Finished training, best eval result in epoch 1
Wed 15 Apr 2026 13:18:15 INFO  best valid : OrderedDict([('ndcg@10', 0.821677)])
Wed 15 Apr 2026 13:18:15 INFO  
General Hyper Parameters:
gpu_id = 0
use_gpu = True
seed = 2020
state = INFO
reproducibility = True
data_path = recbole_tmp/dataset
checkpoint_dir = saved
show_progress = True
save_dataset = False
dataset_save_path = None
save_dataloaders = False
dataloaders_save_path = None
log_wandb = False

Training Hyper Parameters:
epochs = 15
train_batch_size = 2048
learner = adam
learning_rate = 0.001
train_neg_sample_args = {'distribution': 'uniform', 'sample_num': 1, 'alpha': 1.0, 'dynamic': False, 'candidate_num': 0}
eval_step = 1
stopping_step = 5
clip_grad_norm = None
weight_decay = 0.0
loss_decimal_place = 4

Evaluation Hyper Parameters:
eval_args = {'split': {'RS': [0.75, 0.2, 0.05]}, 'order': 'RO', 'group_by': 'user', 'mode': {'valid': 'full', 'test': 'full'}}
repeatable = False
metrics = ['NDCG']
topk = [10]
valid_metric = NDCG@10
valid_metric_bigger = True
eval_batch_size = 2048
metric_decimal_place = 6

Dataset Hyper Parameters:
field_separator = 	
seq_separator =  
USER_ID_FIELD = user_id
ITEM_ID_FIELD = item_id
RATING_FIELD = rating
TIME_FIELD = timestamp
seq_len = None
LABEL_FIELD = label
threshold = None
NEG_PREFIX = neg_
load_col = {'inter': ['user_id', 'item_id']}
unload_col = None
unused_col = None
additional_feat_suffix = None
rm_dup_inter = None
val_interval = None
filter_inter_by_user_or_item = True
user_inter_num_interval = [0,inf)
item_inter_num_interval = [0,inf)
alias_of_user_id = None
alias_of_item_id = None
alias_of_entity_id = None
alias_of_relation_id = None
preload_weight = None
normalize_field = None
normalize_all = None
ITEM_LIST_LENGTH_FIELD = item_length
LIST_SUFFIX = _list
MAX_ITEM_LIST_LENGTH = 500
POSITION_FIELD = position_id
HEAD_ENTITY_ID_FIELD = head_id
TAIL_ENTITY_ID_FIELD = tail_id
RELATION_ID_FIELD = relation_id
ENTITY_ID_FIELD = entity_id
benchmark_filename = None

Other Hyper Parameters: 
worker = 0
wandb_project = recbole
shuffle = True
require_pow = False
enable_amp = False
enable_scaler = False
transform = None
embedding_size = 256
numerical_features = []
discretization = None
kg_reverse_r = False
entity_kg_num_interval = [0,inf)
relation_kg_num_interval = [0,inf)
MODEL_TYPE = ModelType.GENERAL
MODEL_INPUT_TYPE = InputType.PAIRWISE
eval_type = EvaluatorType.RANKING
single_spec = True
local_rank = 0
device = cuda
valid_neg_sample_args = {'distribution': 'uniform', 'sample_num': 'none'}
test_neg_sample_args = {'distribution': 'uniform', 'sample_num': 'none'}


Wed 15 Apr 2026 13:18:16 INFO  dataset
The number of users: 656
Average actions of users: 262.28396946564885
The number of items: 992
Average actions of items: 173.35620585267407
The number of inters: 171796
The sparsity of the dataset: 73.60038847364281%
Remain Fields: ['user_id', 'item_id']
Wed 15 Apr 2026 13:18:16 INFO  [Training]: train_batch_size = [2048] train_neg_sample_args: [{'distribution': 'uniform', 'sample_num': 1, 'alpha': 1.0, 'dynamic': False, 'candidate_num': 0}]
Wed 15 Apr 2026 13:18:16 INFO  [Evaluation]: eval_batch_size = [2048] eval_args: [{'split': {'RS': [0.75, 0.2, 0.05]}, 'order': 'RO', 'group_by': 'user', 'mode': {'valid': 'full', 'test': 'full'}}]
