Wed 15 Apr 2026 13:26:52 INFO  ['main.py', 'babyLFM2b1k', '35', '--clean', '--model', 'BPR', '--choice-model', 'consume_all', '--config', 'recbole_config_default.yaml']
Wed 15 Apr 2026 13:26:52 INFO  
General Hyper Parameters:
gpu_id = 0
use_gpu = True
seed = 2020
state = INFO
reproducibility = True
data_path = recbole_tmp/dataset
checkpoint_dir = saved
show_progress = True
save_dataset = False
dataset_save_path = None
save_dataloaders = False
dataloaders_save_path = None
log_wandb = False

Training Hyper Parameters:
epochs = 15
train_batch_size = 2048
learner = adam
learning_rate = 0.001
train_neg_sample_args = {'distribution': 'uniform', 'sample_num': 1, 'alpha': 1.0, 'dynamic': False, 'candidate_num': 0}
eval_step = 1
stopping_step = 5
clip_grad_norm = None
weight_decay = 0.0
loss_decimal_place = 4

Evaluation Hyper Parameters:
eval_args = {'split': {'RS': [0.75, 0.2, 0.05]}, 'order': 'RO', 'group_by': 'user', 'mode': {'valid': 'full', 'test': 'full'}}
repeatable = False
metrics = ['NDCG']
topk = [10]
valid_metric = NDCG@10
valid_metric_bigger = True
eval_batch_size = 2048
metric_decimal_place = 6

Dataset Hyper Parameters:
field_separator = 	
seq_separator =  
USER_ID_FIELD = user_id
ITEM_ID_FIELD = item_id
RATING_FIELD = rating
TIME_FIELD = timestamp
seq_len = None
LABEL_FIELD = label
threshold = None
NEG_PREFIX = neg_
load_col = {'inter': ['user_id', 'item_id']}
unload_col = None
unused_col = None
additional_feat_suffix = None
rm_dup_inter = None
val_interval = None
filter_inter_by_user_or_item = True
user_inter_num_interval = [0,inf)
item_inter_num_interval = [0,inf)
alias_of_user_id = None
alias_of_item_id = None
alias_of_entity_id = None
alias_of_relation_id = None
preload_weight = None
normalize_field = None
normalize_all = None
ITEM_LIST_LENGTH_FIELD = item_length
LIST_SUFFIX = _list
MAX_ITEM_LIST_LENGTH = 500
POSITION_FIELD = position_id
HEAD_ENTITY_ID_FIELD = head_id
TAIL_ENTITY_ID_FIELD = tail_id
RELATION_ID_FIELD = relation_id
ENTITY_ID_FIELD = entity_id
benchmark_filename = None

Other Hyper Parameters: 
worker = 0
wandb_project = recbole
shuffle = True
require_pow = False
enable_amp = False
enable_scaler = False
transform = None
embedding_size = 256
numerical_features = []
discretization = None
kg_reverse_r = False
entity_kg_num_interval = [0,inf)
relation_kg_num_interval = [0,inf)
MODEL_TYPE = ModelType.GENERAL
MODEL_INPUT_TYPE = InputType.PAIRWISE
eval_type = EvaluatorType.RANKING
single_spec = True
local_rank = 0
device = cuda
valid_neg_sample_args = {'distribution': 'uniform', 'sample_num': 'none'}
test_neg_sample_args = {'distribution': 'uniform', 'sample_num': 'none'}


Wed 15 Apr 2026 13:26:53 INFO  dataset
The number of users: 656
Average actions of users: 362.26870229007636
The number of items: 992
Average actions of items: 239.4409687184662
The number of inters: 237286
The sparsity of the dataset: 63.536646833202205%
Remain Fields: ['user_id', 'item_id']
Wed 15 Apr 2026 13:26:53 INFO  Preparing dataset
Wed 15 Apr 2026 13:26:53 INFO  [Training]: train_batch_size = [2048] train_neg_sample_args: [{'distribution': 'uniform', 'sample_num': 1, 'alpha': 1.0, 'dynamic': False, 'candidate_num': 0}]
Wed 15 Apr 2026 13:26:53 INFO  [Evaluation]: eval_batch_size = [2048] eval_args: [{'split': {'RS': [0.75, 0.2, 0.05]}, 'order': 'RO', 'group_by': 'user', 'mode': {'valid': 'full', 'test': 'full'}}]
Wed 15 Apr 2026 13:26:53 INFO  Done!
Wed 15 Apr 2026 13:26:53 INFO  BPR(
  (user_embedding): Embedding(656, 256)
  (item_embedding): Embedding(992, 256)
  (loss): BPRLoss()
)
Trainable parameters: 421888
Wed 15 Apr 2026 13:26:53 INFO  FLOPs: 512.0
Wed 15 Apr 2026 13:26:56 INFO  epoch 0 training [time: 1.23s, train loss: 59.6091]
Wed 15 Apr 2026 13:26:59 INFO  epoch 0 evaluating [time: 3.06s, valid_score: 0.828457]
Wed 15 Apr 2026 13:26:59 INFO  valid result: 
ndcg@10 : 0.828457
Wed 15 Apr 2026 13:26:59 INFO  Saving current: saved/BPR-Apr-15-2026_13-26-53.pth
Wed 15 Apr 2026 13:27:00 INFO  epoch 1 training [time: 1.08s, train loss: 29.8879]
Wed 15 Apr 2026 13:27:03 INFO  epoch 1 evaluating [time: 3.11s, valid_score: 0.819410]
Wed 15 Apr 2026 13:27:03 INFO  valid result: 
ndcg@10 : 0.81941
Wed 15 Apr 2026 13:27:04 INFO  epoch 2 training [time: 1.16s, train loss: 11.7555]
Wed 15 Apr 2026 13:27:08 INFO  epoch 2 evaluating [time: 3.19s, valid_score: 0.815000]
Wed 15 Apr 2026 13:27:08 INFO  valid result: 
ndcg@10 : 0.815
Wed 15 Apr 2026 13:27:09 INFO  epoch 3 training [time: 1.12s, train loss: 10.6907]
Wed 15 Apr 2026 13:27:12 INFO  epoch 3 evaluating [time: 3.16s, valid_score: 0.820803]
Wed 15 Apr 2026 13:27:12 INFO  valid result: 
ndcg@10 : 0.820803
Wed 15 Apr 2026 13:27:13 INFO  epoch 4 training [time: 1.14s, train loss: 10.3720]
Wed 15 Apr 2026 13:27:16 INFO  epoch 4 evaluating [time: 3.09s, valid_score: 0.823230]
Wed 15 Apr 2026 13:27:16 INFO  valid result: 
ndcg@10 : 0.82323
Wed 15 Apr 2026 13:27:17 INFO  epoch 5 training [time: 1.15s, train loss: 10.1735]
Wed 15 Apr 2026 13:27:20 INFO  epoch 5 evaluating [time: 3.12s, valid_score: 0.819148]
Wed 15 Apr 2026 13:27:20 INFO  valid result: 
ndcg@10 : 0.819148
Wed 15 Apr 2026 13:27:21 INFO  epoch 6 training [time: 1.09s, train loss: 9.9517]
Wed 15 Apr 2026 13:27:24 INFO  epoch 6 evaluating [time: 2.94s, valid_score: 0.820677]
Wed 15 Apr 2026 13:27:24 INFO  valid result: 
ndcg@10 : 0.820677
Wed 15 Apr 2026 13:27:24 INFO  Finished training, best eval result in epoch 0
Wed 15 Apr 2026 13:27:24 INFO  best valid : OrderedDict([('ndcg@10', 0.828457)])
Wed 15 Apr 2026 13:27:24 INFO  
General Hyper Parameters:
gpu_id = 0
use_gpu = True
seed = 2020
state = INFO
reproducibility = True
data_path = recbole_tmp/dataset
checkpoint_dir = saved
show_progress = True
save_dataset = False
dataset_save_path = None
save_dataloaders = False
dataloaders_save_path = None
log_wandb = False

Training Hyper Parameters:
epochs = 15
train_batch_size = 2048
learner = adam
learning_rate = 0.001
train_neg_sample_args = {'distribution': 'uniform', 'sample_num': 1, 'alpha': 1.0, 'dynamic': False, 'candidate_num': 0}
eval_step = 1
stopping_step = 5
clip_grad_norm = None
weight_decay = 0.0
loss_decimal_place = 4

Evaluation Hyper Parameters:
eval_args = {'split': {'RS': [0.75, 0.2, 0.05]}, 'order': 'RO', 'group_by': 'user', 'mode': {'valid': 'full', 'test': 'full'}}
repeatable = False
metrics = ['NDCG']
topk = [10]
valid_metric = NDCG@10
valid_metric_bigger = True
eval_batch_size = 2048
metric_decimal_place = 6

Dataset Hyper Parameters:
field_separator = 	
seq_separator =  
USER_ID_FIELD = user_id
ITEM_ID_FIELD = item_id
RATING_FIELD = rating
TIME_FIELD = timestamp
seq_len = None
LABEL_FIELD = label
threshold = None
NEG_PREFIX = neg_
load_col = {'inter': ['user_id', 'item_id']}
unload_col = None
unused_col = None
additional_feat_suffix = None
rm_dup_inter = None
val_interval = None
filter_inter_by_user_or_item = True
user_inter_num_interval = [0,inf)
item_inter_num_interval = [0,inf)
alias_of_user_id = None
alias_of_item_id = None
alias_of_entity_id = None
alias_of_relation_id = None
preload_weight = None
normalize_field = None
normalize_all = None
ITEM_LIST_LENGTH_FIELD = item_length
LIST_SUFFIX = _list
MAX_ITEM_LIST_LENGTH = 500
POSITION_FIELD = position_id
HEAD_ENTITY_ID_FIELD = head_id
TAIL_ENTITY_ID_FIELD = tail_id
RELATION_ID_FIELD = relation_id
ENTITY_ID_FIELD = entity_id
benchmark_filename = None

Other Hyper Parameters: 
worker = 0
wandb_project = recbole
shuffle = True
require_pow = False
enable_amp = False
enable_scaler = False
transform = None
embedding_size = 256
numerical_features = []
discretization = None
kg_reverse_r = False
entity_kg_num_interval = [0,inf)
relation_kg_num_interval = [0,inf)
MODEL_TYPE = ModelType.GENERAL
MODEL_INPUT_TYPE = InputType.PAIRWISE
eval_type = EvaluatorType.RANKING
single_spec = True
local_rank = 0
device = cuda
valid_neg_sample_args = {'distribution': 'uniform', 'sample_num': 'none'}
test_neg_sample_args = {'distribution': 'uniform', 'sample_num': 'none'}


Wed 15 Apr 2026 13:27:25 INFO  dataset
The number of users: 656
Average actions of users: 362.26870229007636
The number of items: 992
Average actions of items: 239.4409687184662
The number of inters: 237286
The sparsity of the dataset: 63.536646833202205%
Remain Fields: ['user_id', 'item_id']
Wed 15 Apr 2026 13:27:25 INFO  [Training]: train_batch_size = [2048] train_neg_sample_args: [{'distribution': 'uniform', 'sample_num': 1, 'alpha': 1.0, 'dynamic': False, 'candidate_num': 0}]
Wed 15 Apr 2026 13:27:25 INFO  [Evaluation]: eval_batch_size = [2048] eval_args: [{'split': {'RS': [0.75, 0.2, 0.05]}, 'order': 'RO', 'group_by': 'user', 'mode': {'valid': 'full', 'test': 'full'}}]
