Fri 17 Apr 2026 15:26:53 INFO  ['main.py', 'babyLFM2b1k', '48', '--clean', '--model', 'BPR', '--choice-model', 'consume_all', '--config', 'recbole_config_default.yaml', '--warm-start']
Fri 17 Apr 2026 15:26:53 INFO  
General Hyper Parameters:
gpu_id = 0
use_gpu = True
seed = 2020
state = INFO
reproducibility = True
data_path = recbole_tmp/dataset
checkpoint_dir = saved
show_progress = True
save_dataset = False
dataset_save_path = None
save_dataloaders = False
dataloaders_save_path = None
log_wandb = False

Training Hyper Parameters:
epochs = 10
train_batch_size = 2048
learner = adam
learning_rate = 0.001
train_neg_sample_args = {'distribution': 'uniform', 'sample_num': 1, 'alpha': 1.0, 'dynamic': False, 'candidate_num': 0}
eval_step = 1
stopping_step = 500
clip_grad_norm = None
weight_decay = 0.0
loss_decimal_place = 4

Evaluation Hyper Parameters:
eval_args = {'split': {'RS': [0.75, 0.2, 0.05]}, 'order': 'RO', 'group_by': 'user', 'mode': {'valid': 'full', 'test': 'full'}}
repeatable = False
metrics = ['NDCG']
topk = [10]
valid_metric = NDCG@10
valid_metric_bigger = True
eval_batch_size = 2048
metric_decimal_place = 3

Dataset Hyper Parameters:
field_separator = 	
seq_separator =  
USER_ID_FIELD = user_id
ITEM_ID_FIELD = item_id
RATING_FIELD = rating
TIME_FIELD = timestamp
seq_len = None
LABEL_FIELD = label
threshold = None
NEG_PREFIX = neg_
load_col = {'inter': ['user_id', 'item_id']}
unload_col = None
unused_col = None
additional_feat_suffix = None
rm_dup_inter = None
val_interval = None
filter_inter_by_user_or_item = True
user_inter_num_interval = [0,inf)
item_inter_num_interval = [0,inf)
alias_of_user_id = None
alias_of_item_id = None
alias_of_entity_id = None
alias_of_relation_id = None
preload_weight = None
normalize_field = None
normalize_all = None
ITEM_LIST_LENGTH_FIELD = item_length
LIST_SUFFIX = _list
MAX_ITEM_LIST_LENGTH = 500
POSITION_FIELD = position_id
HEAD_ENTITY_ID_FIELD = head_id
TAIL_ENTITY_ID_FIELD = tail_id
RELATION_ID_FIELD = relation_id
ENTITY_ID_FIELD = entity_id
benchmark_filename = None

Other Hyper Parameters: 
worker = 0
wandb_project = recbole
shuffle = True
require_pow = False
enable_amp = False
enable_scaler = False
transform = None
embedding_size = 256
numerical_features = []
discretization = None
kg_reverse_r = False
entity_kg_num_interval = [0,inf)
relation_kg_num_interval = [0,inf)
MODEL_TYPE = ModelType.GENERAL
MODEL_INPUT_TYPE = InputType.PAIRWISE
eval_type = EvaluatorType.RANKING
single_spec = True
local_rank = 0
device = cuda
valid_neg_sample_args = {'distribution': 'uniform', 'sample_num': 'none'}
test_neg_sample_args = {'distribution': 'uniform', 'sample_num': 'none'}


Fri 17 Apr 2026 15:26:54 INFO  dataset
The number of users: 656
Average actions of users: 492.2488549618321
The number of items: 992
Average actions of items: 325.351160443996
The number of inters: 322423
The sparsity of the dataset: 50.453782700629425%
Remain Fields: ['user_id', 'item_id']
Fri 17 Apr 2026 15:26:54 INFO  Preparing dataset
Fri 17 Apr 2026 15:26:55 INFO  [Training]: train_batch_size = [2048] train_neg_sample_args: [{'distribution': 'uniform', 'sample_num': 1, 'alpha': 1.0, 'dynamic': False, 'candidate_num': 0}]
Fri 17 Apr 2026 15:26:55 INFO  [Evaluation]: eval_batch_size = [2048] eval_args: [{'split': {'RS': [0.75, 0.2, 0.05]}, 'order': 'RO', 'group_by': 'user', 'mode': {'valid': 'full', 'test': 'full'}}]
Fri 17 Apr 2026 15:26:55 INFO  Done!
Fri 17 Apr 2026 15:26:55 INFO  BPR(
  (user_embedding): Embedding(656, 256)
  (item_embedding): Embedding(992, 256)
  (loss): BPRLoss()
)
Trainable parameters: 421888
Fri 17 Apr 2026 15:26:55 INFO  FLOPs: 512.0
Fri 17 Apr 2026 15:26:56 INFO  Resuming training from checkpoint: experiments/babyLFM2b1k/output/iteration_47_checkpoint.pth
Fri 17 Apr 2026 15:26:56 INFO  Checkpoint loaded. Resume training from epoch 11
Fri 17 Apr 2026 15:26:57 INFO  epoch 0 training [time: 1.13s, train loss: 25.4522]
Fri 17 Apr 2026 15:26:58 INFO  epoch 0 evaluating [time: 0.79s, valid_score: 0.761000]
Fri 17 Apr 2026 15:26:58 INFO  valid result: 
ndcg@10 : 0.761
Fri 17 Apr 2026 15:26:58 INFO  Saving current: experiments/babyLFM2b1k/output/iteration_47_checkpoint.pth
Fri 17 Apr 2026 15:26:59 INFO  epoch 1 training [time: 0.82s, train loss: 22.2599]
Fri 17 Apr 2026 15:27:00 INFO  epoch 1 evaluating [time: 0.60s, valid_score: 0.785000]
Fri 17 Apr 2026 15:27:00 INFO  valid result: 
ndcg@10 : 0.785
Fri 17 Apr 2026 15:27:00 INFO  Saving current: experiments/babyLFM2b1k/output/iteration_47_checkpoint.pth
Fri 17 Apr 2026 15:27:01 INFO  epoch 2 training [time: 1.02s, train loss: 20.2552]
Fri 17 Apr 2026 15:27:02 INFO  epoch 2 evaluating [time: 0.91s, valid_score: 0.791000]
Fri 17 Apr 2026 15:27:02 INFO  valid result: 
ndcg@10 : 0.791
Fri 17 Apr 2026 15:27:02 INFO  Saving current: experiments/babyLFM2b1k/output/iteration_47_checkpoint.pth
Fri 17 Apr 2026 15:27:03 INFO  epoch 3 training [time: 1.13s, train loss: 19.0269]
Fri 17 Apr 2026 15:27:04 INFO  epoch 3 evaluating [time: 1.26s, valid_score: 0.799000]
Fri 17 Apr 2026 15:27:04 INFO  valid result: 
ndcg@10 : 0.799
Fri 17 Apr 2026 15:27:04 INFO  Saving current: experiments/babyLFM2b1k/output/iteration_47_checkpoint.pth
Fri 17 Apr 2026 15:27:05 INFO  epoch 4 training [time: 0.93s, train loss: 18.0223]
Fri 17 Apr 2026 15:27:06 INFO  epoch 4 evaluating [time: 1.01s, valid_score: 0.803000]
Fri 17 Apr 2026 15:27:06 INFO  valid result: 
ndcg@10 : 0.803
Fri 17 Apr 2026 15:27:06 INFO  Saving current: experiments/babyLFM2b1k/output/iteration_47_checkpoint.pth
Fri 17 Apr 2026 15:27:07 INFO  epoch 5 training [time: 1.14s, train loss: 17.0878]
Fri 17 Apr 2026 15:27:08 INFO  epoch 5 evaluating [time: 0.86s, valid_score: 0.810000]
Fri 17 Apr 2026 15:27:08 INFO  valid result: 
ndcg@10 : 0.81
Fri 17 Apr 2026 15:27:08 INFO  Saving current: experiments/babyLFM2b1k/output/iteration_47_checkpoint.pth
Fri 17 Apr 2026 15:27:09 INFO  epoch 6 training [time: 0.82s, train loss: 16.2995]
Fri 17 Apr 2026 15:27:09 INFO  epoch 6 evaluating [time: 0.52s, valid_score: 0.814000]
Fri 17 Apr 2026 15:27:09 INFO  valid result: 
ndcg@10 : 0.814
Fri 17 Apr 2026 15:27:09 INFO  Saving current: experiments/babyLFM2b1k/output/iteration_47_checkpoint.pth
Fri 17 Apr 2026 15:27:10 INFO  epoch 7 training [time: 0.73s, train loss: 15.7528]
Fri 17 Apr 2026 15:27:11 INFO  epoch 7 evaluating [time: 0.84s, valid_score: 0.818000]
Fri 17 Apr 2026 15:27:11 INFO  valid result: 
ndcg@10 : 0.818
Fri 17 Apr 2026 15:27:11 INFO  Saving current: experiments/babyLFM2b1k/output/iteration_47_checkpoint.pth
Fri 17 Apr 2026 15:27:12 INFO  epoch 8 training [time: 1.10s, train loss: 15.1258]
Fri 17 Apr 2026 15:27:13 INFO  epoch 8 evaluating [time: 1.00s, valid_score: 0.822000]
Fri 17 Apr 2026 15:27:13 INFO  valid result: 
ndcg@10 : 0.822
Fri 17 Apr 2026 15:27:13 INFO  Saving current: experiments/babyLFM2b1k/output/iteration_47_checkpoint.pth
Fri 17 Apr 2026 15:27:14 INFO  epoch 9 training [time: 1.15s, train loss: 14.6393]
Fri 17 Apr 2026 15:27:15 INFO  epoch 9 evaluating [time: 0.91s, valid_score: 0.824000]
Fri 17 Apr 2026 15:27:15 INFO  valid result: 
ndcg@10 : 0.824
Fri 17 Apr 2026 15:27:15 INFO  Saving current: experiments/babyLFM2b1k/output/iteration_47_checkpoint.pth
Fri 17 Apr 2026 15:27:15 INFO  best valid : OrderedDict([('ndcg@10', 0.824)])
Fri 17 Apr 2026 15:27:15 INFO  No new best model saved (score did not improve). Force-saving current model state to: saved/iteration_47_checkpoint.pth
Fri 17 Apr 2026 15:27:15 INFO  Saving current: saved/iteration_47_checkpoint.pth
Fri 17 Apr 2026 15:27:15 INFO  
General Hyper Parameters:
gpu_id = 0
use_gpu = True
seed = 2020
state = INFO
reproducibility = True
data_path = recbole_tmp/dataset
checkpoint_dir = saved
show_progress = True
save_dataset = False
dataset_save_path = None
save_dataloaders = False
dataloaders_save_path = None
log_wandb = False

Training Hyper Parameters:
epochs = 10
train_batch_size = 2048
learner = adam
learning_rate = 0.001
train_neg_sample_args = {'distribution': 'uniform', 'sample_num': 1, 'alpha': 1.0, 'dynamic': False, 'candidate_num': 0}
eval_step = 1
stopping_step = 500
clip_grad_norm = None
weight_decay = 0.0
loss_decimal_place = 4

Evaluation Hyper Parameters:
eval_args = {'split': {'RS': [0.75, 0.2, 0.05]}, 'order': 'RO', 'group_by': 'user', 'mode': {'valid': 'full', 'test': 'full'}}
repeatable = False
metrics = ['NDCG']
topk = [10]
valid_metric = NDCG@10
valid_metric_bigger = True
eval_batch_size = 2048
metric_decimal_place = 3

Dataset Hyper Parameters:
field_separator = 	
seq_separator =  
USER_ID_FIELD = user_id
ITEM_ID_FIELD = item_id
RATING_FIELD = rating
TIME_FIELD = timestamp
seq_len = None
LABEL_FIELD = label
threshold = None
NEG_PREFIX = neg_
load_col = {'inter': ['user_id', 'item_id']}
unload_col = None
unused_col = None
additional_feat_suffix = None
rm_dup_inter = None
val_interval = None
filter_inter_by_user_or_item = True
user_inter_num_interval = [0,inf)
item_inter_num_interval = [0,inf)
alias_of_user_id = None
alias_of_item_id = None
alias_of_entity_id = None
alias_of_relation_id = None
preload_weight = None
normalize_field = None
normalize_all = None
ITEM_LIST_LENGTH_FIELD = item_length
LIST_SUFFIX = _list
MAX_ITEM_LIST_LENGTH = 500
POSITION_FIELD = position_id
HEAD_ENTITY_ID_FIELD = head_id
TAIL_ENTITY_ID_FIELD = tail_id
RELATION_ID_FIELD = relation_id
ENTITY_ID_FIELD = entity_id
benchmark_filename = None

Other Hyper Parameters: 
worker = 0
wandb_project = recbole
shuffle = True
require_pow = False
enable_amp = False
enable_scaler = False
transform = None
embedding_size = 256
numerical_features = []
discretization = None
kg_reverse_r = False
entity_kg_num_interval = [0,inf)
relation_kg_num_interval = [0,inf)
MODEL_TYPE = ModelType.GENERAL
MODEL_INPUT_TYPE = InputType.PAIRWISE
eval_type = EvaluatorType.RANKING
single_spec = True
local_rank = 0
device = cuda
valid_neg_sample_args = {'distribution': 'uniform', 'sample_num': 'none'}
test_neg_sample_args = {'distribution': 'uniform', 'sample_num': 'none'}


Fri 17 Apr 2026 15:27:17 INFO  dataset
The number of users: 656
Average actions of users: 492.2488549618321
The number of items: 992
Average actions of items: 325.351160443996
The number of inters: 322423
The sparsity of the dataset: 50.453782700629425%
Remain Fields: ['user_id', 'item_id']
Fri 17 Apr 2026 15:27:17 INFO  [Training]: train_batch_size = [2048] train_neg_sample_args: [{'distribution': 'uniform', 'sample_num': 1, 'alpha': 1.0, 'dynamic': False, 'candidate_num': 0}]
Fri 17 Apr 2026 15:27:17 INFO  [Evaluation]: eval_batch_size = [2048] eval_args: [{'split': {'RS': [0.75, 0.2, 0.05]}, 'order': 'RO', 'group_by': 'user', 'mode': {'valid': 'full', 'test': 'full'}}]
