Wed 15 Apr 2026 13:43:04 INFO  ['main.py', 'babyLFM2b1k', '48', '--clean', '--model', 'BPR', '--choice-model', 'consume_all', '--config', 'recbole_config_default.yaml']
Wed 15 Apr 2026 13:43:04 INFO  
General Hyper Parameters:
gpu_id = 0
use_gpu = True
seed = 2020
state = INFO
reproducibility = True
data_path = recbole_tmp/dataset
checkpoint_dir = saved
show_progress = True
save_dataset = False
dataset_save_path = None
save_dataloaders = False
dataloaders_save_path = None
log_wandb = False

Training Hyper Parameters:
epochs = 15
train_batch_size = 2048
learner = adam
learning_rate = 0.001
train_neg_sample_args = {'distribution': 'uniform', 'sample_num': 1, 'alpha': 1.0, 'dynamic': False, 'candidate_num': 0}
eval_step = 1
stopping_step = 5
clip_grad_norm = None
weight_decay = 0.0
loss_decimal_place = 4

Evaluation Hyper Parameters:
eval_args = {'split': {'RS': [0.75, 0.2, 0.05]}, 'order': 'RO', 'group_by': 'user', 'mode': {'valid': 'full', 'test': 'full'}}
repeatable = False
metrics = ['NDCG']
topk = [10]
valid_metric = NDCG@10
valid_metric_bigger = True
eval_batch_size = 2048
metric_decimal_place = 6

Dataset Hyper Parameters:
field_separator = 	
seq_separator =  
USER_ID_FIELD = user_id
ITEM_ID_FIELD = item_id
RATING_FIELD = rating
TIME_FIELD = timestamp
seq_len = None
LABEL_FIELD = label
threshold = None
NEG_PREFIX = neg_
load_col = {'inter': ['user_id', 'item_id']}
unload_col = None
unused_col = None
additional_feat_suffix = None
rm_dup_inter = None
val_interval = None
filter_inter_by_user_or_item = True
user_inter_num_interval = [0,inf)
item_inter_num_interval = [0,inf)
alias_of_user_id = None
alias_of_item_id = None
alias_of_entity_id = None
alias_of_relation_id = None
preload_weight = None
normalize_field = None
normalize_all = None
ITEM_LIST_LENGTH_FIELD = item_length
LIST_SUFFIX = _list
MAX_ITEM_LIST_LENGTH = 500
POSITION_FIELD = position_id
HEAD_ENTITY_ID_FIELD = head_id
TAIL_ENTITY_ID_FIELD = tail_id
RELATION_ID_FIELD = relation_id
ENTITY_ID_FIELD = entity_id
benchmark_filename = None

Other Hyper Parameters: 
worker = 0
wandb_project = recbole
shuffle = True
require_pow = False
enable_amp = False
enable_scaler = False
transform = None
embedding_size = 256
numerical_features = []
discretization = None
kg_reverse_r = False
entity_kg_num_interval = [0,inf)
relation_kg_num_interval = [0,inf)
MODEL_TYPE = ModelType.GENERAL
MODEL_INPUT_TYPE = InputType.PAIRWISE
eval_type = EvaluatorType.RANKING
single_spec = True
local_rank = 0
device = cuda
valid_neg_sample_args = {'distribution': 'uniform', 'sample_num': 'none'}
test_neg_sample_args = {'distribution': 'uniform', 'sample_num': 'none'}


Wed 15 Apr 2026 13:43:05 INFO  dataset
The number of users: 656
Average actions of users: 492.2488549618321
The number of items: 992
Average actions of items: 325.351160443996
The number of inters: 322423
The sparsity of the dataset: 50.453782700629425%
Remain Fields: ['user_id', 'item_id']
Wed 15 Apr 2026 13:43:05 INFO  Preparing dataset
Wed 15 Apr 2026 13:43:05 INFO  [Training]: train_batch_size = [2048] train_neg_sample_args: [{'distribution': 'uniform', 'sample_num': 1, 'alpha': 1.0, 'dynamic': False, 'candidate_num': 0}]
Wed 15 Apr 2026 13:43:05 INFO  [Evaluation]: eval_batch_size = [2048] eval_args: [{'split': {'RS': [0.75, 0.2, 0.05]}, 'order': 'RO', 'group_by': 'user', 'mode': {'valid': 'full', 'test': 'full'}}]
Wed 15 Apr 2026 13:43:05 INFO  Done!
Wed 15 Apr 2026 13:43:06 INFO  BPR(
  (user_embedding): Embedding(656, 256)
  (item_embedding): Embedding(992, 256)
  (loss): BPRLoss()
)
Trainable parameters: 421888
Wed 15 Apr 2026 13:43:06 INFO  FLOPs: 512.0
Wed 15 Apr 2026 13:43:09 INFO  epoch 0 training [time: 1.64s, train loss: 77.8827]
Wed 15 Apr 2026 13:43:12 INFO  epoch 0 evaluating [time: 2.92s, valid_score: 0.824249]
Wed 15 Apr 2026 13:43:12 INFO  valid result: 
ndcg@10 : 0.824249
Wed 15 Apr 2026 13:43:12 INFO  Saving current: saved/BPR-Apr-15-2026_13-43-06.pth
Wed 15 Apr 2026 13:43:13 INFO  epoch 1 training [time: 1.60s, train loss: 29.9674]
Wed 15 Apr 2026 13:43:17 INFO  epoch 1 evaluating [time: 3.35s, valid_score: 0.828499]
Wed 15 Apr 2026 13:43:17 INFO  valid result: 
ndcg@10 : 0.828499
Wed 15 Apr 2026 13:43:17 INFO  Saving current: saved/BPR-Apr-15-2026_13-43-06.pth
Wed 15 Apr 2026 13:43:18 INFO  epoch 2 training [time: 1.61s, train loss: 20.6054]
Wed 15 Apr 2026 13:43:24 INFO  epoch 2 evaluating [time: 5.28s, valid_score: 0.823545]
Wed 15 Apr 2026 13:43:24 INFO  valid result: 
ndcg@10 : 0.823545
Wed 15 Apr 2026 13:43:26 INFO  epoch 3 training [time: 2.57s, train loss: 19.7908]
Wed 15 Apr 2026 13:43:32 INFO  epoch 3 evaluating [time: 5.55s, valid_score: 0.829859]
Wed 15 Apr 2026 13:43:32 INFO  valid result: 
ndcg@10 : 0.829859
Wed 15 Apr 2026 13:43:32 INFO  Saving current: saved/BPR-Apr-15-2026_13-43-06.pth
Wed 15 Apr 2026 13:43:33 INFO  epoch 4 training [time: 1.52s, train loss: 19.6994]
Wed 15 Apr 2026 13:43:36 INFO  epoch 4 evaluating [time: 2.81s, valid_score: 0.821605]
Wed 15 Apr 2026 13:43:36 INFO  valid result: 
ndcg@10 : 0.821605
Wed 15 Apr 2026 13:43:38 INFO  epoch 5 training [time: 1.58s, train loss: 19.3201]
Wed 15 Apr 2026 13:43:41 INFO  epoch 5 evaluating [time: 3.17s, valid_score: 0.832320]
Wed 15 Apr 2026 13:43:41 INFO  valid result: 
ndcg@10 : 0.83232
Wed 15 Apr 2026 13:43:41 INFO  Saving current: saved/BPR-Apr-15-2026_13-43-06.pth
Wed 15 Apr 2026 13:43:42 INFO  epoch 6 training [time: 1.52s, train loss: 18.8726]
Wed 15 Apr 2026 13:43:46 INFO  epoch 6 evaluating [time: 3.03s, valid_score: 0.828248]
Wed 15 Apr 2026 13:43:46 INFO  valid result: 
ndcg@10 : 0.828248
Wed 15 Apr 2026 13:43:47 INFO  epoch 7 training [time: 1.70s, train loss: 18.6191]
Wed 15 Apr 2026 13:43:51 INFO  epoch 7 evaluating [time: 3.31s, valid_score: 0.833318]
Wed 15 Apr 2026 13:43:51 INFO  valid result: 
ndcg@10 : 0.833318
Wed 15 Apr 2026 13:43:51 INFO  Saving current: saved/BPR-Apr-15-2026_13-43-06.pth
Wed 15 Apr 2026 13:43:52 INFO  epoch 8 training [time: 1.64s, train loss: 18.0439]
Wed 15 Apr 2026 13:43:55 INFO  epoch 8 evaluating [time: 3.22s, valid_score: 0.838282]
Wed 15 Apr 2026 13:43:55 INFO  valid result: 
ndcg@10 : 0.838282
Wed 15 Apr 2026 13:43:55 INFO  Saving current: saved/BPR-Apr-15-2026_13-43-06.pth
Wed 15 Apr 2026 13:43:57 INFO  epoch 9 training [time: 1.72s, train loss: 17.5770]
Wed 15 Apr 2026 13:44:01 INFO  epoch 9 evaluating [time: 3.57s, valid_score: 0.838465]
Wed 15 Apr 2026 13:44:01 INFO  valid result: 
ndcg@10 : 0.838465
Wed 15 Apr 2026 13:44:01 INFO  Saving current: saved/BPR-Apr-15-2026_13-43-06.pth
Wed 15 Apr 2026 13:44:02 INFO  epoch 10 training [time: 1.57s, train loss: 16.9500]
Wed 15 Apr 2026 13:44:06 INFO  epoch 10 evaluating [time: 3.43s, valid_score: 0.837397]
Wed 15 Apr 2026 13:44:06 INFO  valid result: 
ndcg@10 : 0.837397
Wed 15 Apr 2026 13:44:07 INFO  epoch 11 training [time: 1.55s, train loss: 16.2914]
Wed 15 Apr 2026 13:44:10 INFO  epoch 11 evaluating [time: 3.02s, valid_score: 0.837749]
Wed 15 Apr 2026 13:44:10 INFO  valid result: 
ndcg@10 : 0.837749
Wed 15 Apr 2026 13:44:12 INFO  epoch 12 training [time: 1.48s, train loss: 15.6635]
Wed 15 Apr 2026 13:44:15 INFO  epoch 12 evaluating [time: 3.04s, valid_score: 0.842829]
Wed 15 Apr 2026 13:44:15 INFO  valid result: 
ndcg@10 : 0.842829
Wed 15 Apr 2026 13:44:15 INFO  Saving current: saved/BPR-Apr-15-2026_13-43-06.pth
Wed 15 Apr 2026 13:44:16 INFO  epoch 13 training [time: 1.61s, train loss: 15.0156]
Wed 15 Apr 2026 13:44:20 INFO  epoch 13 evaluating [time: 3.21s, valid_score: 0.833394]
Wed 15 Apr 2026 13:44:20 INFO  valid result: 
ndcg@10 : 0.833394
Wed 15 Apr 2026 13:44:21 INFO  epoch 14 training [time: 1.58s, train loss: 14.3072]
Wed 15 Apr 2026 13:44:25 INFO  epoch 14 evaluating [time: 3.40s, valid_score: 0.843167]
Wed 15 Apr 2026 13:44:25 INFO  valid result: 
ndcg@10 : 0.843167
Wed 15 Apr 2026 13:44:25 INFO  Saving current: saved/BPR-Apr-15-2026_13-43-06.pth
Wed 15 Apr 2026 13:44:25 INFO  best valid : OrderedDict([('ndcg@10', 0.843167)])
Wed 15 Apr 2026 13:44:25 INFO  
General Hyper Parameters:
gpu_id = 0
use_gpu = True
seed = 2020
state = INFO
reproducibility = True
data_path = recbole_tmp/dataset
checkpoint_dir = saved
show_progress = True
save_dataset = False
dataset_save_path = None
save_dataloaders = False
dataloaders_save_path = None
log_wandb = False

Training Hyper Parameters:
epochs = 15
train_batch_size = 2048
learner = adam
learning_rate = 0.001
train_neg_sample_args = {'distribution': 'uniform', 'sample_num': 1, 'alpha': 1.0, 'dynamic': False, 'candidate_num': 0}
eval_step = 1
stopping_step = 5
clip_grad_norm = None
weight_decay = 0.0
loss_decimal_place = 4

Evaluation Hyper Parameters:
eval_args = {'split': {'RS': [0.75, 0.2, 0.05]}, 'order': 'RO', 'group_by': 'user', 'mode': {'valid': 'full', 'test': 'full'}}
repeatable = False
metrics = ['NDCG']
topk = [10]
valid_metric = NDCG@10
valid_metric_bigger = True
eval_batch_size = 2048
metric_decimal_place = 6

Dataset Hyper Parameters:
field_separator = 	
seq_separator =  
USER_ID_FIELD = user_id
ITEM_ID_FIELD = item_id
RATING_FIELD = rating
TIME_FIELD = timestamp
seq_len = None
LABEL_FIELD = label
threshold = None
NEG_PREFIX = neg_
load_col = {'inter': ['user_id', 'item_id']}
unload_col = None
unused_col = None
additional_feat_suffix = None
rm_dup_inter = None
val_interval = None
filter_inter_by_user_or_item = True
user_inter_num_interval = [0,inf)
item_inter_num_interval = [0,inf)
alias_of_user_id = None
alias_of_item_id = None
alias_of_entity_id = None
alias_of_relation_id = None
preload_weight = None
normalize_field = None
normalize_all = None
ITEM_LIST_LENGTH_FIELD = item_length
LIST_SUFFIX = _list
MAX_ITEM_LIST_LENGTH = 500
POSITION_FIELD = position_id
HEAD_ENTITY_ID_FIELD = head_id
TAIL_ENTITY_ID_FIELD = tail_id
RELATION_ID_FIELD = relation_id
ENTITY_ID_FIELD = entity_id
benchmark_filename = None

Other Hyper Parameters: 
worker = 0
wandb_project = recbole
shuffle = True
require_pow = False
enable_amp = False
enable_scaler = False
transform = None
embedding_size = 256
numerical_features = []
discretization = None
kg_reverse_r = False
entity_kg_num_interval = [0,inf)
relation_kg_num_interval = [0,inf)
MODEL_TYPE = ModelType.GENERAL
MODEL_INPUT_TYPE = InputType.PAIRWISE
eval_type = EvaluatorType.RANKING
single_spec = True
local_rank = 0
device = cuda
valid_neg_sample_args = {'distribution': 'uniform', 'sample_num': 'none'}
test_neg_sample_args = {'distribution': 'uniform', 'sample_num': 'none'}


Wed 15 Apr 2026 13:44:26 INFO  dataset
The number of users: 656
Average actions of users: 492.2488549618321
The number of items: 992
Average actions of items: 325.351160443996
The number of inters: 322423
The sparsity of the dataset: 50.453782700629425%
Remain Fields: ['user_id', 'item_id']
Wed 15 Apr 2026 13:44:26 INFO  [Training]: train_batch_size = [2048] train_neg_sample_args: [{'distribution': 'uniform', 'sample_num': 1, 'alpha': 1.0, 'dynamic': False, 'candidate_num': 0}]
Wed 15 Apr 2026 13:44:26 INFO  [Evaluation]: eval_batch_size = [2048] eval_args: [{'split': {'RS': [0.75, 0.2, 0.05]}, 'order': 'RO', 'group_by': 'user', 'mode': {'valid': 'full', 'test': 'full'}}]
