Fri 17 Apr 2026 15:38:53 INFO  ['main.py', 'babyLFM2b1k', '69', '--clean', '--model', 'BPR', '--choice-model', 'consume_all', '--config', 'recbole_config_default.yaml', '--warm-start']
Fri 17 Apr 2026 15:38:53 INFO  
General Hyper Parameters:
gpu_id = 0
use_gpu = True
seed = 2020
state = INFO
reproducibility = True
data_path = recbole_tmp/dataset
checkpoint_dir = saved
show_progress = True
save_dataset = False
dataset_save_path = None
save_dataloaders = False
dataloaders_save_path = None
log_wandb = False

Training Hyper Parameters:
epochs = 10
train_batch_size = 2048
learner = adam
learning_rate = 0.001
train_neg_sample_args = {'distribution': 'uniform', 'sample_num': 1, 'alpha': 1.0, 'dynamic': False, 'candidate_num': 0}
eval_step = 1
stopping_step = 500
clip_grad_norm = None
weight_decay = 0.0
loss_decimal_place = 4

Evaluation Hyper Parameters:
eval_args = {'split': {'RS': [0.75, 0.2, 0.05]}, 'order': 'RO', 'group_by': 'user', 'mode': {'valid': 'full', 'test': 'full'}}
repeatable = False
metrics = ['NDCG']
topk = [10]
valid_metric = NDCG@10
valid_metric_bigger = True
eval_batch_size = 2048
metric_decimal_place = 3

Dataset Hyper Parameters:
field_separator = 	
seq_separator =  
USER_ID_FIELD = user_id
ITEM_ID_FIELD = item_id
RATING_FIELD = rating
TIME_FIELD = timestamp
seq_len = None
LABEL_FIELD = label
threshold = None
NEG_PREFIX = neg_
load_col = {'inter': ['user_id', 'item_id']}
unload_col = None
unused_col = None
additional_feat_suffix = None
rm_dup_inter = None
val_interval = None
filter_inter_by_user_or_item = True
user_inter_num_interval = [0,inf)
item_inter_num_interval = [0,inf)
alias_of_user_id = None
alias_of_item_id = None
alias_of_entity_id = None
alias_of_relation_id = None
preload_weight = None
normalize_field = None
normalize_all = None
ITEM_LIST_LENGTH_FIELD = item_length
LIST_SUFFIX = _list
MAX_ITEM_LIST_LENGTH = 500
POSITION_FIELD = position_id
HEAD_ENTITY_ID_FIELD = head_id
TAIL_ENTITY_ID_FIELD = tail_id
RELATION_ID_FIELD = relation_id
ENTITY_ID_FIELD = entity_id
benchmark_filename = None

Other Hyper Parameters: 
worker = 0
wandb_project = recbole
shuffle = True
require_pow = False
enable_amp = False
enable_scaler = False
transform = None
embedding_size = 256
numerical_features = []
discretization = None
kg_reverse_r = False
entity_kg_num_interval = [0,inf)
relation_kg_num_interval = [0,inf)
MODEL_TYPE = ModelType.GENERAL
MODEL_INPUT_TYPE = InputType.PAIRWISE
eval_type = EvaluatorType.RANKING
single_spec = True
local_rank = 0
device = cuda
valid_neg_sample_args = {'distribution': 'uniform', 'sample_num': 'none'}
test_neg_sample_args = {'distribution': 'uniform', 'sample_num': 'none'}


Fri 17 Apr 2026 15:38:55 INFO  dataset
The number of users: 656
Average actions of users: 702.2167938931298
The number of items: 992
Average actions of items: 464.12916246215946
The number of inters: 459952
The sparsity of the dataset: 29.31992525570417%
Remain Fields: ['user_id', 'item_id']
Fri 17 Apr 2026 15:38:55 INFO  Preparing dataset
Fri 17 Apr 2026 15:38:56 INFO  [Training]: train_batch_size = [2048] train_neg_sample_args: [{'distribution': 'uniform', 'sample_num': 1, 'alpha': 1.0, 'dynamic': False, 'candidate_num': 0}]
Fri 17 Apr 2026 15:38:56 INFO  [Evaluation]: eval_batch_size = [2048] eval_args: [{'split': {'RS': [0.75, 0.2, 0.05]}, 'order': 'RO', 'group_by': 'user', 'mode': {'valid': 'full', 'test': 'full'}}]
Fri 17 Apr 2026 15:38:56 INFO  Done!
Fri 17 Apr 2026 15:38:56 INFO  BPR(
  (user_embedding): Embedding(656, 256)
  (item_embedding): Embedding(992, 256)
  (loss): BPRLoss()
)
Trainable parameters: 421888
Fri 17 Apr 2026 15:38:57 INFO  FLOPs: 512.0
Fri 17 Apr 2026 15:38:58 INFO  Resuming training from checkpoint: experiments/babyLFM2b1k/output/iteration_68_checkpoint.pth
Fri 17 Apr 2026 15:38:58 INFO  Checkpoint loaded. Resume training from epoch 11
Fri 17 Apr 2026 15:38:59 INFO  epoch 0 training [time: 1.66s, train loss: 61.1935]
Fri 17 Apr 2026 15:39:00 INFO  epoch 0 evaluating [time: 0.83s, valid_score: 0.775000]
Fri 17 Apr 2026 15:39:00 INFO  valid result: 
ndcg@10 : 0.775
Fri 17 Apr 2026 15:39:00 INFO  Saving current: experiments/babyLFM2b1k/output/iteration_68_checkpoint.pth
Fri 17 Apr 2026 15:39:02 INFO  epoch 1 training [time: 1.50s, train loss: 53.3283]
Fri 17 Apr 2026 15:39:02 INFO  epoch 1 evaluating [time: 0.54s, valid_score: 0.798000]
Fri 17 Apr 2026 15:39:02 INFO  valid result: 
ndcg@10 : 0.798
Fri 17 Apr 2026 15:39:02 INFO  Saving current: experiments/babyLFM2b1k/output/iteration_68_checkpoint.pth
Fri 17 Apr 2026 15:39:04 INFO  epoch 2 training [time: 1.52s, train loss: 48.1282]
Fri 17 Apr 2026 15:39:05 INFO  epoch 2 evaluating [time: 1.08s, valid_score: 0.808000]
Fri 17 Apr 2026 15:39:05 INFO  valid result: 
ndcg@10 : 0.808
Fri 17 Apr 2026 15:39:05 INFO  Saving current: experiments/babyLFM2b1k/output/iteration_68_checkpoint.pth
Fri 17 Apr 2026 15:39:06 INFO  epoch 3 training [time: 1.44s, train loss: 44.4228]
Fri 17 Apr 2026 15:39:07 INFO  epoch 3 evaluating [time: 0.56s, valid_score: 0.813000]
Fri 17 Apr 2026 15:39:07 INFO  valid result: 
ndcg@10 : 0.813
Fri 17 Apr 2026 15:39:07 INFO  Saving current: experiments/babyLFM2b1k/output/iteration_68_checkpoint.pth
Fri 17 Apr 2026 15:39:08 INFO  epoch 4 training [time: 1.31s, train loss: 41.6834]
Fri 17 Apr 2026 15:39:09 INFO  epoch 4 evaluating [time: 0.60s, valid_score: 0.815000]
Fri 17 Apr 2026 15:39:09 INFO  valid result: 
ndcg@10 : 0.815
Fri 17 Apr 2026 15:39:09 INFO  Saving current: experiments/babyLFM2b1k/output/iteration_68_checkpoint.pth
Fri 17 Apr 2026 15:39:10 INFO  epoch 5 training [time: 1.37s, train loss: 39.3441]
Fri 17 Apr 2026 15:39:11 INFO  epoch 5 evaluating [time: 0.83s, valid_score: 0.818000]
Fri 17 Apr 2026 15:39:11 INFO  valid result: 
ndcg@10 : 0.818
Fri 17 Apr 2026 15:39:11 INFO  Saving current: experiments/babyLFM2b1k/output/iteration_68_checkpoint.pth
Fri 17 Apr 2026 15:39:13 INFO  epoch 6 training [time: 1.76s, train loss: 36.9854]
Fri 17 Apr 2026 15:39:14 INFO  epoch 6 evaluating [time: 0.93s, valid_score: 0.819000]
Fri 17 Apr 2026 15:39:14 INFO  valid result: 
ndcg@10 : 0.819
Fri 17 Apr 2026 15:39:14 INFO  Saving current: experiments/babyLFM2b1k/output/iteration_68_checkpoint.pth
Fri 17 Apr 2026 15:39:15 INFO  epoch 7 training [time: 1.62s, train loss: 35.0489]
Fri 17 Apr 2026 15:39:16 INFO  epoch 7 evaluating [time: 0.92s, valid_score: 0.819000]
Fri 17 Apr 2026 15:39:16 INFO  valid result: 
ndcg@10 : 0.819
Fri 17 Apr 2026 15:39:16 INFO  Saving current: experiments/babyLFM2b1k/output/iteration_68_checkpoint.pth
Fri 17 Apr 2026 15:39:18 INFO  epoch 8 training [time: 1.35s, train loss: 33.1938]
Fri 17 Apr 2026 15:39:18 INFO  epoch 8 evaluating [time: 0.71s, valid_score: 0.826000]
Fri 17 Apr 2026 15:39:18 INFO  valid result: 
ndcg@10 : 0.826
Fri 17 Apr 2026 15:39:18 INFO  Saving current: experiments/babyLFM2b1k/output/iteration_68_checkpoint.pth
Fri 17 Apr 2026 15:39:20 INFO  epoch 9 training [time: 1.33s, train loss: 31.3789]
Fri 17 Apr 2026 15:39:20 INFO  epoch 9 evaluating [time: 0.54s, valid_score: 0.827000]
Fri 17 Apr 2026 15:39:20 INFO  valid result: 
ndcg@10 : 0.827
Fri 17 Apr 2026 15:39:20 INFO  Saving current: experiments/babyLFM2b1k/output/iteration_68_checkpoint.pth
Fri 17 Apr 2026 15:39:20 INFO  best valid : OrderedDict([('ndcg@10', 0.827)])
Fri 17 Apr 2026 15:39:20 INFO  No new best model saved (score did not improve). Force-saving current model state to: saved/iteration_68_checkpoint.pth
Fri 17 Apr 2026 15:39:20 INFO  Saving current: saved/iteration_68_checkpoint.pth
Fri 17 Apr 2026 15:39:20 INFO  
General Hyper Parameters:
gpu_id = 0
use_gpu = True
seed = 2020
state = INFO
reproducibility = True
data_path = recbole_tmp/dataset
checkpoint_dir = saved
show_progress = True
save_dataset = False
dataset_save_path = None
save_dataloaders = False
dataloaders_save_path = None
log_wandb = False

Training Hyper Parameters:
epochs = 10
train_batch_size = 2048
learner = adam
learning_rate = 0.001
train_neg_sample_args = {'distribution': 'uniform', 'sample_num': 1, 'alpha': 1.0, 'dynamic': False, 'candidate_num': 0}
eval_step = 1
stopping_step = 500
clip_grad_norm = None
weight_decay = 0.0
loss_decimal_place = 4

Evaluation Hyper Parameters:
eval_args = {'split': {'RS': [0.75, 0.2, 0.05]}, 'order': 'RO', 'group_by': 'user', 'mode': {'valid': 'full', 'test': 'full'}}
repeatable = False
metrics = ['NDCG']
topk = [10]
valid_metric = NDCG@10
valid_metric_bigger = True
eval_batch_size = 2048
metric_decimal_place = 3

Dataset Hyper Parameters:
field_separator = 	
seq_separator =  
USER_ID_FIELD = user_id
ITEM_ID_FIELD = item_id
RATING_FIELD = rating
TIME_FIELD = timestamp
seq_len = None
LABEL_FIELD = label
threshold = None
NEG_PREFIX = neg_
load_col = {'inter': ['user_id', 'item_id']}
unload_col = None
unused_col = None
additional_feat_suffix = None
rm_dup_inter = None
val_interval = None
filter_inter_by_user_or_item = True
user_inter_num_interval = [0,inf)
item_inter_num_interval = [0,inf)
alias_of_user_id = None
alias_of_item_id = None
alias_of_entity_id = None
alias_of_relation_id = None
preload_weight = None
normalize_field = None
normalize_all = None
ITEM_LIST_LENGTH_FIELD = item_length
LIST_SUFFIX = _list
MAX_ITEM_LIST_LENGTH = 500
POSITION_FIELD = position_id
HEAD_ENTITY_ID_FIELD = head_id
TAIL_ENTITY_ID_FIELD = tail_id
RELATION_ID_FIELD = relation_id
ENTITY_ID_FIELD = entity_id
benchmark_filename = None

Other Hyper Parameters: 
worker = 0
wandb_project = recbole
shuffle = True
require_pow = False
enable_amp = False
enable_scaler = False
transform = None
embedding_size = 256
numerical_features = []
discretization = None
kg_reverse_r = False
entity_kg_num_interval = [0,inf)
relation_kg_num_interval = [0,inf)
MODEL_TYPE = ModelType.GENERAL
MODEL_INPUT_TYPE = InputType.PAIRWISE
eval_type = EvaluatorType.RANKING
single_spec = True
local_rank = 0
device = cuda
valid_neg_sample_args = {'distribution': 'uniform', 'sample_num': 'none'}
test_neg_sample_args = {'distribution': 'uniform', 'sample_num': 'none'}


Fri 17 Apr 2026 15:39:22 INFO  dataset
The number of users: 656
Average actions of users: 702.2167938931298
The number of items: 992
Average actions of items: 464.12916246215946
The number of inters: 459952
The sparsity of the dataset: 29.31992525570417%
Remain Fields: ['user_id', 'item_id']
Fri 17 Apr 2026 15:39:23 INFO  [Training]: train_batch_size = [2048] train_neg_sample_args: [{'distribution': 'uniform', 'sample_num': 1, 'alpha': 1.0, 'dynamic': False, 'candidate_num': 0}]
Fri 17 Apr 2026 15:39:23 INFO  [Evaluation]: eval_batch_size = [2048] eval_args: [{'split': {'RS': [0.75, 0.2, 0.05]}, 'order': 'RO', 'group_by': 'user', 'mode': {'valid': 'full', 'test': 'full'}}]
