Wed 15 Apr 2026 14:14:48 INFO  ['main.py', 'babyLFM2b1k', '69', '--clean', '--model', 'BPR', '--choice-model', 'consume_all', '--config', 'recbole_config_default.yaml']
Wed 15 Apr 2026 14:14:48 INFO  
General Hyper Parameters:
gpu_id = 0
use_gpu = True
seed = 2020
state = INFO
reproducibility = True
data_path = recbole_tmp/dataset
checkpoint_dir = saved
show_progress = True
save_dataset = False
dataset_save_path = None
save_dataloaders = False
dataloaders_save_path = None
log_wandb = False

Training Hyper Parameters:
epochs = 15
train_batch_size = 2048
learner = adam
learning_rate = 0.001
train_neg_sample_args = {'distribution': 'uniform', 'sample_num': 1, 'alpha': 1.0, 'dynamic': False, 'candidate_num': 0}
eval_step = 1
stopping_step = 5
clip_grad_norm = None
weight_decay = 0.0
loss_decimal_place = 4

Evaluation Hyper Parameters:
eval_args = {'split': {'RS': [0.75, 0.2, 0.05]}, 'order': 'RO', 'group_by': 'user', 'mode': {'valid': 'full', 'test': 'full'}}
repeatable = False
metrics = ['NDCG']
topk = [10]
valid_metric = NDCG@10
valid_metric_bigger = True
eval_batch_size = 2048
metric_decimal_place = 6

Dataset Hyper Parameters:
field_separator = 	
seq_separator =  
USER_ID_FIELD = user_id
ITEM_ID_FIELD = item_id
RATING_FIELD = rating
TIME_FIELD = timestamp
seq_len = None
LABEL_FIELD = label
threshold = None
NEG_PREFIX = neg_
load_col = {'inter': ['user_id', 'item_id']}
unload_col = None
unused_col = None
additional_feat_suffix = None
rm_dup_inter = None
val_interval = None
filter_inter_by_user_or_item = True
user_inter_num_interval = [0,inf)
item_inter_num_interval = [0,inf)
alias_of_user_id = None
alias_of_item_id = None
alias_of_entity_id = None
alias_of_relation_id = None
preload_weight = None
normalize_field = None
normalize_all = None
ITEM_LIST_LENGTH_FIELD = item_length
LIST_SUFFIX = _list
MAX_ITEM_LIST_LENGTH = 500
POSITION_FIELD = position_id
HEAD_ENTITY_ID_FIELD = head_id
TAIL_ENTITY_ID_FIELD = tail_id
RELATION_ID_FIELD = relation_id
ENTITY_ID_FIELD = entity_id
benchmark_filename = None

Other Hyper Parameters: 
worker = 0
wandb_project = recbole
shuffle = True
require_pow = False
enable_amp = False
enable_scaler = False
transform = None
embedding_size = 256
numerical_features = []
discretization = None
kg_reverse_r = False
entity_kg_num_interval = [0,inf)
relation_kg_num_interval = [0,inf)
MODEL_TYPE = ModelType.GENERAL
MODEL_INPUT_TYPE = InputType.PAIRWISE
eval_type = EvaluatorType.RANKING
single_spec = True
local_rank = 0
device = cuda
valid_neg_sample_args = {'distribution': 'uniform', 'sample_num': 'none'}
test_neg_sample_args = {'distribution': 'uniform', 'sample_num': 'none'}


Wed 15 Apr 2026 14:14:49 INFO  dataset
The number of users: 656
Average actions of users: 702.2167938931298
The number of items: 992
Average actions of items: 464.12916246215946
The number of inters: 459952
The sparsity of the dataset: 29.31992525570417%
Remain Fields: ['user_id', 'item_id']
Wed 15 Apr 2026 14:14:49 INFO  Preparing dataset
Wed 15 Apr 2026 14:14:50 INFO  [Training]: train_batch_size = [2048] train_neg_sample_args: [{'distribution': 'uniform', 'sample_num': 1, 'alpha': 1.0, 'dynamic': False, 'candidate_num': 0}]
Wed 15 Apr 2026 14:14:50 INFO  [Evaluation]: eval_batch_size = [2048] eval_args: [{'split': {'RS': [0.75, 0.2, 0.05]}, 'order': 'RO', 'group_by': 'user', 'mode': {'valid': 'full', 'test': 'full'}}]
Wed 15 Apr 2026 14:14:50 INFO  Done!
Wed 15 Apr 2026 14:14:50 INFO  BPR(
  (user_embedding): Embedding(656, 256)
  (item_embedding): Embedding(992, 256)
  (loss): BPRLoss()
)
Trainable parameters: 421888
Wed 15 Apr 2026 14:14:50 INFO  FLOPs: 512.0
Wed 15 Apr 2026 14:14:55 INFO  epoch 0 training [time: 3.97s, train loss: 105.2023]
Wed 15 Apr 2026 14:15:04 INFO  epoch 0 evaluating [time: 8.39s, valid_score: 0.825019]
Wed 15 Apr 2026 14:15:04 INFO  valid result: 
ndcg@10 : 0.825019
Wed 15 Apr 2026 14:15:04 INFO  Saving current: saved/BPR-Apr-15-2026_14-14-50.pth
Wed 15 Apr 2026 14:15:07 INFO  epoch 1 training [time: 2.71s, train loss: 50.0459]
Wed 15 Apr 2026 14:15:10 INFO  epoch 1 evaluating [time: 3.11s, valid_score: 0.822316]
Wed 15 Apr 2026 14:15:10 INFO  valid result: 
ndcg@10 : 0.822316
Wed 15 Apr 2026 14:15:12 INFO  epoch 2 training [time: 2.45s, train loss: 45.2461]
Wed 15 Apr 2026 14:15:15 INFO  epoch 2 evaluating [time: 3.28s, valid_score: 0.821830]
Wed 15 Apr 2026 14:15:15 INFO  valid result: 
ndcg@10 : 0.82183
Wed 15 Apr 2026 14:15:18 INFO  epoch 3 training [time: 2.48s, train loss: 44.3125]
Wed 15 Apr 2026 14:15:21 INFO  epoch 3 evaluating [time: 3.15s, valid_score: 0.830255]
Wed 15 Apr 2026 14:15:21 INFO  valid result: 
ndcg@10 : 0.830255
Wed 15 Apr 2026 14:15:21 INFO  Saving current: saved/BPR-Apr-15-2026_14-14-50.pth
Wed 15 Apr 2026 14:15:23 INFO  epoch 4 training [time: 2.39s, train loss: 42.8970]
Wed 15 Apr 2026 14:15:27 INFO  epoch 4 evaluating [time: 3.28s, valid_score: 0.830619]
Wed 15 Apr 2026 14:15:27 INFO  valid result: 
ndcg@10 : 0.830619
Wed 15 Apr 2026 14:15:27 INFO  Saving current: saved/BPR-Apr-15-2026_14-14-50.pth
Wed 15 Apr 2026 14:15:29 INFO  epoch 5 training [time: 2.44s, train loss: 41.1571]
Wed 15 Apr 2026 14:15:33 INFO  epoch 5 evaluating [time: 3.42s, valid_score: 0.834860]
Wed 15 Apr 2026 14:15:33 INFO  valid result: 
ndcg@10 : 0.83486
Wed 15 Apr 2026 14:15:33 INFO  Saving current: saved/BPR-Apr-15-2026_14-14-50.pth
Wed 15 Apr 2026 14:15:35 INFO  epoch 6 training [time: 2.32s, train loss: 38.7433]
Wed 15 Apr 2026 14:15:38 INFO  epoch 6 evaluating [time: 3.35s, valid_score: 0.835283]
Wed 15 Apr 2026 14:15:38 INFO  valid result: 
ndcg@10 : 0.835283
Wed 15 Apr 2026 14:15:38 INFO  Saving current: saved/BPR-Apr-15-2026_14-14-50.pth
Wed 15 Apr 2026 14:15:41 INFO  epoch 7 training [time: 2.42s, train loss: 36.5944]
Wed 15 Apr 2026 14:15:44 INFO  epoch 7 evaluating [time: 3.07s, valid_score: 0.840302]
Wed 15 Apr 2026 14:15:44 INFO  valid result: 
ndcg@10 : 0.840302
Wed 15 Apr 2026 14:15:44 INFO  Saving current: saved/BPR-Apr-15-2026_14-14-50.pth
Wed 15 Apr 2026 14:15:46 INFO  epoch 8 training [time: 2.42s, train loss: 34.0295]
Wed 15 Apr 2026 14:15:50 INFO  epoch 8 evaluating [time: 3.30s, valid_score: 0.840219]
Wed 15 Apr 2026 14:15:50 INFO  valid result: 
ndcg@10 : 0.840219
Wed 15 Apr 2026 14:15:52 INFO  epoch 9 training [time: 2.33s, train loss: 31.6357]
Wed 15 Apr 2026 14:15:55 INFO  epoch 9 evaluating [time: 3.17s, valid_score: 0.842971]
Wed 15 Apr 2026 14:15:55 INFO  valid result: 
ndcg@10 : 0.842971
Wed 15 Apr 2026 14:15:55 INFO  Saving current: saved/BPR-Apr-15-2026_14-14-50.pth
Wed 15 Apr 2026 14:15:57 INFO  epoch 10 training [time: 2.33s, train loss: 29.3878]
Wed 15 Apr 2026 14:16:01 INFO  epoch 10 evaluating [time: 3.40s, valid_score: 0.840272]
Wed 15 Apr 2026 14:16:01 INFO  valid result: 
ndcg@10 : 0.840272
Wed 15 Apr 2026 14:16:03 INFO  epoch 11 training [time: 2.38s, train loss: 26.9737]
Wed 15 Apr 2026 14:16:06 INFO  epoch 11 evaluating [time: 3.08s, valid_score: 0.835885]
Wed 15 Apr 2026 14:16:06 INFO  valid result: 
ndcg@10 : 0.835885
Wed 15 Apr 2026 14:16:09 INFO  epoch 12 training [time: 2.40s, train loss: 25.0103]
Wed 15 Apr 2026 14:16:12 INFO  epoch 12 evaluating [time: 3.31s, valid_score: 0.838759]
Wed 15 Apr 2026 14:16:12 INFO  valid result: 
ndcg@10 : 0.838759
Wed 15 Apr 2026 14:16:14 INFO  epoch 13 training [time: 2.36s, train loss: 23.0900]
Wed 15 Apr 2026 14:16:17 INFO  epoch 13 evaluating [time: 3.06s, valid_score: 0.837212]
Wed 15 Apr 2026 14:16:17 INFO  valid result: 
ndcg@10 : 0.837212
Wed 15 Apr 2026 14:16:20 INFO  epoch 14 training [time: 2.35s, train loss: 21.2652]
Wed 15 Apr 2026 14:16:23 INFO  epoch 14 evaluating [time: 3.23s, valid_score: 0.842413]
Wed 15 Apr 2026 14:16:23 INFO  valid result: 
ndcg@10 : 0.842413
Wed 15 Apr 2026 14:16:23 INFO  best valid : OrderedDict([('ndcg@10', 0.842971)])
Wed 15 Apr 2026 14:16:23 INFO  
General Hyper Parameters:
gpu_id = 0
use_gpu = True
seed = 2020
state = INFO
reproducibility = True
data_path = recbole_tmp/dataset
checkpoint_dir = saved
show_progress = True
save_dataset = False
dataset_save_path = None
save_dataloaders = False
dataloaders_save_path = None
log_wandb = False

Training Hyper Parameters:
epochs = 15
train_batch_size = 2048
learner = adam
learning_rate = 0.001
train_neg_sample_args = {'distribution': 'uniform', 'sample_num': 1, 'alpha': 1.0, 'dynamic': False, 'candidate_num': 0}
eval_step = 1
stopping_step = 5
clip_grad_norm = None
weight_decay = 0.0
loss_decimal_place = 4

Evaluation Hyper Parameters:
eval_args = {'split': {'RS': [0.75, 0.2, 0.05]}, 'order': 'RO', 'group_by': 'user', 'mode': {'valid': 'full', 'test': 'full'}}
repeatable = False
metrics = ['NDCG']
topk = [10]
valid_metric = NDCG@10
valid_metric_bigger = True
eval_batch_size = 2048
metric_decimal_place = 6

Dataset Hyper Parameters:
field_separator = 	
seq_separator =  
USER_ID_FIELD = user_id
ITEM_ID_FIELD = item_id
RATING_FIELD = rating
TIME_FIELD = timestamp
seq_len = None
LABEL_FIELD = label
threshold = None
NEG_PREFIX = neg_
load_col = {'inter': ['user_id', 'item_id']}
unload_col = None
unused_col = None
additional_feat_suffix = None
rm_dup_inter = None
val_interval = None
filter_inter_by_user_or_item = True
user_inter_num_interval = [0,inf)
item_inter_num_interval = [0,inf)
alias_of_user_id = None
alias_of_item_id = None
alias_of_entity_id = None
alias_of_relation_id = None
preload_weight = None
normalize_field = None
normalize_all = None
ITEM_LIST_LENGTH_FIELD = item_length
LIST_SUFFIX = _list
MAX_ITEM_LIST_LENGTH = 500
POSITION_FIELD = position_id
HEAD_ENTITY_ID_FIELD = head_id
TAIL_ENTITY_ID_FIELD = tail_id
RELATION_ID_FIELD = relation_id
ENTITY_ID_FIELD = entity_id
benchmark_filename = None

Other Hyper Parameters: 
worker = 0
wandb_project = recbole
shuffle = True
require_pow = False
enable_amp = False
enable_scaler = False
transform = None
embedding_size = 256
numerical_features = []
discretization = None
kg_reverse_r = False
entity_kg_num_interval = [0,inf)
relation_kg_num_interval = [0,inf)
MODEL_TYPE = ModelType.GENERAL
MODEL_INPUT_TYPE = InputType.PAIRWISE
eval_type = EvaluatorType.RANKING
single_spec = True
local_rank = 0
device = cuda
valid_neg_sample_args = {'distribution': 'uniform', 'sample_num': 'none'}
test_neg_sample_args = {'distribution': 'uniform', 'sample_num': 'none'}


Wed 15 Apr 2026 14:16:24 INFO  dataset
The number of users: 656
Average actions of users: 702.2167938931298
The number of items: 992
Average actions of items: 464.12916246215946
The number of inters: 459952
The sparsity of the dataset: 29.31992525570417%
Remain Fields: ['user_id', 'item_id']
Wed 15 Apr 2026 14:16:25 INFO  [Training]: train_batch_size = [2048] train_neg_sample_args: [{'distribution': 'uniform', 'sample_num': 1, 'alpha': 1.0, 'dynamic': False, 'candidate_num': 0}]
Wed 15 Apr 2026 14:16:25 INFO  [Evaluation]: eval_batch_size = [2048] eval_args: [{'split': {'RS': [0.75, 0.2, 0.05]}, 'order': 'RO', 'group_by': 'user', 'mode': {'valid': 'full', 'test': 'full'}}]
