Wed 15 Apr 2026 14:06:39 INFO  ['main.py', 'babyLFM2b1k', '64', '--clean', '--model', 'BPR', '--choice-model', 'consume_all', '--config', 'recbole_config_default.yaml']
Wed 15 Apr 2026 14:06:39 INFO  
General Hyper Parameters:
gpu_id = 0
use_gpu = True
seed = 2020
state = INFO
reproducibility = True
data_path = recbole_tmp/dataset
checkpoint_dir = saved
show_progress = True
save_dataset = False
dataset_save_path = None
save_dataloaders = False
dataloaders_save_path = None
log_wandb = False

Training Hyper Parameters:
epochs = 15
train_batch_size = 2048
learner = adam
learning_rate = 0.001
train_neg_sample_args = {'distribution': 'uniform', 'sample_num': 1, 'alpha': 1.0, 'dynamic': False, 'candidate_num': 0}
eval_step = 1
stopping_step = 5
clip_grad_norm = None
weight_decay = 0.0
loss_decimal_place = 4

Evaluation Hyper Parameters:
eval_args = {'split': {'RS': [0.75, 0.2, 0.05]}, 'order': 'RO', 'group_by': 'user', 'mode': {'valid': 'full', 'test': 'full'}}
repeatable = False
metrics = ['NDCG']
topk = [10]
valid_metric = NDCG@10
valid_metric_bigger = True
eval_batch_size = 2048
metric_decimal_place = 6

Dataset Hyper Parameters:
field_separator = 	
seq_separator =  
USER_ID_FIELD = user_id
ITEM_ID_FIELD = item_id
RATING_FIELD = rating
TIME_FIELD = timestamp
seq_len = None
LABEL_FIELD = label
threshold = None
NEG_PREFIX = neg_
load_col = {'inter': ['user_id', 'item_id']}
unload_col = None
unused_col = None
additional_feat_suffix = None
rm_dup_inter = None
val_interval = None
filter_inter_by_user_or_item = True
user_inter_num_interval = [0,inf)
item_inter_num_interval = [0,inf)
alias_of_user_id = None
alias_of_item_id = None
alias_of_entity_id = None
alias_of_relation_id = None
preload_weight = None
normalize_field = None
normalize_all = None
ITEM_LIST_LENGTH_FIELD = item_length
LIST_SUFFIX = _list
MAX_ITEM_LIST_LENGTH = 500
POSITION_FIELD = position_id
HEAD_ENTITY_ID_FIELD = head_id
TAIL_ENTITY_ID_FIELD = tail_id
RELATION_ID_FIELD = relation_id
ENTITY_ID_FIELD = entity_id
benchmark_filename = None

Other Hyper Parameters: 
worker = 0
wandb_project = recbole
shuffle = True
require_pow = False
enable_amp = False
enable_scaler = False
transform = None
embedding_size = 256
numerical_features = []
discretization = None
kg_reverse_r = False
entity_kg_num_interval = [0,inf)
relation_kg_num_interval = [0,inf)
MODEL_TYPE = ModelType.GENERAL
MODEL_INPUT_TYPE = InputType.PAIRWISE
eval_type = EvaluatorType.RANKING
single_spec = True
local_rank = 0
device = cuda
valid_neg_sample_args = {'distribution': 'uniform', 'sample_num': 'none'}
test_neg_sample_args = {'distribution': 'uniform', 'sample_num': 'none'}


Wed 15 Apr 2026 14:06:40 INFO  dataset
The number of users: 656
Average actions of users: 652.224427480916
The number of items: 992
Average actions of items: 431.08678102926336
The number of inters: 427207
The sparsity of the dataset: 34.35179607592447%
Remain Fields: ['user_id', 'item_id']
Wed 15 Apr 2026 14:06:40 INFO  Preparing dataset
Wed 15 Apr 2026 14:06:41 INFO  [Training]: train_batch_size = [2048] train_neg_sample_args: [{'distribution': 'uniform', 'sample_num': 1, 'alpha': 1.0, 'dynamic': False, 'candidate_num': 0}]
Wed 15 Apr 2026 14:06:41 INFO  [Evaluation]: eval_batch_size = [2048] eval_args: [{'split': {'RS': [0.75, 0.2, 0.05]}, 'order': 'RO', 'group_by': 'user', 'mode': {'valid': 'full', 'test': 'full'}}]
Wed 15 Apr 2026 14:06:41 INFO  Done!
Wed 15 Apr 2026 14:06:41 INFO  BPR(
  (user_embedding): Embedding(656, 256)
  (item_embedding): Embedding(992, 256)
  (loss): BPRLoss()
)
Trainable parameters: 421888
Wed 15 Apr 2026 14:06:41 INFO  FLOPs: 512.0
Wed 15 Apr 2026 14:06:45 INFO  epoch 0 training [time: 2.39s, train loss: 97.9975]
Wed 15 Apr 2026 14:06:49 INFO  epoch 0 evaluating [time: 3.37s, valid_score: 0.815302]
Wed 15 Apr 2026 14:06:49 INFO  valid result: 
ndcg@10 : 0.815302
Wed 15 Apr 2026 14:06:49 INFO  Saving current: saved/BPR-Apr-15-2026_14-06-41.pth
Wed 15 Apr 2026 14:06:51 INFO  epoch 1 training [time: 2.21s, train loss: 42.1683]
Wed 15 Apr 2026 14:06:54 INFO  epoch 1 evaluating [time: 3.50s, valid_score: 0.815878]
Wed 15 Apr 2026 14:06:54 INFO  valid result: 
ndcg@10 : 0.815878
Wed 15 Apr 2026 14:06:54 INFO  Saving current: saved/BPR-Apr-15-2026_14-06-41.pth
Wed 15 Apr 2026 14:06:57 INFO  epoch 2 training [time: 2.27s, train loss: 37.1988]
Wed 15 Apr 2026 14:07:00 INFO  epoch 2 evaluating [time: 3.39s, valid_score: 0.815913]
Wed 15 Apr 2026 14:07:00 INFO  valid result: 
ndcg@10 : 0.815913
Wed 15 Apr 2026 14:07:00 INFO  Saving current: saved/BPR-Apr-15-2026_14-06-41.pth
Wed 15 Apr 2026 14:07:02 INFO  epoch 3 training [time: 2.28s, train loss: 36.5774]
Wed 15 Apr 2026 14:07:04 INFO  epoch 3 evaluating [time: 1.67s, valid_score: 0.835989]
Wed 15 Apr 2026 14:07:04 INFO  valid result: 
ndcg@10 : 0.835989
Wed 15 Apr 2026 14:07:04 INFO  Saving current: saved/BPR-Apr-15-2026_14-06-41.pth
Wed 15 Apr 2026 14:07:06 INFO  epoch 4 training [time: 1.47s, train loss: 35.3317]
Wed 15 Apr 2026 14:07:09 INFO  epoch 4 evaluating [time: 3.17s, valid_score: 0.824061]
Wed 15 Apr 2026 14:07:09 INFO  valid result: 
ndcg@10 : 0.824061
Wed 15 Apr 2026 14:07:11 INFO  epoch 5 training [time: 2.26s, train loss: 34.5417]
Wed 15 Apr 2026 14:07:14 INFO  epoch 5 evaluating [time: 3.42s, valid_score: 0.830446]
Wed 15 Apr 2026 14:07:14 INFO  valid result: 
ndcg@10 : 0.830446
Wed 15 Apr 2026 14:07:17 INFO  epoch 6 training [time: 2.14s, train loss: 33.1725]
Wed 15 Apr 2026 14:07:20 INFO  epoch 6 evaluating [time: 3.00s, valid_score: 0.834293]
Wed 15 Apr 2026 14:07:20 INFO  valid result: 
ndcg@10 : 0.834293
Wed 15 Apr 2026 14:07:22 INFO  epoch 7 training [time: 2.09s, train loss: 31.3643]
Wed 15 Apr 2026 14:07:25 INFO  epoch 7 evaluating [time: 3.17s, valid_score: 0.837670]
Wed 15 Apr 2026 14:07:25 INFO  valid result: 
ndcg@10 : 0.83767
Wed 15 Apr 2026 14:07:25 INFO  Saving current: saved/BPR-Apr-15-2026_14-06-41.pth
Wed 15 Apr 2026 14:07:27 INFO  epoch 8 training [time: 2.12s, train loss: 29.7040]
Wed 15 Apr 2026 14:07:30 INFO  epoch 8 evaluating [time: 2.91s, valid_score: 0.836947]
Wed 15 Apr 2026 14:07:30 INFO  valid result: 
ndcg@10 : 0.836947
Wed 15 Apr 2026 14:07:32 INFO  epoch 9 training [time: 2.16s, train loss: 28.1532]
Wed 15 Apr 2026 14:07:35 INFO  epoch 9 evaluating [time: 3.15s, valid_score: 0.842442]
Wed 15 Apr 2026 14:07:35 INFO  valid result: 
ndcg@10 : 0.842442
Wed 15 Apr 2026 14:07:35 INFO  Saving current: saved/BPR-Apr-15-2026_14-06-41.pth
Wed 15 Apr 2026 14:07:37 INFO  epoch 10 training [time: 2.23s, train loss: 26.0841]
Wed 15 Apr 2026 14:07:41 INFO  epoch 10 evaluating [time: 3.19s, valid_score: 0.841513]
Wed 15 Apr 2026 14:07:41 INFO  valid result: 
ndcg@10 : 0.841513
Wed 15 Apr 2026 14:07:43 INFO  epoch 11 training [time: 2.36s, train loss: 24.3922]
Wed 15 Apr 2026 14:07:46 INFO  epoch 11 evaluating [time: 3.53s, valid_score: 0.837583]
Wed 15 Apr 2026 14:07:46 INFO  valid result: 
ndcg@10 : 0.837583
Wed 15 Apr 2026 14:07:49 INFO  epoch 12 training [time: 2.35s, train loss: 22.7604]
Wed 15 Apr 2026 14:07:52 INFO  epoch 12 evaluating [time: 3.19s, valid_score: 0.839823]
Wed 15 Apr 2026 14:07:52 INFO  valid result: 
ndcg@10 : 0.839823
Wed 15 Apr 2026 14:07:54 INFO  epoch 13 training [time: 2.15s, train loss: 21.3314]
Wed 15 Apr 2026 14:07:57 INFO  epoch 13 evaluating [time: 3.26s, valid_score: 0.839830]
Wed 15 Apr 2026 14:07:57 INFO  valid result: 
ndcg@10 : 0.83983
Wed 15 Apr 2026 14:08:00 INFO  epoch 14 training [time: 2.14s, train loss: 19.6827]
Wed 15 Apr 2026 14:08:03 INFO  epoch 14 evaluating [time: 3.02s, valid_score: 0.840738]
Wed 15 Apr 2026 14:08:03 INFO  valid result: 
ndcg@10 : 0.840738
Wed 15 Apr 2026 14:08:03 INFO  best valid : OrderedDict([('ndcg@10', 0.842442)])
Wed 15 Apr 2026 14:08:03 INFO  
General Hyper Parameters:
gpu_id = 0
use_gpu = True
seed = 2020
state = INFO
reproducibility = True
data_path = recbole_tmp/dataset
checkpoint_dir = saved
show_progress = True
save_dataset = False
dataset_save_path = None
save_dataloaders = False
dataloaders_save_path = None
log_wandb = False

Training Hyper Parameters:
epochs = 15
train_batch_size = 2048
learner = adam
learning_rate = 0.001
train_neg_sample_args = {'distribution': 'uniform', 'sample_num': 1, 'alpha': 1.0, 'dynamic': False, 'candidate_num': 0}
eval_step = 1
stopping_step = 5
clip_grad_norm = None
weight_decay = 0.0
loss_decimal_place = 4

Evaluation Hyper Parameters:
eval_args = {'split': {'RS': [0.75, 0.2, 0.05]}, 'order': 'RO', 'group_by': 'user', 'mode': {'valid': 'full', 'test': 'full'}}
repeatable = False
metrics = ['NDCG']
topk = [10]
valid_metric = NDCG@10
valid_metric_bigger = True
eval_batch_size = 2048
metric_decimal_place = 6

Dataset Hyper Parameters:
field_separator = 	
seq_separator =  
USER_ID_FIELD = user_id
ITEM_ID_FIELD = item_id
RATING_FIELD = rating
TIME_FIELD = timestamp
seq_len = None
LABEL_FIELD = label
threshold = None
NEG_PREFIX = neg_
load_col = {'inter': ['user_id', 'item_id']}
unload_col = None
unused_col = None
additional_feat_suffix = None
rm_dup_inter = None
val_interval = None
filter_inter_by_user_or_item = True
user_inter_num_interval = [0,inf)
item_inter_num_interval = [0,inf)
alias_of_user_id = None
alias_of_item_id = None
alias_of_entity_id = None
alias_of_relation_id = None
preload_weight = None
normalize_field = None
normalize_all = None
ITEM_LIST_LENGTH_FIELD = item_length
LIST_SUFFIX = _list
MAX_ITEM_LIST_LENGTH = 500
POSITION_FIELD = position_id
HEAD_ENTITY_ID_FIELD = head_id
TAIL_ENTITY_ID_FIELD = tail_id
RELATION_ID_FIELD = relation_id
ENTITY_ID_FIELD = entity_id
benchmark_filename = None

Other Hyper Parameters: 
worker = 0
wandb_project = recbole
shuffle = True
require_pow = False
enable_amp = False
enable_scaler = False
transform = None
embedding_size = 256
numerical_features = []
discretization = None
kg_reverse_r = False
entity_kg_num_interval = [0,inf)
relation_kg_num_interval = [0,inf)
MODEL_TYPE = ModelType.GENERAL
MODEL_INPUT_TYPE = InputType.PAIRWISE
eval_type = EvaluatorType.RANKING
single_spec = True
local_rank = 0
device = cuda
valid_neg_sample_args = {'distribution': 'uniform', 'sample_num': 'none'}
test_neg_sample_args = {'distribution': 'uniform', 'sample_num': 'none'}


Wed 15 Apr 2026 14:08:04 INFO  dataset
The number of users: 656
Average actions of users: 652.224427480916
The number of items: 992
Average actions of items: 431.08678102926336
The number of inters: 427207
The sparsity of the dataset: 34.35179607592447%
Remain Fields: ['user_id', 'item_id']
Wed 15 Apr 2026 14:08:04 INFO  [Training]: train_batch_size = [2048] train_neg_sample_args: [{'distribution': 'uniform', 'sample_num': 1, 'alpha': 1.0, 'dynamic': False, 'candidate_num': 0}]
Wed 15 Apr 2026 14:08:04 INFO  [Evaluation]: eval_batch_size = [2048] eval_args: [{'split': {'RS': [0.75, 0.2, 0.05]}, 'order': 'RO', 'group_by': 'user', 'mode': {'valid': 'full', 'test': 'full'}}]
