Fri 17 Apr 2026 15:48:42 INFO  ['main.py', 'babyLFM2b1k', '84', '--clean', '--model', 'BPR', '--choice-model', 'consume_all', '--config', 'recbole_config_default.yaml', '--warm-start']
Fri 17 Apr 2026 15:48:42 INFO  
General Hyper Parameters:
gpu_id = 0
use_gpu = True
seed = 2020
state = INFO
reproducibility = True
data_path = recbole_tmp/dataset
checkpoint_dir = saved
show_progress = True
save_dataset = False
dataset_save_path = None
save_dataloaders = False
dataloaders_save_path = None
log_wandb = False

Training Hyper Parameters:
epochs = 10
train_batch_size = 2048
learner = adam
learning_rate = 0.001
train_neg_sample_args = {'distribution': 'uniform', 'sample_num': 1, 'alpha': 1.0, 'dynamic': False, 'candidate_num': 0}
eval_step = 1
stopping_step = 500
clip_grad_norm = None
weight_decay = 0.0
loss_decimal_place = 4

Evaluation Hyper Parameters:
eval_args = {'split': {'RS': [0.75, 0.2, 0.05]}, 'order': 'RO', 'group_by': 'user', 'mode': {'valid': 'full', 'test': 'full'}}
repeatable = False
metrics = ['NDCG']
topk = [10]
valid_metric = NDCG@10
valid_metric_bigger = True
eval_batch_size = 2048
metric_decimal_place = 3

Dataset Hyper Parameters:
field_separator = 	
seq_separator =  
USER_ID_FIELD = user_id
ITEM_ID_FIELD = item_id
RATING_FIELD = rating
TIME_FIELD = timestamp
seq_len = None
LABEL_FIELD = label
threshold = None
NEG_PREFIX = neg_
load_col = {'inter': ['user_id', 'item_id']}
unload_col = None
unused_col = None
additional_feat_suffix = None
rm_dup_inter = None
val_interval = None
filter_inter_by_user_or_item = True
user_inter_num_interval = [0,inf)
item_inter_num_interval = [0,inf)
alias_of_user_id = None
alias_of_item_id = None
alias_of_entity_id = None
alias_of_relation_id = None
preload_weight = None
normalize_field = None
normalize_all = None
ITEM_LIST_LENGTH_FIELD = item_length
LIST_SUFFIX = _list
MAX_ITEM_LIST_LENGTH = 500
POSITION_FIELD = position_id
HEAD_ENTITY_ID_FIELD = head_id
TAIL_ENTITY_ID_FIELD = tail_id
RELATION_ID_FIELD = relation_id
ENTITY_ID_FIELD = entity_id
benchmark_filename = None

Other Hyper Parameters: 
worker = 0
wandb_project = recbole
shuffle = True
require_pow = False
enable_amp = False
enable_scaler = False
transform = None
embedding_size = 256
numerical_features = []
discretization = None
kg_reverse_r = False
entity_kg_num_interval = [0,inf)
relation_kg_num_interval = [0,inf)
MODEL_TYPE = ModelType.GENERAL
MODEL_INPUT_TYPE = InputType.PAIRWISE
eval_type = EvaluatorType.RANKING
single_spec = True
local_rank = 0
device = cuda
valid_neg_sample_args = {'distribution': 'uniform', 'sample_num': 'none'}
test_neg_sample_args = {'distribution': 'uniform', 'sample_num': 'none'}


Fri 17 Apr 2026 15:48:44 INFO  dataset
The number of users: 656
Average actions of users: 852.193893129771
The number of items: 992
Average actions of items: 563.2563067608477
The number of inters: 558187
The sparsity of the dataset: 14.22431279504327%
Remain Fields: ['user_id', 'item_id']
Fri 17 Apr 2026 15:48:44 INFO  Preparing dataset
Fri 17 Apr 2026 15:48:45 INFO  [Training]: train_batch_size = [2048] train_neg_sample_args: [{'distribution': 'uniform', 'sample_num': 1, 'alpha': 1.0, 'dynamic': False, 'candidate_num': 0}]
Fri 17 Apr 2026 15:48:45 INFO  [Evaluation]: eval_batch_size = [2048] eval_args: [{'split': {'RS': [0.75, 0.2, 0.05]}, 'order': 'RO', 'group_by': 'user', 'mode': {'valid': 'full', 'test': 'full'}}]
Fri 17 Apr 2026 15:48:45 INFO  Done!
Fri 17 Apr 2026 15:48:45 INFO  BPR(
  (user_embedding): Embedding(656, 256)
  (item_embedding): Embedding(992, 256)
  (loss): BPRLoss()
)
Trainable parameters: 421888
Fri 17 Apr 2026 15:48:45 INFO  FLOPs: 512.0
Fri 17 Apr 2026 15:48:46 INFO  Resuming training from checkpoint: experiments/babyLFM2b1k/output/iteration_83_checkpoint.pth
Fri 17 Apr 2026 15:48:46 INFO  Checkpoint loaded. Resume training from epoch 11
Fri 17 Apr 2026 15:48:48 INFO  epoch 0 training [time: 2.01s, train loss: 114.2292]
Fri 17 Apr 2026 15:48:49 INFO  epoch 0 evaluating [time: 0.69s, valid_score: 0.790000]
Fri 17 Apr 2026 15:48:49 INFO  valid result: 
ndcg@10 : 0.79
Fri 17 Apr 2026 15:48:49 INFO  Saving current: experiments/babyLFM2b1k/output/iteration_83_checkpoint.pth
Fri 17 Apr 2026 15:48:51 INFO  epoch 1 training [time: 1.90s, train loss: 97.0599]
Fri 17 Apr 2026 15:48:52 INFO  epoch 1 evaluating [time: 0.62s, valid_score: 0.802000]
Fri 17 Apr 2026 15:48:52 INFO  valid result: 
ndcg@10 : 0.802
Fri 17 Apr 2026 15:48:52 INFO  Saving current: experiments/babyLFM2b1k/output/iteration_83_checkpoint.pth
Fri 17 Apr 2026 15:48:54 INFO  epoch 2 training [time: 1.94s, train loss: 86.7614]
Fri 17 Apr 2026 15:48:54 INFO  epoch 2 evaluating [time: 0.51s, valid_score: 0.808000]
Fri 17 Apr 2026 15:48:54 INFO  valid result: 
ndcg@10 : 0.808
Fri 17 Apr 2026 15:48:54 INFO  Saving current: experiments/babyLFM2b1k/output/iteration_83_checkpoint.pth
Fri 17 Apr 2026 15:48:56 INFO  epoch 3 training [time: 1.77s, train loss: 79.0870]
Fri 17 Apr 2026 15:48:56 INFO  epoch 3 evaluating [time: 0.53s, valid_score: 0.815000]
Fri 17 Apr 2026 15:48:56 INFO  valid result: 
ndcg@10 : 0.815
Fri 17 Apr 2026 15:48:56 INFO  Saving current: experiments/babyLFM2b1k/output/iteration_83_checkpoint.pth
Fri 17 Apr 2026 15:48:58 INFO  epoch 4 training [time: 1.79s, train loss: 72.6942]
Fri 17 Apr 2026 15:48:59 INFO  epoch 4 evaluating [time: 0.54s, valid_score: 0.822000]
Fri 17 Apr 2026 15:48:59 INFO  valid result: 
ndcg@10 : 0.822
Fri 17 Apr 2026 15:48:59 INFO  Saving current: experiments/babyLFM2b1k/output/iteration_83_checkpoint.pth
Fri 17 Apr 2026 15:49:01 INFO  epoch 5 training [time: 1.90s, train loss: 67.8445]
Fri 17 Apr 2026 15:49:01 INFO  epoch 5 evaluating [time: 0.64s, valid_score: 0.829000]
Fri 17 Apr 2026 15:49:01 INFO  valid result: 
ndcg@10 : 0.829
Fri 17 Apr 2026 15:49:01 INFO  Saving current: experiments/babyLFM2b1k/output/iteration_83_checkpoint.pth
Fri 17 Apr 2026 15:49:03 INFO  epoch 6 training [time: 1.88s, train loss: 63.2125]
Fri 17 Apr 2026 15:49:04 INFO  epoch 6 evaluating [time: 0.58s, valid_score: 0.832000]
Fri 17 Apr 2026 15:49:04 INFO  valid result: 
ndcg@10 : 0.832
Fri 17 Apr 2026 15:49:04 INFO  Saving current: experiments/babyLFM2b1k/output/iteration_83_checkpoint.pth
Fri 17 Apr 2026 15:49:05 INFO  epoch 7 training [time: 1.63s, train loss: 59.1691]
Fri 17 Apr 2026 15:49:06 INFO  epoch 7 evaluating [time: 0.54s, valid_score: 0.833000]
Fri 17 Apr 2026 15:49:06 INFO  valid result: 
ndcg@10 : 0.833
Fri 17 Apr 2026 15:49:06 INFO  Saving current: experiments/babyLFM2b1k/output/iteration_83_checkpoint.pth
Fri 17 Apr 2026 15:49:08 INFO  epoch 8 training [time: 1.66s, train loss: 55.3848]
Fri 17 Apr 2026 15:49:08 INFO  epoch 8 evaluating [time: 0.46s, valid_score: 0.836000]
Fri 17 Apr 2026 15:49:08 INFO  valid result: 
ndcg@10 : 0.836
Fri 17 Apr 2026 15:49:08 INFO  Saving current: experiments/babyLFM2b1k/output/iteration_83_checkpoint.pth
Fri 17 Apr 2026 15:49:10 INFO  epoch 9 training [time: 1.71s, train loss: 52.2222]
Fri 17 Apr 2026 15:49:11 INFO  epoch 9 evaluating [time: 1.00s, valid_score: 0.838000]
Fri 17 Apr 2026 15:49:11 INFO  valid result: 
ndcg@10 : 0.838
Fri 17 Apr 2026 15:49:11 INFO  Saving current: experiments/babyLFM2b1k/output/iteration_83_checkpoint.pth
Fri 17 Apr 2026 15:49:11 INFO  best valid : OrderedDict([('ndcg@10', 0.838)])
Fri 17 Apr 2026 15:49:11 INFO  No new best model saved (score did not improve). Force-saving current model state to: saved/iteration_83_checkpoint.pth
Fri 17 Apr 2026 15:49:11 INFO  Saving current: saved/iteration_83_checkpoint.pth
Fri 17 Apr 2026 15:49:11 INFO  
General Hyper Parameters:
gpu_id = 0
use_gpu = True
seed = 2020
state = INFO
reproducibility = True
data_path = recbole_tmp/dataset
checkpoint_dir = saved
show_progress = True
save_dataset = False
dataset_save_path = None
save_dataloaders = False
dataloaders_save_path = None
log_wandb = False

Training Hyper Parameters:
epochs = 10
train_batch_size = 2048
learner = adam
learning_rate = 0.001
train_neg_sample_args = {'distribution': 'uniform', 'sample_num': 1, 'alpha': 1.0, 'dynamic': False, 'candidate_num': 0}
eval_step = 1
stopping_step = 500
clip_grad_norm = None
weight_decay = 0.0
loss_decimal_place = 4

Evaluation Hyper Parameters:
eval_args = {'split': {'RS': [0.75, 0.2, 0.05]}, 'order': 'RO', 'group_by': 'user', 'mode': {'valid': 'full', 'test': 'full'}}
repeatable = False
metrics = ['NDCG']
topk = [10]
valid_metric = NDCG@10
valid_metric_bigger = True
eval_batch_size = 2048
metric_decimal_place = 3

Dataset Hyper Parameters:
field_separator = 	
seq_separator =  
USER_ID_FIELD = user_id
ITEM_ID_FIELD = item_id
RATING_FIELD = rating
TIME_FIELD = timestamp
seq_len = None
LABEL_FIELD = label
threshold = None
NEG_PREFIX = neg_
load_col = {'inter': ['user_id', 'item_id']}
unload_col = None
unused_col = None
additional_feat_suffix = None
rm_dup_inter = None
val_interval = None
filter_inter_by_user_or_item = True
user_inter_num_interval = [0,inf)
item_inter_num_interval = [0,inf)
alias_of_user_id = None
alias_of_item_id = None
alias_of_entity_id = None
alias_of_relation_id = None
preload_weight = None
normalize_field = None
normalize_all = None
ITEM_LIST_LENGTH_FIELD = item_length
LIST_SUFFIX = _list
MAX_ITEM_LIST_LENGTH = 500
POSITION_FIELD = position_id
HEAD_ENTITY_ID_FIELD = head_id
TAIL_ENTITY_ID_FIELD = tail_id
RELATION_ID_FIELD = relation_id
ENTITY_ID_FIELD = entity_id
benchmark_filename = None

Other Hyper Parameters: 
worker = 0
wandb_project = recbole
shuffle = True
require_pow = False
enable_amp = False
enable_scaler = False
transform = None
embedding_size = 256
numerical_features = []
discretization = None
kg_reverse_r = False
entity_kg_num_interval = [0,inf)
relation_kg_num_interval = [0,inf)
MODEL_TYPE = ModelType.GENERAL
MODEL_INPUT_TYPE = InputType.PAIRWISE
eval_type = EvaluatorType.RANKING
single_spec = True
local_rank = 0
device = cuda
valid_neg_sample_args = {'distribution': 'uniform', 'sample_num': 'none'}
test_neg_sample_args = {'distribution': 'uniform', 'sample_num': 'none'}


Fri 17 Apr 2026 15:49:13 INFO  dataset
The number of users: 656
Average actions of users: 852.193893129771
The number of items: 992
Average actions of items: 563.2563067608477
The number of inters: 558187
The sparsity of the dataset: 14.22431279504327%
Remain Fields: ['user_id', 'item_id']
Fri 17 Apr 2026 15:49:14 INFO  [Training]: train_batch_size = [2048] train_neg_sample_args: [{'distribution': 'uniform', 'sample_num': 1, 'alpha': 1.0, 'dynamic': False, 'candidate_num': 0}]
Fri 17 Apr 2026 15:49:14 INFO  [Evaluation]: eval_batch_size = [2048] eval_args: [{'split': {'RS': [0.75, 0.2, 0.05]}, 'order': 'RO', 'group_by': 'user', 'mode': {'valid': 'full', 'test': 'full'}}]
