Wed 15 Apr 2026 14:40:31 INFO  ['main.py', 'babyLFM2b1k', '84', '--clean', '--model', 'BPR', '--choice-model', 'consume_all', '--config', 'recbole_config_default.yaml']
Wed 15 Apr 2026 14:40:31 INFO  
General Hyper Parameters:
gpu_id = 0
use_gpu = True
seed = 2020
state = INFO
reproducibility = True
data_path = recbole_tmp/dataset
checkpoint_dir = saved
show_progress = True
save_dataset = False
dataset_save_path = None
save_dataloaders = False
dataloaders_save_path = None
log_wandb = False

Training Hyper Parameters:
epochs = 15
train_batch_size = 2048
learner = adam
learning_rate = 0.001
train_neg_sample_args = {'distribution': 'uniform', 'sample_num': 1, 'alpha': 1.0, 'dynamic': False, 'candidate_num': 0}
eval_step = 1
stopping_step = 5
clip_grad_norm = None
weight_decay = 0.0
loss_decimal_place = 4

Evaluation Hyper Parameters:
eval_args = {'split': {'RS': [0.75, 0.2, 0.05]}, 'order': 'RO', 'group_by': 'user', 'mode': {'valid': 'full', 'test': 'full'}}
repeatable = False
metrics = ['NDCG']
topk = [10]
valid_metric = NDCG@10
valid_metric_bigger = True
eval_batch_size = 2048
metric_decimal_place = 6

Dataset Hyper Parameters:
field_separator = 	
seq_separator =  
USER_ID_FIELD = user_id
ITEM_ID_FIELD = item_id
RATING_FIELD = rating
TIME_FIELD = timestamp
seq_len = None
LABEL_FIELD = label
threshold = None
NEG_PREFIX = neg_
load_col = {'inter': ['user_id', 'item_id']}
unload_col = None
unused_col = None
additional_feat_suffix = None
rm_dup_inter = None
val_interval = None
filter_inter_by_user_or_item = True
user_inter_num_interval = [0,inf)
item_inter_num_interval = [0,inf)
alias_of_user_id = None
alias_of_item_id = None
alias_of_entity_id = None
alias_of_relation_id = None
preload_weight = None
normalize_field = None
normalize_all = None
ITEM_LIST_LENGTH_FIELD = item_length
LIST_SUFFIX = _list
MAX_ITEM_LIST_LENGTH = 500
POSITION_FIELD = position_id
HEAD_ENTITY_ID_FIELD = head_id
TAIL_ENTITY_ID_FIELD = tail_id
RELATION_ID_FIELD = relation_id
ENTITY_ID_FIELD = entity_id
benchmark_filename = None

Other Hyper Parameters: 
worker = 0
wandb_project = recbole
shuffle = True
require_pow = False
enable_amp = False
enable_scaler = False
transform = None
embedding_size = 256
numerical_features = []
discretization = None
kg_reverse_r = False
entity_kg_num_interval = [0,inf)
relation_kg_num_interval = [0,inf)
MODEL_TYPE = ModelType.GENERAL
MODEL_INPUT_TYPE = InputType.PAIRWISE
eval_type = EvaluatorType.RANKING
single_spec = True
local_rank = 0
device = cuda
valid_neg_sample_args = {'distribution': 'uniform', 'sample_num': 'none'}
test_neg_sample_args = {'distribution': 'uniform', 'sample_num': 'none'}


Wed 15 Apr 2026 14:40:33 INFO  dataset
The number of users: 656
Average actions of users: 852.193893129771
The number of items: 992
Average actions of items: 563.2563067608477
The number of inters: 558187
The sparsity of the dataset: 14.22431279504327%
Remain Fields: ['user_id', 'item_id']
Wed 15 Apr 2026 14:40:33 INFO  Preparing dataset
Wed 15 Apr 2026 14:40:33 INFO  [Training]: train_batch_size = [2048] train_neg_sample_args: [{'distribution': 'uniform', 'sample_num': 1, 'alpha': 1.0, 'dynamic': False, 'candidate_num': 0}]
Wed 15 Apr 2026 14:40:33 INFO  [Evaluation]: eval_batch_size = [2048] eval_args: [{'split': {'RS': [0.75, 0.2, 0.05]}, 'order': 'RO', 'group_by': 'user', 'mode': {'valid': 'full', 'test': 'full'}}]
Wed 15 Apr 2026 14:40:33 INFO  Done!
Wed 15 Apr 2026 14:40:34 INFO  BPR(
  (user_embedding): Embedding(656, 256)
  (item_embedding): Embedding(992, 256)
  (loss): BPRLoss()
)
Trainable parameters: 421888
Wed 15 Apr 2026 14:40:34 INFO  FLOPs: 512.0
Wed 15 Apr 2026 14:40:39 INFO  epoch 0 training [time: 3.12s, train loss: 130.7624]
Wed 15 Apr 2026 14:40:42 INFO  epoch 0 evaluating [time: 3.11s, valid_score: 0.816839]
Wed 15 Apr 2026 14:40:42 INFO  valid result: 
ndcg@10 : 0.816839
Wed 15 Apr 2026 14:40:42 INFO  Saving current: saved/BPR-Apr-15-2026_14-40-34.pth
Wed 15 Apr 2026 14:40:45 INFO  epoch 1 training [time: 3.09s, train loss: 85.5989]
Wed 15 Apr 2026 14:40:48 INFO  epoch 1 evaluating [time: 3.16s, valid_score: 0.822597]
Wed 15 Apr 2026 14:40:48 INFO  valid result: 
ndcg@10 : 0.822597
Wed 15 Apr 2026 14:40:48 INFO  Saving current: saved/BPR-Apr-15-2026_14-40-34.pth
Wed 15 Apr 2026 14:40:51 INFO  epoch 2 training [time: 3.07s, train loss: 80.1987]
Wed 15 Apr 2026 14:40:54 INFO  epoch 2 evaluating [time: 3.01s, valid_score: 0.828311]
Wed 15 Apr 2026 14:40:54 INFO  valid result: 
ndcg@10 : 0.828311
Wed 15 Apr 2026 14:40:54 INFO  Saving current: saved/BPR-Apr-15-2026_14-40-34.pth
Wed 15 Apr 2026 14:40:57 INFO  epoch 3 training [time: 3.06s, train loss: 75.9542]
Wed 15 Apr 2026 14:41:00 INFO  epoch 3 evaluating [time: 2.89s, valid_score: 0.835934]
Wed 15 Apr 2026 14:41:00 INFO  valid result: 
ndcg@10 : 0.835934
Wed 15 Apr 2026 14:41:00 INFO  Saving current: saved/BPR-Apr-15-2026_14-40-34.pth
Wed 15 Apr 2026 14:41:03 INFO  epoch 4 training [time: 3.02s, train loss: 70.1806]
Wed 15 Apr 2026 14:41:06 INFO  epoch 4 evaluating [time: 3.06s, valid_score: 0.837187]
Wed 15 Apr 2026 14:41:06 INFO  valid result: 
ndcg@10 : 0.837187
Wed 15 Apr 2026 14:41:06 INFO  Saving current: saved/BPR-Apr-15-2026_14-40-34.pth
Wed 15 Apr 2026 14:41:09 INFO  epoch 5 training [time: 3.07s, train loss: 63.6573]
Wed 15 Apr 2026 14:41:12 INFO  epoch 5 evaluating [time: 3.09s, valid_score: 0.839494]
Wed 15 Apr 2026 14:41:12 INFO  valid result: 
ndcg@10 : 0.839494
Wed 15 Apr 2026 14:41:12 INFO  Saving current: saved/BPR-Apr-15-2026_14-40-34.pth
Wed 15 Apr 2026 14:41:15 INFO  epoch 6 training [time: 3.00s, train loss: 57.2051]
Wed 15 Apr 2026 14:41:18 INFO  epoch 6 evaluating [time: 3.12s, valid_score: 0.837386]
Wed 15 Apr 2026 14:41:18 INFO  valid result: 
ndcg@10 : 0.837386
Wed 15 Apr 2026 14:41:21 INFO  epoch 7 training [time: 3.00s, train loss: 51.1974]
Wed 15 Apr 2026 14:41:24 INFO  epoch 7 evaluating [time: 3.05s, valid_score: 0.841794]
Wed 15 Apr 2026 14:41:24 INFO  valid result: 
ndcg@10 : 0.841794
Wed 15 Apr 2026 14:41:24 INFO  Saving current: saved/BPR-Apr-15-2026_14-40-34.pth
Wed 15 Apr 2026 14:41:28 INFO  epoch 8 training [time: 3.02s, train loss: 45.8388]
Wed 15 Apr 2026 14:41:31 INFO  epoch 8 evaluating [time: 3.12s, valid_score: 0.844528]
Wed 15 Apr 2026 14:41:31 INFO  valid result: 
ndcg@10 : 0.844528
Wed 15 Apr 2026 14:41:31 INFO  Saving current: saved/BPR-Apr-15-2026_14-40-34.pth
Wed 15 Apr 2026 14:41:34 INFO  epoch 9 training [time: 3.12s, train loss: 41.2085]
Wed 15 Apr 2026 14:41:37 INFO  epoch 9 evaluating [time: 3.13s, valid_score: 0.844469]
Wed 15 Apr 2026 14:41:37 INFO  valid result: 
ndcg@10 : 0.844469
Wed 15 Apr 2026 14:41:40 INFO  epoch 10 training [time: 3.13s, train loss: 36.8000]
Wed 15 Apr 2026 14:41:43 INFO  epoch 10 evaluating [time: 3.05s, valid_score: 0.849659]
Wed 15 Apr 2026 14:41:43 INFO  valid result: 
ndcg@10 : 0.849659
Wed 15 Apr 2026 14:41:43 INFO  Saving current: saved/BPR-Apr-15-2026_14-40-34.pth
Wed 15 Apr 2026 14:41:46 INFO  epoch 11 training [time: 2.99s, train loss: 33.2884]
Wed 15 Apr 2026 14:41:49 INFO  epoch 11 evaluating [time: 3.24s, valid_score: 0.847040]
Wed 15 Apr 2026 14:41:49 INFO  valid result: 
ndcg@10 : 0.84704
Wed 15 Apr 2026 14:41:52 INFO  epoch 12 training [time: 3.13s, train loss: 30.0925]
Wed 15 Apr 2026 14:41:56 INFO  epoch 12 evaluating [time: 3.30s, valid_score: 0.845099]
Wed 15 Apr 2026 14:41:56 INFO  valid result: 
ndcg@10 : 0.845099
Wed 15 Apr 2026 14:41:59 INFO  epoch 13 training [time: 3.19s, train loss: 27.1952]
Wed 15 Apr 2026 14:42:02 INFO  epoch 13 evaluating [time: 2.96s, valid_score: 0.844886]
Wed 15 Apr 2026 14:42:02 INFO  valid result: 
ndcg@10 : 0.844886
Wed 15 Apr 2026 14:42:06 INFO  epoch 14 training [time: 4.56s, train loss: 24.8285]
Wed 15 Apr 2026 14:42:11 INFO  epoch 14 evaluating [time: 4.78s, valid_score: 0.850141]
Wed 15 Apr 2026 14:42:11 INFO  valid result: 
ndcg@10 : 0.850141
Wed 15 Apr 2026 14:42:11 INFO  Saving current: saved/BPR-Apr-15-2026_14-40-34.pth
Wed 15 Apr 2026 14:42:11 INFO  best valid : OrderedDict([('ndcg@10', 0.850141)])
Wed 15 Apr 2026 14:42:11 INFO  
General Hyper Parameters:
gpu_id = 0
use_gpu = True
seed = 2020
state = INFO
reproducibility = True
data_path = recbole_tmp/dataset
checkpoint_dir = saved
show_progress = True
save_dataset = False
dataset_save_path = None
save_dataloaders = False
dataloaders_save_path = None
log_wandb = False

Training Hyper Parameters:
epochs = 15
train_batch_size = 2048
learner = adam
learning_rate = 0.001
train_neg_sample_args = {'distribution': 'uniform', 'sample_num': 1, 'alpha': 1.0, 'dynamic': False, 'candidate_num': 0}
eval_step = 1
stopping_step = 5
clip_grad_norm = None
weight_decay = 0.0
loss_decimal_place = 4

Evaluation Hyper Parameters:
eval_args = {'split': {'RS': [0.75, 0.2, 0.05]}, 'order': 'RO', 'group_by': 'user', 'mode': {'valid': 'full', 'test': 'full'}}
repeatable = False
metrics = ['NDCG']
topk = [10]
valid_metric = NDCG@10
valid_metric_bigger = True
eval_batch_size = 2048
metric_decimal_place = 6

Dataset Hyper Parameters:
field_separator = 	
seq_separator =  
USER_ID_FIELD = user_id
ITEM_ID_FIELD = item_id
RATING_FIELD = rating
TIME_FIELD = timestamp
seq_len = None
LABEL_FIELD = label
threshold = None
NEG_PREFIX = neg_
load_col = {'inter': ['user_id', 'item_id']}
unload_col = None
unused_col = None
additional_feat_suffix = None
rm_dup_inter = None
val_interval = None
filter_inter_by_user_or_item = True
user_inter_num_interval = [0,inf)
item_inter_num_interval = [0,inf)
alias_of_user_id = None
alias_of_item_id = None
alias_of_entity_id = None
alias_of_relation_id = None
preload_weight = None
normalize_field = None
normalize_all = None
ITEM_LIST_LENGTH_FIELD = item_length
LIST_SUFFIX = _list
MAX_ITEM_LIST_LENGTH = 500
POSITION_FIELD = position_id
HEAD_ENTITY_ID_FIELD = head_id
TAIL_ENTITY_ID_FIELD = tail_id
RELATION_ID_FIELD = relation_id
ENTITY_ID_FIELD = entity_id
benchmark_filename = None

Other Hyper Parameters: 
worker = 0
wandb_project = recbole
shuffle = True
require_pow = False
enable_amp = False
enable_scaler = False
transform = None
embedding_size = 256
numerical_features = []
discretization = None
kg_reverse_r = False
entity_kg_num_interval = [0,inf)
relation_kg_num_interval = [0,inf)
MODEL_TYPE = ModelType.GENERAL
MODEL_INPUT_TYPE = InputType.PAIRWISE
eval_type = EvaluatorType.RANKING
single_spec = True
local_rank = 0
device = cuda
valid_neg_sample_args = {'distribution': 'uniform', 'sample_num': 'none'}
test_neg_sample_args = {'distribution': 'uniform', 'sample_num': 'none'}


Wed 15 Apr 2026 14:42:13 INFO  dataset
The number of users: 656
Average actions of users: 852.193893129771
The number of items: 992
Average actions of items: 563.2563067608477
The number of inters: 558187
The sparsity of the dataset: 14.22431279504327%
Remain Fields: ['user_id', 'item_id']
Wed 15 Apr 2026 14:42:14 INFO  [Training]: train_batch_size = [2048] train_neg_sample_args: [{'distribution': 'uniform', 'sample_num': 1, 'alpha': 1.0, 'dynamic': False, 'candidate_num': 0}]
Wed 15 Apr 2026 14:42:14 INFO  [Evaluation]: eval_batch_size = [2048] eval_args: [{'split': {'RS': [0.75, 0.2, 0.05]}, 'order': 'RO', 'group_by': 'user', 'mode': {'valid': 'full', 'test': 'full'}}]
