Wed 15 Apr 2026 13:21:26 INFO  ['main.py', 'babyLFM2b1k', '30', '--clean', '--model', 'BPR', '--choice-model', 'consume_all', '--config', 'recbole_config_default.yaml']
Wed 15 Apr 2026 13:21:26 INFO  
General Hyper Parameters:
gpu_id = 0
use_gpu = True
seed = 2020
state = INFO
reproducibility = True
data_path = recbole_tmp/dataset
checkpoint_dir = saved
show_progress = True
save_dataset = False
dataset_save_path = None
save_dataloaders = False
dataloaders_save_path = None
log_wandb = False

Training Hyper Parameters:
epochs = 15
train_batch_size = 2048
learner = adam
learning_rate = 0.001
train_neg_sample_args = {'distribution': 'uniform', 'sample_num': 1, 'alpha': 1.0, 'dynamic': False, 'candidate_num': 0}
eval_step = 1
stopping_step = 5
clip_grad_norm = None
weight_decay = 0.0
loss_decimal_place = 4

Evaluation Hyper Parameters:
eval_args = {'split': {'RS': [0.75, 0.2, 0.05]}, 'order': 'RO', 'group_by': 'user', 'mode': {'valid': 'full', 'test': 'full'}}
repeatable = False
metrics = ['NDCG']
topk = [10]
valid_metric = NDCG@10
valid_metric_bigger = True
eval_batch_size = 2048
metric_decimal_place = 6

Dataset Hyper Parameters:
field_separator = 	
seq_separator =  
USER_ID_FIELD = user_id
ITEM_ID_FIELD = item_id
RATING_FIELD = rating
TIME_FIELD = timestamp
seq_len = None
LABEL_FIELD = label
threshold = None
NEG_PREFIX = neg_
load_col = {'inter': ['user_id', 'item_id']}
unload_col = None
unused_col = None
additional_feat_suffix = None
rm_dup_inter = None
val_interval = None
filter_inter_by_user_or_item = True
user_inter_num_interval = [0,inf)
item_inter_num_interval = [0,inf)
alias_of_user_id = None
alias_of_item_id = None
alias_of_entity_id = None
alias_of_relation_id = None
preload_weight = None
normalize_field = None
normalize_all = None
ITEM_LIST_LENGTH_FIELD = item_length
LIST_SUFFIX = _list
MAX_ITEM_LIST_LENGTH = 500
POSITION_FIELD = position_id
HEAD_ENTITY_ID_FIELD = head_id
TAIL_ENTITY_ID_FIELD = tail_id
RELATION_ID_FIELD = relation_id
ENTITY_ID_FIELD = entity_id
benchmark_filename = None

Other Hyper Parameters: 
worker = 0
wandb_project = recbole
shuffle = True
require_pow = False
enable_amp = False
enable_scaler = False
transform = None
embedding_size = 256
numerical_features = []
discretization = None
kg_reverse_r = False
entity_kg_num_interval = [0,inf)
relation_kg_num_interval = [0,inf)
MODEL_TYPE = ModelType.GENERAL
MODEL_INPUT_TYPE = InputType.PAIRWISE
eval_type = EvaluatorType.RANKING
single_spec = True
local_rank = 0
device = cuda
valid_neg_sample_args = {'distribution': 'uniform', 'sample_num': 'none'}
test_neg_sample_args = {'distribution': 'uniform', 'sample_num': 'none'}


Wed 15 Apr 2026 13:21:27 INFO  dataset
The number of users: 656
Average actions of users: 312.2763358778626
The number of items: 992
Average actions of items: 206.39858728557013
The number of inters: 204541
The sparsity of the dataset: 68.5685176534225%
Remain Fields: ['user_id', 'item_id']
Wed 15 Apr 2026 13:21:27 INFO  Preparing dataset
Wed 15 Apr 2026 13:21:27 INFO  [Training]: train_batch_size = [2048] train_neg_sample_args: [{'distribution': 'uniform', 'sample_num': 1, 'alpha': 1.0, 'dynamic': False, 'candidate_num': 0}]
Wed 15 Apr 2026 13:21:27 INFO  [Evaluation]: eval_batch_size = [2048] eval_args: [{'split': {'RS': [0.75, 0.2, 0.05]}, 'order': 'RO', 'group_by': 'user', 'mode': {'valid': 'full', 'test': 'full'}}]
Wed 15 Apr 2026 13:21:27 INFO  Done!
Wed 15 Apr 2026 13:21:28 INFO  BPR(
  (user_embedding): Embedding(656, 256)
  (item_embedding): Embedding(992, 256)
  (loss): BPRLoss()
)
Trainable parameters: 421888
Wed 15 Apr 2026 13:21:28 INFO  FLOPs: 512.0
Wed 15 Apr 2026 13:21:30 INFO  epoch 0 training [time: 1.08s, train loss: 51.8313]
Wed 15 Apr 2026 13:21:33 INFO  epoch 0 evaluating [time: 3.12s, valid_score: 0.821007]
Wed 15 Apr 2026 13:21:33 INFO  valid result: 
ndcg@10 : 0.821007
Wed 15 Apr 2026 13:21:33 INFO  Saving current: saved/BPR-Apr-15-2026_13-21-28.pth
Wed 15 Apr 2026 13:21:34 INFO  epoch 1 training [time: 0.99s, train loss: 30.2975]
Wed 15 Apr 2026 13:21:37 INFO  epoch 1 evaluating [time: 2.73s, valid_score: 0.821302]
Wed 15 Apr 2026 13:21:37 INFO  valid result: 
ndcg@10 : 0.821302
Wed 15 Apr 2026 13:21:37 INFO  Saving current: saved/BPR-Apr-15-2026_13-21-28.pth
Wed 15 Apr 2026 13:21:38 INFO  epoch 2 training [time: 0.97s, train loss: 9.1666]
Wed 15 Apr 2026 13:21:41 INFO  epoch 2 evaluating [time: 2.90s, valid_score: 0.815733]
Wed 15 Apr 2026 13:21:41 INFO  valid result: 
ndcg@10 : 0.815733
Wed 15 Apr 2026 13:21:42 INFO  epoch 3 training [time: 0.97s, train loss: 7.2438]
Wed 15 Apr 2026 13:21:45 INFO  epoch 3 evaluating [time: 2.98s, valid_score: 0.823249]
Wed 15 Apr 2026 13:21:45 INFO  valid result: 
ndcg@10 : 0.823249
Wed 15 Apr 2026 13:21:45 INFO  Saving current: saved/BPR-Apr-15-2026_13-21-28.pth
Wed 15 Apr 2026 13:21:46 INFO  epoch 4 training [time: 0.91s, train loss: 6.8801]
Wed 15 Apr 2026 13:21:49 INFO  epoch 4 evaluating [time: 2.93s, valid_score: 0.820699]
Wed 15 Apr 2026 13:21:49 INFO  valid result: 
ndcg@10 : 0.820699
Wed 15 Apr 2026 13:21:49 INFO  epoch 5 training [time: 0.89s, train loss: 6.7205]
Wed 15 Apr 2026 13:21:52 INFO  epoch 5 evaluating [time: 3.01s, valid_score: 0.816257]
Wed 15 Apr 2026 13:21:52 INFO  valid result: 
ndcg@10 : 0.816257
Wed 15 Apr 2026 13:21:53 INFO  epoch 6 training [time: 1.01s, train loss: 6.6618]
Wed 15 Apr 2026 13:21:56 INFO  epoch 6 evaluating [time: 3.00s, valid_score: 0.820389]
Wed 15 Apr 2026 13:21:56 INFO  valid result: 
ndcg@10 : 0.820389
Wed 15 Apr 2026 13:21:57 INFO  epoch 7 training [time: 0.92s, train loss: 6.5242]
Wed 15 Apr 2026 13:22:01 INFO  epoch 7 evaluating [time: 3.15s, valid_score: 0.815415]
Wed 15 Apr 2026 13:22:01 INFO  valid result: 
ndcg@10 : 0.815415
Wed 15 Apr 2026 13:22:01 INFO  epoch 8 training [time: 0.96s, train loss: 6.3825]
Wed 15 Apr 2026 13:22:05 INFO  epoch 8 evaluating [time: 3.08s, valid_score: 0.814879]
Wed 15 Apr 2026 13:22:05 INFO  valid result: 
ndcg@10 : 0.814879
Wed 15 Apr 2026 13:22:06 INFO  epoch 9 training [time: 0.96s, train loss: 6.3356]
Wed 15 Apr 2026 13:22:09 INFO  epoch 9 evaluating [time: 3.04s, valid_score: 0.825959]
Wed 15 Apr 2026 13:22:09 INFO  valid result: 
ndcg@10 : 0.825959
Wed 15 Apr 2026 13:22:09 INFO  Saving current: saved/BPR-Apr-15-2026_13-21-28.pth
Wed 15 Apr 2026 13:22:10 INFO  epoch 10 training [time: 0.97s, train loss: 6.1781]
Wed 15 Apr 2026 13:22:13 INFO  epoch 10 evaluating [time: 3.05s, valid_score: 0.817654]
Wed 15 Apr 2026 13:22:13 INFO  valid result: 
ndcg@10 : 0.817654
Wed 15 Apr 2026 13:22:14 INFO  epoch 11 training [time: 0.99s, train loss: 6.0194]
Wed 15 Apr 2026 13:22:17 INFO  epoch 11 evaluating [time: 3.09s, valid_score: 0.828335]
Wed 15 Apr 2026 13:22:17 INFO  valid result: 
ndcg@10 : 0.828335
Wed 15 Apr 2026 13:22:17 INFO  Saving current: saved/BPR-Apr-15-2026_13-21-28.pth
Wed 15 Apr 2026 13:22:18 INFO  epoch 12 training [time: 1.00s, train loss: 6.0177]
Wed 15 Apr 2026 13:22:21 INFO  epoch 12 evaluating [time: 3.14s, valid_score: 0.832003]
Wed 15 Apr 2026 13:22:21 INFO  valid result: 
ndcg@10 : 0.832003
Wed 15 Apr 2026 13:22:21 INFO  Saving current: saved/BPR-Apr-15-2026_13-21-28.pth
Wed 15 Apr 2026 13:22:22 INFO  epoch 13 training [time: 0.95s, train loss: 5.9531]
Wed 15 Apr 2026 13:22:25 INFO  epoch 13 evaluating [time: 3.00s, valid_score: 0.829218]
Wed 15 Apr 2026 13:22:25 INFO  valid result: 
ndcg@10 : 0.829218
Wed 15 Apr 2026 13:22:26 INFO  epoch 14 training [time: 0.96s, train loss: 5.7740]
Wed 15 Apr 2026 13:22:29 INFO  epoch 14 evaluating [time: 3.23s, valid_score: 0.831139]
Wed 15 Apr 2026 13:22:29 INFO  valid result: 
ndcg@10 : 0.831139
Wed 15 Apr 2026 13:22:29 INFO  best valid : OrderedDict([('ndcg@10', 0.832003)])
Wed 15 Apr 2026 13:22:29 INFO  
General Hyper Parameters:
gpu_id = 0
use_gpu = True
seed = 2020
state = INFO
reproducibility = True
data_path = recbole_tmp/dataset
checkpoint_dir = saved
show_progress = True
save_dataset = False
dataset_save_path = None
save_dataloaders = False
dataloaders_save_path = None
log_wandb = False

Training Hyper Parameters:
epochs = 15
train_batch_size = 2048
learner = adam
learning_rate = 0.001
train_neg_sample_args = {'distribution': 'uniform', 'sample_num': 1, 'alpha': 1.0, 'dynamic': False, 'candidate_num': 0}
eval_step = 1
stopping_step = 5
clip_grad_norm = None
weight_decay = 0.0
loss_decimal_place = 4

Evaluation Hyper Parameters:
eval_args = {'split': {'RS': [0.75, 0.2, 0.05]}, 'order': 'RO', 'group_by': 'user', 'mode': {'valid': 'full', 'test': 'full'}}
repeatable = False
metrics = ['NDCG']
topk = [10]
valid_metric = NDCG@10
valid_metric_bigger = True
eval_batch_size = 2048
metric_decimal_place = 6

Dataset Hyper Parameters:
field_separator = 	
seq_separator =  
USER_ID_FIELD = user_id
ITEM_ID_FIELD = item_id
RATING_FIELD = rating
TIME_FIELD = timestamp
seq_len = None
LABEL_FIELD = label
threshold = None
NEG_PREFIX = neg_
load_col = {'inter': ['user_id', 'item_id']}
unload_col = None
unused_col = None
additional_feat_suffix = None
rm_dup_inter = None
val_interval = None
filter_inter_by_user_or_item = True
user_inter_num_interval = [0,inf)
item_inter_num_interval = [0,inf)
alias_of_user_id = None
alias_of_item_id = None
alias_of_entity_id = None
alias_of_relation_id = None
preload_weight = None
normalize_field = None
normalize_all = None
ITEM_LIST_LENGTH_FIELD = item_length
LIST_SUFFIX = _list
MAX_ITEM_LIST_LENGTH = 500
POSITION_FIELD = position_id
HEAD_ENTITY_ID_FIELD = head_id
TAIL_ENTITY_ID_FIELD = tail_id
RELATION_ID_FIELD = relation_id
ENTITY_ID_FIELD = entity_id
benchmark_filename = None

Other Hyper Parameters: 
worker = 0
wandb_project = recbole
shuffle = True
require_pow = False
enable_amp = False
enable_scaler = False
transform = None
embedding_size = 256
numerical_features = []
discretization = None
kg_reverse_r = False
entity_kg_num_interval = [0,inf)
relation_kg_num_interval = [0,inf)
MODEL_TYPE = ModelType.GENERAL
MODEL_INPUT_TYPE = InputType.PAIRWISE
eval_type = EvaluatorType.RANKING
single_spec = True
local_rank = 0
device = cuda
valid_neg_sample_args = {'distribution': 'uniform', 'sample_num': 'none'}
test_neg_sample_args = {'distribution': 'uniform', 'sample_num': 'none'}


Wed 15 Apr 2026 13:22:29 INFO  dataset
The number of users: 656
Average actions of users: 312.2763358778626
The number of items: 992
Average actions of items: 206.39858728557013
The number of inters: 204541
The sparsity of the dataset: 68.5685176534225%
Remain Fields: ['user_id', 'item_id']
Wed 15 Apr 2026 13:22:30 INFO  [Training]: train_batch_size = [2048] train_neg_sample_args: [{'distribution': 'uniform', 'sample_num': 1, 'alpha': 1.0, 'dynamic': False, 'candidate_num': 0}]
Wed 15 Apr 2026 13:22:30 INFO  [Evaluation]: eval_batch_size = [2048] eval_args: [{'split': {'RS': [0.75, 0.2, 0.05]}, 'order': 'RO', 'group_by': 'user', 'mode': {'valid': 'full', 'test': 'full'}}]
