Wed 15 Apr 2026 14:26:51 INFO  ['main.py', 'babyLFM2b1k', '76', '--clean', '--model', 'BPR', '--choice-model', 'consume_all', '--config', 'recbole_config_default.yaml']
Wed 15 Apr 2026 14:26:51 INFO  
General Hyper Parameters:
gpu_id = 0
use_gpu = True
seed = 2020
state = INFO
reproducibility = True
data_path = recbole_tmp/dataset
checkpoint_dir = saved
show_progress = True
save_dataset = False
dataset_save_path = None
save_dataloaders = False
dataloaders_save_path = None
log_wandb = False

Training Hyper Parameters:
epochs = 15
train_batch_size = 2048
learner = adam
learning_rate = 0.001
train_neg_sample_args = {'distribution': 'uniform', 'sample_num': 1, 'alpha': 1.0, 'dynamic': False, 'candidate_num': 0}
eval_step = 1
stopping_step = 5
clip_grad_norm = None
weight_decay = 0.0
loss_decimal_place = 4

Evaluation Hyper Parameters:
eval_args = {'split': {'RS': [0.75, 0.2, 0.05]}, 'order': 'RO', 'group_by': 'user', 'mode': {'valid': 'full', 'test': 'full'}}
repeatable = False
metrics = ['NDCG']
topk = [10]
valid_metric = NDCG@10
valid_metric_bigger = True
eval_batch_size = 2048
metric_decimal_place = 6

Dataset Hyper Parameters:
field_separator = 	
seq_separator =  
USER_ID_FIELD = user_id
ITEM_ID_FIELD = item_id
RATING_FIELD = rating
TIME_FIELD = timestamp
seq_len = None
LABEL_FIELD = label
threshold = None
NEG_PREFIX = neg_
load_col = {'inter': ['user_id', 'item_id']}
unload_col = None
unused_col = None
additional_feat_suffix = None
rm_dup_inter = None
val_interval = None
filter_inter_by_user_or_item = True
user_inter_num_interval = [0,inf)
item_inter_num_interval = [0,inf)
alias_of_user_id = None
alias_of_item_id = None
alias_of_entity_id = None
alias_of_relation_id = None
preload_weight = None
normalize_field = None
normalize_all = None
ITEM_LIST_LENGTH_FIELD = item_length
LIST_SUFFIX = _list
MAX_ITEM_LIST_LENGTH = 500
POSITION_FIELD = position_id
HEAD_ENTITY_ID_FIELD = head_id
TAIL_ENTITY_ID_FIELD = tail_id
RELATION_ID_FIELD = relation_id
ENTITY_ID_FIELD = entity_id
benchmark_filename = None

Other Hyper Parameters: 
worker = 0
wandb_project = recbole
shuffle = True
require_pow = False
enable_amp = False
enable_scaler = False
transform = None
embedding_size = 256
numerical_features = []
discretization = None
kg_reverse_r = False
entity_kg_num_interval = [0,inf)
relation_kg_num_interval = [0,inf)
MODEL_TYPE = ModelType.GENERAL
MODEL_INPUT_TYPE = InputType.PAIRWISE
eval_type = EvaluatorType.RANKING
single_spec = True
local_rank = 0
device = cuda
valid_neg_sample_args = {'distribution': 'uniform', 'sample_num': 'none'}
test_neg_sample_args = {'distribution': 'uniform', 'sample_num': 'none'}


Wed 15 Apr 2026 14:26:53 INFO  dataset
The number of users: 656
Average actions of users: 772.2061068702291
The number of items: 992
Average actions of items: 510.38849646821393
The number of inters: 505795
The sparsity of the dataset: 22.275306107395753%
Remain Fields: ['user_id', 'item_id']
Wed 15 Apr 2026 14:26:53 INFO  Preparing dataset
Wed 15 Apr 2026 14:26:54 INFO  [Training]: train_batch_size = [2048] train_neg_sample_args: [{'distribution': 'uniform', 'sample_num': 1, 'alpha': 1.0, 'dynamic': False, 'candidate_num': 0}]
Wed 15 Apr 2026 14:26:54 INFO  [Evaluation]: eval_batch_size = [2048] eval_args: [{'split': {'RS': [0.75, 0.2, 0.05]}, 'order': 'RO', 'group_by': 'user', 'mode': {'valid': 'full', 'test': 'full'}}]
Wed 15 Apr 2026 14:26:54 INFO  Done!
Wed 15 Apr 2026 14:26:54 INFO  BPR(
  (user_embedding): Embedding(656, 256)
  (item_embedding): Embedding(992, 256)
  (loss): BPRLoss()
)
Trainable parameters: 421888
Wed 15 Apr 2026 14:26:54 INFO  FLOPs: 512.0
Wed 15 Apr 2026 14:26:58 INFO  epoch 0 training [time: 2.73s, train loss: 115.9554]
Wed 15 Apr 2026 14:27:01 INFO  epoch 0 evaluating [time: 3.21s, valid_score: 0.827948]
Wed 15 Apr 2026 14:27:01 INFO  valid result: 
ndcg@10 : 0.827948
Wed 15 Apr 2026 14:27:01 INFO  Saving current: saved/BPR-Apr-15-2026_14-26-54.pth
Wed 15 Apr 2026 14:27:04 INFO  epoch 1 training [time: 2.63s, train loss: 63.5729]
Wed 15 Apr 2026 14:27:07 INFO  epoch 1 evaluating [time: 3.06s, valid_score: 0.826315]
Wed 15 Apr 2026 14:27:07 INFO  valid result: 
ndcg@10 : 0.826315
Wed 15 Apr 2026 14:27:09 INFO  epoch 2 training [time: 1.97s, train loss: 58.9268]
Wed 15 Apr 2026 14:27:12 INFO  epoch 2 evaluating [time: 2.88s, valid_score: 0.820353]
Wed 15 Apr 2026 14:27:12 INFO  valid result: 
ndcg@10 : 0.820353
Wed 15 Apr 2026 14:27:14 INFO  epoch 3 training [time: 2.73s, train loss: 56.9730]
Wed 15 Apr 2026 14:27:18 INFO  epoch 3 evaluating [time: 3.16s, valid_score: 0.833345]
Wed 15 Apr 2026 14:27:18 INFO  valid result: 
ndcg@10 : 0.833345
Wed 15 Apr 2026 14:27:18 INFO  Saving current: saved/BPR-Apr-15-2026_14-26-54.pth
Wed 15 Apr 2026 14:27:20 INFO  epoch 4 training [time: 2.68s, train loss: 54.3285]
Wed 15 Apr 2026 14:27:23 INFO  epoch 4 evaluating [time: 2.92s, valid_score: 0.831664]
Wed 15 Apr 2026 14:27:23 INFO  valid result: 
ndcg@10 : 0.831664
Wed 15 Apr 2026 14:27:26 INFO  epoch 5 training [time: 2.76s, train loss: 50.9342]
Wed 15 Apr 2026 14:27:29 INFO  epoch 5 evaluating [time: 3.07s, valid_score: 0.834886]
Wed 15 Apr 2026 14:27:29 INFO  valid result: 
ndcg@10 : 0.834886
Wed 15 Apr 2026 14:27:29 INFO  Saving current: saved/BPR-Apr-15-2026_14-26-54.pth
Wed 15 Apr 2026 14:27:32 INFO  epoch 6 training [time: 2.73s, train loss: 47.1187]
Wed 15 Apr 2026 14:27:35 INFO  epoch 6 evaluating [time: 3.36s, valid_score: 0.837722]
Wed 15 Apr 2026 14:27:35 INFO  valid result: 
ndcg@10 : 0.837722
Wed 15 Apr 2026 14:27:35 INFO  Saving current: saved/BPR-Apr-15-2026_14-26-54.pth
Wed 15 Apr 2026 14:27:38 INFO  epoch 7 training [time: 2.76s, train loss: 43.1632]
Wed 15 Apr 2026 14:27:41 INFO  epoch 7 evaluating [time: 3.13s, valid_score: 0.838574]
Wed 15 Apr 2026 14:27:41 INFO  valid result: 
ndcg@10 : 0.838574
Wed 15 Apr 2026 14:27:41 INFO  Saving current: saved/BPR-Apr-15-2026_14-26-54.pth
Wed 15 Apr 2026 14:27:44 INFO  epoch 8 training [time: 2.67s, train loss: 39.5285]
Wed 15 Apr 2026 14:27:47 INFO  epoch 8 evaluating [time: 3.43s, valid_score: 0.837420]
Wed 15 Apr 2026 14:27:47 INFO  valid result: 
ndcg@10 : 0.83742
Wed 15 Apr 2026 14:27:50 INFO  epoch 9 training [time: 2.71s, train loss: 36.2867]
Wed 15 Apr 2026 14:27:53 INFO  epoch 9 evaluating [time: 3.16s, valid_score: 0.840016]
Wed 15 Apr 2026 14:27:53 INFO  valid result: 
ndcg@10 : 0.840016
Wed 15 Apr 2026 14:27:53 INFO  Saving current: saved/BPR-Apr-15-2026_14-26-54.pth
Wed 15 Apr 2026 14:27:56 INFO  epoch 10 training [time: 2.60s, train loss: 32.9314]
Wed 15 Apr 2026 14:27:59 INFO  epoch 10 evaluating [time: 3.34s, valid_score: 0.840471]
Wed 15 Apr 2026 14:27:59 INFO  valid result: 
ndcg@10 : 0.840471
Wed 15 Apr 2026 14:27:59 INFO  Saving current: saved/BPR-Apr-15-2026_14-26-54.pth
Wed 15 Apr 2026 14:28:02 INFO  epoch 11 training [time: 2.65s, train loss: 30.0150]
Wed 15 Apr 2026 14:28:05 INFO  epoch 11 evaluating [time: 3.01s, valid_score: 0.841574]
Wed 15 Apr 2026 14:28:05 INFO  valid result: 
ndcg@10 : 0.841574
Wed 15 Apr 2026 14:28:05 INFO  Saving current: saved/BPR-Apr-15-2026_14-26-54.pth
Wed 15 Apr 2026 14:28:07 INFO  epoch 12 training [time: 2.67s, train loss: 27.4852]
Wed 15 Apr 2026 14:28:11 INFO  epoch 12 evaluating [time: 3.25s, valid_score: 0.844352]
Wed 15 Apr 2026 14:28:11 INFO  valid result: 
ndcg@10 : 0.844352
Wed 15 Apr 2026 14:28:11 INFO  Saving current: saved/BPR-Apr-15-2026_14-26-54.pth
Wed 15 Apr 2026 14:28:13 INFO  epoch 13 training [time: 2.75s, train loss: 25.1770]
Wed 15 Apr 2026 14:28:17 INFO  epoch 13 evaluating [time: 3.44s, valid_score: 0.843082]
Wed 15 Apr 2026 14:28:17 INFO  valid result: 
ndcg@10 : 0.843082
Wed 15 Apr 2026 14:28:20 INFO  epoch 14 training [time: 2.86s, train loss: 22.9834]
Wed 15 Apr 2026 14:28:23 INFO  epoch 14 evaluating [time: 3.33s, valid_score: 0.851438]
Wed 15 Apr 2026 14:28:23 INFO  valid result: 
ndcg@10 : 0.851438
Wed 15 Apr 2026 14:28:23 INFO  Saving current: saved/BPR-Apr-15-2026_14-26-54.pth
Wed 15 Apr 2026 14:28:23 INFO  best valid : OrderedDict([('ndcg@10', 0.851438)])
Wed 15 Apr 2026 14:28:23 INFO  
General Hyper Parameters:
gpu_id = 0
use_gpu = True
seed = 2020
state = INFO
reproducibility = True
data_path = recbole_tmp/dataset
checkpoint_dir = saved
show_progress = True
save_dataset = False
dataset_save_path = None
save_dataloaders = False
dataloaders_save_path = None
log_wandb = False

Training Hyper Parameters:
epochs = 15
train_batch_size = 2048
learner = adam
learning_rate = 0.001
train_neg_sample_args = {'distribution': 'uniform', 'sample_num': 1, 'alpha': 1.0, 'dynamic': False, 'candidate_num': 0}
eval_step = 1
stopping_step = 5
clip_grad_norm = None
weight_decay = 0.0
loss_decimal_place = 4

Evaluation Hyper Parameters:
eval_args = {'split': {'RS': [0.75, 0.2, 0.05]}, 'order': 'RO', 'group_by': 'user', 'mode': {'valid': 'full', 'test': 'full'}}
repeatable = False
metrics = ['NDCG']
topk = [10]
valid_metric = NDCG@10
valid_metric_bigger = True
eval_batch_size = 2048
metric_decimal_place = 6

Dataset Hyper Parameters:
field_separator = 	
seq_separator =  
USER_ID_FIELD = user_id
ITEM_ID_FIELD = item_id
RATING_FIELD = rating
TIME_FIELD = timestamp
seq_len = None
LABEL_FIELD = label
threshold = None
NEG_PREFIX = neg_
load_col = {'inter': ['user_id', 'item_id']}
unload_col = None
unused_col = None
additional_feat_suffix = None
rm_dup_inter = None
val_interval = None
filter_inter_by_user_or_item = True
user_inter_num_interval = [0,inf)
item_inter_num_interval = [0,inf)
alias_of_user_id = None
alias_of_item_id = None
alias_of_entity_id = None
alias_of_relation_id = None
preload_weight = None
normalize_field = None
normalize_all = None
ITEM_LIST_LENGTH_FIELD = item_length
LIST_SUFFIX = _list
MAX_ITEM_LIST_LENGTH = 500
POSITION_FIELD = position_id
HEAD_ENTITY_ID_FIELD = head_id
TAIL_ENTITY_ID_FIELD = tail_id
RELATION_ID_FIELD = relation_id
ENTITY_ID_FIELD = entity_id
benchmark_filename = None

Other Hyper Parameters: 
worker = 0
wandb_project = recbole
shuffle = True
require_pow = False
enable_amp = False
enable_scaler = False
transform = None
embedding_size = 256
numerical_features = []
discretization = None
kg_reverse_r = False
entity_kg_num_interval = [0,inf)
relation_kg_num_interval = [0,inf)
MODEL_TYPE = ModelType.GENERAL
MODEL_INPUT_TYPE = InputType.PAIRWISE
eval_type = EvaluatorType.RANKING
single_spec = True
local_rank = 0
device = cuda
valid_neg_sample_args = {'distribution': 'uniform', 'sample_num': 'none'}
test_neg_sample_args = {'distribution': 'uniform', 'sample_num': 'none'}


Wed 15 Apr 2026 14:28:24 INFO  dataset
The number of users: 656
Average actions of users: 772.2061068702291
The number of items: 992
Average actions of items: 510.38849646821393
The number of inters: 505795
The sparsity of the dataset: 22.275306107395753%
Remain Fields: ['user_id', 'item_id']
Wed 15 Apr 2026 14:28:25 INFO  [Training]: train_batch_size = [2048] train_neg_sample_args: [{'distribution': 'uniform', 'sample_num': 1, 'alpha': 1.0, 'dynamic': False, 'candidate_num': 0}]
Wed 15 Apr 2026 14:28:25 INFO  [Evaluation]: eval_batch_size = [2048] eval_args: [{'split': {'RS': [0.75, 0.2, 0.05]}, 'order': 'RO', 'group_by': 'user', 'mode': {'valid': 'full', 'test': 'full'}}]
