Wed 15 Apr 2026 14:30:31 INFO  ['main.py', 'babyLFM2b1k', '78', '--clean', '--model', 'BPR', '--choice-model', 'consume_all', '--config', 'recbole_config_default.yaml']
Wed 15 Apr 2026 14:30:31 INFO  
General Hyper Parameters:
gpu_id = 0
use_gpu = True
seed = 2020
state = INFO
reproducibility = True
data_path = recbole_tmp/dataset
checkpoint_dir = saved
show_progress = True
save_dataset = False
dataset_save_path = None
save_dataloaders = False
dataloaders_save_path = None
log_wandb = False

Training Hyper Parameters:
epochs = 15
train_batch_size = 2048
learner = adam
learning_rate = 0.001
train_neg_sample_args = {'distribution': 'uniform', 'sample_num': 1, 'alpha': 1.0, 'dynamic': False, 'candidate_num': 0}
eval_step = 1
stopping_step = 5
clip_grad_norm = None
weight_decay = 0.0
loss_decimal_place = 4

Evaluation Hyper Parameters:
eval_args = {'split': {'RS': [0.75, 0.2, 0.05]}, 'order': 'RO', 'group_by': 'user', 'mode': {'valid': 'full', 'test': 'full'}}
repeatable = False
metrics = ['NDCG']
topk = [10]
valid_metric = NDCG@10
valid_metric_bigger = True
eval_batch_size = 2048
metric_decimal_place = 6

Dataset Hyper Parameters:
field_separator = 	
seq_separator =  
USER_ID_FIELD = user_id
ITEM_ID_FIELD = item_id
RATING_FIELD = rating
TIME_FIELD = timestamp
seq_len = None
LABEL_FIELD = label
threshold = None
NEG_PREFIX = neg_
load_col = {'inter': ['user_id', 'item_id']}
unload_col = None
unused_col = None
additional_feat_suffix = None
rm_dup_inter = None
val_interval = None
filter_inter_by_user_or_item = True
user_inter_num_interval = [0,inf)
item_inter_num_interval = [0,inf)
alias_of_user_id = None
alias_of_item_id = None
alias_of_entity_id = None
alias_of_relation_id = None
preload_weight = None
normalize_field = None
normalize_all = None
ITEM_LIST_LENGTH_FIELD = item_length
LIST_SUFFIX = _list
MAX_ITEM_LIST_LENGTH = 500
POSITION_FIELD = position_id
HEAD_ENTITY_ID_FIELD = head_id
TAIL_ENTITY_ID_FIELD = tail_id
RELATION_ID_FIELD = relation_id
ENTITY_ID_FIELD = entity_id
benchmark_filename = None

Other Hyper Parameters: 
worker = 0
wandb_project = recbole
shuffle = True
require_pow = False
enable_amp = False
enable_scaler = False
transform = None
embedding_size = 256
numerical_features = []
discretization = None
kg_reverse_r = False
entity_kg_num_interval = [0,inf)
relation_kg_num_interval = [0,inf)
MODEL_TYPE = ModelType.GENERAL
MODEL_INPUT_TYPE = InputType.PAIRWISE
eval_type = EvaluatorType.RANKING
single_spec = True
local_rank = 0
device = cuda
valid_neg_sample_args = {'distribution': 'uniform', 'sample_num': 'none'}
test_neg_sample_args = {'distribution': 'uniform', 'sample_num': 'none'}


Wed 15 Apr 2026 14:30:32 INFO  dataset
The number of users: 656
Average actions of users: 792.2030534351145
The number of items: 992
Average actions of items: 523.6054490413724
The number of inters: 518893
The sparsity of the dataset: 20.262557779307635%
Remain Fields: ['user_id', 'item_id']
Wed 15 Apr 2026 14:30:32 INFO  Preparing dataset
Wed 15 Apr 2026 14:30:33 INFO  [Training]: train_batch_size = [2048] train_neg_sample_args: [{'distribution': 'uniform', 'sample_num': 1, 'alpha': 1.0, 'dynamic': False, 'candidate_num': 0}]
Wed 15 Apr 2026 14:30:33 INFO  [Evaluation]: eval_batch_size = [2048] eval_args: [{'split': {'RS': [0.75, 0.2, 0.05]}, 'order': 'RO', 'group_by': 'user', 'mode': {'valid': 'full', 'test': 'full'}}]
Wed 15 Apr 2026 14:30:33 INFO  Done!
Wed 15 Apr 2026 14:30:33 INFO  BPR(
  (user_embedding): Embedding(656, 256)
  (item_embedding): Embedding(992, 256)
  (loss): BPRLoss()
)
Trainable parameters: 421888
Wed 15 Apr 2026 14:30:34 INFO  FLOPs: 512.0
Wed 15 Apr 2026 14:30:38 INFO  epoch 0 training [time: 3.06s, train loss: 119.6431]
Wed 15 Apr 2026 14:30:41 INFO  epoch 0 evaluating [time: 3.38s, valid_score: 0.812843]
Wed 15 Apr 2026 14:30:41 INFO  valid result: 
ndcg@10 : 0.812843
Wed 15 Apr 2026 14:30:41 INFO  Saving current: saved/BPR-Apr-15-2026_14-30-34.pth
Wed 15 Apr 2026 14:30:44 INFO  epoch 1 training [time: 2.83s, train loss: 68.3996]
Wed 15 Apr 2026 14:30:47 INFO  epoch 1 evaluating [time: 3.21s, valid_score: 0.818508]
Wed 15 Apr 2026 14:30:47 INFO  valid result: 
ndcg@10 : 0.818508
Wed 15 Apr 2026 14:30:48 INFO  Saving current: saved/BPR-Apr-15-2026_14-30-34.pth
Wed 15 Apr 2026 14:30:50 INFO  epoch 2 training [time: 2.79s, train loss: 63.6425]
Wed 15 Apr 2026 14:30:53 INFO  epoch 2 evaluating [time: 3.09s, valid_score: 0.816743]
Wed 15 Apr 2026 14:30:53 INFO  valid result: 
ndcg@10 : 0.816743
Wed 15 Apr 2026 14:30:56 INFO  epoch 3 training [time: 2.80s, train loss: 61.5649]
Wed 15 Apr 2026 14:30:59 INFO  epoch 3 evaluating [time: 3.06s, valid_score: 0.830065]
Wed 15 Apr 2026 14:30:59 INFO  valid result: 
ndcg@10 : 0.830065
Wed 15 Apr 2026 14:30:59 INFO  Saving current: saved/BPR-Apr-15-2026_14-30-34.pth
Wed 15 Apr 2026 14:31:02 INFO  epoch 4 training [time: 2.94s, train loss: 58.3371]
Wed 15 Apr 2026 14:31:06 INFO  epoch 4 evaluating [time: 3.36s, valid_score: 0.835043]
Wed 15 Apr 2026 14:31:06 INFO  valid result: 
ndcg@10 : 0.835043
Wed 15 Apr 2026 14:31:06 INFO  Saving current: saved/BPR-Apr-15-2026_14-30-34.pth
Wed 15 Apr 2026 14:31:08 INFO  epoch 5 training [time: 2.81s, train loss: 54.1795]
Wed 15 Apr 2026 14:31:12 INFO  epoch 5 evaluating [time: 3.12s, valid_score: 0.838192]
Wed 15 Apr 2026 14:31:12 INFO  valid result: 
ndcg@10 : 0.838192
Wed 15 Apr 2026 14:31:12 INFO  Saving current: saved/BPR-Apr-15-2026_14-30-34.pth
Wed 15 Apr 2026 14:31:14 INFO  epoch 6 training [time: 2.70s, train loss: 49.8530]
Wed 15 Apr 2026 14:31:17 INFO  epoch 6 evaluating [time: 3.08s, valid_score: 0.843792]
Wed 15 Apr 2026 14:31:17 INFO  valid result: 
ndcg@10 : 0.843792
Wed 15 Apr 2026 14:31:17 INFO  Saving current: saved/BPR-Apr-15-2026_14-30-34.pth
Wed 15 Apr 2026 14:31:20 INFO  epoch 7 training [time: 2.70s, train loss: 45.4400]
Wed 15 Apr 2026 14:31:23 INFO  epoch 7 evaluating [time: 3.08s, valid_score: 0.841807]
Wed 15 Apr 2026 14:31:23 INFO  valid result: 
ndcg@10 : 0.841807
Wed 15 Apr 2026 14:31:26 INFO  epoch 8 training [time: 2.80s, train loss: 41.5620]
Wed 15 Apr 2026 14:31:29 INFO  epoch 8 evaluating [time: 3.01s, valid_score: 0.842737]
Wed 15 Apr 2026 14:31:29 INFO  valid result: 
ndcg@10 : 0.842737
Wed 15 Apr 2026 14:31:32 INFO  epoch 9 training [time: 2.78s, train loss: 37.6228]
Wed 15 Apr 2026 14:31:35 INFO  epoch 9 evaluating [time: 2.97s, valid_score: 0.838056]
Wed 15 Apr 2026 14:31:35 INFO  valid result: 
ndcg@10 : 0.838056
Wed 15 Apr 2026 14:31:38 INFO  epoch 10 training [time: 2.87s, train loss: 34.2523]
Wed 15 Apr 2026 14:31:41 INFO  epoch 10 evaluating [time: 3.18s, valid_score: 0.844657]
Wed 15 Apr 2026 14:31:41 INFO  valid result: 
ndcg@10 : 0.844657
Wed 15 Apr 2026 14:31:41 INFO  Saving current: saved/BPR-Apr-15-2026_14-30-34.pth
Wed 15 Apr 2026 14:31:44 INFO  epoch 11 training [time: 2.84s, train loss: 31.3079]
Wed 15 Apr 2026 14:31:47 INFO  epoch 11 evaluating [time: 3.29s, valid_score: 0.845793]
Wed 15 Apr 2026 14:31:47 INFO  valid result: 
ndcg@10 : 0.845793
Wed 15 Apr 2026 14:31:47 INFO  Saving current: saved/BPR-Apr-15-2026_14-30-34.pth
Wed 15 Apr 2026 14:31:50 INFO  epoch 12 training [time: 2.74s, train loss: 28.3745]
Wed 15 Apr 2026 14:31:53 INFO  epoch 12 evaluating [time: 3.13s, valid_score: 0.848017]
Wed 15 Apr 2026 14:31:53 INFO  valid result: 
ndcg@10 : 0.848017
Wed 15 Apr 2026 14:31:53 INFO  Saving current: saved/BPR-Apr-15-2026_14-30-34.pth
Wed 15 Apr 2026 14:31:55 INFO  epoch 13 training [time: 2.70s, train loss: 25.9828]
Wed 15 Apr 2026 14:31:59 INFO  epoch 13 evaluating [time: 3.14s, valid_score: 0.846753]
Wed 15 Apr 2026 14:31:59 INFO  valid result: 
ndcg@10 : 0.846753
Wed 15 Apr 2026 14:32:01 INFO  epoch 14 training [time: 2.67s, train loss: 23.6643]
Wed 15 Apr 2026 14:32:04 INFO  epoch 14 evaluating [time: 3.17s, valid_score: 0.845079]
Wed 15 Apr 2026 14:32:04 INFO  valid result: 
ndcg@10 : 0.845079
Wed 15 Apr 2026 14:32:04 INFO  best valid : OrderedDict([('ndcg@10', 0.848017)])
Wed 15 Apr 2026 14:32:04 INFO  
General Hyper Parameters:
gpu_id = 0
use_gpu = True
seed = 2020
state = INFO
reproducibility = True
data_path = recbole_tmp/dataset
checkpoint_dir = saved
show_progress = True
save_dataset = False
dataset_save_path = None
save_dataloaders = False
dataloaders_save_path = None
log_wandb = False

Training Hyper Parameters:
epochs = 15
train_batch_size = 2048
learner = adam
learning_rate = 0.001
train_neg_sample_args = {'distribution': 'uniform', 'sample_num': 1, 'alpha': 1.0, 'dynamic': False, 'candidate_num': 0}
eval_step = 1
stopping_step = 5
clip_grad_norm = None
weight_decay = 0.0
loss_decimal_place = 4

Evaluation Hyper Parameters:
eval_args = {'split': {'RS': [0.75, 0.2, 0.05]}, 'order': 'RO', 'group_by': 'user', 'mode': {'valid': 'full', 'test': 'full'}}
repeatable = False
metrics = ['NDCG']
topk = [10]
valid_metric = NDCG@10
valid_metric_bigger = True
eval_batch_size = 2048
metric_decimal_place = 6

Dataset Hyper Parameters:
field_separator = 	
seq_separator =  
USER_ID_FIELD = user_id
ITEM_ID_FIELD = item_id
RATING_FIELD = rating
TIME_FIELD = timestamp
seq_len = None
LABEL_FIELD = label
threshold = None
NEG_PREFIX = neg_
load_col = {'inter': ['user_id', 'item_id']}
unload_col = None
unused_col = None
additional_feat_suffix = None
rm_dup_inter = None
val_interval = None
filter_inter_by_user_or_item = True
user_inter_num_interval = [0,inf)
item_inter_num_interval = [0,inf)
alias_of_user_id = None
alias_of_item_id = None
alias_of_entity_id = None
alias_of_relation_id = None
preload_weight = None
normalize_field = None
normalize_all = None
ITEM_LIST_LENGTH_FIELD = item_length
LIST_SUFFIX = _list
MAX_ITEM_LIST_LENGTH = 500
POSITION_FIELD = position_id
HEAD_ENTITY_ID_FIELD = head_id
TAIL_ENTITY_ID_FIELD = tail_id
RELATION_ID_FIELD = relation_id
ENTITY_ID_FIELD = entity_id
benchmark_filename = None

Other Hyper Parameters: 
worker = 0
wandb_project = recbole
shuffle = True
require_pow = False
enable_amp = False
enable_scaler = False
transform = None
embedding_size = 256
numerical_features = []
discretization = None
kg_reverse_r = False
entity_kg_num_interval = [0,inf)
relation_kg_num_interval = [0,inf)
MODEL_TYPE = ModelType.GENERAL
MODEL_INPUT_TYPE = InputType.PAIRWISE
eval_type = EvaluatorType.RANKING
single_spec = True
local_rank = 0
device = cuda
valid_neg_sample_args = {'distribution': 'uniform', 'sample_num': 'none'}
test_neg_sample_args = {'distribution': 'uniform', 'sample_num': 'none'}


Wed 15 Apr 2026 14:32:06 INFO  dataset
The number of users: 656
Average actions of users: 792.2030534351145
The number of items: 992
Average actions of items: 523.6054490413724
The number of inters: 518893
The sparsity of the dataset: 20.262557779307635%
Remain Fields: ['user_id', 'item_id']
Wed 15 Apr 2026 14:32:07 INFO  [Training]: train_batch_size = [2048] train_neg_sample_args: [{'distribution': 'uniform', 'sample_num': 1, 'alpha': 1.0, 'dynamic': False, 'candidate_num': 0}]
Wed 15 Apr 2026 14:32:07 INFO  [Evaluation]: eval_batch_size = [2048] eval_args: [{'split': {'RS': [0.75, 0.2, 0.05]}, 'order': 'RO', 'group_by': 'user', 'mode': {'valid': 'full', 'test': 'full'}}]
