Fri 17 Apr 2026 15:44:42 INFO  ['main.py', 'babyLFM2b1k', '78', '--clean', '--model', 'BPR', '--choice-model', 'consume_all', '--config', 'recbole_config_default.yaml', '--warm-start']
Fri 17 Apr 2026 15:44:42 INFO  
General Hyper Parameters:
gpu_id = 0
use_gpu = True
seed = 2020
state = INFO
reproducibility = True
data_path = recbole_tmp/dataset
checkpoint_dir = saved
show_progress = True
save_dataset = False
dataset_save_path = None
save_dataloaders = False
dataloaders_save_path = None
log_wandb = False

Training Hyper Parameters:
epochs = 10
train_batch_size = 2048
learner = adam
learning_rate = 0.001
train_neg_sample_args = {'distribution': 'uniform', 'sample_num': 1, 'alpha': 1.0, 'dynamic': False, 'candidate_num': 0}
eval_step = 1
stopping_step = 500
clip_grad_norm = None
weight_decay = 0.0
loss_decimal_place = 4

Evaluation Hyper Parameters:
eval_args = {'split': {'RS': [0.75, 0.2, 0.05]}, 'order': 'RO', 'group_by': 'user', 'mode': {'valid': 'full', 'test': 'full'}}
repeatable = False
metrics = ['NDCG']
topk = [10]
valid_metric = NDCG@10
valid_metric_bigger = True
eval_batch_size = 2048
metric_decimal_place = 3

Dataset Hyper Parameters:
field_separator = 	
seq_separator =  
USER_ID_FIELD = user_id
ITEM_ID_FIELD = item_id
RATING_FIELD = rating
TIME_FIELD = timestamp
seq_len = None
LABEL_FIELD = label
threshold = None
NEG_PREFIX = neg_
load_col = {'inter': ['user_id', 'item_id']}
unload_col = None
unused_col = None
additional_feat_suffix = None
rm_dup_inter = None
val_interval = None
filter_inter_by_user_or_item = True
user_inter_num_interval = [0,inf)
item_inter_num_interval = [0,inf)
alias_of_user_id = None
alias_of_item_id = None
alias_of_entity_id = None
alias_of_relation_id = None
preload_weight = None
normalize_field = None
normalize_all = None
ITEM_LIST_LENGTH_FIELD = item_length
LIST_SUFFIX = _list
MAX_ITEM_LIST_LENGTH = 500
POSITION_FIELD = position_id
HEAD_ENTITY_ID_FIELD = head_id
TAIL_ENTITY_ID_FIELD = tail_id
RELATION_ID_FIELD = relation_id
ENTITY_ID_FIELD = entity_id
benchmark_filename = None

Other Hyper Parameters: 
worker = 0
wandb_project = recbole
shuffle = True
require_pow = False
enable_amp = False
enable_scaler = False
transform = None
embedding_size = 256
numerical_features = []
discretization = None
kg_reverse_r = False
entity_kg_num_interval = [0,inf)
relation_kg_num_interval = [0,inf)
MODEL_TYPE = ModelType.GENERAL
MODEL_INPUT_TYPE = InputType.PAIRWISE
eval_type = EvaluatorType.RANKING
single_spec = True
local_rank = 0
device = cuda
valid_neg_sample_args = {'distribution': 'uniform', 'sample_num': 'none'}
test_neg_sample_args = {'distribution': 'uniform', 'sample_num': 'none'}


Fri 17 Apr 2026 15:44:44 INFO  dataset
The number of users: 656
Average actions of users: 792.2030534351145
The number of items: 992
Average actions of items: 523.6054490413724
The number of inters: 518893
The sparsity of the dataset: 20.262557779307635%
Remain Fields: ['user_id', 'item_id']
Fri 17 Apr 2026 15:44:44 INFO  Preparing dataset
Fri 17 Apr 2026 15:44:45 INFO  [Training]: train_batch_size = [2048] train_neg_sample_args: [{'distribution': 'uniform', 'sample_num': 1, 'alpha': 1.0, 'dynamic': False, 'candidate_num': 0}]
Fri 17 Apr 2026 15:44:45 INFO  [Evaluation]: eval_batch_size = [2048] eval_args: [{'split': {'RS': [0.75, 0.2, 0.05]}, 'order': 'RO', 'group_by': 'user', 'mode': {'valid': 'full', 'test': 'full'}}]
Fri 17 Apr 2026 15:44:45 INFO  Done!
Fri 17 Apr 2026 15:44:46 INFO  BPR(
  (user_embedding): Embedding(656, 256)
  (item_embedding): Embedding(992, 256)
  (loss): BPRLoss()
)
Trainable parameters: 421888
Fri 17 Apr 2026 15:44:46 INFO  FLOPs: 512.0
Fri 17 Apr 2026 15:44:47 INFO  Resuming training from checkpoint: experiments/babyLFM2b1k/output/iteration_77_checkpoint.pth
Fri 17 Apr 2026 15:44:47 INFO  Checkpoint loaded. Resume training from epoch 11
Fri 17 Apr 2026 15:44:49 INFO  epoch 0 training [time: 1.94s, train loss: 90.9796]
Fri 17 Apr 2026 15:44:50 INFO  epoch 0 evaluating [time: 1.36s, valid_score: 0.797000]
Fri 17 Apr 2026 15:44:50 INFO  valid result: 
ndcg@10 : 0.797
Fri 17 Apr 2026 15:44:50 INFO  Saving current: experiments/babyLFM2b1k/output/iteration_77_checkpoint.pth
Fri 17 Apr 2026 15:44:52 INFO  epoch 1 training [time: 1.71s, train loss: 78.0291]
Fri 17 Apr 2026 15:44:52 INFO  epoch 1 evaluating [time: 0.54s, valid_score: 0.808000]
Fri 17 Apr 2026 15:44:52 INFO  valid result: 
ndcg@10 : 0.808
Fri 17 Apr 2026 15:44:52 INFO  Saving current: experiments/babyLFM2b1k/output/iteration_77_checkpoint.pth
Fri 17 Apr 2026 15:44:54 INFO  epoch 2 training [time: 1.87s, train loss: 69.7470]
Fri 17 Apr 2026 15:44:55 INFO  epoch 2 evaluating [time: 0.57s, valid_score: 0.816000]
Fri 17 Apr 2026 15:44:55 INFO  valid result: 
ndcg@10 : 0.816
Fri 17 Apr 2026 15:44:55 INFO  Saving current: experiments/babyLFM2b1k/output/iteration_77_checkpoint.pth
Fri 17 Apr 2026 15:44:56 INFO  epoch 3 training [time: 1.62s, train loss: 64.0264]
Fri 17 Apr 2026 15:44:57 INFO  epoch 3 evaluating [time: 1.07s, valid_score: 0.820000]
Fri 17 Apr 2026 15:44:57 INFO  valid result: 
ndcg@10 : 0.82
Fri 17 Apr 2026 15:44:57 INFO  Saving current: experiments/babyLFM2b1k/output/iteration_77_checkpoint.pth
Fri 17 Apr 2026 15:44:59 INFO  epoch 4 training [time: 1.82s, train loss: 59.4136]
Fri 17 Apr 2026 15:45:00 INFO  epoch 4 evaluating [time: 0.57s, valid_score: 0.824000]
Fri 17 Apr 2026 15:45:00 INFO  valid result: 
ndcg@10 : 0.824
Fri 17 Apr 2026 15:45:00 INFO  Saving current: experiments/babyLFM2b1k/output/iteration_77_checkpoint.pth
Fri 17 Apr 2026 15:45:02 INFO  epoch 5 training [time: 1.79s, train loss: 55.2525]
Fri 17 Apr 2026 15:45:02 INFO  epoch 5 evaluating [time: 0.66s, valid_score: 0.827000]
Fri 17 Apr 2026 15:45:02 INFO  valid result: 
ndcg@10 : 0.827
Fri 17 Apr 2026 15:45:02 INFO  Saving current: experiments/babyLFM2b1k/output/iteration_77_checkpoint.pth
Fri 17 Apr 2026 15:45:04 INFO  epoch 6 training [time: 1.48s, train loss: 52.0933]
Fri 17 Apr 2026 15:45:04 INFO  epoch 6 evaluating [time: 0.50s, valid_score: 0.829000]
Fri 17 Apr 2026 15:45:04 INFO  valid result: 
ndcg@10 : 0.829
Fri 17 Apr 2026 15:45:04 INFO  Saving current: experiments/babyLFM2b1k/output/iteration_77_checkpoint.pth
Fri 17 Apr 2026 15:45:06 INFO  epoch 7 training [time: 1.69s, train loss: 48.7586]
Fri 17 Apr 2026 15:45:07 INFO  epoch 7 evaluating [time: 0.88s, valid_score: 0.831000]
Fri 17 Apr 2026 15:45:07 INFO  valid result: 
ndcg@10 : 0.831
Fri 17 Apr 2026 15:45:07 INFO  Saving current: experiments/babyLFM2b1k/output/iteration_77_checkpoint.pth
Fri 17 Apr 2026 15:45:09 INFO  epoch 8 training [time: 1.94s, train loss: 45.9426]
Fri 17 Apr 2026 15:45:10 INFO  epoch 8 evaluating [time: 0.85s, valid_score: 0.831000]
Fri 17 Apr 2026 15:45:10 INFO  valid result: 
ndcg@10 : 0.831
Fri 17 Apr 2026 15:45:10 INFO  Saving current: experiments/babyLFM2b1k/output/iteration_77_checkpoint.pth
Fri 17 Apr 2026 15:45:12 INFO  epoch 9 training [time: 1.96s, train loss: 43.4325]
Fri 17 Apr 2026 15:45:13 INFO  epoch 9 evaluating [time: 1.00s, valid_score: 0.837000]
Fri 17 Apr 2026 15:45:13 INFO  valid result: 
ndcg@10 : 0.837
Fri 17 Apr 2026 15:45:13 INFO  Saving current: experiments/babyLFM2b1k/output/iteration_77_checkpoint.pth
Fri 17 Apr 2026 15:45:13 INFO  best valid : OrderedDict([('ndcg@10', 0.837)])
Fri 17 Apr 2026 15:45:13 INFO  No new best model saved (score did not improve). Force-saving current model state to: saved/iteration_77_checkpoint.pth
Fri 17 Apr 2026 15:45:13 INFO  Saving current: saved/iteration_77_checkpoint.pth
Fri 17 Apr 2026 15:45:13 INFO  
General Hyper Parameters:
gpu_id = 0
use_gpu = True
seed = 2020
state = INFO
reproducibility = True
data_path = recbole_tmp/dataset
checkpoint_dir = saved
show_progress = True
save_dataset = False
dataset_save_path = None
save_dataloaders = False
dataloaders_save_path = None
log_wandb = False

Training Hyper Parameters:
epochs = 10
train_batch_size = 2048
learner = adam
learning_rate = 0.001
train_neg_sample_args = {'distribution': 'uniform', 'sample_num': 1, 'alpha': 1.0, 'dynamic': False, 'candidate_num': 0}
eval_step = 1
stopping_step = 500
clip_grad_norm = None
weight_decay = 0.0
loss_decimal_place = 4

Evaluation Hyper Parameters:
eval_args = {'split': {'RS': [0.75, 0.2, 0.05]}, 'order': 'RO', 'group_by': 'user', 'mode': {'valid': 'full', 'test': 'full'}}
repeatable = False
metrics = ['NDCG']
topk = [10]
valid_metric = NDCG@10
valid_metric_bigger = True
eval_batch_size = 2048
metric_decimal_place = 3

Dataset Hyper Parameters:
field_separator = 	
seq_separator =  
USER_ID_FIELD = user_id
ITEM_ID_FIELD = item_id
RATING_FIELD = rating
TIME_FIELD = timestamp
seq_len = None
LABEL_FIELD = label
threshold = None
NEG_PREFIX = neg_
load_col = {'inter': ['user_id', 'item_id']}
unload_col = None
unused_col = None
additional_feat_suffix = None
rm_dup_inter = None
val_interval = None
filter_inter_by_user_or_item = True
user_inter_num_interval = [0,inf)
item_inter_num_interval = [0,inf)
alias_of_user_id = None
alias_of_item_id = None
alias_of_entity_id = None
alias_of_relation_id = None
preload_weight = None
normalize_field = None
normalize_all = None
ITEM_LIST_LENGTH_FIELD = item_length
LIST_SUFFIX = _list
MAX_ITEM_LIST_LENGTH = 500
POSITION_FIELD = position_id
HEAD_ENTITY_ID_FIELD = head_id
TAIL_ENTITY_ID_FIELD = tail_id
RELATION_ID_FIELD = relation_id
ENTITY_ID_FIELD = entity_id
benchmark_filename = None

Other Hyper Parameters: 
worker = 0
wandb_project = recbole
shuffle = True
require_pow = False
enable_amp = False
enable_scaler = False
transform = None
embedding_size = 256
numerical_features = []
discretization = None
kg_reverse_r = False
entity_kg_num_interval = [0,inf)
relation_kg_num_interval = [0,inf)
MODEL_TYPE = ModelType.GENERAL
MODEL_INPUT_TYPE = InputType.PAIRWISE
eval_type = EvaluatorType.RANKING
single_spec = True
local_rank = 0
device = cuda
valid_neg_sample_args = {'distribution': 'uniform', 'sample_num': 'none'}
test_neg_sample_args = {'distribution': 'uniform', 'sample_num': 'none'}


Fri 17 Apr 2026 15:45:14 INFO  dataset
The number of users: 656
Average actions of users: 792.2030534351145
The number of items: 992
Average actions of items: 523.6054490413724
The number of inters: 518893
The sparsity of the dataset: 20.262557779307635%
Remain Fields: ['user_id', 'item_id']
Fri 17 Apr 2026 15:45:15 INFO  [Training]: train_batch_size = [2048] train_neg_sample_args: [{'distribution': 'uniform', 'sample_num': 1, 'alpha': 1.0, 'dynamic': False, 'candidate_num': 0}]
Fri 17 Apr 2026 15:45:15 INFO  [Evaluation]: eval_batch_size = [2048] eval_args: [{'split': {'RS': [0.75, 0.2, 0.05]}, 'order': 'RO', 'group_by': 'user', 'mode': {'valid': 'full', 'test': 'full'}}]
