Wed 15 Apr 2026 13:22:37 INFO  ['main.py', 'babyLFM2b1k', '31', '--clean', '--model', 'BPR', '--choice-model', 'consume_all', '--config', 'recbole_config_default.yaml']
Wed 15 Apr 2026 13:22:37 INFO  
General Hyper Parameters:
gpu_id = 0
use_gpu = True
seed = 2020
state = INFO
reproducibility = True
data_path = recbole_tmp/dataset
checkpoint_dir = saved
show_progress = True
save_dataset = False
dataset_save_path = None
save_dataloaders = False
dataloaders_save_path = None
log_wandb = False

Training Hyper Parameters:
epochs = 15
train_batch_size = 2048
learner = adam
learning_rate = 0.001
train_neg_sample_args = {'distribution': 'uniform', 'sample_num': 1, 'alpha': 1.0, 'dynamic': False, 'candidate_num': 0}
eval_step = 1
stopping_step = 5
clip_grad_norm = None
weight_decay = 0.0
loss_decimal_place = 4

Evaluation Hyper Parameters:
eval_args = {'split': {'RS': [0.75, 0.2, 0.05]}, 'order': 'RO', 'group_by': 'user', 'mode': {'valid': 'full', 'test': 'full'}}
repeatable = False
metrics = ['NDCG']
topk = [10]
valid_metric = NDCG@10
valid_metric_bigger = True
eval_batch_size = 2048
metric_decimal_place = 6

Dataset Hyper Parameters:
field_separator = 	
seq_separator =  
USER_ID_FIELD = user_id
ITEM_ID_FIELD = item_id
RATING_FIELD = rating
TIME_FIELD = timestamp
seq_len = None
LABEL_FIELD = label
threshold = None
NEG_PREFIX = neg_
load_col = {'inter': ['user_id', 'item_id']}
unload_col = None
unused_col = None
additional_feat_suffix = None
rm_dup_inter = None
val_interval = None
filter_inter_by_user_or_item = True
user_inter_num_interval = [0,inf)
item_inter_num_interval = [0,inf)
alias_of_user_id = None
alias_of_item_id = None
alias_of_entity_id = None
alias_of_relation_id = None
preload_weight = None
normalize_field = None
normalize_all = None
ITEM_LIST_LENGTH_FIELD = item_length
LIST_SUFFIX = _list
MAX_ITEM_LIST_LENGTH = 500
POSITION_FIELD = position_id
HEAD_ENTITY_ID_FIELD = head_id
TAIL_ENTITY_ID_FIELD = tail_id
RELATION_ID_FIELD = relation_id
ENTITY_ID_FIELD = entity_id
benchmark_filename = None

Other Hyper Parameters: 
worker = 0
wandb_project = recbole
shuffle = True
require_pow = False
enable_amp = False
enable_scaler = False
transform = None
embedding_size = 256
numerical_features = []
discretization = None
kg_reverse_r = False
entity_kg_num_interval = [0,inf)
relation_kg_num_interval = [0,inf)
MODEL_TYPE = ModelType.GENERAL
MODEL_INPUT_TYPE = InputType.PAIRWISE
eval_type = EvaluatorType.RANKING
single_spec = True
local_rank = 0
device = cuda
valid_neg_sample_args = {'distribution': 'uniform', 'sample_num': 'none'}
test_neg_sample_args = {'distribution': 'uniform', 'sample_num': 'none'}


Wed 15 Apr 2026 13:22:38 INFO  dataset
The number of users: 656
Average actions of users: 322.2748091603053
The number of items: 992
Average actions of items: 213.00706357214935
The number of inters: 211090
The sparsity of the dataset: 67.56214348937843%
Remain Fields: ['user_id', 'item_id']
Wed 15 Apr 2026 13:22:38 INFO  Preparing dataset
Wed 15 Apr 2026 13:22:38 INFO  [Training]: train_batch_size = [2048] train_neg_sample_args: [{'distribution': 'uniform', 'sample_num': 1, 'alpha': 1.0, 'dynamic': False, 'candidate_num': 0}]
Wed 15 Apr 2026 13:22:38 INFO  [Evaluation]: eval_batch_size = [2048] eval_args: [{'split': {'RS': [0.75, 0.2, 0.05]}, 'order': 'RO', 'group_by': 'user', 'mode': {'valid': 'full', 'test': 'full'}}]
Wed 15 Apr 2026 13:22:38 INFO  Done!
Wed 15 Apr 2026 13:22:39 INFO  BPR(
  (user_embedding): Embedding(656, 256)
  (item_embedding): Embedding(992, 256)
  (loss): BPRLoss()
)
Trainable parameters: 421888
Wed 15 Apr 2026 13:22:39 INFO  FLOPs: 512.0
Wed 15 Apr 2026 13:22:41 INFO  epoch 0 training [time: 1.16s, train loss: 53.1483]
Wed 15 Apr 2026 13:22:45 INFO  epoch 0 evaluating [time: 3.33s, valid_score: 0.821828]
Wed 15 Apr 2026 13:22:45 INFO  valid result: 
ndcg@10 : 0.821828
Wed 15 Apr 2026 13:22:45 INFO  Saving current: saved/BPR-Apr-15-2026_13-22-39.pth
Wed 15 Apr 2026 13:22:46 INFO  epoch 1 training [time: 1.05s, train loss: 29.9499]
Wed 15 Apr 2026 13:22:49 INFO  epoch 1 evaluating [time: 3.28s, valid_score: 0.829009]
Wed 15 Apr 2026 13:22:49 INFO  valid result: 
ndcg@10 : 0.829009
Wed 15 Apr 2026 13:22:49 INFO  Saving current: saved/BPR-Apr-15-2026_13-22-39.pth
Wed 15 Apr 2026 13:22:50 INFO  epoch 2 training [time: 1.02s, train loss: 9.2866]
Wed 15 Apr 2026 13:22:54 INFO  epoch 2 evaluating [time: 3.56s, valid_score: 0.820819]
Wed 15 Apr 2026 13:22:54 INFO  valid result: 
ndcg@10 : 0.820819
Wed 15 Apr 2026 13:22:55 INFO  epoch 3 training [time: 1.61s, train loss: 7.5115]
Wed 15 Apr 2026 13:22:59 INFO  epoch 3 evaluating [time: 4.04s, valid_score: 0.821031]
Wed 15 Apr 2026 13:22:59 INFO  valid result: 
ndcg@10 : 0.821031
Wed 15 Apr 2026 13:23:00 INFO  epoch 4 training [time: 0.97s, train loss: 7.1584]
Wed 15 Apr 2026 13:23:03 INFO  epoch 4 evaluating [time: 3.00s, valid_score: 0.814701]
Wed 15 Apr 2026 13:23:03 INFO  valid result: 
ndcg@10 : 0.814701
Wed 15 Apr 2026 13:23:05 INFO  epoch 5 training [time: 1.38s, train loss: 7.1207]
Wed 15 Apr 2026 13:23:13 INFO  epoch 5 evaluating [time: 8.63s, valid_score: 0.817720]
Wed 15 Apr 2026 13:23:13 INFO  valid result: 
ndcg@10 : 0.81772
Wed 15 Apr 2026 13:23:14 INFO  epoch 6 training [time: 1.03s, train loss: 6.8852]
Wed 15 Apr 2026 13:23:18 INFO  epoch 6 evaluating [time: 3.18s, valid_score: 0.816210]
Wed 15 Apr 2026 13:23:18 INFO  valid result: 
ndcg@10 : 0.81621
Wed 15 Apr 2026 13:23:19 INFO  epoch 7 training [time: 1.17s, train loss: 6.7592]
Wed 15 Apr 2026 13:23:25 INFO  epoch 7 evaluating [time: 6.71s, valid_score: 0.817932]
Wed 15 Apr 2026 13:23:25 INFO  valid result: 
ndcg@10 : 0.817932
Wed 15 Apr 2026 13:23:25 INFO  Finished training, best eval result in epoch 1
Wed 15 Apr 2026 13:23:25 INFO  best valid : OrderedDict([('ndcg@10', 0.829009)])
Wed 15 Apr 2026 13:23:25 INFO  
General Hyper Parameters:
gpu_id = 0
use_gpu = True
seed = 2020
state = INFO
reproducibility = True
data_path = recbole_tmp/dataset
checkpoint_dir = saved
show_progress = True
save_dataset = False
dataset_save_path = None
save_dataloaders = False
dataloaders_save_path = None
log_wandb = False

Training Hyper Parameters:
epochs = 15
train_batch_size = 2048
learner = adam
learning_rate = 0.001
train_neg_sample_args = {'distribution': 'uniform', 'sample_num': 1, 'alpha': 1.0, 'dynamic': False, 'candidate_num': 0}
eval_step = 1
stopping_step = 5
clip_grad_norm = None
weight_decay = 0.0
loss_decimal_place = 4

Evaluation Hyper Parameters:
eval_args = {'split': {'RS': [0.75, 0.2, 0.05]}, 'order': 'RO', 'group_by': 'user', 'mode': {'valid': 'full', 'test': 'full'}}
repeatable = False
metrics = ['NDCG']
topk = [10]
valid_metric = NDCG@10
valid_metric_bigger = True
eval_batch_size = 2048
metric_decimal_place = 6

Dataset Hyper Parameters:
field_separator = 	
seq_separator =  
USER_ID_FIELD = user_id
ITEM_ID_FIELD = item_id
RATING_FIELD = rating
TIME_FIELD = timestamp
seq_len = None
LABEL_FIELD = label
threshold = None
NEG_PREFIX = neg_
load_col = {'inter': ['user_id', 'item_id']}
unload_col = None
unused_col = None
additional_feat_suffix = None
rm_dup_inter = None
val_interval = None
filter_inter_by_user_or_item = True
user_inter_num_interval = [0,inf)
item_inter_num_interval = [0,inf)
alias_of_user_id = None
alias_of_item_id = None
alias_of_entity_id = None
alias_of_relation_id = None
preload_weight = None
normalize_field = None
normalize_all = None
ITEM_LIST_LENGTH_FIELD = item_length
LIST_SUFFIX = _list
MAX_ITEM_LIST_LENGTH = 500
POSITION_FIELD = position_id
HEAD_ENTITY_ID_FIELD = head_id
TAIL_ENTITY_ID_FIELD = tail_id
RELATION_ID_FIELD = relation_id
ENTITY_ID_FIELD = entity_id
benchmark_filename = None

Other Hyper Parameters: 
worker = 0
wandb_project = recbole
shuffle = True
require_pow = False
enable_amp = False
enable_scaler = False
transform = None
embedding_size = 256
numerical_features = []
discretization = None
kg_reverse_r = False
entity_kg_num_interval = [0,inf)
relation_kg_num_interval = [0,inf)
MODEL_TYPE = ModelType.GENERAL
MODEL_INPUT_TYPE = InputType.PAIRWISE
eval_type = EvaluatorType.RANKING
single_spec = True
local_rank = 0
device = cuda
valid_neg_sample_args = {'distribution': 'uniform', 'sample_num': 'none'}
test_neg_sample_args = {'distribution': 'uniform', 'sample_num': 'none'}


Wed 15 Apr 2026 13:23:26 INFO  dataset
The number of users: 656
Average actions of users: 322.2748091603053
The number of items: 992
Average actions of items: 213.00706357214935
The number of inters: 211090
The sparsity of the dataset: 67.56214348937843%
Remain Fields: ['user_id', 'item_id']
Wed 15 Apr 2026 13:23:26 INFO  [Training]: train_batch_size = [2048] train_neg_sample_args: [{'distribution': 'uniform', 'sample_num': 1, 'alpha': 1.0, 'dynamic': False, 'candidate_num': 0}]
Wed 15 Apr 2026 13:23:26 INFO  [Evaluation]: eval_batch_size = [2048] eval_args: [{'split': {'RS': [0.75, 0.2, 0.05]}, 'order': 'RO', 'group_by': 'user', 'mode': {'valid': 'full', 'test': 'full'}}]
