Wed 15 Apr 2026 14:01:55 INFO  ['main.py', 'babyLFM2b1k', '61', '--clean', '--model', 'BPR', '--choice-model', 'consume_all', '--config', 'recbole_config_default.yaml']
Wed 15 Apr 2026 14:01:55 INFO  
General Hyper Parameters:
gpu_id = 0
use_gpu = True
seed = 2020
state = INFO
reproducibility = True
data_path = recbole_tmp/dataset
checkpoint_dir = saved
show_progress = True
save_dataset = False
dataset_save_path = None
save_dataloaders = False
dataloaders_save_path = None
log_wandb = False

Training Hyper Parameters:
epochs = 15
train_batch_size = 2048
learner = adam
learning_rate = 0.001
train_neg_sample_args = {'distribution': 'uniform', 'sample_num': 1, 'alpha': 1.0, 'dynamic': False, 'candidate_num': 0}
eval_step = 1
stopping_step = 5
clip_grad_norm = None
weight_decay = 0.0
loss_decimal_place = 4

Evaluation Hyper Parameters:
eval_args = {'split': {'RS': [0.75, 0.2, 0.05]}, 'order': 'RO', 'group_by': 'user', 'mode': {'valid': 'full', 'test': 'full'}}
repeatable = False
metrics = ['NDCG']
topk = [10]
valid_metric = NDCG@10
valid_metric_bigger = True
eval_batch_size = 2048
metric_decimal_place = 6

Dataset Hyper Parameters:
field_separator = 	
seq_separator =  
USER_ID_FIELD = user_id
ITEM_ID_FIELD = item_id
RATING_FIELD = rating
TIME_FIELD = timestamp
seq_len = None
LABEL_FIELD = label
threshold = None
NEG_PREFIX = neg_
load_col = {'inter': ['user_id', 'item_id']}
unload_col = None
unused_col = None
additional_feat_suffix = None
rm_dup_inter = None
val_interval = None
filter_inter_by_user_or_item = True
user_inter_num_interval = [0,inf)
item_inter_num_interval = [0,inf)
alias_of_user_id = None
alias_of_item_id = None
alias_of_entity_id = None
alias_of_relation_id = None
preload_weight = None
normalize_field = None
normalize_all = None
ITEM_LIST_LENGTH_FIELD = item_length
LIST_SUFFIX = _list
MAX_ITEM_LIST_LENGTH = 500
POSITION_FIELD = position_id
HEAD_ENTITY_ID_FIELD = head_id
TAIL_ENTITY_ID_FIELD = tail_id
RELATION_ID_FIELD = relation_id
ENTITY_ID_FIELD = entity_id
benchmark_filename = None

Other Hyper Parameters: 
worker = 0
wandb_project = recbole
shuffle = True
require_pow = False
enable_amp = False
enable_scaler = False
transform = None
embedding_size = 256
numerical_features = []
discretization = None
kg_reverse_r = False
entity_kg_num_interval = [0,inf)
relation_kg_num_interval = [0,inf)
MODEL_TYPE = ModelType.GENERAL
MODEL_INPUT_TYPE = InputType.PAIRWISE
eval_type = EvaluatorType.RANKING
single_spec = True
local_rank = 0
device = cuda
valid_neg_sample_args = {'distribution': 'uniform', 'sample_num': 'none'}
test_neg_sample_args = {'distribution': 'uniform', 'sample_num': 'none'}


Wed 15 Apr 2026 14:01:56 INFO  dataset
The number of users: 656
Average actions of users: 622.2290076335878
The number of items: 992
Average actions of items: 411.2613521695257
The number of inters: 407560
The sparsity of the dataset: 37.37091856805665%
Remain Fields: ['user_id', 'item_id']
Wed 15 Apr 2026 14:01:56 INFO  Preparing dataset
Wed 15 Apr 2026 14:01:56 INFO  [Training]: train_batch_size = [2048] train_neg_sample_args: [{'distribution': 'uniform', 'sample_num': 1, 'alpha': 1.0, 'dynamic': False, 'candidate_num': 0}]
Wed 15 Apr 2026 14:01:56 INFO  [Evaluation]: eval_batch_size = [2048] eval_args: [{'split': {'RS': [0.75, 0.2, 0.05]}, 'order': 'RO', 'group_by': 'user', 'mode': {'valid': 'full', 'test': 'full'}}]
Wed 15 Apr 2026 14:01:56 INFO  Done!
Wed 15 Apr 2026 14:01:57 INFO  BPR(
  (user_embedding): Embedding(656, 256)
  (item_embedding): Embedding(992, 256)
  (loss): BPRLoss()
)
Trainable parameters: 421888
Wed 15 Apr 2026 14:01:57 INFO  FLOPs: 512.0
Wed 15 Apr 2026 14:02:00 INFO  epoch 0 training [time: 2.11s, train loss: 93.9934]
Wed 15 Apr 2026 14:02:03 INFO  epoch 0 evaluating [time: 2.98s, valid_score: 0.807462]
Wed 15 Apr 2026 14:02:03 INFO  valid result: 
ndcg@10 : 0.807462
Wed 15 Apr 2026 14:02:03 INFO  Saving current: saved/BPR-Apr-15-2026_14-01-57.pth
Wed 15 Apr 2026 14:02:05 INFO  epoch 1 training [time: 1.93s, train loss: 38.2857]
Wed 15 Apr 2026 14:02:08 INFO  epoch 1 evaluating [time: 3.19s, valid_score: 0.813332]
Wed 15 Apr 2026 14:02:08 INFO  valid result: 
ndcg@10 : 0.813332
Wed 15 Apr 2026 14:02:08 INFO  Saving current: saved/BPR-Apr-15-2026_14-01-57.pth
Wed 15 Apr 2026 14:02:10 INFO  epoch 2 training [time: 2.04s, train loss: 32.9478]
Wed 15 Apr 2026 14:02:14 INFO  epoch 2 evaluating [time: 3.24s, valid_score: 0.815271]
Wed 15 Apr 2026 14:02:14 INFO  valid result: 
ndcg@10 : 0.815271
Wed 15 Apr 2026 14:02:14 INFO  Saving current: saved/BPR-Apr-15-2026_14-01-57.pth
Wed 15 Apr 2026 14:02:16 INFO  epoch 3 training [time: 2.10s, train loss: 32.2936]
Wed 15 Apr 2026 14:02:19 INFO  epoch 3 evaluating [time: 3.25s, valid_score: 0.820011]
Wed 15 Apr 2026 14:02:19 INFO  valid result: 
ndcg@10 : 0.820011
Wed 15 Apr 2026 14:02:19 INFO  Saving current: saved/BPR-Apr-15-2026_14-01-57.pth
Wed 15 Apr 2026 14:02:21 INFO  epoch 4 training [time: 2.08s, train loss: 31.6062]
Wed 15 Apr 2026 14:02:24 INFO  epoch 4 evaluating [time: 3.18s, valid_score: 0.811368]
Wed 15 Apr 2026 14:02:24 INFO  valid result: 
ndcg@10 : 0.811368
Wed 15 Apr 2026 14:02:26 INFO  epoch 5 training [time: 2.08s, train loss: 30.7327]
Wed 15 Apr 2026 14:02:29 INFO  epoch 5 evaluating [time: 3.10s, valid_score: 0.819944]
Wed 15 Apr 2026 14:02:29 INFO  valid result: 
ndcg@10 : 0.819944
Wed 15 Apr 2026 14:02:31 INFO  epoch 6 training [time: 2.00s, train loss: 29.8393]
Wed 15 Apr 2026 14:02:35 INFO  epoch 6 evaluating [time: 3.23s, valid_score: 0.825481]
Wed 15 Apr 2026 14:02:35 INFO  valid result: 
ndcg@10 : 0.825481
Wed 15 Apr 2026 14:02:35 INFO  Saving current: saved/BPR-Apr-15-2026_14-01-57.pth
Wed 15 Apr 2026 14:02:37 INFO  epoch 7 training [time: 2.17s, train loss: 28.5638]
Wed 15 Apr 2026 14:02:40 INFO  epoch 7 evaluating [time: 3.16s, valid_score: 0.830207]
Wed 15 Apr 2026 14:02:40 INFO  valid result: 
ndcg@10 : 0.830207
Wed 15 Apr 2026 14:02:40 INFO  Saving current: saved/BPR-Apr-15-2026_14-01-57.pth
Wed 15 Apr 2026 14:02:42 INFO  epoch 8 training [time: 2.04s, train loss: 27.0542]
Wed 15 Apr 2026 14:02:45 INFO  epoch 8 evaluating [time: 3.38s, valid_score: 0.832805]
Wed 15 Apr 2026 14:02:45 INFO  valid result: 
ndcg@10 : 0.832805
Wed 15 Apr 2026 14:02:45 INFO  Saving current: saved/BPR-Apr-15-2026_14-01-57.pth
Wed 15 Apr 2026 14:02:48 INFO  epoch 9 training [time: 2.10s, train loss: 25.5820]
Wed 15 Apr 2026 14:02:51 INFO  epoch 9 evaluating [time: 3.41s, valid_score: 0.834431]
Wed 15 Apr 2026 14:02:51 INFO  valid result: 
ndcg@10 : 0.834431
Wed 15 Apr 2026 14:02:51 INFO  Saving current: saved/BPR-Apr-15-2026_14-01-57.pth
Wed 15 Apr 2026 14:02:53 INFO  epoch 10 training [time: 2.33s, train loss: 24.2497]
Wed 15 Apr 2026 14:03:02 INFO  epoch 10 evaluating [time: 8.60s, valid_score: 0.839012]
Wed 15 Apr 2026 14:03:02 INFO  valid result: 
ndcg@10 : 0.839012
Wed 15 Apr 2026 14:03:02 INFO  Saving current: saved/BPR-Apr-15-2026_14-01-57.pth
Wed 15 Apr 2026 14:03:04 INFO  epoch 11 training [time: 2.51s, train loss: 22.7674]
Wed 15 Apr 2026 14:03:08 INFO  epoch 11 evaluating [time: 3.19s, valid_score: 0.832931]
Wed 15 Apr 2026 14:03:08 INFO  valid result: 
ndcg@10 : 0.832931
Wed 15 Apr 2026 14:03:10 INFO  epoch 12 training [time: 2.10s, train loss: 21.2082]
Wed 15 Apr 2026 14:03:13 INFO  epoch 12 evaluating [time: 3.11s, valid_score: 0.838167]
Wed 15 Apr 2026 14:03:13 INFO  valid result: 
ndcg@10 : 0.838167
Wed 15 Apr 2026 14:03:15 INFO  epoch 13 training [time: 2.05s, train loss: 19.9970]
Wed 15 Apr 2026 14:03:18 INFO  epoch 13 evaluating [time: 2.97s, valid_score: 0.836179]
Wed 15 Apr 2026 14:03:18 INFO  valid result: 
ndcg@10 : 0.836179
Wed 15 Apr 2026 14:03:20 INFO  epoch 14 training [time: 1.99s, train loss: 18.5581]
Wed 15 Apr 2026 14:03:23 INFO  epoch 14 evaluating [time: 3.13s, valid_score: 0.835429]
Wed 15 Apr 2026 14:03:23 INFO  valid result: 
ndcg@10 : 0.835429
Wed 15 Apr 2026 14:03:23 INFO  best valid : OrderedDict([('ndcg@10', 0.839012)])
Wed 15 Apr 2026 14:03:23 INFO  
General Hyper Parameters:
gpu_id = 0
use_gpu = True
seed = 2020
state = INFO
reproducibility = True
data_path = recbole_tmp/dataset
checkpoint_dir = saved
show_progress = True
save_dataset = False
dataset_save_path = None
save_dataloaders = False
dataloaders_save_path = None
log_wandb = False

Training Hyper Parameters:
epochs = 15
train_batch_size = 2048
learner = adam
learning_rate = 0.001
train_neg_sample_args = {'distribution': 'uniform', 'sample_num': 1, 'alpha': 1.0, 'dynamic': False, 'candidate_num': 0}
eval_step = 1
stopping_step = 5
clip_grad_norm = None
weight_decay = 0.0
loss_decimal_place = 4

Evaluation Hyper Parameters:
eval_args = {'split': {'RS': [0.75, 0.2, 0.05]}, 'order': 'RO', 'group_by': 'user', 'mode': {'valid': 'full', 'test': 'full'}}
repeatable = False
metrics = ['NDCG']
topk = [10]
valid_metric = NDCG@10
valid_metric_bigger = True
eval_batch_size = 2048
metric_decimal_place = 6

Dataset Hyper Parameters:
field_separator = 	
seq_separator =  
USER_ID_FIELD = user_id
ITEM_ID_FIELD = item_id
RATING_FIELD = rating
TIME_FIELD = timestamp
seq_len = None
LABEL_FIELD = label
threshold = None
NEG_PREFIX = neg_
load_col = {'inter': ['user_id', 'item_id']}
unload_col = None
unused_col = None
additional_feat_suffix = None
rm_dup_inter = None
val_interval = None
filter_inter_by_user_or_item = True
user_inter_num_interval = [0,inf)
item_inter_num_interval = [0,inf)
alias_of_user_id = None
alias_of_item_id = None
alias_of_entity_id = None
alias_of_relation_id = None
preload_weight = None
normalize_field = None
normalize_all = None
ITEM_LIST_LENGTH_FIELD = item_length
LIST_SUFFIX = _list
MAX_ITEM_LIST_LENGTH = 500
POSITION_FIELD = position_id
HEAD_ENTITY_ID_FIELD = head_id
TAIL_ENTITY_ID_FIELD = tail_id
RELATION_ID_FIELD = relation_id
ENTITY_ID_FIELD = entity_id
benchmark_filename = None

Other Hyper Parameters: 
worker = 0
wandb_project = recbole
shuffle = True
require_pow = False
enable_amp = False
enable_scaler = False
transform = None
embedding_size = 256
numerical_features = []
discretization = None
kg_reverse_r = False
entity_kg_num_interval = [0,inf)
relation_kg_num_interval = [0,inf)
MODEL_TYPE = ModelType.GENERAL
MODEL_INPUT_TYPE = InputType.PAIRWISE
eval_type = EvaluatorType.RANKING
single_spec = True
local_rank = 0
device = cuda
valid_neg_sample_args = {'distribution': 'uniform', 'sample_num': 'none'}
test_neg_sample_args = {'distribution': 'uniform', 'sample_num': 'none'}


Wed 15 Apr 2026 14:03:24 INFO  dataset
The number of users: 656
Average actions of users: 622.2290076335878
The number of items: 992
Average actions of items: 411.2613521695257
The number of inters: 407560
The sparsity of the dataset: 37.37091856805665%
Remain Fields: ['user_id', 'item_id']
Wed 15 Apr 2026 14:03:25 INFO  [Training]: train_batch_size = [2048] train_neg_sample_args: [{'distribution': 'uniform', 'sample_num': 1, 'alpha': 1.0, 'dynamic': False, 'candidate_num': 0}]
Wed 15 Apr 2026 14:03:25 INFO  [Evaluation]: eval_batch_size = [2048] eval_args: [{'split': {'RS': [0.75, 0.2, 0.05]}, 'order': 'RO', 'group_by': 'user', 'mode': {'valid': 'full', 'test': 'full'}}]
