Wed 15 Apr 2026 13:04:37 INFO  ['main.py', 'babyLFM2b1k', '11', '--clean', '--model', 'BPR', '--choice-model', 'consume_all', '--config', 'recbole_config_default.yaml']
Wed 15 Apr 2026 13:04:37 INFO  
General Hyper Parameters:
gpu_id = 0
use_gpu = True
seed = 2020
state = INFO
reproducibility = True
data_path = recbole_tmp/dataset
checkpoint_dir = saved
show_progress = True
save_dataset = False
dataset_save_path = None
save_dataloaders = False
dataloaders_save_path = None
log_wandb = False

Training Hyper Parameters:
epochs = 15
train_batch_size = 2048
learner = adam
learning_rate = 0.001
train_neg_sample_args = {'distribution': 'uniform', 'sample_num': 1, 'alpha': 1.0, 'dynamic': False, 'candidate_num': 0}
eval_step = 1
stopping_step = 5
clip_grad_norm = None
weight_decay = 0.0
loss_decimal_place = 4

Evaluation Hyper Parameters:
eval_args = {'split': {'RS': [0.75, 0.2, 0.05]}, 'order': 'RO', 'group_by': 'user', 'mode': {'valid': 'full', 'test': 'full'}}
repeatable = False
metrics = ['NDCG']
topk = [10]
valid_metric = NDCG@10
valid_metric_bigger = True
eval_batch_size = 2048
metric_decimal_place = 6

Dataset Hyper Parameters:
field_separator = 	
seq_separator =  
USER_ID_FIELD = user_id
ITEM_ID_FIELD = item_id
RATING_FIELD = rating
TIME_FIELD = timestamp
seq_len = None
LABEL_FIELD = label
threshold = None
NEG_PREFIX = neg_
load_col = {'inter': ['user_id', 'item_id']}
unload_col = None
unused_col = None
additional_feat_suffix = None
rm_dup_inter = None
val_interval = None
filter_inter_by_user_or_item = True
user_inter_num_interval = [0,inf)
item_inter_num_interval = [0,inf)
alias_of_user_id = None
alias_of_item_id = None
alias_of_entity_id = None
alias_of_relation_id = None
preload_weight = None
normalize_field = None
normalize_all = None
ITEM_LIST_LENGTH_FIELD = item_length
LIST_SUFFIX = _list
MAX_ITEM_LIST_LENGTH = 500
POSITION_FIELD = position_id
HEAD_ENTITY_ID_FIELD = head_id
TAIL_ENTITY_ID_FIELD = tail_id
RELATION_ID_FIELD = relation_id
ENTITY_ID_FIELD = entity_id
benchmark_filename = None

Other Hyper Parameters: 
worker = 0
wandb_project = recbole
shuffle = True
require_pow = False
enable_amp = False
enable_scaler = False
transform = None
embedding_size = 256
numerical_features = []
discretization = None
kg_reverse_r = False
entity_kg_num_interval = [0,inf)
relation_kg_num_interval = [0,inf)
MODEL_TYPE = ModelType.GENERAL
MODEL_INPUT_TYPE = InputType.PAIRWISE
eval_type = EvaluatorType.RANKING
single_spec = True
local_rank = 0
device = cuda
valid_neg_sample_args = {'distribution': 'uniform', 'sample_num': 'none'}
test_neg_sample_args = {'distribution': 'uniform', 'sample_num': 'none'}


Wed 15 Apr 2026 13:04:37 INFO  dataset
The number of users: 656
Average actions of users: 122.30534351145039
The number of items: 992
Average actions of items: 80.83753784056509
The number of inters: 80110
The sparsity of the dataset: 87.68962677025965%
Remain Fields: ['user_id', 'item_id']
Wed 15 Apr 2026 13:04:37 INFO  Preparing dataset
Wed 15 Apr 2026 13:04:38 INFO  [Training]: train_batch_size = [2048] train_neg_sample_args: [{'distribution': 'uniform', 'sample_num': 1, 'alpha': 1.0, 'dynamic': False, 'candidate_num': 0}]
Wed 15 Apr 2026 13:04:38 INFO  [Evaluation]: eval_batch_size = [2048] eval_args: [{'split': {'RS': [0.75, 0.2, 0.05]}, 'order': 'RO', 'group_by': 'user', 'mode': {'valid': 'full', 'test': 'full'}}]
Wed 15 Apr 2026 13:04:38 INFO  Done!
Wed 15 Apr 2026 13:04:38 INFO  BPR(
  (user_embedding): Embedding(656, 256)
  (item_embedding): Embedding(992, 256)
  (loss): BPRLoss()
)
Trainable parameters: 421888
Wed 15 Apr 2026 13:04:38 INFO  FLOPs: 512.0
Wed 15 Apr 2026 13:04:40 INFO  epoch 0 training [time: 0.48s, train loss: 20.7065]
Wed 15 Apr 2026 13:04:43 INFO  epoch 0 evaluating [time: 3.11s, valid_score: 0.090658]
Wed 15 Apr 2026 13:04:43 INFO  valid result: 
ndcg@10 : 0.090658
Wed 15 Apr 2026 13:04:43 INFO  Saving current: saved/BPR-Apr-15-2026_13-04-38.pth
Wed 15 Apr 2026 13:04:43 INFO  epoch 1 training [time: 0.39s, train loss: 20.0326]
Wed 15 Apr 2026 13:04:46 INFO  epoch 1 evaluating [time: 3.05s, valid_score: 0.694544]
Wed 15 Apr 2026 13:04:46 INFO  valid result: 
ndcg@10 : 0.694544
Wed 15 Apr 2026 13:04:46 INFO  Saving current: saved/BPR-Apr-15-2026_13-04-38.pth
Wed 15 Apr 2026 13:04:47 INFO  epoch 2 training [time: 0.39s, train loss: 17.2718]
Wed 15 Apr 2026 13:04:50 INFO  epoch 2 evaluating [time: 3.02s, valid_score: 0.815006]
Wed 15 Apr 2026 13:04:50 INFO  valid result: 
ndcg@10 : 0.815006
Wed 15 Apr 2026 13:04:50 INFO  Saving current: saved/BPR-Apr-15-2026_13-04-38.pth
Wed 15 Apr 2026 13:04:50 INFO  epoch 3 training [time: 0.38s, train loss: 10.7994]
Wed 15 Apr 2026 13:04:53 INFO  epoch 3 evaluating [time: 2.88s, valid_score: 0.817353]
Wed 15 Apr 2026 13:04:53 INFO  valid result: 
ndcg@10 : 0.817353
Wed 15 Apr 2026 13:04:53 INFO  Saving current: saved/BPR-Apr-15-2026_13-04-38.pth
Wed 15 Apr 2026 13:04:53 INFO  epoch 4 training [time: 0.42s, train loss: 5.5337]
Wed 15 Apr 2026 13:04:56 INFO  epoch 4 evaluating [time: 3.03s, valid_score: 0.822696]
Wed 15 Apr 2026 13:04:56 INFO  valid result: 
ndcg@10 : 0.822696
Wed 15 Apr 2026 13:04:56 INFO  Saving current: saved/BPR-Apr-15-2026_13-04-38.pth
Wed 15 Apr 2026 13:04:57 INFO  epoch 5 training [time: 0.40s, train loss: 3.7443]
Wed 15 Apr 2026 13:05:00 INFO  epoch 5 evaluating [time: 3.17s, valid_score: 0.826522]
Wed 15 Apr 2026 13:05:00 INFO  valid result: 
ndcg@10 : 0.826522
Wed 15 Apr 2026 13:05:00 INFO  Saving current: saved/BPR-Apr-15-2026_13-04-38.pth
Wed 15 Apr 2026 13:05:00 INFO  epoch 6 training [time: 0.38s, train loss: 3.1569]
Wed 15 Apr 2026 13:05:03 INFO  epoch 6 evaluating [time: 2.92s, valid_score: 0.825167]
Wed 15 Apr 2026 13:05:03 INFO  valid result: 
ndcg@10 : 0.825167
Wed 15 Apr 2026 13:05:04 INFO  epoch 7 training [time: 0.35s, train loss: 2.8834]
Wed 15 Apr 2026 13:05:07 INFO  epoch 7 evaluating [time: 2.94s, valid_score: 0.822274]
Wed 15 Apr 2026 13:05:07 INFO  valid result: 
ndcg@10 : 0.822274
Wed 15 Apr 2026 13:05:07 INFO  epoch 8 training [time: 0.37s, train loss: 2.6874]
Wed 15 Apr 2026 13:05:10 INFO  epoch 8 evaluating [time: 2.91s, valid_score: 0.820832]
Wed 15 Apr 2026 13:05:10 INFO  valid result: 
ndcg@10 : 0.820832
Wed 15 Apr 2026 13:05:10 INFO  epoch 9 training [time: 0.40s, train loss: 2.6406]
Wed 15 Apr 2026 13:05:13 INFO  epoch 9 evaluating [time: 3.21s, valid_score: 0.823533]
Wed 15 Apr 2026 13:05:13 INFO  valid result: 
ndcg@10 : 0.823533
Wed 15 Apr 2026 13:05:14 INFO  epoch 10 training [time: 0.37s, train loss: 2.5038]
Wed 15 Apr 2026 13:05:17 INFO  epoch 10 evaluating [time: 3.02s, valid_score: 0.822682]
Wed 15 Apr 2026 13:05:17 INFO  valid result: 
ndcg@10 : 0.822682
Wed 15 Apr 2026 13:05:17 INFO  epoch 11 training [time: 0.34s, train loss: 2.4171]
Wed 15 Apr 2026 13:05:20 INFO  epoch 11 evaluating [time: 2.99s, valid_score: 0.823339]
Wed 15 Apr 2026 13:05:20 INFO  valid result: 
ndcg@10 : 0.823339
Wed 15 Apr 2026 13:05:20 INFO  Finished training, best eval result in epoch 5
Wed 15 Apr 2026 13:05:20 INFO  best valid : OrderedDict([('ndcg@10', 0.826522)])
Wed 15 Apr 2026 13:05:20 INFO  
General Hyper Parameters:
gpu_id = 0
use_gpu = True
seed = 2020
state = INFO
reproducibility = True
data_path = recbole_tmp/dataset
checkpoint_dir = saved
show_progress = True
save_dataset = False
dataset_save_path = None
save_dataloaders = False
dataloaders_save_path = None
log_wandb = False

Training Hyper Parameters:
epochs = 15
train_batch_size = 2048
learner = adam
learning_rate = 0.001
train_neg_sample_args = {'distribution': 'uniform', 'sample_num': 1, 'alpha': 1.0, 'dynamic': False, 'candidate_num': 0}
eval_step = 1
stopping_step = 5
clip_grad_norm = None
weight_decay = 0.0
loss_decimal_place = 4

Evaluation Hyper Parameters:
eval_args = {'split': {'RS': [0.75, 0.2, 0.05]}, 'order': 'RO', 'group_by': 'user', 'mode': {'valid': 'full', 'test': 'full'}}
repeatable = False
metrics = ['NDCG']
topk = [10]
valid_metric = NDCG@10
valid_metric_bigger = True
eval_batch_size = 2048
metric_decimal_place = 6

Dataset Hyper Parameters:
field_separator = 	
seq_separator =  
USER_ID_FIELD = user_id
ITEM_ID_FIELD = item_id
RATING_FIELD = rating
TIME_FIELD = timestamp
seq_len = None
LABEL_FIELD = label
threshold = None
NEG_PREFIX = neg_
load_col = {'inter': ['user_id', 'item_id']}
unload_col = None
unused_col = None
additional_feat_suffix = None
rm_dup_inter = None
val_interval = None
filter_inter_by_user_or_item = True
user_inter_num_interval = [0,inf)
item_inter_num_interval = [0,inf)
alias_of_user_id = None
alias_of_item_id = None
alias_of_entity_id = None
alias_of_relation_id = None
preload_weight = None
normalize_field = None
normalize_all = None
ITEM_LIST_LENGTH_FIELD = item_length
LIST_SUFFIX = _list
MAX_ITEM_LIST_LENGTH = 500
POSITION_FIELD = position_id
HEAD_ENTITY_ID_FIELD = head_id
TAIL_ENTITY_ID_FIELD = tail_id
RELATION_ID_FIELD = relation_id
ENTITY_ID_FIELD = entity_id
benchmark_filename = None

Other Hyper Parameters: 
worker = 0
wandb_project = recbole
shuffle = True
require_pow = False
enable_amp = False
enable_scaler = False
transform = None
embedding_size = 256
numerical_features = []
discretization = None
kg_reverse_r = False
entity_kg_num_interval = [0,inf)
relation_kg_num_interval = [0,inf)
MODEL_TYPE = ModelType.GENERAL
MODEL_INPUT_TYPE = InputType.PAIRWISE
eval_type = EvaluatorType.RANKING
single_spec = True
local_rank = 0
device = cuda
valid_neg_sample_args = {'distribution': 'uniform', 'sample_num': 'none'}
test_neg_sample_args = {'distribution': 'uniform', 'sample_num': 'none'}


Wed 15 Apr 2026 13:05:21 INFO  dataset
The number of users: 656
Average actions of users: 122.30534351145039
The number of items: 992
Average actions of items: 80.83753784056509
The number of inters: 80110
The sparsity of the dataset: 87.68962677025965%
Remain Fields: ['user_id', 'item_id']
Wed 15 Apr 2026 13:05:21 INFO  [Training]: train_batch_size = [2048] train_neg_sample_args: [{'distribution': 'uniform', 'sample_num': 1, 'alpha': 1.0, 'dynamic': False, 'candidate_num': 0}]
Wed 15 Apr 2026 13:05:21 INFO  [Evaluation]: eval_batch_size = [2048] eval_args: [{'split': {'RS': [0.75, 0.2, 0.05]}, 'order': 'RO', 'group_by': 'user', 'mode': {'valid': 'full', 'test': 'full'}}]
