Wed 15 Apr 2026 12:55:55 INFO  ['main.py', 'babyLFM2b1k', '2', '--clean', '--model', 'BPR', '--choice-model', 'consume_all', '--config', 'recbole_config_default.yaml']
Wed 15 Apr 2026 12:55:55 INFO  
General Hyper Parameters:
gpu_id = 0
use_gpu = True
seed = 2020
state = INFO
reproducibility = True
data_path = recbole_tmp/dataset
checkpoint_dir = saved
show_progress = True
save_dataset = False
dataset_save_path = None
save_dataloaders = False
dataloaders_save_path = None
log_wandb = False

Training Hyper Parameters:
epochs = 15
train_batch_size = 2048
learner = adam
learning_rate = 0.001
train_neg_sample_args = {'distribution': 'uniform', 'sample_num': 1, 'alpha': 1.0, 'dynamic': False, 'candidate_num': 0}
eval_step = 1
stopping_step = 5
clip_grad_norm = None
weight_decay = 0.0
loss_decimal_place = 4

Evaluation Hyper Parameters:
eval_args = {'split': {'RS': [0.75, 0.2, 0.05]}, 'order': 'RO', 'group_by': 'user', 'mode': {'valid': 'full', 'test': 'full'}}
repeatable = False
metrics = ['NDCG']
topk = [10]
valid_metric = NDCG@10
valid_metric_bigger = True
eval_batch_size = 2048
metric_decimal_place = 6

Dataset Hyper Parameters:
field_separator = 	
seq_separator =  
USER_ID_FIELD = user_id
ITEM_ID_FIELD = item_id
RATING_FIELD = rating
TIME_FIELD = timestamp
seq_len = None
LABEL_FIELD = label
threshold = None
NEG_PREFIX = neg_
load_col = {'inter': ['user_id', 'item_id']}
unload_col = None
unused_col = None
additional_feat_suffix = None
rm_dup_inter = None
val_interval = None
filter_inter_by_user_or_item = True
user_inter_num_interval = [0,inf)
item_inter_num_interval = [0,inf)
alias_of_user_id = None
alias_of_item_id = None
alias_of_entity_id = None
alias_of_relation_id = None
preload_weight = None
normalize_field = None
normalize_all = None
ITEM_LIST_LENGTH_FIELD = item_length
LIST_SUFFIX = _list
MAX_ITEM_LIST_LENGTH = 500
POSITION_FIELD = position_id
HEAD_ENTITY_ID_FIELD = head_id
TAIL_ENTITY_ID_FIELD = tail_id
RELATION_ID_FIELD = relation_id
ENTITY_ID_FIELD = entity_id
benchmark_filename = None

Other Hyper Parameters: 
worker = 0
wandb_project = recbole
shuffle = True
require_pow = False
enable_amp = False
enable_scaler = False
transform = None
embedding_size = 256
numerical_features = []
discretization = None
kg_reverse_r = False
entity_kg_num_interval = [0,inf)
relation_kg_num_interval = [0,inf)
MODEL_TYPE = ModelType.GENERAL
MODEL_INPUT_TYPE = InputType.PAIRWISE
eval_type = EvaluatorType.RANKING
single_spec = True
local_rank = 0
device = cuda
valid_neg_sample_args = {'distribution': 'uniform', 'sample_num': 'none'}
test_neg_sample_args = {'distribution': 'uniform', 'sample_num': 'none'}


Wed 15 Apr 2026 12:55:55 INFO  dataset
The number of users: 656
Average actions of users: 32.31908396946565
The number of items: 992
Average actions of items: 21.36125126135217
The number of inters: 21169
The sparsity of the dataset: 96.74699424665619%
Remain Fields: ['user_id', 'item_id']
Wed 15 Apr 2026 12:55:55 INFO  Preparing dataset
Wed 15 Apr 2026 12:55:55 INFO  [Training]: train_batch_size = [2048] train_neg_sample_args: [{'distribution': 'uniform', 'sample_num': 1, 'alpha': 1.0, 'dynamic': False, 'candidate_num': 0}]
Wed 15 Apr 2026 12:55:55 INFO  [Evaluation]: eval_batch_size = [2048] eval_args: [{'split': {'RS': [0.75, 0.2, 0.05]}, 'order': 'RO', 'group_by': 'user', 'mode': {'valid': 'full', 'test': 'full'}}]
Wed 15 Apr 2026 12:55:55 INFO  Done!
Wed 15 Apr 2026 12:55:55 INFO  BPR(
  (user_embedding): Embedding(656, 256)
  (item_embedding): Embedding(992, 256)
  (loss): BPRLoss()
)
Trainable parameters: 421888
Wed 15 Apr 2026 12:55:55 INFO  FLOPs: 512.0
Wed 15 Apr 2026 12:55:57 INFO  epoch 0 training [time: 0.21s, train loss: 5.5092]
Wed 15 Apr 2026 12:56:00 INFO  epoch 0 evaluating [time: 3.26s, valid_score: 0.041563]
Wed 15 Apr 2026 12:56:00 INFO  valid result: 
ndcg@10 : 0.041563
Wed 15 Apr 2026 12:56:00 INFO  Saving current: saved/BPR-Apr-15-2026_12-55-55.pth
Wed 15 Apr 2026 12:56:00 INFO  epoch 1 training [time: 0.12s, train loss: 5.3882]
Wed 15 Apr 2026 12:56:03 INFO  epoch 1 evaluating [time: 3.05s, valid_score: 0.114650]
Wed 15 Apr 2026 12:56:03 INFO  valid result: 
ndcg@10 : 0.11465
Wed 15 Apr 2026 12:56:03 INFO  Saving current: saved/BPR-Apr-15-2026_12-55-55.pth
Wed 15 Apr 2026 12:56:03 INFO  epoch 2 training [time: 0.09s, train loss: 5.2745]
Wed 15 Apr 2026 12:56:07 INFO  epoch 2 evaluating [time: 3.26s, valid_score: 0.187634]
Wed 15 Apr 2026 12:56:07 INFO  valid result: 
ndcg@10 : 0.187634
Wed 15 Apr 2026 12:56:07 INFO  Saving current: saved/BPR-Apr-15-2026_12-55-55.pth
Wed 15 Apr 2026 12:56:07 INFO  epoch 3 training [time: 0.12s, train loss: 5.1530]
Wed 15 Apr 2026 12:56:10 INFO  epoch 3 evaluating [time: 3.07s, valid_score: 0.244012]
Wed 15 Apr 2026 12:56:10 INFO  valid result: 
ndcg@10 : 0.244012
Wed 15 Apr 2026 12:56:10 INFO  Saving current: saved/BPR-Apr-15-2026_12-55-55.pth
Wed 15 Apr 2026 12:56:10 INFO  epoch 4 training [time: 0.11s, train loss: 5.0243]
Wed 15 Apr 2026 12:56:13 INFO  epoch 4 evaluating [time: 3.16s, valid_score: 0.285221]
Wed 15 Apr 2026 12:56:13 INFO  valid result: 
ndcg@10 : 0.285221
Wed 15 Apr 2026 12:56:13 INFO  Saving current: saved/BPR-Apr-15-2026_12-55-55.pth
Wed 15 Apr 2026 12:56:13 INFO  epoch 5 training [time: 0.09s, train loss: 4.8802]
Wed 15 Apr 2026 12:56:16 INFO  epoch 5 evaluating [time: 3.04s, valid_score: 0.316768]
Wed 15 Apr 2026 12:56:16 INFO  valid result: 
ndcg@10 : 0.316768
Wed 15 Apr 2026 12:56:16 INFO  Saving current: saved/BPR-Apr-15-2026_12-55-55.pth
Wed 15 Apr 2026 12:56:16 INFO  epoch 6 training [time: 0.11s, train loss: 4.7221]
Wed 15 Apr 2026 12:56:22 INFO  epoch 6 evaluating [time: 5.83s, valid_score: 0.342536]
Wed 15 Apr 2026 12:56:22 INFO  valid result: 
ndcg@10 : 0.342536
Wed 15 Apr 2026 12:56:22 INFO  Saving current: saved/BPR-Apr-15-2026_12-55-55.pth
Wed 15 Apr 2026 12:56:22 INFO  epoch 7 training [time: 0.17s, train loss: 4.5522]
Wed 15 Apr 2026 12:56:26 INFO  epoch 7 evaluating [time: 3.66s, valid_score: 0.359187]
Wed 15 Apr 2026 12:56:26 INFO  valid result: 
ndcg@10 : 0.359187
Wed 15 Apr 2026 12:56:26 INFO  Saving current: saved/BPR-Apr-15-2026_12-55-55.pth
Wed 15 Apr 2026 12:56:26 INFO  epoch 8 training [time: 0.08s, train loss: 4.3710]
Wed 15 Apr 2026 12:56:30 INFO  epoch 8 evaluating [time: 3.25s, valid_score: 0.372300]
Wed 15 Apr 2026 12:56:30 INFO  valid result: 
ndcg@10 : 0.3723
Wed 15 Apr 2026 12:56:30 INFO  Saving current: saved/BPR-Apr-15-2026_12-55-55.pth
Wed 15 Apr 2026 12:56:30 INFO  epoch 9 training [time: 0.07s, train loss: 4.1767]
Wed 15 Apr 2026 12:56:33 INFO  epoch 9 evaluating [time: 3.03s, valid_score: 0.382391]
Wed 15 Apr 2026 12:56:33 INFO  valid result: 
ndcg@10 : 0.382391
Wed 15 Apr 2026 12:56:33 INFO  Saving current: saved/BPR-Apr-15-2026_12-55-55.pth
Wed 15 Apr 2026 12:56:33 INFO  epoch 10 training [time: 0.11s, train loss: 3.9849]
Wed 15 Apr 2026 12:56:36 INFO  epoch 10 evaluating [time: 2.90s, valid_score: 0.389185]
Wed 15 Apr 2026 12:56:36 INFO  valid result: 
ndcg@10 : 0.389185
Wed 15 Apr 2026 12:56:36 INFO  Saving current: saved/BPR-Apr-15-2026_12-55-55.pth
Wed 15 Apr 2026 12:56:36 INFO  epoch 11 training [time: 0.06s, train loss: 3.7819]
Wed 15 Apr 2026 12:56:39 INFO  epoch 11 evaluating [time: 3.00s, valid_score: 0.395151]
Wed 15 Apr 2026 12:56:39 INFO  valid result: 
ndcg@10 : 0.395151
Wed 15 Apr 2026 12:56:39 INFO  Saving current: saved/BPR-Apr-15-2026_12-55-55.pth
Wed 15 Apr 2026 12:56:39 INFO  epoch 12 training [time: 0.12s, train loss: 3.5809]
Wed 15 Apr 2026 12:56:42 INFO  epoch 12 evaluating [time: 3.07s, valid_score: 0.395702]
Wed 15 Apr 2026 12:56:42 INFO  valid result: 
ndcg@10 : 0.395702
Wed 15 Apr 2026 12:56:42 INFO  Saving current: saved/BPR-Apr-15-2026_12-55-55.pth
Wed 15 Apr 2026 12:56:42 INFO  epoch 13 training [time: 0.07s, train loss: 3.3773]
Wed 15 Apr 2026 12:56:45 INFO  epoch 13 evaluating [time: 3.15s, valid_score: 0.393785]
Wed 15 Apr 2026 12:56:45 INFO  valid result: 
ndcg@10 : 0.393785
Wed 15 Apr 2026 12:56:45 INFO  epoch 14 training [time: 0.09s, train loss: 3.1734]
Wed 15 Apr 2026 12:56:48 INFO  epoch 14 evaluating [time: 3.13s, valid_score: 0.391305]
Wed 15 Apr 2026 12:56:48 INFO  valid result: 
ndcg@10 : 0.391305
Wed 15 Apr 2026 12:56:48 INFO  best valid : OrderedDict([('ndcg@10', 0.395702)])
Wed 15 Apr 2026 12:56:48 INFO  
General Hyper Parameters:
gpu_id = 0
use_gpu = True
seed = 2020
state = INFO
reproducibility = True
data_path = recbole_tmp/dataset
checkpoint_dir = saved
show_progress = True
save_dataset = False
dataset_save_path = None
save_dataloaders = False
dataloaders_save_path = None
log_wandb = False

Training Hyper Parameters:
epochs = 15
train_batch_size = 2048
learner = adam
learning_rate = 0.001
train_neg_sample_args = {'distribution': 'uniform', 'sample_num': 1, 'alpha': 1.0, 'dynamic': False, 'candidate_num': 0}
eval_step = 1
stopping_step = 5
clip_grad_norm = None
weight_decay = 0.0
loss_decimal_place = 4

Evaluation Hyper Parameters:
eval_args = {'split': {'RS': [0.75, 0.2, 0.05]}, 'order': 'RO', 'group_by': 'user', 'mode': {'valid': 'full', 'test': 'full'}}
repeatable = False
metrics = ['NDCG']
topk = [10]
valid_metric = NDCG@10
valid_metric_bigger = True
eval_batch_size = 2048
metric_decimal_place = 6

Dataset Hyper Parameters:
field_separator = 	
seq_separator =  
USER_ID_FIELD = user_id
ITEM_ID_FIELD = item_id
RATING_FIELD = rating
TIME_FIELD = timestamp
seq_len = None
LABEL_FIELD = label
threshold = None
NEG_PREFIX = neg_
load_col = {'inter': ['user_id', 'item_id']}
unload_col = None
unused_col = None
additional_feat_suffix = None
rm_dup_inter = None
val_interval = None
filter_inter_by_user_or_item = True
user_inter_num_interval = [0,inf)
item_inter_num_interval = [0,inf)
alias_of_user_id = None
alias_of_item_id = None
alias_of_entity_id = None
alias_of_relation_id = None
preload_weight = None
normalize_field = None
normalize_all = None
ITEM_LIST_LENGTH_FIELD = item_length
LIST_SUFFIX = _list
MAX_ITEM_LIST_LENGTH = 500
POSITION_FIELD = position_id
HEAD_ENTITY_ID_FIELD = head_id
TAIL_ENTITY_ID_FIELD = tail_id
RELATION_ID_FIELD = relation_id
ENTITY_ID_FIELD = entity_id
benchmark_filename = None

Other Hyper Parameters: 
worker = 0
wandb_project = recbole
shuffle = True
require_pow = False
enable_amp = False
enable_scaler = False
transform = None
embedding_size = 256
numerical_features = []
discretization = None
kg_reverse_r = False
entity_kg_num_interval = [0,inf)
relation_kg_num_interval = [0,inf)
MODEL_TYPE = ModelType.GENERAL
MODEL_INPUT_TYPE = InputType.PAIRWISE
eval_type = EvaluatorType.RANKING
single_spec = True
local_rank = 0
device = cuda
valid_neg_sample_args = {'distribution': 'uniform', 'sample_num': 'none'}
test_neg_sample_args = {'distribution': 'uniform', 'sample_num': 'none'}


Wed 15 Apr 2026 12:56:49 INFO  dataset
The number of users: 656
Average actions of users: 32.31908396946565
The number of items: 992
Average actions of items: 21.36125126135217
The number of inters: 21169
The sparsity of the dataset: 96.74699424665619%
Remain Fields: ['user_id', 'item_id']
Wed 15 Apr 2026 12:56:49 INFO  [Training]: train_batch_size = [2048] train_neg_sample_args: [{'distribution': 'uniform', 'sample_num': 1, 'alpha': 1.0, 'dynamic': False, 'candidate_num': 0}]
Wed 15 Apr 2026 12:56:49 INFO  [Evaluation]: eval_batch_size = [2048] eval_args: [{'split': {'RS': [0.75, 0.2, 0.05]}, 'order': 'RO', 'group_by': 'user', 'mode': {'valid': 'full', 'test': 'full'}}]
