Fri 17 Apr 2026 15:46:43 INFO  ['main.py', 'babyLFM2b1k', '81', '--clean', '--model', 'BPR', '--choice-model', 'consume_all', '--config', 'recbole_config_default.yaml', '--warm-start']
Fri 17 Apr 2026 15:46:43 INFO  
General Hyper Parameters:
gpu_id = 0
use_gpu = True
seed = 2020
state = INFO
reproducibility = True
data_path = recbole_tmp/dataset
checkpoint_dir = saved
show_progress = True
save_dataset = False
dataset_save_path = None
save_dataloaders = False
dataloaders_save_path = None
log_wandb = False

Training Hyper Parameters:
epochs = 10
train_batch_size = 2048
learner = adam
learning_rate = 0.001
train_neg_sample_args = {'distribution': 'uniform', 'sample_num': 1, 'alpha': 1.0, 'dynamic': False, 'candidate_num': 0}
eval_step = 1
stopping_step = 500
clip_grad_norm = None
weight_decay = 0.0
loss_decimal_place = 4

Evaluation Hyper Parameters:
eval_args = {'split': {'RS': [0.75, 0.2, 0.05]}, 'order': 'RO', 'group_by': 'user', 'mode': {'valid': 'full', 'test': 'full'}}
repeatable = False
metrics = ['NDCG']
topk = [10]
valid_metric = NDCG@10
valid_metric_bigger = True
eval_batch_size = 2048
metric_decimal_place = 3

Dataset Hyper Parameters:
field_separator = 	
seq_separator =  
USER_ID_FIELD = user_id
ITEM_ID_FIELD = item_id
RATING_FIELD = rating
TIME_FIELD = timestamp
seq_len = None
LABEL_FIELD = label
threshold = None
NEG_PREFIX = neg_
load_col = {'inter': ['user_id', 'item_id']}
unload_col = None
unused_col = None
additional_feat_suffix = None
rm_dup_inter = None
val_interval = None
filter_inter_by_user_or_item = True
user_inter_num_interval = [0,inf)
item_inter_num_interval = [0,inf)
alias_of_user_id = None
alias_of_item_id = None
alias_of_entity_id = None
alias_of_relation_id = None
preload_weight = None
normalize_field = None
normalize_all = None
ITEM_LIST_LENGTH_FIELD = item_length
LIST_SUFFIX = _list
MAX_ITEM_LIST_LENGTH = 500
POSITION_FIELD = position_id
HEAD_ENTITY_ID_FIELD = head_id
TAIL_ENTITY_ID_FIELD = tail_id
RELATION_ID_FIELD = relation_id
ENTITY_ID_FIELD = entity_id
benchmark_filename = None

Other Hyper Parameters: 
worker = 0
wandb_project = recbole
shuffle = True
require_pow = False
enable_amp = False
enable_scaler = False
transform = None
embedding_size = 256
numerical_features = []
discretization = None
kg_reverse_r = False
entity_kg_num_interval = [0,inf)
relation_kg_num_interval = [0,inf)
MODEL_TYPE = ModelType.GENERAL
MODEL_INPUT_TYPE = InputType.PAIRWISE
eval_type = EvaluatorType.RANKING
single_spec = True
local_rank = 0
device = cuda
valid_neg_sample_args = {'distribution': 'uniform', 'sample_num': 'none'}
test_neg_sample_args = {'distribution': 'uniform', 'sample_num': 'none'}


Fri 17 Apr 2026 15:46:45 INFO  dataset
The number of users: 656
Average actions of users: 822.1984732824427
The number of items: 992
Average actions of items: 543.43087790111
The number of inters: 538540
The sparsity of the dataset: 17.243435287175444%
Remain Fields: ['user_id', 'item_id']
Fri 17 Apr 2026 15:46:45 INFO  Preparing dataset
Fri 17 Apr 2026 15:46:46 INFO  [Training]: train_batch_size = [2048] train_neg_sample_args: [{'distribution': 'uniform', 'sample_num': 1, 'alpha': 1.0, 'dynamic': False, 'candidate_num': 0}]
Fri 17 Apr 2026 15:46:46 INFO  [Evaluation]: eval_batch_size = [2048] eval_args: [{'split': {'RS': [0.75, 0.2, 0.05]}, 'order': 'RO', 'group_by': 'user', 'mode': {'valid': 'full', 'test': 'full'}}]
Fri 17 Apr 2026 15:46:46 INFO  Done!
Fri 17 Apr 2026 15:46:46 INFO  BPR(
  (user_embedding): Embedding(656, 256)
  (item_embedding): Embedding(992, 256)
  (loss): BPRLoss()
)
Trainable parameters: 421888
Fri 17 Apr 2026 15:46:46 INFO  FLOPs: 512.0
Fri 17 Apr 2026 15:46:47 INFO  Resuming training from checkpoint: experiments/babyLFM2b1k/output/iteration_80_checkpoint.pth
Fri 17 Apr 2026 15:46:47 INFO  Checkpoint loaded. Resume training from epoch 11
Fri 17 Apr 2026 15:46:49 INFO  epoch 0 training [time: 1.87s, train loss: 105.0899]
Fri 17 Apr 2026 15:46:50 INFO  epoch 0 evaluating [time: 1.15s, valid_score: 0.798000]
Fri 17 Apr 2026 15:46:50 INFO  valid result: 
ndcg@10 : 0.798
Fri 17 Apr 2026 15:46:50 INFO  Saving current: experiments/babyLFM2b1k/output/iteration_80_checkpoint.pth
Fri 17 Apr 2026 15:46:52 INFO  epoch 1 training [time: 2.04s, train loss: 88.8649]
Fri 17 Apr 2026 15:46:53 INFO  epoch 1 evaluating [time: 0.67s, valid_score: 0.813000]
Fri 17 Apr 2026 15:46:53 INFO  valid result: 
ndcg@10 : 0.813
Fri 17 Apr 2026 15:46:53 INFO  Saving current: experiments/babyLFM2b1k/output/iteration_80_checkpoint.pth
Fri 17 Apr 2026 15:46:55 INFO  epoch 2 training [time: 1.63s, train loss: 78.9876]
Fri 17 Apr 2026 15:46:55 INFO  epoch 2 evaluating [time: 0.70s, valid_score: 0.818000]
Fri 17 Apr 2026 15:46:55 INFO  valid result: 
ndcg@10 : 0.818
Fri 17 Apr 2026 15:46:55 INFO  Saving current: experiments/babyLFM2b1k/output/iteration_80_checkpoint.pth
Fri 17 Apr 2026 15:46:57 INFO  epoch 3 training [time: 1.87s, train loss: 72.3068]
Fri 17 Apr 2026 15:46:58 INFO  epoch 3 evaluating [time: 0.56s, valid_score: 0.823000]
Fri 17 Apr 2026 15:46:58 INFO  valid result: 
ndcg@10 : 0.823
Fri 17 Apr 2026 15:46:58 INFO  Saving current: experiments/babyLFM2b1k/output/iteration_80_checkpoint.pth
Fri 17 Apr 2026 15:46:59 INFO  epoch 4 training [time: 1.52s, train loss: 66.4536]
Fri 17 Apr 2026 15:47:00 INFO  epoch 4 evaluating [time: 0.60s, valid_score: 0.827000]
Fri 17 Apr 2026 15:47:00 INFO  valid result: 
ndcg@10 : 0.827
Fri 17 Apr 2026 15:47:00 INFO  Saving current: experiments/babyLFM2b1k/output/iteration_80_checkpoint.pth
Fri 17 Apr 2026 15:47:02 INFO  epoch 5 training [time: 1.80s, train loss: 62.0576]
Fri 17 Apr 2026 15:47:02 INFO  epoch 5 evaluating [time: 0.59s, valid_score: 0.829000]
Fri 17 Apr 2026 15:47:02 INFO  valid result: 
ndcg@10 : 0.829
Fri 17 Apr 2026 15:47:02 INFO  Saving current: experiments/babyLFM2b1k/output/iteration_80_checkpoint.pth
Fri 17 Apr 2026 15:47:04 INFO  epoch 6 training [time: 1.81s, train loss: 58.0648]
Fri 17 Apr 2026 15:47:05 INFO  epoch 6 evaluating [time: 0.67s, valid_score: 0.834000]
Fri 17 Apr 2026 15:47:05 INFO  valid result: 
ndcg@10 : 0.834
Fri 17 Apr 2026 15:47:05 INFO  Saving current: experiments/babyLFM2b1k/output/iteration_80_checkpoint.pth
Fri 17 Apr 2026 15:47:07 INFO  epoch 7 training [time: 2.19s, train loss: 54.7204]
Fri 17 Apr 2026 15:47:08 INFO  epoch 7 evaluating [time: 0.57s, valid_score: 0.838000]
Fri 17 Apr 2026 15:47:08 INFO  valid result: 
ndcg@10 : 0.838
Fri 17 Apr 2026 15:47:08 INFO  Saving current: experiments/babyLFM2b1k/output/iteration_80_checkpoint.pth
Fri 17 Apr 2026 15:47:09 INFO  epoch 8 training [time: 1.51s, train loss: 51.3891]
Fri 17 Apr 2026 15:47:10 INFO  epoch 8 evaluating [time: 0.57s, valid_score: 0.840000]
Fri 17 Apr 2026 15:47:10 INFO  valid result: 
ndcg@10 : 0.84
Fri 17 Apr 2026 15:47:10 INFO  Saving current: experiments/babyLFM2b1k/output/iteration_80_checkpoint.pth
Fri 17 Apr 2026 15:47:11 INFO  epoch 9 training [time: 1.57s, train loss: 48.2682]
Fri 17 Apr 2026 15:47:12 INFO  epoch 9 evaluating [time: 0.46s, valid_score: 0.843000]
Fri 17 Apr 2026 15:47:12 INFO  valid result: 
ndcg@10 : 0.843
Fri 17 Apr 2026 15:47:12 INFO  Saving current: experiments/babyLFM2b1k/output/iteration_80_checkpoint.pth
Fri 17 Apr 2026 15:47:12 INFO  best valid : OrderedDict([('ndcg@10', 0.843)])
Fri 17 Apr 2026 15:47:12 INFO  No new best model saved (score did not improve). Force-saving current model state to: saved/iteration_80_checkpoint.pth
Fri 17 Apr 2026 15:47:12 INFO  Saving current: saved/iteration_80_checkpoint.pth
Fri 17 Apr 2026 15:47:12 INFO  
General Hyper Parameters:
gpu_id = 0
use_gpu = True
seed = 2020
state = INFO
reproducibility = True
data_path = recbole_tmp/dataset
checkpoint_dir = saved
show_progress = True
save_dataset = False
dataset_save_path = None
save_dataloaders = False
dataloaders_save_path = None
log_wandb = False

Training Hyper Parameters:
epochs = 10
train_batch_size = 2048
learner = adam
learning_rate = 0.001
train_neg_sample_args = {'distribution': 'uniform', 'sample_num': 1, 'alpha': 1.0, 'dynamic': False, 'candidate_num': 0}
eval_step = 1
stopping_step = 500
clip_grad_norm = None
weight_decay = 0.0
loss_decimal_place = 4

Evaluation Hyper Parameters:
eval_args = {'split': {'RS': [0.75, 0.2, 0.05]}, 'order': 'RO', 'group_by': 'user', 'mode': {'valid': 'full', 'test': 'full'}}
repeatable = False
metrics = ['NDCG']
topk = [10]
valid_metric = NDCG@10
valid_metric_bigger = True
eval_batch_size = 2048
metric_decimal_place = 3

Dataset Hyper Parameters:
field_separator = 	
seq_separator =  
USER_ID_FIELD = user_id
ITEM_ID_FIELD = item_id
RATING_FIELD = rating
TIME_FIELD = timestamp
seq_len = None
LABEL_FIELD = label
threshold = None
NEG_PREFIX = neg_
load_col = {'inter': ['user_id', 'item_id']}
unload_col = None
unused_col = None
additional_feat_suffix = None
rm_dup_inter = None
val_interval = None
filter_inter_by_user_or_item = True
user_inter_num_interval = [0,inf)
item_inter_num_interval = [0,inf)
alias_of_user_id = None
alias_of_item_id = None
alias_of_entity_id = None
alias_of_relation_id = None
preload_weight = None
normalize_field = None
normalize_all = None
ITEM_LIST_LENGTH_FIELD = item_length
LIST_SUFFIX = _list
MAX_ITEM_LIST_LENGTH = 500
POSITION_FIELD = position_id
HEAD_ENTITY_ID_FIELD = head_id
TAIL_ENTITY_ID_FIELD = tail_id
RELATION_ID_FIELD = relation_id
ENTITY_ID_FIELD = entity_id
benchmark_filename = None

Other Hyper Parameters: 
worker = 0
wandb_project = recbole
shuffle = True
require_pow = False
enable_amp = False
enable_scaler = False
transform = None
embedding_size = 256
numerical_features = []
discretization = None
kg_reverse_r = False
entity_kg_num_interval = [0,inf)
relation_kg_num_interval = [0,inf)
MODEL_TYPE = ModelType.GENERAL
MODEL_INPUT_TYPE = InputType.PAIRWISE
eval_type = EvaluatorType.RANKING
single_spec = True
local_rank = 0
device = cuda
valid_neg_sample_args = {'distribution': 'uniform', 'sample_num': 'none'}
test_neg_sample_args = {'distribution': 'uniform', 'sample_num': 'none'}


Fri 17 Apr 2026 15:47:13 INFO  dataset
The number of users: 656
Average actions of users: 822.1984732824427
The number of items: 992
Average actions of items: 543.43087790111
The number of inters: 538540
The sparsity of the dataset: 17.243435287175444%
Remain Fields: ['user_id', 'item_id']
Fri 17 Apr 2026 15:47:14 INFO  [Training]: train_batch_size = [2048] train_neg_sample_args: [{'distribution': 'uniform', 'sample_num': 1, 'alpha': 1.0, 'dynamic': False, 'candidate_num': 0}]
Fri 17 Apr 2026 15:47:14 INFO  [Evaluation]: eval_batch_size = [2048] eval_args: [{'split': {'RS': [0.75, 0.2, 0.05]}, 'order': 'RO', 'group_by': 'user', 'mode': {'valid': 'full', 'test': 'full'}}]
