Wed 15 Apr 2026 13:57:20 INFO  ['main.py', 'babyLFM2b1k', '58', '--clean', '--model', 'BPR', '--choice-model', 'consume_all', '--config', 'recbole_config_default.yaml']
Wed 15 Apr 2026 13:57:20 INFO  
General Hyper Parameters:
gpu_id = 0
use_gpu = True
seed = 2020
state = INFO
reproducibility = True
data_path = recbole_tmp/dataset
checkpoint_dir = saved
show_progress = True
save_dataset = False
dataset_save_path = None
save_dataloaders = False
dataloaders_save_path = None
log_wandb = False

Training Hyper Parameters:
epochs = 15
train_batch_size = 2048
learner = adam
learning_rate = 0.001
train_neg_sample_args = {'distribution': 'uniform', 'sample_num': 1, 'alpha': 1.0, 'dynamic': False, 'candidate_num': 0}
eval_step = 1
stopping_step = 5
clip_grad_norm = None
weight_decay = 0.0
loss_decimal_place = 4

Evaluation Hyper Parameters:
eval_args = {'split': {'RS': [0.75, 0.2, 0.05]}, 'order': 'RO', 'group_by': 'user', 'mode': {'valid': 'full', 'test': 'full'}}
repeatable = False
metrics = ['NDCG']
topk = [10]
valid_metric = NDCG@10
valid_metric_bigger = True
eval_batch_size = 2048
metric_decimal_place = 6

Dataset Hyper Parameters:
field_separator = 	
seq_separator =  
USER_ID_FIELD = user_id
ITEM_ID_FIELD = item_id
RATING_FIELD = rating
TIME_FIELD = timestamp
seq_len = None
LABEL_FIELD = label
threshold = None
NEG_PREFIX = neg_
load_col = {'inter': ['user_id', 'item_id']}
unload_col = None
unused_col = None
additional_feat_suffix = None
rm_dup_inter = None
val_interval = None
filter_inter_by_user_or_item = True
user_inter_num_interval = [0,inf)
item_inter_num_interval = [0,inf)
alias_of_user_id = None
alias_of_item_id = None
alias_of_entity_id = None
alias_of_relation_id = None
preload_weight = None
normalize_field = None
normalize_all = None
ITEM_LIST_LENGTH_FIELD = item_length
LIST_SUFFIX = _list
MAX_ITEM_LIST_LENGTH = 500
POSITION_FIELD = position_id
HEAD_ENTITY_ID_FIELD = head_id
TAIL_ENTITY_ID_FIELD = tail_id
RELATION_ID_FIELD = relation_id
ENTITY_ID_FIELD = entity_id
benchmark_filename = None

Other Hyper Parameters: 
worker = 0
wandb_project = recbole
shuffle = True
require_pow = False
enable_amp = False
enable_scaler = False
transform = None
embedding_size = 256
numerical_features = []
discretization = None
kg_reverse_r = False
entity_kg_num_interval = [0,inf)
relation_kg_num_interval = [0,inf)
MODEL_TYPE = ModelType.GENERAL
MODEL_INPUT_TYPE = InputType.PAIRWISE
eval_type = EvaluatorType.RANKING
single_spec = True
local_rank = 0
device = cuda
valid_neg_sample_args = {'distribution': 'uniform', 'sample_num': 'none'}
test_neg_sample_args = {'distribution': 'uniform', 'sample_num': 'none'}


Wed 15 Apr 2026 13:57:21 INFO  dataset
The number of users: 656
Average actions of users: 592.2335877862596
The number of items: 992
Average actions of items: 391.4359233097881
The number of inters: 387913
The sparsity of the dataset: 40.39004106018883%
Remain Fields: ['user_id', 'item_id']
Wed 15 Apr 2026 13:57:21 INFO  Preparing dataset
Wed 15 Apr 2026 13:57:22 INFO  [Training]: train_batch_size = [2048] train_neg_sample_args: [{'distribution': 'uniform', 'sample_num': 1, 'alpha': 1.0, 'dynamic': False, 'candidate_num': 0}]
Wed 15 Apr 2026 13:57:22 INFO  [Evaluation]: eval_batch_size = [2048] eval_args: [{'split': {'RS': [0.75, 0.2, 0.05]}, 'order': 'RO', 'group_by': 'user', 'mode': {'valid': 'full', 'test': 'full'}}]
Wed 15 Apr 2026 13:57:22 INFO  Done!
Wed 15 Apr 2026 13:57:22 INFO  BPR(
  (user_embedding): Embedding(656, 256)
  (item_embedding): Embedding(992, 256)
  (loss): BPRLoss()
)
Trainable parameters: 421888
Wed 15 Apr 2026 13:57:22 INFO  FLOPs: 512.0
Wed 15 Apr 2026 13:57:26 INFO  epoch 0 training [time: 2.07s, train loss: 90.5722]
Wed 15 Apr 2026 13:57:29 INFO  epoch 0 evaluating [time: 3.25s, valid_score: 0.822423]
Wed 15 Apr 2026 13:57:29 INFO  valid result: 
ndcg@10 : 0.822423
Wed 15 Apr 2026 13:57:29 INFO  Saving current: saved/BPR-Apr-15-2026_13-57-22.pth
Wed 15 Apr 2026 13:57:31 INFO  epoch 1 training [time: 1.98s, train loss: 35.9040]
Wed 15 Apr 2026 13:57:34 INFO  epoch 1 evaluating [time: 3.11s, valid_score: 0.819797]
Wed 15 Apr 2026 13:57:34 INFO  valid result: 
ndcg@10 : 0.819797
Wed 15 Apr 2026 13:57:36 INFO  epoch 2 training [time: 1.93s, train loss: 29.9532]
Wed 15 Apr 2026 13:57:39 INFO  epoch 2 evaluating [time: 3.14s, valid_score: 0.825741]
Wed 15 Apr 2026 13:57:39 INFO  valid result: 
ndcg@10 : 0.825741
Wed 15 Apr 2026 13:57:39 INFO  Saving current: saved/BPR-Apr-15-2026_13-57-22.pth
Wed 15 Apr 2026 13:57:41 INFO  epoch 3 training [time: 1.97s, train loss: 29.2192]
Wed 15 Apr 2026 13:57:44 INFO  epoch 3 evaluating [time: 3.04s, valid_score: 0.818536]
Wed 15 Apr 2026 13:57:44 INFO  valid result: 
ndcg@10 : 0.818536
Wed 15 Apr 2026 13:57:46 INFO  epoch 4 training [time: 1.92s, train loss: 28.9054]
Wed 15 Apr 2026 13:57:52 INFO  epoch 4 evaluating [time: 6.20s, valid_score: 0.826607]
Wed 15 Apr 2026 13:57:52 INFO  valid result: 
ndcg@10 : 0.826607
Wed 15 Apr 2026 13:57:52 INFO  Saving current: saved/BPR-Apr-15-2026_13-57-22.pth
Wed 15 Apr 2026 13:57:55 INFO  epoch 5 training [time: 3.10s, train loss: 28.0900]
Wed 15 Apr 2026 13:58:04 INFO  epoch 5 evaluating [time: 8.76s, valid_score: 0.822350]
Wed 15 Apr 2026 13:58:04 INFO  valid result: 
ndcg@10 : 0.82235
Wed 15 Apr 2026 13:58:07 INFO  epoch 6 training [time: 3.17s, train loss: 27.2245]
Wed 15 Apr 2026 13:58:15 INFO  epoch 6 evaluating [time: 7.88s, valid_score: 0.833964]
Wed 15 Apr 2026 13:58:15 INFO  valid result: 
ndcg@10 : 0.833964
Wed 15 Apr 2026 13:58:15 INFO  Saving current: saved/BPR-Apr-15-2026_13-57-22.pth
Wed 15 Apr 2026 13:58:17 INFO  epoch 7 training [time: 1.89s, train loss: 26.4682]
Wed 15 Apr 2026 13:58:20 INFO  epoch 7 evaluating [time: 3.21s, valid_score: 0.830743]
Wed 15 Apr 2026 13:58:20 INFO  valid result: 
ndcg@10 : 0.830743
Wed 15 Apr 2026 13:58:22 INFO  epoch 8 training [time: 1.89s, train loss: 25.3088]
Wed 15 Apr 2026 13:58:25 INFO  epoch 8 evaluating [time: 3.12s, valid_score: 0.836553]
Wed 15 Apr 2026 13:58:25 INFO  valid result: 
ndcg@10 : 0.836553
Wed 15 Apr 2026 13:58:25 INFO  Saving current: saved/BPR-Apr-15-2026_13-57-22.pth
Wed 15 Apr 2026 13:58:27 INFO  epoch 9 training [time: 1.82s, train loss: 24.0161]
Wed 15 Apr 2026 13:58:30 INFO  epoch 9 evaluating [time: 3.21s, valid_score: 0.836360]
Wed 15 Apr 2026 13:58:30 INFO  valid result: 
ndcg@10 : 0.83636
Wed 15 Apr 2026 13:58:32 INFO  epoch 10 training [time: 1.88s, train loss: 22.8404]
Wed 15 Apr 2026 13:58:35 INFO  epoch 10 evaluating [time: 3.22s, valid_score: 0.839573]
Wed 15 Apr 2026 13:58:35 INFO  valid result: 
ndcg@10 : 0.839573
Wed 15 Apr 2026 13:58:35 INFO  Saving current: saved/BPR-Apr-15-2026_13-57-22.pth
Wed 15 Apr 2026 13:58:37 INFO  epoch 11 training [time: 1.87s, train loss: 21.5385]
Wed 15 Apr 2026 13:58:41 INFO  epoch 11 evaluating [time: 3.23s, valid_score: 0.841760]
Wed 15 Apr 2026 13:58:41 INFO  valid result: 
ndcg@10 : 0.84176
Wed 15 Apr 2026 13:58:41 INFO  Saving current: saved/BPR-Apr-15-2026_13-57-22.pth
Wed 15 Apr 2026 13:58:43 INFO  epoch 12 training [time: 2.02s, train loss: 20.3186]
Wed 15 Apr 2026 13:58:46 INFO  epoch 12 evaluating [time: 3.06s, valid_score: 0.843242]
Wed 15 Apr 2026 13:58:46 INFO  valid result: 
ndcg@10 : 0.843242
Wed 15 Apr 2026 13:58:46 INFO  Saving current: saved/BPR-Apr-15-2026_13-57-22.pth
Wed 15 Apr 2026 13:58:48 INFO  epoch 13 training [time: 1.80s, train loss: 18.9911]
Wed 15 Apr 2026 13:58:50 INFO  epoch 13 evaluating [time: 2.95s, valid_score: 0.846276]
Wed 15 Apr 2026 13:58:50 INFO  valid result: 
ndcg@10 : 0.846276
Wed 15 Apr 2026 13:58:50 INFO  Saving current: saved/BPR-Apr-15-2026_13-57-22.pth
Wed 15 Apr 2026 13:58:52 INFO  epoch 14 training [time: 1.88s, train loss: 17.8782]
Wed 15 Apr 2026 13:58:55 INFO  epoch 14 evaluating [time: 3.11s, valid_score: 0.843792]
Wed 15 Apr 2026 13:58:55 INFO  valid result: 
ndcg@10 : 0.843792
Wed 15 Apr 2026 13:58:55 INFO  best valid : OrderedDict([('ndcg@10', 0.846276)])
Wed 15 Apr 2026 13:58:55 INFO  
General Hyper Parameters:
gpu_id = 0
use_gpu = True
seed = 2020
state = INFO
reproducibility = True
data_path = recbole_tmp/dataset
checkpoint_dir = saved
show_progress = True
save_dataset = False
dataset_save_path = None
save_dataloaders = False
dataloaders_save_path = None
log_wandb = False

Training Hyper Parameters:
epochs = 15
train_batch_size = 2048
learner = adam
learning_rate = 0.001
train_neg_sample_args = {'distribution': 'uniform', 'sample_num': 1, 'alpha': 1.0, 'dynamic': False, 'candidate_num': 0}
eval_step = 1
stopping_step = 5
clip_grad_norm = None
weight_decay = 0.0
loss_decimal_place = 4

Evaluation Hyper Parameters:
eval_args = {'split': {'RS': [0.75, 0.2, 0.05]}, 'order': 'RO', 'group_by': 'user', 'mode': {'valid': 'full', 'test': 'full'}}
repeatable = False
metrics = ['NDCG']
topk = [10]
valid_metric = NDCG@10
valid_metric_bigger = True
eval_batch_size = 2048
metric_decimal_place = 6

Dataset Hyper Parameters:
field_separator = 	
seq_separator =  
USER_ID_FIELD = user_id
ITEM_ID_FIELD = item_id
RATING_FIELD = rating
TIME_FIELD = timestamp
seq_len = None
LABEL_FIELD = label
threshold = None
NEG_PREFIX = neg_
load_col = {'inter': ['user_id', 'item_id']}
unload_col = None
unused_col = None
additional_feat_suffix = None
rm_dup_inter = None
val_interval = None
filter_inter_by_user_or_item = True
user_inter_num_interval = [0,inf)
item_inter_num_interval = [0,inf)
alias_of_user_id = None
alias_of_item_id = None
alias_of_entity_id = None
alias_of_relation_id = None
preload_weight = None
normalize_field = None
normalize_all = None
ITEM_LIST_LENGTH_FIELD = item_length
LIST_SUFFIX = _list
MAX_ITEM_LIST_LENGTH = 500
POSITION_FIELD = position_id
HEAD_ENTITY_ID_FIELD = head_id
TAIL_ENTITY_ID_FIELD = tail_id
RELATION_ID_FIELD = relation_id
ENTITY_ID_FIELD = entity_id
benchmark_filename = None

Other Hyper Parameters: 
worker = 0
wandb_project = recbole
shuffle = True
require_pow = False
enable_amp = False
enable_scaler = False
transform = None
embedding_size = 256
numerical_features = []
discretization = None
kg_reverse_r = False
entity_kg_num_interval = [0,inf)
relation_kg_num_interval = [0,inf)
MODEL_TYPE = ModelType.GENERAL
MODEL_INPUT_TYPE = InputType.PAIRWISE
eval_type = EvaluatorType.RANKING
single_spec = True
local_rank = 0
device = cuda
valid_neg_sample_args = {'distribution': 'uniform', 'sample_num': 'none'}
test_neg_sample_args = {'distribution': 'uniform', 'sample_num': 'none'}


Wed 15 Apr 2026 13:58:56 INFO  dataset
The number of users: 656
Average actions of users: 592.2335877862596
The number of items: 992
Average actions of items: 391.4359233097881
The number of inters: 387913
The sparsity of the dataset: 40.39004106018883%
Remain Fields: ['user_id', 'item_id']
Wed 15 Apr 2026 13:58:57 INFO  [Training]: train_batch_size = [2048] train_neg_sample_args: [{'distribution': 'uniform', 'sample_num': 1, 'alpha': 1.0, 'dynamic': False, 'candidate_num': 0}]
Wed 15 Apr 2026 13:58:57 INFO  [Evaluation]: eval_batch_size = [2048] eval_args: [{'split': {'RS': [0.75, 0.2, 0.05]}, 'order': 'RO', 'group_by': 'user', 'mode': {'valid': 'full', 'test': 'full'}}]
