Wed 15 Apr 2026 12:56:56 INFO  ['main.py', 'babyLFM2b1k', '3', '--clean', '--model', 'BPR', '--choice-model', 'consume_all', '--config', 'recbole_config_default.yaml']
Wed 15 Apr 2026 12:56:56 INFO  
General Hyper Parameters:
gpu_id = 0
use_gpu = True
seed = 2020
state = INFO
reproducibility = True
data_path = recbole_tmp/dataset
checkpoint_dir = saved
show_progress = True
save_dataset = False
dataset_save_path = None
save_dataloaders = False
dataloaders_save_path = None
log_wandb = False

Training Hyper Parameters:
epochs = 15
train_batch_size = 2048
learner = adam
learning_rate = 0.001
train_neg_sample_args = {'distribution': 'uniform', 'sample_num': 1, 'alpha': 1.0, 'dynamic': False, 'candidate_num': 0}
eval_step = 1
stopping_step = 5
clip_grad_norm = None
weight_decay = 0.0
loss_decimal_place = 4

Evaluation Hyper Parameters:
eval_args = {'split': {'RS': [0.75, 0.2, 0.05]}, 'order': 'RO', 'group_by': 'user', 'mode': {'valid': 'full', 'test': 'full'}}
repeatable = False
metrics = ['NDCG']
topk = [10]
valid_metric = NDCG@10
valid_metric_bigger = True
eval_batch_size = 2048
metric_decimal_place = 6

Dataset Hyper Parameters:
field_separator = 	
seq_separator =  
USER_ID_FIELD = user_id
ITEM_ID_FIELD = item_id
RATING_FIELD = rating
TIME_FIELD = timestamp
seq_len = None
LABEL_FIELD = label
threshold = None
NEG_PREFIX = neg_
load_col = {'inter': ['user_id', 'item_id']}
unload_col = None
unused_col = None
additional_feat_suffix = None
rm_dup_inter = None
val_interval = None
filter_inter_by_user_or_item = True
user_inter_num_interval = [0,inf)
item_inter_num_interval = [0,inf)
alias_of_user_id = None
alias_of_item_id = None
alias_of_entity_id = None
alias_of_relation_id = None
preload_weight = None
normalize_field = None
normalize_all = None
ITEM_LIST_LENGTH_FIELD = item_length
LIST_SUFFIX = _list
MAX_ITEM_LIST_LENGTH = 500
POSITION_FIELD = position_id
HEAD_ENTITY_ID_FIELD = head_id
TAIL_ENTITY_ID_FIELD = tail_id
RELATION_ID_FIELD = relation_id
ENTITY_ID_FIELD = entity_id
benchmark_filename = None

Other Hyper Parameters: 
worker = 0
wandb_project = recbole
shuffle = True
require_pow = False
enable_amp = False
enable_scaler = False
transform = None
embedding_size = 256
numerical_features = []
discretization = None
kg_reverse_r = False
entity_kg_num_interval = [0,inf)
relation_kg_num_interval = [0,inf)
MODEL_TYPE = ModelType.GENERAL
MODEL_INPUT_TYPE = InputType.PAIRWISE
eval_type = EvaluatorType.RANKING
single_spec = True
local_rank = 0
device = cuda
valid_neg_sample_args = {'distribution': 'uniform', 'sample_num': 'none'}
test_neg_sample_args = {'distribution': 'uniform', 'sample_num': 'none'}


Wed 15 Apr 2026 12:56:56 INFO  dataset
The number of users: 656
Average actions of users: 42.3175572519084
The number of items: 992
Average actions of items: 27.96972754793138
The number of inters: 27718
The sparsity of the dataset: 95.74062008261211%
Remain Fields: ['user_id', 'item_id']
Wed 15 Apr 2026 12:56:56 INFO  Preparing dataset
Wed 15 Apr 2026 12:56:56 INFO  [Training]: train_batch_size = [2048] train_neg_sample_args: [{'distribution': 'uniform', 'sample_num': 1, 'alpha': 1.0, 'dynamic': False, 'candidate_num': 0}]
Wed 15 Apr 2026 12:56:56 INFO  [Evaluation]: eval_batch_size = [2048] eval_args: [{'split': {'RS': [0.75, 0.2, 0.05]}, 'order': 'RO', 'group_by': 'user', 'mode': {'valid': 'full', 'test': 'full'}}]
Wed 15 Apr 2026 12:56:56 INFO  Done!
Wed 15 Apr 2026 12:56:56 INFO  BPR(
  (user_embedding): Embedding(656, 256)
  (item_embedding): Embedding(992, 256)
  (loss): BPRLoss()
)
Trainable parameters: 421888
Wed 15 Apr 2026 12:56:57 INFO  FLOPs: 512.0
Wed 15 Apr 2026 12:56:58 INFO  epoch 0 training [time: 0.24s, train loss: 7.5737]
Wed 15 Apr 2026 12:57:01 INFO  epoch 0 evaluating [time: 3.02s, valid_score: 0.047195]
Wed 15 Apr 2026 12:57:01 INFO  valid result: 
ndcg@10 : 0.047195
Wed 15 Apr 2026 12:57:01 INFO  Saving current: saved/BPR-Apr-15-2026_12-56-57.pth
Wed 15 Apr 2026 12:57:01 INFO  epoch 1 training [time: 0.16s, train loss: 7.4108]
Wed 15 Apr 2026 12:57:04 INFO  epoch 1 evaluating [time: 3.17s, valid_score: 0.120500]
Wed 15 Apr 2026 12:57:04 INFO  valid result: 
ndcg@10 : 0.1205
Wed 15 Apr 2026 12:57:04 INFO  Saving current: saved/BPR-Apr-15-2026_12-56-57.pth
Wed 15 Apr 2026 12:57:05 INFO  epoch 2 training [time: 0.15s, train loss: 7.2475]
Wed 15 Apr 2026 12:57:08 INFO  epoch 2 evaluating [time: 3.11s, valid_score: 0.187391]
Wed 15 Apr 2026 12:57:08 INFO  valid result: 
ndcg@10 : 0.187391
Wed 15 Apr 2026 12:57:08 INFO  Saving current: saved/BPR-Apr-15-2026_12-56-57.pth
Wed 15 Apr 2026 12:57:08 INFO  epoch 3 training [time: 0.16s, train loss: 7.0640]
Wed 15 Apr 2026 12:57:11 INFO  epoch 3 evaluating [time: 3.25s, valid_score: 0.244853]
Wed 15 Apr 2026 12:57:11 INFO  valid result: 
ndcg@10 : 0.244853
Wed 15 Apr 2026 12:57:11 INFO  Saving current: saved/BPR-Apr-15-2026_12-56-57.pth
Wed 15 Apr 2026 12:57:11 INFO  epoch 4 training [time: 0.16s, train loss: 6.8528]
Wed 15 Apr 2026 12:57:14 INFO  epoch 4 evaluating [time: 2.87s, valid_score: 0.300365]
Wed 15 Apr 2026 12:57:14 INFO  valid result: 
ndcg@10 : 0.300365
Wed 15 Apr 2026 12:57:14 INFO  Saving current: saved/BPR-Apr-15-2026_12-56-57.pth
Wed 15 Apr 2026 12:57:14 INFO  epoch 5 training [time: 0.16s, train loss: 6.6030]
Wed 15 Apr 2026 12:57:17 INFO  epoch 5 evaluating [time: 2.91s, valid_score: 0.349176]
Wed 15 Apr 2026 12:57:17 INFO  valid result: 
ndcg@10 : 0.349176
Wed 15 Apr 2026 12:57:17 INFO  Saving current: saved/BPR-Apr-15-2026_12-56-57.pth
Wed 15 Apr 2026 12:57:17 INFO  epoch 6 training [time: 0.16s, train loss: 6.3063]
Wed 15 Apr 2026 12:57:20 INFO  epoch 6 evaluating [time: 3.06s, valid_score: 0.388238]
Wed 15 Apr 2026 12:57:20 INFO  valid result: 
ndcg@10 : 0.388238
Wed 15 Apr 2026 12:57:21 INFO  Saving current: saved/BPR-Apr-15-2026_12-56-57.pth
Wed 15 Apr 2026 12:57:21 INFO  epoch 7 training [time: 0.16s, train loss: 5.9712]
Wed 15 Apr 2026 12:57:24 INFO  epoch 7 evaluating [time: 3.05s, valid_score: 0.411777]
Wed 15 Apr 2026 12:57:24 INFO  valid result: 
ndcg@10 : 0.411777
Wed 15 Apr 2026 12:57:24 INFO  Saving current: saved/BPR-Apr-15-2026_12-56-57.pth
Wed 15 Apr 2026 12:57:24 INFO  epoch 8 training [time: 0.16s, train loss: 5.5794]
Wed 15 Apr 2026 12:57:27 INFO  epoch 8 evaluating [time: 3.15s, valid_score: 0.418445]
Wed 15 Apr 2026 12:57:27 INFO  valid result: 
ndcg@10 : 0.418445
Wed 15 Apr 2026 12:57:27 INFO  Saving current: saved/BPR-Apr-15-2026_12-56-57.pth
Wed 15 Apr 2026 12:57:27 INFO  epoch 9 training [time: 0.12s, train loss: 5.1615]
Wed 15 Apr 2026 12:57:30 INFO  epoch 9 evaluating [time: 3.11s, valid_score: 0.413225]
Wed 15 Apr 2026 12:57:30 INFO  valid result: 
ndcg@10 : 0.413225
Wed 15 Apr 2026 12:57:30 INFO  epoch 10 training [time: 0.14s, train loss: 4.7149]
Wed 15 Apr 2026 12:57:33 INFO  epoch 10 evaluating [time: 2.90s, valid_score: 0.404786]
Wed 15 Apr 2026 12:57:33 INFO  valid result: 
ndcg@10 : 0.404786
Wed 15 Apr 2026 12:57:33 INFO  epoch 11 training [time: 0.16s, train loss: 4.2586]
Wed 15 Apr 2026 12:57:37 INFO  epoch 11 evaluating [time: 3.02s, valid_score: 0.395826]
Wed 15 Apr 2026 12:57:37 INFO  valid result: 
ndcg@10 : 0.395826
Wed 15 Apr 2026 12:57:37 INFO  epoch 12 training [time: 0.09s, train loss: 3.8204]
Wed 15 Apr 2026 12:57:40 INFO  epoch 12 evaluating [time: 3.15s, valid_score: 0.387256]
Wed 15 Apr 2026 12:57:40 INFO  valid result: 
ndcg@10 : 0.387256
Wed 15 Apr 2026 12:57:40 INFO  epoch 13 training [time: 0.12s, train loss: 3.4382]
Wed 15 Apr 2026 12:57:43 INFO  epoch 13 evaluating [time: 3.16s, valid_score: 0.379254]
Wed 15 Apr 2026 12:57:43 INFO  valid result: 
ndcg@10 : 0.379254
Wed 15 Apr 2026 12:57:43 INFO  epoch 14 training [time: 0.15s, train loss: 3.0839]
Wed 15 Apr 2026 12:57:46 INFO  epoch 14 evaluating [time: 3.07s, valid_score: 0.374518]
Wed 15 Apr 2026 12:57:46 INFO  valid result: 
ndcg@10 : 0.374518
Wed 15 Apr 2026 12:57:46 INFO  Finished training, best eval result in epoch 8
Wed 15 Apr 2026 12:57:46 INFO  best valid : OrderedDict([('ndcg@10', 0.418445)])
Wed 15 Apr 2026 12:57:46 INFO  
General Hyper Parameters:
gpu_id = 0
use_gpu = True
seed = 2020
state = INFO
reproducibility = True
data_path = recbole_tmp/dataset
checkpoint_dir = saved
show_progress = True
save_dataset = False
dataset_save_path = None
save_dataloaders = False
dataloaders_save_path = None
log_wandb = False

Training Hyper Parameters:
epochs = 15
train_batch_size = 2048
learner = adam
learning_rate = 0.001
train_neg_sample_args = {'distribution': 'uniform', 'sample_num': 1, 'alpha': 1.0, 'dynamic': False, 'candidate_num': 0}
eval_step = 1
stopping_step = 5
clip_grad_norm = None
weight_decay = 0.0
loss_decimal_place = 4

Evaluation Hyper Parameters:
eval_args = {'split': {'RS': [0.75, 0.2, 0.05]}, 'order': 'RO', 'group_by': 'user', 'mode': {'valid': 'full', 'test': 'full'}}
repeatable = False
metrics = ['NDCG']
topk = [10]
valid_metric = NDCG@10
valid_metric_bigger = True
eval_batch_size = 2048
metric_decimal_place = 6

Dataset Hyper Parameters:
field_separator = 	
seq_separator =  
USER_ID_FIELD = user_id
ITEM_ID_FIELD = item_id
RATING_FIELD = rating
TIME_FIELD = timestamp
seq_len = None
LABEL_FIELD = label
threshold = None
NEG_PREFIX = neg_
load_col = {'inter': ['user_id', 'item_id']}
unload_col = None
unused_col = None
additional_feat_suffix = None
rm_dup_inter = None
val_interval = None
filter_inter_by_user_or_item = True
user_inter_num_interval = [0,inf)
item_inter_num_interval = [0,inf)
alias_of_user_id = None
alias_of_item_id = None
alias_of_entity_id = None
alias_of_relation_id = None
preload_weight = None
normalize_field = None
normalize_all = None
ITEM_LIST_LENGTH_FIELD = item_length
LIST_SUFFIX = _list
MAX_ITEM_LIST_LENGTH = 500
POSITION_FIELD = position_id
HEAD_ENTITY_ID_FIELD = head_id
TAIL_ENTITY_ID_FIELD = tail_id
RELATION_ID_FIELD = relation_id
ENTITY_ID_FIELD = entity_id
benchmark_filename = None

Other Hyper Parameters: 
worker = 0
wandb_project = recbole
shuffle = True
require_pow = False
enable_amp = False
enable_scaler = False
transform = None
embedding_size = 256
numerical_features = []
discretization = None
kg_reverse_r = False
entity_kg_num_interval = [0,inf)
relation_kg_num_interval = [0,inf)
MODEL_TYPE = ModelType.GENERAL
MODEL_INPUT_TYPE = InputType.PAIRWISE
eval_type = EvaluatorType.RANKING
single_spec = True
local_rank = 0
device = cuda
valid_neg_sample_args = {'distribution': 'uniform', 'sample_num': 'none'}
test_neg_sample_args = {'distribution': 'uniform', 'sample_num': 'none'}


Wed 15 Apr 2026 12:57:46 INFO  dataset
The number of users: 656
Average actions of users: 42.3175572519084
The number of items: 992
Average actions of items: 27.96972754793138
The number of inters: 27718
The sparsity of the dataset: 95.74062008261211%
Remain Fields: ['user_id', 'item_id']
Wed 15 Apr 2026 12:57:46 INFO  [Training]: train_batch_size = [2048] train_neg_sample_args: [{'distribution': 'uniform', 'sample_num': 1, 'alpha': 1.0, 'dynamic': False, 'candidate_num': 0}]
Wed 15 Apr 2026 12:57:46 INFO  [Evaluation]: eval_batch_size = [2048] eval_args: [{'split': {'RS': [0.75, 0.2, 0.05]}, 'order': 'RO', 'group_by': 'user', 'mode': {'valid': 'full', 'test': 'full'}}]
