Wed 15 Apr 2026 14:25:11 INFO  ['main.py', 'babyLFM2b1k', '75', '--clean', '--model', 'BPR', '--choice-model', 'consume_all', '--config', 'recbole_config_default.yaml']
Wed 15 Apr 2026 14:25:11 INFO  
General Hyper Parameters:
gpu_id = 0
use_gpu = True
seed = 2020
state = INFO
reproducibility = True
data_path = recbole_tmp/dataset
checkpoint_dir = saved
show_progress = True
save_dataset = False
dataset_save_path = None
save_dataloaders = False
dataloaders_save_path = None
log_wandb = False

Training Hyper Parameters:
epochs = 15
train_batch_size = 2048
learner = adam
learning_rate = 0.001
train_neg_sample_args = {'distribution': 'uniform', 'sample_num': 1, 'alpha': 1.0, 'dynamic': False, 'candidate_num': 0}
eval_step = 1
stopping_step = 5
clip_grad_norm = None
weight_decay = 0.0
loss_decimal_place = 4

Evaluation Hyper Parameters:
eval_args = {'split': {'RS': [0.75, 0.2, 0.05]}, 'order': 'RO', 'group_by': 'user', 'mode': {'valid': 'full', 'test': 'full'}}
repeatable = False
metrics = ['NDCG']
topk = [10]
valid_metric = NDCG@10
valid_metric_bigger = True
eval_batch_size = 2048
metric_decimal_place = 6

Dataset Hyper Parameters:
field_separator = 	
seq_separator =  
USER_ID_FIELD = user_id
ITEM_ID_FIELD = item_id
RATING_FIELD = rating
TIME_FIELD = timestamp
seq_len = None
LABEL_FIELD = label
threshold = None
NEG_PREFIX = neg_
load_col = {'inter': ['user_id', 'item_id']}
unload_col = None
unused_col = None
additional_feat_suffix = None
rm_dup_inter = None
val_interval = None
filter_inter_by_user_or_item = True
user_inter_num_interval = [0,inf)
item_inter_num_interval = [0,inf)
alias_of_user_id = None
alias_of_item_id = None
alias_of_entity_id = None
alias_of_relation_id = None
preload_weight = None
normalize_field = None
normalize_all = None
ITEM_LIST_LENGTH_FIELD = item_length
LIST_SUFFIX = _list
MAX_ITEM_LIST_LENGTH = 500
POSITION_FIELD = position_id
HEAD_ENTITY_ID_FIELD = head_id
TAIL_ENTITY_ID_FIELD = tail_id
RELATION_ID_FIELD = relation_id
ENTITY_ID_FIELD = entity_id
benchmark_filename = None

Other Hyper Parameters: 
worker = 0
wandb_project = recbole
shuffle = True
require_pow = False
enable_amp = False
enable_scaler = False
transform = None
embedding_size = 256
numerical_features = []
discretization = None
kg_reverse_r = False
entity_kg_num_interval = [0,inf)
relation_kg_num_interval = [0,inf)
MODEL_TYPE = ModelType.GENERAL
MODEL_INPUT_TYPE = InputType.PAIRWISE
eval_type = EvaluatorType.RANKING
single_spec = True
local_rank = 0
device = cuda
valid_neg_sample_args = {'distribution': 'uniform', 'sample_num': 'none'}
test_neg_sample_args = {'distribution': 'uniform', 'sample_num': 'none'}


Wed 15 Apr 2026 14:25:13 INFO  dataset
The number of users: 656
Average actions of users: 762.2076335877863
The number of items: 992
Average actions of items: 503.7800201816347
The number of inters: 499246
The sparsity of the dataset: 23.281680271439818%
Remain Fields: ['user_id', 'item_id']
Wed 15 Apr 2026 14:25:13 INFO  Preparing dataset
Wed 15 Apr 2026 14:25:13 INFO  [Training]: train_batch_size = [2048] train_neg_sample_args: [{'distribution': 'uniform', 'sample_num': 1, 'alpha': 1.0, 'dynamic': False, 'candidate_num': 0}]
Wed 15 Apr 2026 14:25:13 INFO  [Evaluation]: eval_batch_size = [2048] eval_args: [{'split': {'RS': [0.75, 0.2, 0.05]}, 'order': 'RO', 'group_by': 'user', 'mode': {'valid': 'full', 'test': 'full'}}]
Wed 15 Apr 2026 14:25:13 INFO  Done!
Wed 15 Apr 2026 14:25:14 INFO  BPR(
  (user_embedding): Embedding(656, 256)
  (item_embedding): Embedding(992, 256)
  (loss): BPRLoss()
)
Trainable parameters: 421888
Wed 15 Apr 2026 14:25:14 INFO  FLOPs: 512.0
Wed 15 Apr 2026 14:25:18 INFO  epoch 0 training [time: 2.79s, train loss: 114.3056]
Wed 15 Apr 2026 14:25:21 INFO  epoch 0 evaluating [time: 3.25s, valid_score: 0.822224]
Wed 15 Apr 2026 14:25:21 INFO  valid result: 
ndcg@10 : 0.822224
Wed 15 Apr 2026 14:25:21 INFO  Saving current: saved/BPR-Apr-15-2026_14-25-14.pth
Wed 15 Apr 2026 14:25:24 INFO  epoch 1 training [time: 2.71s, train loss: 61.2888]
Wed 15 Apr 2026 14:25:27 INFO  epoch 1 evaluating [time: 3.34s, valid_score: 0.818095]
Wed 15 Apr 2026 14:25:27 INFO  valid result: 
ndcg@10 : 0.818095
Wed 15 Apr 2026 14:25:30 INFO  epoch 2 training [time: 2.63s, train loss: 56.7930]
Wed 15 Apr 2026 14:25:33 INFO  epoch 2 evaluating [time: 3.02s, valid_score: 0.822451]
Wed 15 Apr 2026 14:25:33 INFO  valid result: 
ndcg@10 : 0.822451
Wed 15 Apr 2026 14:25:33 INFO  Saving current: saved/BPR-Apr-15-2026_14-25-14.pth
Wed 15 Apr 2026 14:25:36 INFO  epoch 3 training [time: 2.62s, train loss: 55.2064]
Wed 15 Apr 2026 14:25:38 INFO  epoch 3 evaluating [time: 2.89s, valid_score: 0.821634]
Wed 15 Apr 2026 14:25:38 INFO  valid result: 
ndcg@10 : 0.821634
Wed 15 Apr 2026 14:25:41 INFO  epoch 4 training [time: 2.67s, train loss: 52.5847]
Wed 15 Apr 2026 14:25:44 INFO  epoch 4 evaluating [time: 3.15s, valid_score: 0.834818]
Wed 15 Apr 2026 14:25:44 INFO  valid result: 
ndcg@10 : 0.834818
Wed 15 Apr 2026 14:25:44 INFO  Saving current: saved/BPR-Apr-15-2026_14-25-14.pth
Wed 15 Apr 2026 14:25:47 INFO  epoch 5 training [time: 2.62s, train loss: 49.4207]
Wed 15 Apr 2026 14:25:50 INFO  epoch 5 evaluating [time: 3.28s, valid_score: 0.831116]
Wed 15 Apr 2026 14:25:50 INFO  valid result: 
ndcg@10 : 0.831116
Wed 15 Apr 2026 14:25:53 INFO  epoch 6 training [time: 2.60s, train loss: 46.2863]
Wed 15 Apr 2026 14:25:56 INFO  epoch 6 evaluating [time: 3.00s, valid_score: 0.838768]
Wed 15 Apr 2026 14:25:56 INFO  valid result: 
ndcg@10 : 0.838768
Wed 15 Apr 2026 14:25:56 INFO  Saving current: saved/BPR-Apr-15-2026_14-25-14.pth
Wed 15 Apr 2026 14:25:58 INFO  epoch 7 training [time: 2.53s, train loss: 42.5929]
Wed 15 Apr 2026 14:26:01 INFO  epoch 7 evaluating [time: 2.98s, valid_score: 0.835409]
Wed 15 Apr 2026 14:26:01 INFO  valid result: 
ndcg@10 : 0.835409
Wed 15 Apr 2026 14:26:04 INFO  epoch 8 training [time: 2.63s, train loss: 39.1020]
Wed 15 Apr 2026 14:26:07 INFO  epoch 8 evaluating [time: 3.13s, valid_score: 0.837887]
Wed 15 Apr 2026 14:26:07 INFO  valid result: 
ndcg@10 : 0.837887
Wed 15 Apr 2026 14:26:10 INFO  epoch 9 training [time: 2.66s, train loss: 35.8809]
Wed 15 Apr 2026 14:26:13 INFO  epoch 9 evaluating [time: 3.18s, valid_score: 0.836675]
Wed 15 Apr 2026 14:26:13 INFO  valid result: 
ndcg@10 : 0.836675
Wed 15 Apr 2026 14:26:16 INFO  epoch 10 training [time: 2.68s, train loss: 32.7563]
Wed 15 Apr 2026 14:26:19 INFO  epoch 10 evaluating [time: 3.02s, valid_score: 0.840484]
Wed 15 Apr 2026 14:26:19 INFO  valid result: 
ndcg@10 : 0.840484
Wed 15 Apr 2026 14:26:19 INFO  Saving current: saved/BPR-Apr-15-2026_14-25-14.pth
Wed 15 Apr 2026 14:26:21 INFO  epoch 11 training [time: 2.62s, train loss: 29.9728]
Wed 15 Apr 2026 14:26:24 INFO  epoch 11 evaluating [time: 3.15s, valid_score: 0.841381]
Wed 15 Apr 2026 14:26:24 INFO  valid result: 
ndcg@10 : 0.841381
Wed 15 Apr 2026 14:26:24 INFO  Saving current: saved/BPR-Apr-15-2026_14-25-14.pth
Wed 15 Apr 2026 14:26:27 INFO  epoch 12 training [time: 2.61s, train loss: 27.6978]
Wed 15 Apr 2026 14:26:30 INFO  epoch 12 evaluating [time: 3.06s, valid_score: 0.842755]
Wed 15 Apr 2026 14:26:30 INFO  valid result: 
ndcg@10 : 0.842755
Wed 15 Apr 2026 14:26:30 INFO  Saving current: saved/BPR-Apr-15-2026_14-25-14.pth
Wed 15 Apr 2026 14:26:33 INFO  epoch 13 training [time: 2.65s, train loss: 25.2575]
Wed 15 Apr 2026 14:26:36 INFO  epoch 13 evaluating [time: 3.09s, valid_score: 0.840254]
Wed 15 Apr 2026 14:26:36 INFO  valid result: 
ndcg@10 : 0.840254
Wed 15 Apr 2026 14:26:38 INFO  epoch 14 training [time: 2.61s, train loss: 23.1814]
Wed 15 Apr 2026 14:26:42 INFO  epoch 14 evaluating [time: 3.10s, valid_score: 0.840982]
Wed 15 Apr 2026 14:26:42 INFO  valid result: 
ndcg@10 : 0.840982
Wed 15 Apr 2026 14:26:42 INFO  best valid : OrderedDict([('ndcg@10', 0.842755)])
Wed 15 Apr 2026 14:26:42 INFO  
General Hyper Parameters:
gpu_id = 0
use_gpu = True
seed = 2020
state = INFO
reproducibility = True
data_path = recbole_tmp/dataset
checkpoint_dir = saved
show_progress = True
save_dataset = False
dataset_save_path = None
save_dataloaders = False
dataloaders_save_path = None
log_wandb = False

Training Hyper Parameters:
epochs = 15
train_batch_size = 2048
learner = adam
learning_rate = 0.001
train_neg_sample_args = {'distribution': 'uniform', 'sample_num': 1, 'alpha': 1.0, 'dynamic': False, 'candidate_num': 0}
eval_step = 1
stopping_step = 5
clip_grad_norm = None
weight_decay = 0.0
loss_decimal_place = 4

Evaluation Hyper Parameters:
eval_args = {'split': {'RS': [0.75, 0.2, 0.05]}, 'order': 'RO', 'group_by': 'user', 'mode': {'valid': 'full', 'test': 'full'}}
repeatable = False
metrics = ['NDCG']
topk = [10]
valid_metric = NDCG@10
valid_metric_bigger = True
eval_batch_size = 2048
metric_decimal_place = 6

Dataset Hyper Parameters:
field_separator = 	
seq_separator =  
USER_ID_FIELD = user_id
ITEM_ID_FIELD = item_id
RATING_FIELD = rating
TIME_FIELD = timestamp
seq_len = None
LABEL_FIELD = label
threshold = None
NEG_PREFIX = neg_
load_col = {'inter': ['user_id', 'item_id']}
unload_col = None
unused_col = None
additional_feat_suffix = None
rm_dup_inter = None
val_interval = None
filter_inter_by_user_or_item = True
user_inter_num_interval = [0,inf)
item_inter_num_interval = [0,inf)
alias_of_user_id = None
alias_of_item_id = None
alias_of_entity_id = None
alias_of_relation_id = None
preload_weight = None
normalize_field = None
normalize_all = None
ITEM_LIST_LENGTH_FIELD = item_length
LIST_SUFFIX = _list
MAX_ITEM_LIST_LENGTH = 500
POSITION_FIELD = position_id
HEAD_ENTITY_ID_FIELD = head_id
TAIL_ENTITY_ID_FIELD = tail_id
RELATION_ID_FIELD = relation_id
ENTITY_ID_FIELD = entity_id
benchmark_filename = None

Other Hyper Parameters: 
worker = 0
wandb_project = recbole
shuffle = True
require_pow = False
enable_amp = False
enable_scaler = False
transform = None
embedding_size = 256
numerical_features = []
discretization = None
kg_reverse_r = False
entity_kg_num_interval = [0,inf)
relation_kg_num_interval = [0,inf)
MODEL_TYPE = ModelType.GENERAL
MODEL_INPUT_TYPE = InputType.PAIRWISE
eval_type = EvaluatorType.RANKING
single_spec = True
local_rank = 0
device = cuda
valid_neg_sample_args = {'distribution': 'uniform', 'sample_num': 'none'}
test_neg_sample_args = {'distribution': 'uniform', 'sample_num': 'none'}


Wed 15 Apr 2026 14:26:43 INFO  dataset
The number of users: 656
Average actions of users: 762.2076335877863
The number of items: 992
Average actions of items: 503.7800201816347
The number of inters: 499246
The sparsity of the dataset: 23.281680271439818%
Remain Fields: ['user_id', 'item_id']
Wed 15 Apr 2026 14:26:44 INFO  [Training]: train_batch_size = [2048] train_neg_sample_args: [{'distribution': 'uniform', 'sample_num': 1, 'alpha': 1.0, 'dynamic': False, 'candidate_num': 0}]
Wed 15 Apr 2026 14:26:44 INFO  [Evaluation]: eval_batch_size = [2048] eval_args: [{'split': {'RS': [0.75, 0.2, 0.05]}, 'order': 'RO', 'group_by': 'user', 'mode': {'valid': 'full', 'test': 'full'}}]
