Fri 17 Apr 2026 15:22:04 INFO  ['main.py', 'babyLFM2b1k', '38', '--clean', '--model', 'BPR', '--choice-model', 'consume_all', '--config', 'recbole_config_default.yaml', '--warm-start']
Fri 17 Apr 2026 15:22:04 INFO  
General Hyper Parameters:
gpu_id = 0
use_gpu = True
seed = 2020
state = INFO
reproducibility = True
data_path = recbole_tmp/dataset
checkpoint_dir = saved
show_progress = True
save_dataset = False
dataset_save_path = None
save_dataloaders = False
dataloaders_save_path = None
log_wandb = False

Training Hyper Parameters:
epochs = 10
train_batch_size = 2048
learner = adam
learning_rate = 0.001
train_neg_sample_args = {'distribution': 'uniform', 'sample_num': 1, 'alpha': 1.0, 'dynamic': False, 'candidate_num': 0}
eval_step = 1
stopping_step = 500
clip_grad_norm = None
weight_decay = 0.0
loss_decimal_place = 4

Evaluation Hyper Parameters:
eval_args = {'split': {'RS': [0.75, 0.2, 0.05]}, 'order': 'RO', 'group_by': 'user', 'mode': {'valid': 'full', 'test': 'full'}}
repeatable = False
metrics = ['NDCG']
topk = [10]
valid_metric = NDCG@10
valid_metric_bigger = True
eval_batch_size = 2048
metric_decimal_place = 3

Dataset Hyper Parameters:
field_separator = 	
seq_separator =  
USER_ID_FIELD = user_id
ITEM_ID_FIELD = item_id
RATING_FIELD = rating
TIME_FIELD = timestamp
seq_len = None
LABEL_FIELD = label
threshold = None
NEG_PREFIX = neg_
load_col = {'inter': ['user_id', 'item_id']}
unload_col = None
unused_col = None
additional_feat_suffix = None
rm_dup_inter = None
val_interval = None
filter_inter_by_user_or_item = True
user_inter_num_interval = [0,inf)
item_inter_num_interval = [0,inf)
alias_of_user_id = None
alias_of_item_id = None
alias_of_entity_id = None
alias_of_relation_id = None
preload_weight = None
normalize_field = None
normalize_all = None
ITEM_LIST_LENGTH_FIELD = item_length
LIST_SUFFIX = _list
MAX_ITEM_LIST_LENGTH = 500
POSITION_FIELD = position_id
HEAD_ENTITY_ID_FIELD = head_id
TAIL_ENTITY_ID_FIELD = tail_id
RELATION_ID_FIELD = relation_id
ENTITY_ID_FIELD = entity_id
benchmark_filename = None

Other Hyper Parameters: 
worker = 0
wandb_project = recbole
shuffle = True
require_pow = False
enable_amp = False
enable_scaler = False
transform = None
embedding_size = 256
numerical_features = []
discretization = None
kg_reverse_r = False
entity_kg_num_interval = [0,inf)
relation_kg_num_interval = [0,inf)
MODEL_TYPE = ModelType.GENERAL
MODEL_INPUT_TYPE = InputType.PAIRWISE
eval_type = EvaluatorType.RANKING
single_spec = True
local_rank = 0
device = cuda
valid_neg_sample_args = {'distribution': 'uniform', 'sample_num': 'none'}
test_neg_sample_args = {'distribution': 'uniform', 'sample_num': 'none'}


Fri 17 Apr 2026 15:22:05 INFO  dataset
The number of users: 656
Average actions of users: 392.26412213740457
The number of items: 992
Average actions of items: 259.26639757820385
The number of inters: 256933
The sparsity of the dataset: 60.51752434107003%
Remain Fields: ['user_id', 'item_id']
Fri 17 Apr 2026 15:22:05 INFO  Preparing dataset
Fri 17 Apr 2026 15:22:06 INFO  [Training]: train_batch_size = [2048] train_neg_sample_args: [{'distribution': 'uniform', 'sample_num': 1, 'alpha': 1.0, 'dynamic': False, 'candidate_num': 0}]
Fri 17 Apr 2026 15:22:06 INFO  [Evaluation]: eval_batch_size = [2048] eval_args: [{'split': {'RS': [0.75, 0.2, 0.05]}, 'order': 'RO', 'group_by': 'user', 'mode': {'valid': 'full', 'test': 'full'}}]
Fri 17 Apr 2026 15:22:06 INFO  Done!
Fri 17 Apr 2026 15:22:06 INFO  BPR(
  (user_embedding): Embedding(656, 256)
  (item_embedding): Embedding(992, 256)
  (loss): BPRLoss()
)
Trainable parameters: 421888
Fri 17 Apr 2026 15:22:06 INFO  FLOPs: 512.0
Fri 17 Apr 2026 15:22:07 INFO  Resuming training from checkpoint: experiments/babyLFM2b1k/output/iteration_37_checkpoint.pth
Fri 17 Apr 2026 15:22:07 INFO  Checkpoint loaded. Resume training from epoch 11
Fri 17 Apr 2026 15:22:08 INFO  epoch 0 training [time: 1.03s, train loss: 15.4361]
Fri 17 Apr 2026 15:22:09 INFO  epoch 0 evaluating [time: 0.97s, valid_score: 0.814000]
Fri 17 Apr 2026 15:22:09 INFO  valid result: 
ndcg@10 : 0.814
Fri 17 Apr 2026 15:22:09 INFO  Saving current: experiments/babyLFM2b1k/output/iteration_37_checkpoint.pth
Fri 17 Apr 2026 15:22:10 INFO  epoch 1 training [time: 0.78s, train loss: 12.6096]
Fri 17 Apr 2026 15:22:11 INFO  epoch 1 evaluating [time: 0.80s, valid_score: 0.817000]
Fri 17 Apr 2026 15:22:11 INFO  valid result: 
ndcg@10 : 0.817
Fri 17 Apr 2026 15:22:11 INFO  Saving current: experiments/babyLFM2b1k/output/iteration_37_checkpoint.pth
Fri 17 Apr 2026 15:22:12 INFO  epoch 2 training [time: 0.87s, train loss: 11.5606]
Fri 17 Apr 2026 15:22:12 INFO  epoch 2 evaluating [time: 0.50s, valid_score: 0.821000]
Fri 17 Apr 2026 15:22:12 INFO  valid result: 
ndcg@10 : 0.821
Fri 17 Apr 2026 15:22:12 INFO  Saving current: experiments/babyLFM2b1k/output/iteration_37_checkpoint.pth
Fri 17 Apr 2026 15:22:13 INFO  epoch 3 training [time: 0.74s, train loss: 10.7973]
Fri 17 Apr 2026 15:22:14 INFO  epoch 3 evaluating [time: 0.68s, valid_score: 0.823000]
Fri 17 Apr 2026 15:22:14 INFO  valid result: 
ndcg@10 : 0.823
Fri 17 Apr 2026 15:22:14 INFO  Saving current: experiments/babyLFM2b1k/output/iteration_37_checkpoint.pth
Fri 17 Apr 2026 15:22:14 INFO  epoch 4 training [time: 0.63s, train loss: 10.3657]
Fri 17 Apr 2026 15:22:15 INFO  epoch 4 evaluating [time: 0.50s, valid_score: 0.827000]
Fri 17 Apr 2026 15:22:15 INFO  valid result: 
ndcg@10 : 0.827
Fri 17 Apr 2026 15:22:15 INFO  Saving current: experiments/babyLFM2b1k/output/iteration_37_checkpoint.pth
Fri 17 Apr 2026 15:22:15 INFO  epoch 5 training [time: 0.74s, train loss: 9.8477]
Fri 17 Apr 2026 15:22:16 INFO  epoch 5 evaluating [time: 0.50s, valid_score: 0.829000]
Fri 17 Apr 2026 15:22:16 INFO  valid result: 
ndcg@10 : 0.829
Fri 17 Apr 2026 15:22:16 INFO  Saving current: experiments/babyLFM2b1k/output/iteration_37_checkpoint.pth
Fri 17 Apr 2026 15:22:17 INFO  epoch 6 training [time: 0.60s, train loss: 9.5598]
Fri 17 Apr 2026 15:22:17 INFO  epoch 6 evaluating [time: 0.88s, valid_score: 0.827000]
Fri 17 Apr 2026 15:22:17 INFO  valid result: 
ndcg@10 : 0.827
Fri 17 Apr 2026 15:22:18 INFO  epoch 7 training [time: 0.87s, train loss: 9.1940]
Fri 17 Apr 2026 15:22:19 INFO  epoch 7 evaluating [time: 0.54s, valid_score: 0.832000]
Fri 17 Apr 2026 15:22:19 INFO  valid result: 
ndcg@10 : 0.832
Fri 17 Apr 2026 15:22:19 INFO  Saving current: experiments/babyLFM2b1k/output/iteration_37_checkpoint.pth
Fri 17 Apr 2026 15:22:20 INFO  epoch 8 training [time: 0.63s, train loss: 8.9840]
Fri 17 Apr 2026 15:22:20 INFO  epoch 8 evaluating [time: 0.98s, valid_score: 0.835000]
Fri 17 Apr 2026 15:22:20 INFO  valid result: 
ndcg@10 : 0.835
Fri 17 Apr 2026 15:22:21 INFO  Saving current: experiments/babyLFM2b1k/output/iteration_37_checkpoint.pth
Fri 17 Apr 2026 15:22:21 INFO  epoch 9 training [time: 0.64s, train loss: 8.6938]
Fri 17 Apr 2026 15:22:22 INFO  epoch 9 evaluating [time: 1.07s, valid_score: 0.837000]
Fri 17 Apr 2026 15:22:22 INFO  valid result: 
ndcg@10 : 0.837
Fri 17 Apr 2026 15:22:22 INFO  Saving current: experiments/babyLFM2b1k/output/iteration_37_checkpoint.pth
Fri 17 Apr 2026 15:22:22 INFO  best valid : OrderedDict([('ndcg@10', 0.837)])
Fri 17 Apr 2026 15:22:22 INFO  No new best model saved (score did not improve). Force-saving current model state to: saved/iteration_37_checkpoint.pth
Fri 17 Apr 2026 15:22:22 INFO  Saving current: saved/iteration_37_checkpoint.pth
Fri 17 Apr 2026 15:22:22 INFO  
General Hyper Parameters:
gpu_id = 0
use_gpu = True
seed = 2020
state = INFO
reproducibility = True
data_path = recbole_tmp/dataset
checkpoint_dir = saved
show_progress = True
save_dataset = False
dataset_save_path = None
save_dataloaders = False
dataloaders_save_path = None
log_wandb = False

Training Hyper Parameters:
epochs = 10
train_batch_size = 2048
learner = adam
learning_rate = 0.001
train_neg_sample_args = {'distribution': 'uniform', 'sample_num': 1, 'alpha': 1.0, 'dynamic': False, 'candidate_num': 0}
eval_step = 1
stopping_step = 500
clip_grad_norm = None
weight_decay = 0.0
loss_decimal_place = 4

Evaluation Hyper Parameters:
eval_args = {'split': {'RS': [0.75, 0.2, 0.05]}, 'order': 'RO', 'group_by': 'user', 'mode': {'valid': 'full', 'test': 'full'}}
repeatable = False
metrics = ['NDCG']
topk = [10]
valid_metric = NDCG@10
valid_metric_bigger = True
eval_batch_size = 2048
metric_decimal_place = 3

Dataset Hyper Parameters:
field_separator = 	
seq_separator =  
USER_ID_FIELD = user_id
ITEM_ID_FIELD = item_id
RATING_FIELD = rating
TIME_FIELD = timestamp
seq_len = None
LABEL_FIELD = label
threshold = None
NEG_PREFIX = neg_
load_col = {'inter': ['user_id', 'item_id']}
unload_col = None
unused_col = None
additional_feat_suffix = None
rm_dup_inter = None
val_interval = None
filter_inter_by_user_or_item = True
user_inter_num_interval = [0,inf)
item_inter_num_interval = [0,inf)
alias_of_user_id = None
alias_of_item_id = None
alias_of_entity_id = None
alias_of_relation_id = None
preload_weight = None
normalize_field = None
normalize_all = None
ITEM_LIST_LENGTH_FIELD = item_length
LIST_SUFFIX = _list
MAX_ITEM_LIST_LENGTH = 500
POSITION_FIELD = position_id
HEAD_ENTITY_ID_FIELD = head_id
TAIL_ENTITY_ID_FIELD = tail_id
RELATION_ID_FIELD = relation_id
ENTITY_ID_FIELD = entity_id
benchmark_filename = None

Other Hyper Parameters: 
worker = 0
wandb_project = recbole
shuffle = True
require_pow = False
enable_amp = False
enable_scaler = False
transform = None
embedding_size = 256
numerical_features = []
discretization = None
kg_reverse_r = False
entity_kg_num_interval = [0,inf)
relation_kg_num_interval = [0,inf)
MODEL_TYPE = ModelType.GENERAL
MODEL_INPUT_TYPE = InputType.PAIRWISE
eval_type = EvaluatorType.RANKING
single_spec = True
local_rank = 0
device = cuda
valid_neg_sample_args = {'distribution': 'uniform', 'sample_num': 'none'}
test_neg_sample_args = {'distribution': 'uniform', 'sample_num': 'none'}


Fri 17 Apr 2026 15:22:23 INFO  dataset
The number of users: 656
Average actions of users: 392.26412213740457
The number of items: 992
Average actions of items: 259.26639757820385
The number of inters: 256933
The sparsity of the dataset: 60.51752434107003%
Remain Fields: ['user_id', 'item_id']
Fri 17 Apr 2026 15:22:24 INFO  [Training]: train_batch_size = [2048] train_neg_sample_args: [{'distribution': 'uniform', 'sample_num': 1, 'alpha': 1.0, 'dynamic': False, 'candidate_num': 0}]
Fri 17 Apr 2026 15:22:24 INFO  [Evaluation]: eval_batch_size = [2048] eval_args: [{'split': {'RS': [0.75, 0.2, 0.05]}, 'order': 'RO', 'group_by': 'user', 'mode': {'valid': 'full', 'test': 'full'}}]
