Wed 15 Apr 2026 14:03:33 INFO  ['main.py', 'babyLFM2b1k', '62', '--clean', '--model', 'BPR', '--choice-model', 'consume_all', '--config', 'recbole_config_default.yaml']
Wed 15 Apr 2026 14:03:33 INFO  
General Hyper Parameters:
gpu_id = 0
use_gpu = True
seed = 2020
state = INFO
reproducibility = True
data_path = recbole_tmp/dataset
checkpoint_dir = saved
show_progress = True
save_dataset = False
dataset_save_path = None
save_dataloaders = False
dataloaders_save_path = None
log_wandb = False

Training Hyper Parameters:
epochs = 15
train_batch_size = 2048
learner = adam
learning_rate = 0.001
train_neg_sample_args = {'distribution': 'uniform', 'sample_num': 1, 'alpha': 1.0, 'dynamic': False, 'candidate_num': 0}
eval_step = 1
stopping_step = 5
clip_grad_norm = None
weight_decay = 0.0
loss_decimal_place = 4

Evaluation Hyper Parameters:
eval_args = {'split': {'RS': [0.75, 0.2, 0.05]}, 'order': 'RO', 'group_by': 'user', 'mode': {'valid': 'full', 'test': 'full'}}
repeatable = False
metrics = ['NDCG']
topk = [10]
valid_metric = NDCG@10
valid_metric_bigger = True
eval_batch_size = 2048
metric_decimal_place = 6

Dataset Hyper Parameters:
field_separator = 	
seq_separator =  
USER_ID_FIELD = user_id
ITEM_ID_FIELD = item_id
RATING_FIELD = rating
TIME_FIELD = timestamp
seq_len = None
LABEL_FIELD = label
threshold = None
NEG_PREFIX = neg_
load_col = {'inter': ['user_id', 'item_id']}
unload_col = None
unused_col = None
additional_feat_suffix = None
rm_dup_inter = None
val_interval = None
filter_inter_by_user_or_item = True
user_inter_num_interval = [0,inf)
item_inter_num_interval = [0,inf)
alias_of_user_id = None
alias_of_item_id = None
alias_of_entity_id = None
alias_of_relation_id = None
preload_weight = None
normalize_field = None
normalize_all = None
ITEM_LIST_LENGTH_FIELD = item_length
LIST_SUFFIX = _list
MAX_ITEM_LIST_LENGTH = 500
POSITION_FIELD = position_id
HEAD_ENTITY_ID_FIELD = head_id
TAIL_ENTITY_ID_FIELD = tail_id
RELATION_ID_FIELD = relation_id
ENTITY_ID_FIELD = entity_id
benchmark_filename = None

Other Hyper Parameters: 
worker = 0
wandb_project = recbole
shuffle = True
require_pow = False
enable_amp = False
enable_scaler = False
transform = None
embedding_size = 256
numerical_features = []
discretization = None
kg_reverse_r = False
entity_kg_num_interval = [0,inf)
relation_kg_num_interval = [0,inf)
MODEL_TYPE = ModelType.GENERAL
MODEL_INPUT_TYPE = InputType.PAIRWISE
eval_type = EvaluatorType.RANKING
single_spec = True
local_rank = 0
device = cuda
valid_neg_sample_args = {'distribution': 'uniform', 'sample_num': 'none'}
test_neg_sample_args = {'distribution': 'uniform', 'sample_num': 'none'}


Wed 15 Apr 2026 14:03:34 INFO  dataset
The number of users: 656
Average actions of users: 632.2274809160306
The number of items: 992
Average actions of items: 417.8698284561049
The number of inters: 414109
The sparsity of the dataset: 36.36454440401259%
Remain Fields: ['user_id', 'item_id']
Wed 15 Apr 2026 14:03:34 INFO  Preparing dataset
Wed 15 Apr 2026 14:03:35 INFO  [Training]: train_batch_size = [2048] train_neg_sample_args: [{'distribution': 'uniform', 'sample_num': 1, 'alpha': 1.0, 'dynamic': False, 'candidate_num': 0}]
Wed 15 Apr 2026 14:03:35 INFO  [Evaluation]: eval_batch_size = [2048] eval_args: [{'split': {'RS': [0.75, 0.2, 0.05]}, 'order': 'RO', 'group_by': 'user', 'mode': {'valid': 'full', 'test': 'full'}}]
Wed 15 Apr 2026 14:03:35 INFO  Done!
Wed 15 Apr 2026 14:03:35 INFO  BPR(
  (user_embedding): Embedding(656, 256)
  (item_embedding): Embedding(992, 256)
  (loss): BPRLoss()
)
Trainable parameters: 421888
Wed 15 Apr 2026 14:03:35 INFO  FLOPs: 512.0
Wed 15 Apr 2026 14:03:39 INFO  epoch 0 training [time: 2.27s, train loss: 95.0047]
Wed 15 Apr 2026 14:03:42 INFO  epoch 0 evaluating [time: 3.02s, valid_score: 0.813253]
Wed 15 Apr 2026 14:03:42 INFO  valid result: 
ndcg@10 : 0.813253
Wed 15 Apr 2026 14:03:42 INFO  Saving current: saved/BPR-Apr-15-2026_14-03-35.pth
Wed 15 Apr 2026 14:03:44 INFO  epoch 1 training [time: 2.01s, train loss: 39.3804]
Wed 15 Apr 2026 14:03:47 INFO  epoch 1 evaluating [time: 3.17s, valid_score: 0.817374]
Wed 15 Apr 2026 14:03:47 INFO  valid result: 
ndcg@10 : 0.817374
Wed 15 Apr 2026 14:03:47 INFO  Saving current: saved/BPR-Apr-15-2026_14-03-35.pth
Wed 15 Apr 2026 14:03:50 INFO  epoch 2 training [time: 2.27s, train loss: 34.3821]
Wed 15 Apr 2026 14:03:53 INFO  epoch 2 evaluating [time: 3.25s, valid_score: 0.816748]
Wed 15 Apr 2026 14:03:53 INFO  valid result: 
ndcg@10 : 0.816748
Wed 15 Apr 2026 14:03:55 INFO  epoch 3 training [time: 1.95s, train loss: 33.2937]
Wed 15 Apr 2026 14:03:58 INFO  epoch 3 evaluating [time: 3.10s, valid_score: 0.823681]
Wed 15 Apr 2026 14:03:58 INFO  valid result: 
ndcg@10 : 0.823681
Wed 15 Apr 2026 14:03:58 INFO  Saving current: saved/BPR-Apr-15-2026_14-03-35.pth
Wed 15 Apr 2026 14:04:00 INFO  epoch 4 training [time: 2.01s, train loss: 32.7072]
Wed 15 Apr 2026 14:04:03 INFO  epoch 4 evaluating [time: 3.05s, valid_score: 0.826545]
Wed 15 Apr 2026 14:04:03 INFO  valid result: 
ndcg@10 : 0.826545
Wed 15 Apr 2026 14:04:03 INFO  Saving current: saved/BPR-Apr-15-2026_14-03-35.pth
Wed 15 Apr 2026 14:04:05 INFO  epoch 5 training [time: 1.95s, train loss: 31.8198]
Wed 15 Apr 2026 14:04:08 INFO  epoch 5 evaluating [time: 3.07s, valid_score: 0.837106]
Wed 15 Apr 2026 14:04:08 INFO  valid result: 
ndcg@10 : 0.837106
Wed 15 Apr 2026 14:04:08 INFO  Saving current: saved/BPR-Apr-15-2026_14-03-35.pth
Wed 15 Apr 2026 14:04:10 INFO  epoch 6 training [time: 1.98s, train loss: 30.8162]
Wed 15 Apr 2026 14:04:13 INFO  epoch 6 evaluating [time: 2.78s, valid_score: 0.833788]
Wed 15 Apr 2026 14:04:13 INFO  valid result: 
ndcg@10 : 0.833788
Wed 15 Apr 2026 14:04:15 INFO  epoch 7 training [time: 1.98s, train loss: 29.4452]
Wed 15 Apr 2026 14:04:18 INFO  epoch 7 evaluating [time: 3.17s, valid_score: 0.837401]
Wed 15 Apr 2026 14:04:18 INFO  valid result: 
ndcg@10 : 0.837401
Wed 15 Apr 2026 14:04:18 INFO  Saving current: saved/BPR-Apr-15-2026_14-03-35.pth
Wed 15 Apr 2026 14:04:20 INFO  epoch 8 training [time: 1.98s, train loss: 27.9175]
Wed 15 Apr 2026 14:04:23 INFO  epoch 8 evaluating [time: 3.23s, valid_score: 0.840900]
Wed 15 Apr 2026 14:04:23 INFO  valid result: 
ndcg@10 : 0.8409
Wed 15 Apr 2026 14:04:23 INFO  Saving current: saved/BPR-Apr-15-2026_14-03-35.pth
Wed 15 Apr 2026 14:04:26 INFO  epoch 9 training [time: 2.24s, train loss: 26.5074]
Wed 15 Apr 2026 14:04:29 INFO  epoch 9 evaluating [time: 3.04s, valid_score: 0.837662]
Wed 15 Apr 2026 14:04:29 INFO  valid result: 
ndcg@10 : 0.837662
Wed 15 Apr 2026 14:04:31 INFO  epoch 10 training [time: 2.11s, train loss: 24.8845]
Wed 15 Apr 2026 14:04:34 INFO  epoch 10 evaluating [time: 2.99s, valid_score: 0.842246]
Wed 15 Apr 2026 14:04:34 INFO  valid result: 
ndcg@10 : 0.842246
Wed 15 Apr 2026 14:04:34 INFO  Saving current: saved/BPR-Apr-15-2026_14-03-35.pth
Wed 15 Apr 2026 14:04:36 INFO  epoch 11 training [time: 2.61s, train loss: 23.2203]
Wed 15 Apr 2026 14:04:45 INFO  epoch 11 evaluating [time: 8.62s, valid_score: 0.839860]
Wed 15 Apr 2026 14:04:45 INFO  valid result: 
ndcg@10 : 0.83986
Wed 15 Apr 2026 14:04:47 INFO  epoch 12 training [time: 2.32s, train loss: 21.6201]
Wed 15 Apr 2026 14:04:50 INFO  epoch 12 evaluating [time: 3.24s, valid_score: 0.843121]
Wed 15 Apr 2026 14:04:50 INFO  valid result: 
ndcg@10 : 0.843121
Wed 15 Apr 2026 14:04:50 INFO  Saving current: saved/BPR-Apr-15-2026_14-03-35.pth
Wed 15 Apr 2026 14:04:52 INFO  epoch 13 training [time: 1.96s, train loss: 20.4104]
Wed 15 Apr 2026 14:04:55 INFO  epoch 13 evaluating [time: 2.87s, valid_score: 0.843517]
Wed 15 Apr 2026 14:04:55 INFO  valid result: 
ndcg@10 : 0.843517
Wed 15 Apr 2026 14:04:55 INFO  Saving current: saved/BPR-Apr-15-2026_14-03-35.pth
Wed 15 Apr 2026 14:04:57 INFO  epoch 14 training [time: 1.96s, train loss: 18.9674]
Wed 15 Apr 2026 14:05:00 INFO  epoch 14 evaluating [time: 3.04s, valid_score: 0.850269]
Wed 15 Apr 2026 14:05:00 INFO  valid result: 
ndcg@10 : 0.850269
Wed 15 Apr 2026 14:05:00 INFO  Saving current: saved/BPR-Apr-15-2026_14-03-35.pth
Wed 15 Apr 2026 14:05:00 INFO  best valid : OrderedDict([('ndcg@10', 0.850269)])
Wed 15 Apr 2026 14:05:00 INFO  
General Hyper Parameters:
gpu_id = 0
use_gpu = True
seed = 2020
state = INFO
reproducibility = True
data_path = recbole_tmp/dataset
checkpoint_dir = saved
show_progress = True
save_dataset = False
dataset_save_path = None
save_dataloaders = False
dataloaders_save_path = None
log_wandb = False

Training Hyper Parameters:
epochs = 15
train_batch_size = 2048
learner = adam
learning_rate = 0.001
train_neg_sample_args = {'distribution': 'uniform', 'sample_num': 1, 'alpha': 1.0, 'dynamic': False, 'candidate_num': 0}
eval_step = 1
stopping_step = 5
clip_grad_norm = None
weight_decay = 0.0
loss_decimal_place = 4

Evaluation Hyper Parameters:
eval_args = {'split': {'RS': [0.75, 0.2, 0.05]}, 'order': 'RO', 'group_by': 'user', 'mode': {'valid': 'full', 'test': 'full'}}
repeatable = False
metrics = ['NDCG']
topk = [10]
valid_metric = NDCG@10
valid_metric_bigger = True
eval_batch_size = 2048
metric_decimal_place = 6

Dataset Hyper Parameters:
field_separator = 	
seq_separator =  
USER_ID_FIELD = user_id
ITEM_ID_FIELD = item_id
RATING_FIELD = rating
TIME_FIELD = timestamp
seq_len = None
LABEL_FIELD = label
threshold = None
NEG_PREFIX = neg_
load_col = {'inter': ['user_id', 'item_id']}
unload_col = None
unused_col = None
additional_feat_suffix = None
rm_dup_inter = None
val_interval = None
filter_inter_by_user_or_item = True
user_inter_num_interval = [0,inf)
item_inter_num_interval = [0,inf)
alias_of_user_id = None
alias_of_item_id = None
alias_of_entity_id = None
alias_of_relation_id = None
preload_weight = None
normalize_field = None
normalize_all = None
ITEM_LIST_LENGTH_FIELD = item_length
LIST_SUFFIX = _list
MAX_ITEM_LIST_LENGTH = 500
POSITION_FIELD = position_id
HEAD_ENTITY_ID_FIELD = head_id
TAIL_ENTITY_ID_FIELD = tail_id
RELATION_ID_FIELD = relation_id
ENTITY_ID_FIELD = entity_id
benchmark_filename = None

Other Hyper Parameters: 
worker = 0
wandb_project = recbole
shuffle = True
require_pow = False
enable_amp = False
enable_scaler = False
transform = None
embedding_size = 256
numerical_features = []
discretization = None
kg_reverse_r = False
entity_kg_num_interval = [0,inf)
relation_kg_num_interval = [0,inf)
MODEL_TYPE = ModelType.GENERAL
MODEL_INPUT_TYPE = InputType.PAIRWISE
eval_type = EvaluatorType.RANKING
single_spec = True
local_rank = 0
device = cuda
valid_neg_sample_args = {'distribution': 'uniform', 'sample_num': 'none'}
test_neg_sample_args = {'distribution': 'uniform', 'sample_num': 'none'}


Wed 15 Apr 2026 14:05:02 INFO  dataset
The number of users: 656
Average actions of users: 632.2274809160306
The number of items: 992
Average actions of items: 417.8698284561049
The number of inters: 414109
The sparsity of the dataset: 36.36454440401259%
Remain Fields: ['user_id', 'item_id']
Wed 15 Apr 2026 14:05:02 INFO  [Training]: train_batch_size = [2048] train_neg_sample_args: [{'distribution': 'uniform', 'sample_num': 1, 'alpha': 1.0, 'dynamic': False, 'candidate_num': 0}]
Wed 15 Apr 2026 14:05:02 INFO  [Evaluation]: eval_batch_size = [2048] eval_args: [{'split': {'RS': [0.75, 0.2, 0.05]}, 'order': 'RO', 'group_by': 'user', 'mode': {'valid': 'full', 'test': 'full'}}]
