Wed 15 Apr 2026 13:37:33 INFO  ['main.py', 'babyLFM2b1k', '44', '--clean', '--model', 'BPR', '--choice-model', 'consume_all', '--config', 'recbole_config_default.yaml']
Wed 15 Apr 2026 13:37:33 INFO  
General Hyper Parameters:
gpu_id = 0
use_gpu = True
seed = 2020
state = INFO
reproducibility = True
data_path = recbole_tmp/dataset
checkpoint_dir = saved
show_progress = True
save_dataset = False
dataset_save_path = None
save_dataloaders = False
dataloaders_save_path = None
log_wandb = False

Training Hyper Parameters:
epochs = 15
train_batch_size = 2048
learner = adam
learning_rate = 0.001
train_neg_sample_args = {'distribution': 'uniform', 'sample_num': 1, 'alpha': 1.0, 'dynamic': False, 'candidate_num': 0}
eval_step = 1
stopping_step = 5
clip_grad_norm = None
weight_decay = 0.0
loss_decimal_place = 4

Evaluation Hyper Parameters:
eval_args = {'split': {'RS': [0.75, 0.2, 0.05]}, 'order': 'RO', 'group_by': 'user', 'mode': {'valid': 'full', 'test': 'full'}}
repeatable = False
metrics = ['NDCG']
topk = [10]
valid_metric = NDCG@10
valid_metric_bigger = True
eval_batch_size = 2048
metric_decimal_place = 6

Dataset Hyper Parameters:
field_separator = 	
seq_separator =  
USER_ID_FIELD = user_id
ITEM_ID_FIELD = item_id
RATING_FIELD = rating
TIME_FIELD = timestamp
seq_len = None
LABEL_FIELD = label
threshold = None
NEG_PREFIX = neg_
load_col = {'inter': ['user_id', 'item_id']}
unload_col = None
unused_col = None
additional_feat_suffix = None
rm_dup_inter = None
val_interval = None
filter_inter_by_user_or_item = True
user_inter_num_interval = [0,inf)
item_inter_num_interval = [0,inf)
alias_of_user_id = None
alias_of_item_id = None
alias_of_entity_id = None
alias_of_relation_id = None
preload_weight = None
normalize_field = None
normalize_all = None
ITEM_LIST_LENGTH_FIELD = item_length
LIST_SUFFIX = _list
MAX_ITEM_LIST_LENGTH = 500
POSITION_FIELD = position_id
HEAD_ENTITY_ID_FIELD = head_id
TAIL_ENTITY_ID_FIELD = tail_id
RELATION_ID_FIELD = relation_id
ENTITY_ID_FIELD = entity_id
benchmark_filename = None

Other Hyper Parameters: 
worker = 0
wandb_project = recbole
shuffle = True
require_pow = False
enable_amp = False
enable_scaler = False
transform = None
embedding_size = 256
numerical_features = []
discretization = None
kg_reverse_r = False
entity_kg_num_interval = [0,inf)
relation_kg_num_interval = [0,inf)
MODEL_TYPE = ModelType.GENERAL
MODEL_INPUT_TYPE = InputType.PAIRWISE
eval_type = EvaluatorType.RANKING
single_spec = True
local_rank = 0
device = cuda
valid_neg_sample_args = {'distribution': 'uniform', 'sample_num': 'none'}
test_neg_sample_args = {'distribution': 'uniform', 'sample_num': 'none'}


Wed 15 Apr 2026 13:37:34 INFO  dataset
The number of users: 656
Average actions of users: 452.25496183206104
The number of items: 992
Average actions of items: 298.9172552976791
The number of inters: 296227
The sparsity of the dataset: 54.47927935680566%
Remain Fields: ['user_id', 'item_id']
Wed 15 Apr 2026 13:37:34 INFO  Preparing dataset
Wed 15 Apr 2026 13:37:34 INFO  [Training]: train_batch_size = [2048] train_neg_sample_args: [{'distribution': 'uniform', 'sample_num': 1, 'alpha': 1.0, 'dynamic': False, 'candidate_num': 0}]
Wed 15 Apr 2026 13:37:34 INFO  [Evaluation]: eval_batch_size = [2048] eval_args: [{'split': {'RS': [0.75, 0.2, 0.05]}, 'order': 'RO', 'group_by': 'user', 'mode': {'valid': 'full', 'test': 'full'}}]
Wed 15 Apr 2026 13:37:34 INFO  Done!
Wed 15 Apr 2026 13:37:35 INFO  BPR(
  (user_embedding): Embedding(656, 256)
  (item_embedding): Embedding(992, 256)
  (loss): BPRLoss()
)
Trainable parameters: 421888
Wed 15 Apr 2026 13:37:35 INFO  FLOPs: 512.0
Wed 15 Apr 2026 13:37:37 INFO  epoch 0 training [time: 1.52s, train loss: 72.4100]
Wed 15 Apr 2026 13:37:40 INFO  epoch 0 evaluating [time: 3.17s, valid_score: 0.823122]
Wed 15 Apr 2026 13:37:40 INFO  valid result: 
ndcg@10 : 0.823122
Wed 15 Apr 2026 13:37:41 INFO  Saving current: saved/BPR-Apr-15-2026_13-37-35.pth
Wed 15 Apr 2026 13:37:42 INFO  epoch 1 training [time: 1.40s, train loss: 29.7166]
Wed 15 Apr 2026 13:37:45 INFO  epoch 1 evaluating [time: 2.94s, valid_score: 0.821471]
Wed 15 Apr 2026 13:37:45 INFO  valid result: 
ndcg@10 : 0.821471
Wed 15 Apr 2026 13:37:46 INFO  epoch 2 training [time: 1.40s, train loss: 17.7894]
Wed 15 Apr 2026 13:37:49 INFO  epoch 2 evaluating [time: 3.00s, valid_score: 0.822726]
Wed 15 Apr 2026 13:37:49 INFO  valid result: 
ndcg@10 : 0.822726
Wed 15 Apr 2026 13:37:51 INFO  epoch 3 training [time: 1.37s, train loss: 17.1894]
Wed 15 Apr 2026 13:37:54 INFO  epoch 3 evaluating [time: 2.97s, valid_score: 0.823973]
Wed 15 Apr 2026 13:37:54 INFO  valid result: 
ndcg@10 : 0.823973
Wed 15 Apr 2026 13:37:54 INFO  Saving current: saved/BPR-Apr-15-2026_13-37-35.pth
Wed 15 Apr 2026 13:37:55 INFO  epoch 4 training [time: 1.40s, train loss: 16.9016]
Wed 15 Apr 2026 13:37:58 INFO  epoch 4 evaluating [time: 3.17s, valid_score: 0.812345]
Wed 15 Apr 2026 13:37:58 INFO  valid result: 
ndcg@10 : 0.812345
Wed 15 Apr 2026 13:38:00 INFO  epoch 5 training [time: 1.40s, train loss: 16.6365]
Wed 15 Apr 2026 13:38:03 INFO  epoch 5 evaluating [time: 3.01s, valid_score: 0.823674]
Wed 15 Apr 2026 13:38:03 INFO  valid result: 
ndcg@10 : 0.823674
Wed 15 Apr 2026 13:38:04 INFO  epoch 6 training [time: 1.41s, train loss: 16.4707]
Wed 15 Apr 2026 13:38:07 INFO  epoch 6 evaluating [time: 3.02s, valid_score: 0.824186]
Wed 15 Apr 2026 13:38:07 INFO  valid result: 
ndcg@10 : 0.824186
Wed 15 Apr 2026 13:38:07 INFO  Saving current: saved/BPR-Apr-15-2026_13-37-35.pth
Wed 15 Apr 2026 13:38:08 INFO  epoch 7 training [time: 0.68s, train loss: 16.2705]
Wed 15 Apr 2026 13:38:11 INFO  epoch 7 evaluating [time: 2.83s, valid_score: 0.829761]
Wed 15 Apr 2026 13:38:11 INFO  valid result: 
ndcg@10 : 0.829761
Wed 15 Apr 2026 13:38:11 INFO  Saving current: saved/BPR-Apr-15-2026_13-37-35.pth
Wed 15 Apr 2026 13:38:12 INFO  epoch 8 training [time: 1.43s, train loss: 15.7640]
Wed 15 Apr 2026 13:38:15 INFO  epoch 8 evaluating [time: 3.01s, valid_score: 0.830222]
Wed 15 Apr 2026 13:38:15 INFO  valid result: 
ndcg@10 : 0.830222
Wed 15 Apr 2026 13:38:15 INFO  Saving current: saved/BPR-Apr-15-2026_13-37-35.pth
Wed 15 Apr 2026 13:38:16 INFO  epoch 9 training [time: 1.47s, train loss: 15.4296]
Wed 15 Apr 2026 13:38:20 INFO  epoch 9 evaluating [time: 3.21s, valid_score: 0.832135]
Wed 15 Apr 2026 13:38:20 INFO  valid result: 
ndcg@10 : 0.832135
Wed 15 Apr 2026 13:38:20 INFO  Saving current: saved/BPR-Apr-15-2026_13-37-35.pth
Wed 15 Apr 2026 13:38:21 INFO  epoch 10 training [time: 1.47s, train loss: 14.8961]
Wed 15 Apr 2026 13:38:24 INFO  epoch 10 evaluating [time: 2.98s, valid_score: 0.836135]
Wed 15 Apr 2026 13:38:24 INFO  valid result: 
ndcg@10 : 0.836135
Wed 15 Apr 2026 13:38:24 INFO  Saving current: saved/BPR-Apr-15-2026_13-37-35.pth
Wed 15 Apr 2026 13:38:26 INFO  epoch 11 training [time: 1.38s, train loss: 14.5114]
Wed 15 Apr 2026 13:38:29 INFO  epoch 11 evaluating [time: 3.26s, valid_score: 0.833565]
Wed 15 Apr 2026 13:38:29 INFO  valid result: 
ndcg@10 : 0.833565
Wed 15 Apr 2026 13:38:30 INFO  epoch 12 training [time: 1.52s, train loss: 14.0145]
Wed 15 Apr 2026 13:38:34 INFO  epoch 12 evaluating [time: 3.18s, valid_score: 0.835487]
Wed 15 Apr 2026 13:38:34 INFO  valid result: 
ndcg@10 : 0.835487
Wed 15 Apr 2026 13:38:35 INFO  epoch 13 training [time: 1.48s, train loss: 13.4260]
Wed 15 Apr 2026 13:38:38 INFO  epoch 13 evaluating [time: 2.97s, valid_score: 0.835578]
Wed 15 Apr 2026 13:38:38 INFO  valid result: 
ndcg@10 : 0.835578
Wed 15 Apr 2026 13:38:39 INFO  epoch 14 training [time: 1.42s, train loss: 12.8384]
Wed 15 Apr 2026 13:38:42 INFO  epoch 14 evaluating [time: 2.87s, valid_score: 0.838831]
Wed 15 Apr 2026 13:38:42 INFO  valid result: 
ndcg@10 : 0.838831
Wed 15 Apr 2026 13:38:42 INFO  Saving current: saved/BPR-Apr-15-2026_13-37-35.pth
Wed 15 Apr 2026 13:38:42 INFO  best valid : OrderedDict([('ndcg@10', 0.838831)])
Wed 15 Apr 2026 13:38:42 INFO  
General Hyper Parameters:
gpu_id = 0
use_gpu = True
seed = 2020
state = INFO
reproducibility = True
data_path = recbole_tmp/dataset
checkpoint_dir = saved
show_progress = True
save_dataset = False
dataset_save_path = None
save_dataloaders = False
dataloaders_save_path = None
log_wandb = False

Training Hyper Parameters:
epochs = 15
train_batch_size = 2048
learner = adam
learning_rate = 0.001
train_neg_sample_args = {'distribution': 'uniform', 'sample_num': 1, 'alpha': 1.0, 'dynamic': False, 'candidate_num': 0}
eval_step = 1
stopping_step = 5
clip_grad_norm = None
weight_decay = 0.0
loss_decimal_place = 4

Evaluation Hyper Parameters:
eval_args = {'split': {'RS': [0.75, 0.2, 0.05]}, 'order': 'RO', 'group_by': 'user', 'mode': {'valid': 'full', 'test': 'full'}}
repeatable = False
metrics = ['NDCG']
topk = [10]
valid_metric = NDCG@10
valid_metric_bigger = True
eval_batch_size = 2048
metric_decimal_place = 6

Dataset Hyper Parameters:
field_separator = 	
seq_separator =  
USER_ID_FIELD = user_id
ITEM_ID_FIELD = item_id
RATING_FIELD = rating
TIME_FIELD = timestamp
seq_len = None
LABEL_FIELD = label
threshold = None
NEG_PREFIX = neg_
load_col = {'inter': ['user_id', 'item_id']}
unload_col = None
unused_col = None
additional_feat_suffix = None
rm_dup_inter = None
val_interval = None
filter_inter_by_user_or_item = True
user_inter_num_interval = [0,inf)
item_inter_num_interval = [0,inf)
alias_of_user_id = None
alias_of_item_id = None
alias_of_entity_id = None
alias_of_relation_id = None
preload_weight = None
normalize_field = None
normalize_all = None
ITEM_LIST_LENGTH_FIELD = item_length
LIST_SUFFIX = _list
MAX_ITEM_LIST_LENGTH = 500
POSITION_FIELD = position_id
HEAD_ENTITY_ID_FIELD = head_id
TAIL_ENTITY_ID_FIELD = tail_id
RELATION_ID_FIELD = relation_id
ENTITY_ID_FIELD = entity_id
benchmark_filename = None

Other Hyper Parameters: 
worker = 0
wandb_project = recbole
shuffle = True
require_pow = False
enable_amp = False
enable_scaler = False
transform = None
embedding_size = 256
numerical_features = []
discretization = None
kg_reverse_r = False
entity_kg_num_interval = [0,inf)
relation_kg_num_interval = [0,inf)
MODEL_TYPE = ModelType.GENERAL
MODEL_INPUT_TYPE = InputType.PAIRWISE
eval_type = EvaluatorType.RANKING
single_spec = True
local_rank = 0
device = cuda
valid_neg_sample_args = {'distribution': 'uniform', 'sample_num': 'none'}
test_neg_sample_args = {'distribution': 'uniform', 'sample_num': 'none'}


Wed 15 Apr 2026 13:38:43 INFO  dataset
The number of users: 656
Average actions of users: 452.25496183206104
The number of items: 992
Average actions of items: 298.9172552976791
The number of inters: 296227
The sparsity of the dataset: 54.47927935680566%
Remain Fields: ['user_id', 'item_id']
Wed 15 Apr 2026 13:38:44 INFO  [Training]: train_batch_size = [2048] train_neg_sample_args: [{'distribution': 'uniform', 'sample_num': 1, 'alpha': 1.0, 'dynamic': False, 'candidate_num': 0}]
Wed 15 Apr 2026 13:38:44 INFO  [Evaluation]: eval_batch_size = [2048] eval_args: [{'split': {'RS': [0.75, 0.2, 0.05]}, 'order': 'RO', 'group_by': 'user', 'mode': {'valid': 'full', 'test': 'full'}}]
