Wed 15 Apr 2026 14:55:15 INFO  ['main.py', 'babyLFM2b1k', '92', '--clean', '--model', 'BPR', '--choice-model', 'consume_all', '--config', 'recbole_config_default.yaml']
Wed 15 Apr 2026 14:55:15 INFO  
General Hyper Parameters:
gpu_id = 0
use_gpu = True
seed = 2020
state = INFO
reproducibility = True
data_path = recbole_tmp/dataset
checkpoint_dir = saved
show_progress = True
save_dataset = False
dataset_save_path = None
save_dataloaders = False
dataloaders_save_path = None
log_wandb = False

Training Hyper Parameters:
epochs = 15
train_batch_size = 2048
learner = adam
learning_rate = 0.001
train_neg_sample_args = {'distribution': 'uniform', 'sample_num': 1, 'alpha': 1.0, 'dynamic': False, 'candidate_num': 0}
eval_step = 1
stopping_step = 5
clip_grad_norm = None
weight_decay = 0.0
loss_decimal_place = 4

Evaluation Hyper Parameters:
eval_args = {'split': {'RS': [0.75, 0.2, 0.05]}, 'order': 'RO', 'group_by': 'user', 'mode': {'valid': 'full', 'test': 'full'}}
repeatable = False
metrics = ['NDCG']
topk = [10]
valid_metric = NDCG@10
valid_metric_bigger = True
eval_batch_size = 2048
metric_decimal_place = 6

Dataset Hyper Parameters:
field_separator = 	
seq_separator =  
USER_ID_FIELD = user_id
ITEM_ID_FIELD = item_id
RATING_FIELD = rating
TIME_FIELD = timestamp
seq_len = None
LABEL_FIELD = label
threshold = None
NEG_PREFIX = neg_
load_col = {'inter': ['user_id', 'item_id']}
unload_col = None
unused_col = None
additional_feat_suffix = None
rm_dup_inter = None
val_interval = None
filter_inter_by_user_or_item = True
user_inter_num_interval = [0,inf)
item_inter_num_interval = [0,inf)
alias_of_user_id = None
alias_of_item_id = None
alias_of_entity_id = None
alias_of_relation_id = None
preload_weight = None
normalize_field = None
normalize_all = None
ITEM_LIST_LENGTH_FIELD = item_length
LIST_SUFFIX = _list
MAX_ITEM_LIST_LENGTH = 500
POSITION_FIELD = position_id
HEAD_ENTITY_ID_FIELD = head_id
TAIL_ENTITY_ID_FIELD = tail_id
RELATION_ID_FIELD = relation_id
ENTITY_ID_FIELD = entity_id
benchmark_filename = None

Other Hyper Parameters: 
worker = 0
wandb_project = recbole
shuffle = True
require_pow = False
enable_amp = False
enable_scaler = False
transform = None
embedding_size = 256
numerical_features = []
discretization = None
kg_reverse_r = False
entity_kg_num_interval = [0,inf)
relation_kg_num_interval = [0,inf)
MODEL_TYPE = ModelType.GENERAL
MODEL_INPUT_TYPE = InputType.PAIRWISE
eval_type = EvaluatorType.RANKING
single_spec = True
local_rank = 0
device = cuda
valid_neg_sample_args = {'distribution': 'uniform', 'sample_num': 'none'}
test_neg_sample_args = {'distribution': 'uniform', 'sample_num': 'none'}


Wed 15 Apr 2026 14:55:17 INFO  dataset
The number of users: 656
Average actions of users: 932.181679389313
The number of items: 992
Average actions of items: 616.1241170534813
The number of inters: 610579
The sparsity of the dataset: 6.173319482690786%
Remain Fields: ['user_id', 'item_id']
Wed 15 Apr 2026 14:55:17 INFO  Preparing dataset
Wed 15 Apr 2026 14:55:18 INFO  [Training]: train_batch_size = [2048] train_neg_sample_args: [{'distribution': 'uniform', 'sample_num': 1, 'alpha': 1.0, 'dynamic': False, 'candidate_num': 0}]
Wed 15 Apr 2026 14:55:18 INFO  [Evaluation]: eval_batch_size = [2048] eval_args: [{'split': {'RS': [0.75, 0.2, 0.05]}, 'order': 'RO', 'group_by': 'user', 'mode': {'valid': 'full', 'test': 'full'}}]
Wed 15 Apr 2026 14:55:18 INFO  Done!
Wed 15 Apr 2026 14:55:18 INFO  BPR(
  (user_embedding): Embedding(656, 256)
  (item_embedding): Embedding(992, 256)
  (loss): BPRLoss()
)
Trainable parameters: 421888
Wed 15 Apr 2026 14:55:18 INFO  FLOPs: 512.0
Wed 15 Apr 2026 14:55:23 INFO  epoch 0 training [time: 3.64s, train loss: 149.5971]
Wed 15 Apr 2026 14:55:29 INFO  epoch 0 evaluating [time: 5.95s, valid_score: 0.822877]
Wed 15 Apr 2026 14:55:29 INFO  valid result: 
ndcg@10 : 0.822877
Wed 15 Apr 2026 14:55:29 INFO  Saving current: saved/BPR-Apr-15-2026_14-55-18.pth
Wed 15 Apr 2026 14:55:33 INFO  epoch 1 training [time: 3.50s, train loss: 118.6877]
Wed 15 Apr 2026 14:55:36 INFO  epoch 1 evaluating [time: 3.11s, valid_score: 0.832605]
Wed 15 Apr 2026 14:55:36 INFO  valid result: 
ndcg@10 : 0.832605
Wed 15 Apr 2026 14:55:36 INFO  Saving current: saved/BPR-Apr-15-2026_14-55-18.pth
Wed 15 Apr 2026 14:55:39 INFO  epoch 2 training [time: 3.52s, train loss: 109.0246]
Wed 15 Apr 2026 14:55:43 INFO  epoch 2 evaluating [time: 3.41s, valid_score: 0.836120]
Wed 15 Apr 2026 14:55:43 INFO  valid result: 
ndcg@10 : 0.83612
Wed 15 Apr 2026 14:55:43 INFO  Saving current: saved/BPR-Apr-15-2026_14-55-18.pth
Wed 15 Apr 2026 14:55:46 INFO  epoch 3 training [time: 3.44s, train loss: 99.1520]
Wed 15 Apr 2026 14:55:49 INFO  epoch 3 evaluating [time: 3.31s, valid_score: 0.841286]
Wed 15 Apr 2026 14:55:49 INFO  valid result: 
ndcg@10 : 0.841286
Wed 15 Apr 2026 14:55:49 INFO  Saving current: saved/BPR-Apr-15-2026_14-55-18.pth
Wed 15 Apr 2026 14:55:53 INFO  epoch 4 training [time: 3.41s, train loss: 87.8128]
Wed 15 Apr 2026 14:55:56 INFO  epoch 4 evaluating [time: 3.08s, valid_score: 0.842328]
Wed 15 Apr 2026 14:55:56 INFO  valid result: 
ndcg@10 : 0.842328
Wed 15 Apr 2026 14:55:56 INFO  Saving current: saved/BPR-Apr-15-2026_14-55-18.pth
Wed 15 Apr 2026 14:55:59 INFO  epoch 5 training [time: 3.34s, train loss: 76.6309]
Wed 15 Apr 2026 14:56:02 INFO  epoch 5 evaluating [time: 3.18s, valid_score: 0.844852]
Wed 15 Apr 2026 14:56:02 INFO  valid result: 
ndcg@10 : 0.844852
Wed 15 Apr 2026 14:56:02 INFO  Saving current: saved/BPR-Apr-15-2026_14-55-18.pth
Wed 15 Apr 2026 14:56:06 INFO  epoch 6 training [time: 3.43s, train loss: 66.7630]
Wed 15 Apr 2026 14:56:09 INFO  epoch 6 evaluating [time: 3.18s, valid_score: 0.845278]
Wed 15 Apr 2026 14:56:09 INFO  valid result: 
ndcg@10 : 0.845278
Wed 15 Apr 2026 14:56:09 INFO  Saving current: saved/BPR-Apr-15-2026_14-55-18.pth
Wed 15 Apr 2026 14:56:12 INFO  epoch 7 training [time: 3.37s, train loss: 58.5048]
Wed 15 Apr 2026 14:56:16 INFO  epoch 7 evaluating [time: 3.22s, valid_score: 0.846869]
Wed 15 Apr 2026 14:56:16 INFO  valid result: 
ndcg@10 : 0.846869
Wed 15 Apr 2026 14:56:16 INFO  Saving current: saved/BPR-Apr-15-2026_14-55-18.pth
Wed 15 Apr 2026 14:56:19 INFO  epoch 8 training [time: 3.36s, train loss: 51.2549]
Wed 15 Apr 2026 14:56:24 INFO  epoch 8 evaluating [time: 5.02s, valid_score: 0.840033]
Wed 15 Apr 2026 14:56:24 INFO  valid result: 
ndcg@10 : 0.840033
Wed 15 Apr 2026 14:56:29 INFO  epoch 9 training [time: 5.00s, train loss: 45.1929]
Wed 15 Apr 2026 14:56:32 INFO  epoch 9 evaluating [time: 3.18s, valid_score: 0.844998]
Wed 15 Apr 2026 14:56:32 INFO  valid result: 
ndcg@10 : 0.844998
Wed 15 Apr 2026 14:56:36 INFO  epoch 10 training [time: 3.42s, train loss: 40.0955]
Wed 15 Apr 2026 14:56:39 INFO  epoch 10 evaluating [time: 3.18s, valid_score: 0.846639]
Wed 15 Apr 2026 14:56:39 INFO  valid result: 
ndcg@10 : 0.846639
Wed 15 Apr 2026 14:56:42 INFO  epoch 11 training [time: 3.37s, train loss: 35.7141]
Wed 15 Apr 2026 14:56:45 INFO  epoch 11 evaluating [time: 3.16s, valid_score: 0.842491]
Wed 15 Apr 2026 14:56:45 INFO  valid result: 
ndcg@10 : 0.842491
Wed 15 Apr 2026 14:56:49 INFO  epoch 12 training [time: 3.51s, train loss: 32.0715]
Wed 15 Apr 2026 14:56:52 INFO  epoch 12 evaluating [time: 3.23s, valid_score: 0.849581]
Wed 15 Apr 2026 14:56:52 INFO  valid result: 
ndcg@10 : 0.849581
Wed 15 Apr 2026 14:56:52 INFO  Saving current: saved/BPR-Apr-15-2026_14-55-18.pth
Wed 15 Apr 2026 14:56:57 INFO  epoch 13 training [time: 4.36s, train loss: 28.8066]
Wed 15 Apr 2026 14:57:00 INFO  epoch 13 evaluating [time: 3.12s, valid_score: 0.847205]
Wed 15 Apr 2026 14:57:00 INFO  valid result: 
ndcg@10 : 0.847205
Wed 15 Apr 2026 14:57:03 INFO  epoch 14 training [time: 3.32s, train loss: 26.0895]
Wed 15 Apr 2026 14:57:06 INFO  epoch 14 evaluating [time: 3.03s, valid_score: 0.846901]
Wed 15 Apr 2026 14:57:06 INFO  valid result: 
ndcg@10 : 0.846901
Wed 15 Apr 2026 14:57:06 INFO  best valid : OrderedDict([('ndcg@10', 0.849581)])
Wed 15 Apr 2026 14:57:06 INFO  
General Hyper Parameters:
gpu_id = 0
use_gpu = True
seed = 2020
state = INFO
reproducibility = True
data_path = recbole_tmp/dataset
checkpoint_dir = saved
show_progress = True
save_dataset = False
dataset_save_path = None
save_dataloaders = False
dataloaders_save_path = None
log_wandb = False

Training Hyper Parameters:
epochs = 15
train_batch_size = 2048
learner = adam
learning_rate = 0.001
train_neg_sample_args = {'distribution': 'uniform', 'sample_num': 1, 'alpha': 1.0, 'dynamic': False, 'candidate_num': 0}
eval_step = 1
stopping_step = 5
clip_grad_norm = None
weight_decay = 0.0
loss_decimal_place = 4

Evaluation Hyper Parameters:
eval_args = {'split': {'RS': [0.75, 0.2, 0.05]}, 'order': 'RO', 'group_by': 'user', 'mode': {'valid': 'full', 'test': 'full'}}
repeatable = False
metrics = ['NDCG']
topk = [10]
valid_metric = NDCG@10
valid_metric_bigger = True
eval_batch_size = 2048
metric_decimal_place = 6

Dataset Hyper Parameters:
field_separator = 	
seq_separator =  
USER_ID_FIELD = user_id
ITEM_ID_FIELD = item_id
RATING_FIELD = rating
TIME_FIELD = timestamp
seq_len = None
LABEL_FIELD = label
threshold = None
NEG_PREFIX = neg_
load_col = {'inter': ['user_id', 'item_id']}
unload_col = None
unused_col = None
additional_feat_suffix = None
rm_dup_inter = None
val_interval = None
filter_inter_by_user_or_item = True
user_inter_num_interval = [0,inf)
item_inter_num_interval = [0,inf)
alias_of_user_id = None
alias_of_item_id = None
alias_of_entity_id = None
alias_of_relation_id = None
preload_weight = None
normalize_field = None
normalize_all = None
ITEM_LIST_LENGTH_FIELD = item_length
LIST_SUFFIX = _list
MAX_ITEM_LIST_LENGTH = 500
POSITION_FIELD = position_id
HEAD_ENTITY_ID_FIELD = head_id
TAIL_ENTITY_ID_FIELD = tail_id
RELATION_ID_FIELD = relation_id
ENTITY_ID_FIELD = entity_id
benchmark_filename = None

Other Hyper Parameters: 
worker = 0
wandb_project = recbole
shuffle = True
require_pow = False
enable_amp = False
enable_scaler = False
transform = None
embedding_size = 256
numerical_features = []
discretization = None
kg_reverse_r = False
entity_kg_num_interval = [0,inf)
relation_kg_num_interval = [0,inf)
MODEL_TYPE = ModelType.GENERAL
MODEL_INPUT_TYPE = InputType.PAIRWISE
eval_type = EvaluatorType.RANKING
single_spec = True
local_rank = 0
device = cuda
valid_neg_sample_args = {'distribution': 'uniform', 'sample_num': 'none'}
test_neg_sample_args = {'distribution': 'uniform', 'sample_num': 'none'}


Wed 15 Apr 2026 14:57:08 INFO  dataset
The number of users: 656
Average actions of users: 932.181679389313
The number of items: 992
Average actions of items: 616.1241170534813
The number of inters: 610579
The sparsity of the dataset: 6.173319482690786%
Remain Fields: ['user_id', 'item_id']
Wed 15 Apr 2026 14:57:08 INFO  [Training]: train_batch_size = [2048] train_neg_sample_args: [{'distribution': 'uniform', 'sample_num': 1, 'alpha': 1.0, 'dynamic': False, 'candidate_num': 0}]
Wed 15 Apr 2026 14:57:08 INFO  [Evaluation]: eval_batch_size = [2048] eval_args: [{'split': {'RS': [0.75, 0.2, 0.05]}, 'order': 'RO', 'group_by': 'user', 'mode': {'valid': 'full', 'test': 'full'}}]
