Wed 15 Apr 2026 13:55:58 INFO  ['main.py', 'babyLFM2b1k', '57', '--clean', '--model', 'BPR', '--choice-model', 'consume_all', '--config', 'recbole_config_default.yaml']
Wed 15 Apr 2026 13:55:58 INFO  
General Hyper Parameters:
gpu_id = 0
use_gpu = True
seed = 2020
state = INFO
reproducibility = True
data_path = recbole_tmp/dataset
checkpoint_dir = saved
show_progress = True
save_dataset = False
dataset_save_path = None
save_dataloaders = False
dataloaders_save_path = None
log_wandb = False

Training Hyper Parameters:
epochs = 15
train_batch_size = 2048
learner = adam
learning_rate = 0.001
train_neg_sample_args = {'distribution': 'uniform', 'sample_num': 1, 'alpha': 1.0, 'dynamic': False, 'candidate_num': 0}
eval_step = 1
stopping_step = 5
clip_grad_norm = None
weight_decay = 0.0
loss_decimal_place = 4

Evaluation Hyper Parameters:
eval_args = {'split': {'RS': [0.75, 0.2, 0.05]}, 'order': 'RO', 'group_by': 'user', 'mode': {'valid': 'full', 'test': 'full'}}
repeatable = False
metrics = ['NDCG']
topk = [10]
valid_metric = NDCG@10
valid_metric_bigger = True
eval_batch_size = 2048
metric_decimal_place = 6

Dataset Hyper Parameters:
field_separator = 	
seq_separator =  
USER_ID_FIELD = user_id
ITEM_ID_FIELD = item_id
RATING_FIELD = rating
TIME_FIELD = timestamp
seq_len = None
LABEL_FIELD = label
threshold = None
NEG_PREFIX = neg_
load_col = {'inter': ['user_id', 'item_id']}
unload_col = None
unused_col = None
additional_feat_suffix = None
rm_dup_inter = None
val_interval = None
filter_inter_by_user_or_item = True
user_inter_num_interval = [0,inf)
item_inter_num_interval = [0,inf)
alias_of_user_id = None
alias_of_item_id = None
alias_of_entity_id = None
alias_of_relation_id = None
preload_weight = None
normalize_field = None
normalize_all = None
ITEM_LIST_LENGTH_FIELD = item_length
LIST_SUFFIX = _list
MAX_ITEM_LIST_LENGTH = 500
POSITION_FIELD = position_id
HEAD_ENTITY_ID_FIELD = head_id
TAIL_ENTITY_ID_FIELD = tail_id
RELATION_ID_FIELD = relation_id
ENTITY_ID_FIELD = entity_id
benchmark_filename = None

Other Hyper Parameters: 
worker = 0
wandb_project = recbole
shuffle = True
require_pow = False
enable_amp = False
enable_scaler = False
transform = None
embedding_size = 256
numerical_features = []
discretization = None
kg_reverse_r = False
entity_kg_num_interval = [0,inf)
relation_kg_num_interval = [0,inf)
MODEL_TYPE = ModelType.GENERAL
MODEL_INPUT_TYPE = InputType.PAIRWISE
eval_type = EvaluatorType.RANKING
single_spec = True
local_rank = 0
device = cuda
valid_neg_sample_args = {'distribution': 'uniform', 'sample_num': 'none'}
test_neg_sample_args = {'distribution': 'uniform', 'sample_num': 'none'}


Wed 15 Apr 2026 13:55:59 INFO  dataset
The number of users: 656
Average actions of users: 582.2351145038168
The number of items: 992
Average actions of items: 384.8274470232089
The number of inters: 381364
The sparsity of the dataset: 41.39641522423288%
Remain Fields: ['user_id', 'item_id']
Wed 15 Apr 2026 13:55:59 INFO  Preparing dataset
Wed 15 Apr 2026 13:55:59 INFO  [Training]: train_batch_size = [2048] train_neg_sample_args: [{'distribution': 'uniform', 'sample_num': 1, 'alpha': 1.0, 'dynamic': False, 'candidate_num': 0}]
Wed 15 Apr 2026 13:55:59 INFO  [Evaluation]: eval_batch_size = [2048] eval_args: [{'split': {'RS': [0.75, 0.2, 0.05]}, 'order': 'RO', 'group_by': 'user', 'mode': {'valid': 'full', 'test': 'full'}}]
Wed 15 Apr 2026 13:55:59 INFO  Done!
Wed 15 Apr 2026 13:56:00 INFO  BPR(
  (user_embedding): Embedding(656, 256)
  (item_embedding): Embedding(992, 256)
  (loss): BPRLoss()
)
Trainable parameters: 421888
Wed 15 Apr 2026 13:56:00 INFO  FLOPs: 512.0
Wed 15 Apr 2026 13:56:02 INFO  epoch 0 training [time: 1.17s, train loss: 89.0875]
Wed 15 Apr 2026 13:56:03 INFO  epoch 0 evaluating [time: 0.45s, valid_score: 0.815796]
Wed 15 Apr 2026 13:56:03 INFO  valid result: 
ndcg@10 : 0.815796
Wed 15 Apr 2026 13:56:03 INFO  Saving current: saved/BPR-Apr-15-2026_13-56-00.pth
Wed 15 Apr 2026 13:56:04 INFO  epoch 1 training [time: 1.05s, train loss: 34.8927]
Wed 15 Apr 2026 13:56:07 INFO  epoch 1 evaluating [time: 2.94s, valid_score: 0.809375]
Wed 15 Apr 2026 13:56:07 INFO  valid result: 
ndcg@10 : 0.809375
Wed 15 Apr 2026 13:56:08 INFO  epoch 2 training [time: 1.85s, train loss: 28.7696]
Wed 15 Apr 2026 13:56:12 INFO  epoch 2 evaluating [time: 3.17s, valid_score: 0.818418]
Wed 15 Apr 2026 13:56:12 INFO  valid result: 
ndcg@10 : 0.818418
Wed 15 Apr 2026 13:56:12 INFO  Saving current: saved/BPR-Apr-15-2026_13-56-00.pth
Wed 15 Apr 2026 13:56:13 INFO  epoch 3 training [time: 1.85s, train loss: 28.0313]
Wed 15 Apr 2026 13:56:17 INFO  epoch 3 evaluating [time: 3.03s, valid_score: 0.812131]
Wed 15 Apr 2026 13:56:17 INFO  valid result: 
ndcg@10 : 0.812131
Wed 15 Apr 2026 13:56:18 INFO  epoch 4 training [time: 1.83s, train loss: 27.6015]
Wed 15 Apr 2026 13:56:21 INFO  epoch 4 evaluating [time: 2.92s, valid_score: 0.821427]
Wed 15 Apr 2026 13:56:21 INFO  valid result: 
ndcg@10 : 0.821427
Wed 15 Apr 2026 13:56:21 INFO  Saving current: saved/BPR-Apr-15-2026_13-56-00.pth
Wed 15 Apr 2026 13:56:23 INFO  epoch 5 training [time: 1.86s, train loss: 27.2393]
Wed 15 Apr 2026 13:56:26 INFO  epoch 5 evaluating [time: 3.01s, valid_score: 0.823624]
Wed 15 Apr 2026 13:56:26 INFO  valid result: 
ndcg@10 : 0.823624
Wed 15 Apr 2026 13:56:26 INFO  Saving current: saved/BPR-Apr-15-2026_13-56-00.pth
Wed 15 Apr 2026 13:56:28 INFO  epoch 6 training [time: 1.90s, train loss: 26.3247]
Wed 15 Apr 2026 13:56:31 INFO  epoch 6 evaluating [time: 3.13s, valid_score: 0.824925]
Wed 15 Apr 2026 13:56:31 INFO  valid result: 
ndcg@10 : 0.824925
Wed 15 Apr 2026 13:56:31 INFO  Saving current: saved/BPR-Apr-15-2026_13-56-00.pth
Wed 15 Apr 2026 13:56:33 INFO  epoch 7 training [time: 1.98s, train loss: 25.5515]
Wed 15 Apr 2026 13:56:36 INFO  epoch 7 evaluating [time: 2.98s, valid_score: 0.835089]
Wed 15 Apr 2026 13:56:36 INFO  valid result: 
ndcg@10 : 0.835089
Wed 15 Apr 2026 13:56:36 INFO  Saving current: saved/BPR-Apr-15-2026_13-56-00.pth
Wed 15 Apr 2026 13:56:38 INFO  epoch 8 training [time: 1.84s, train loss: 24.5180]
Wed 15 Apr 2026 13:56:41 INFO  epoch 8 evaluating [time: 3.08s, valid_score: 0.832566]
Wed 15 Apr 2026 13:56:41 INFO  valid result: 
ndcg@10 : 0.832566
Wed 15 Apr 2026 13:56:43 INFO  epoch 9 training [time: 1.89s, train loss: 23.3963]
Wed 15 Apr 2026 13:56:46 INFO  epoch 9 evaluating [time: 3.00s, valid_score: 0.840610]
Wed 15 Apr 2026 13:56:46 INFO  valid result: 
ndcg@10 : 0.84061
Wed 15 Apr 2026 13:56:46 INFO  Saving current: saved/BPR-Apr-15-2026_13-56-00.pth
Wed 15 Apr 2026 13:56:48 INFO  epoch 10 training [time: 1.90s, train loss: 22.3407]
Wed 15 Apr 2026 13:56:51 INFO  epoch 10 evaluating [time: 2.98s, valid_score: 0.833526]
Wed 15 Apr 2026 13:56:51 INFO  valid result: 
ndcg@10 : 0.833526
Wed 15 Apr 2026 13:56:53 INFO  epoch 11 training [time: 1.86s, train loss: 21.0746]
Wed 15 Apr 2026 13:56:56 INFO  epoch 11 evaluating [time: 2.95s, valid_score: 0.836210]
Wed 15 Apr 2026 13:56:56 INFO  valid result: 
ndcg@10 : 0.83621
Wed 15 Apr 2026 13:56:58 INFO  epoch 12 training [time: 1.93s, train loss: 19.7975]
Wed 15 Apr 2026 13:57:01 INFO  epoch 12 evaluating [time: 2.90s, valid_score: 0.840379]
Wed 15 Apr 2026 13:57:01 INFO  valid result: 
ndcg@10 : 0.840379
Wed 15 Apr 2026 13:57:02 INFO  epoch 13 training [time: 1.87s, train loss: 18.6287]
Wed 15 Apr 2026 13:57:06 INFO  epoch 13 evaluating [time: 3.18s, valid_score: 0.840320]
Wed 15 Apr 2026 13:57:06 INFO  valid result: 
ndcg@10 : 0.84032
Wed 15 Apr 2026 13:57:07 INFO  epoch 14 training [time: 1.81s, train loss: 17.5124]
Wed 15 Apr 2026 13:57:10 INFO  epoch 14 evaluating [time: 2.99s, valid_score: 0.841899]
Wed 15 Apr 2026 13:57:10 INFO  valid result: 
ndcg@10 : 0.841899
Wed 15 Apr 2026 13:57:10 INFO  Saving current: saved/BPR-Apr-15-2026_13-56-00.pth
Wed 15 Apr 2026 13:57:10 INFO  best valid : OrderedDict([('ndcg@10', 0.841899)])
Wed 15 Apr 2026 13:57:10 INFO  
General Hyper Parameters:
gpu_id = 0
use_gpu = True
seed = 2020
state = INFO
reproducibility = True
data_path = recbole_tmp/dataset
checkpoint_dir = saved
show_progress = True
save_dataset = False
dataset_save_path = None
save_dataloaders = False
dataloaders_save_path = None
log_wandb = False

Training Hyper Parameters:
epochs = 15
train_batch_size = 2048
learner = adam
learning_rate = 0.001
train_neg_sample_args = {'distribution': 'uniform', 'sample_num': 1, 'alpha': 1.0, 'dynamic': False, 'candidate_num': 0}
eval_step = 1
stopping_step = 5
clip_grad_norm = None
weight_decay = 0.0
loss_decimal_place = 4

Evaluation Hyper Parameters:
eval_args = {'split': {'RS': [0.75, 0.2, 0.05]}, 'order': 'RO', 'group_by': 'user', 'mode': {'valid': 'full', 'test': 'full'}}
repeatable = False
metrics = ['NDCG']
topk = [10]
valid_metric = NDCG@10
valid_metric_bigger = True
eval_batch_size = 2048
metric_decimal_place = 6

Dataset Hyper Parameters:
field_separator = 	
seq_separator =  
USER_ID_FIELD = user_id
ITEM_ID_FIELD = item_id
RATING_FIELD = rating
TIME_FIELD = timestamp
seq_len = None
LABEL_FIELD = label
threshold = None
NEG_PREFIX = neg_
load_col = {'inter': ['user_id', 'item_id']}
unload_col = None
unused_col = None
additional_feat_suffix = None
rm_dup_inter = None
val_interval = None
filter_inter_by_user_or_item = True
user_inter_num_interval = [0,inf)
item_inter_num_interval = [0,inf)
alias_of_user_id = None
alias_of_item_id = None
alias_of_entity_id = None
alias_of_relation_id = None
preload_weight = None
normalize_field = None
normalize_all = None
ITEM_LIST_LENGTH_FIELD = item_length
LIST_SUFFIX = _list
MAX_ITEM_LIST_LENGTH = 500
POSITION_FIELD = position_id
HEAD_ENTITY_ID_FIELD = head_id
TAIL_ENTITY_ID_FIELD = tail_id
RELATION_ID_FIELD = relation_id
ENTITY_ID_FIELD = entity_id
benchmark_filename = None

Other Hyper Parameters: 
worker = 0
wandb_project = recbole
shuffle = True
require_pow = False
enable_amp = False
enable_scaler = False
transform = None
embedding_size = 256
numerical_features = []
discretization = None
kg_reverse_r = False
entity_kg_num_interval = [0,inf)
relation_kg_num_interval = [0,inf)
MODEL_TYPE = ModelType.GENERAL
MODEL_INPUT_TYPE = InputType.PAIRWISE
eval_type = EvaluatorType.RANKING
single_spec = True
local_rank = 0
device = cuda
valid_neg_sample_args = {'distribution': 'uniform', 'sample_num': 'none'}
test_neg_sample_args = {'distribution': 'uniform', 'sample_num': 'none'}


Wed 15 Apr 2026 13:57:11 INFO  dataset
The number of users: 656
Average actions of users: 582.2351145038168
The number of items: 992
Average actions of items: 384.8274470232089
The number of inters: 381364
The sparsity of the dataset: 41.39641522423288%
Remain Fields: ['user_id', 'item_id']
Wed 15 Apr 2026 13:57:12 INFO  [Training]: train_batch_size = [2048] train_neg_sample_args: [{'distribution': 'uniform', 'sample_num': 1, 'alpha': 1.0, 'dynamic': False, 'candidate_num': 0}]
Wed 15 Apr 2026 13:57:12 INFO  [Evaluation]: eval_batch_size = [2048] eval_args: [{'split': {'RS': [0.75, 0.2, 0.05]}, 'order': 'RO', 'group_by': 'user', 'mode': {'valid': 'full', 'test': 'full'}}]
