Wed 15 Apr 2026 14:44:19 INFO  ['main.py', 'babyLFM2b1k', '86', '--clean', '--model', 'BPR', '--choice-model', 'consume_all', '--config', 'recbole_config_default.yaml']
Wed 15 Apr 2026 14:44:19 INFO  
General Hyper Parameters:
gpu_id = 0
use_gpu = True
seed = 2020
state = INFO
reproducibility = True
data_path = recbole_tmp/dataset
checkpoint_dir = saved
show_progress = True
save_dataset = False
dataset_save_path = None
save_dataloaders = False
dataloaders_save_path = None
log_wandb = False

Training Hyper Parameters:
epochs = 15
train_batch_size = 2048
learner = adam
learning_rate = 0.001
train_neg_sample_args = {'distribution': 'uniform', 'sample_num': 1, 'alpha': 1.0, 'dynamic': False, 'candidate_num': 0}
eval_step = 1
stopping_step = 5
clip_grad_norm = None
weight_decay = 0.0
loss_decimal_place = 4

Evaluation Hyper Parameters:
eval_args = {'split': {'RS': [0.75, 0.2, 0.05]}, 'order': 'RO', 'group_by': 'user', 'mode': {'valid': 'full', 'test': 'full'}}
repeatable = False
metrics = ['NDCG']
topk = [10]
valid_metric = NDCG@10
valid_metric_bigger = True
eval_batch_size = 2048
metric_decimal_place = 6

Dataset Hyper Parameters:
field_separator = 	
seq_separator =  
USER_ID_FIELD = user_id
ITEM_ID_FIELD = item_id
RATING_FIELD = rating
TIME_FIELD = timestamp
seq_len = None
LABEL_FIELD = label
threshold = None
NEG_PREFIX = neg_
load_col = {'inter': ['user_id', 'item_id']}
unload_col = None
unused_col = None
additional_feat_suffix = None
rm_dup_inter = None
val_interval = None
filter_inter_by_user_or_item = True
user_inter_num_interval = [0,inf)
item_inter_num_interval = [0,inf)
alias_of_user_id = None
alias_of_item_id = None
alias_of_entity_id = None
alias_of_relation_id = None
preload_weight = None
normalize_field = None
normalize_all = None
ITEM_LIST_LENGTH_FIELD = item_length
LIST_SUFFIX = _list
MAX_ITEM_LIST_LENGTH = 500
POSITION_FIELD = position_id
HEAD_ENTITY_ID_FIELD = head_id
TAIL_ENTITY_ID_FIELD = tail_id
RELATION_ID_FIELD = relation_id
ENTITY_ID_FIELD = entity_id
benchmark_filename = None

Other Hyper Parameters: 
worker = 0
wandb_project = recbole
shuffle = True
require_pow = False
enable_amp = False
enable_scaler = False
transform = None
embedding_size = 256
numerical_features = []
discretization = None
kg_reverse_r = False
entity_kg_num_interval = [0,inf)
relation_kg_num_interval = [0,inf)
MODEL_TYPE = ModelType.GENERAL
MODEL_INPUT_TYPE = InputType.PAIRWISE
eval_type = EvaluatorType.RANKING
single_spec = True
local_rank = 0
device = cuda
valid_neg_sample_args = {'distribution': 'uniform', 'sample_num': 'none'}
test_neg_sample_args = {'distribution': 'uniform', 'sample_num': 'none'}


Wed 15 Apr 2026 14:44:20 INFO  dataset
The number of users: 656
Average actions of users: 872.1908396946565
The number of items: 992
Average actions of items: 576.473259334006
The number of inters: 571285
The sparsity of the dataset: 12.21156446695516%
Remain Fields: ['user_id', 'item_id']
Wed 15 Apr 2026 14:44:20 INFO  Preparing dataset
Wed 15 Apr 2026 14:44:21 INFO  [Training]: train_batch_size = [2048] train_neg_sample_args: [{'distribution': 'uniform', 'sample_num': 1, 'alpha': 1.0, 'dynamic': False, 'candidate_num': 0}]
Wed 15 Apr 2026 14:44:21 INFO  [Evaluation]: eval_batch_size = [2048] eval_args: [{'split': {'RS': [0.75, 0.2, 0.05]}, 'order': 'RO', 'group_by': 'user', 'mode': {'valid': 'full', 'test': 'full'}}]
Wed 15 Apr 2026 14:44:21 INFO  Done!
Wed 15 Apr 2026 14:44:21 INFO  BPR(
  (user_embedding): Embedding(656, 256)
  (item_embedding): Embedding(992, 256)
  (loss): BPRLoss()
)
Trainable parameters: 421888
Wed 15 Apr 2026 14:44:22 INFO  FLOPs: 512.0
Wed 15 Apr 2026 14:44:27 INFO  epoch 0 training [time: 3.41s, train loss: 135.6066]
Wed 15 Apr 2026 14:44:30 INFO  epoch 0 evaluating [time: 3.47s, valid_score: 0.819707]
Wed 15 Apr 2026 14:44:30 INFO  valid result: 
ndcg@10 : 0.819707
Wed 15 Apr 2026 14:44:30 INFO  Saving current: saved/BPR-Apr-15-2026_14-44-22.pth
Wed 15 Apr 2026 14:44:33 INFO  epoch 1 training [time: 3.26s, train loss: 93.5472]
Wed 15 Apr 2026 14:44:36 INFO  epoch 1 evaluating [time: 3.00s, valid_score: 0.820341]
Wed 15 Apr 2026 14:44:36 INFO  valid result: 
ndcg@10 : 0.820341
Wed 15 Apr 2026 14:44:36 INFO  Saving current: saved/BPR-Apr-15-2026_14-44-22.pth
Wed 15 Apr 2026 14:44:39 INFO  epoch 2 training [time: 3.12s, train loss: 87.3102]
Wed 15 Apr 2026 14:44:43 INFO  epoch 2 evaluating [time: 3.11s, valid_score: 0.826577]
Wed 15 Apr 2026 14:44:43 INFO  valid result: 
ndcg@10 : 0.826577
Wed 15 Apr 2026 14:44:43 INFO  Saving current: saved/BPR-Apr-15-2026_14-44-22.pth
Wed 15 Apr 2026 14:44:46 INFO  epoch 3 training [time: 3.19s, train loss: 82.0798]
Wed 15 Apr 2026 14:44:49 INFO  epoch 3 evaluating [time: 3.13s, valid_score: 0.840065]
Wed 15 Apr 2026 14:44:49 INFO  valid result: 
ndcg@10 : 0.840065
Wed 15 Apr 2026 14:44:49 INFO  Saving current: saved/BPR-Apr-15-2026_14-44-22.pth
Wed 15 Apr 2026 14:44:52 INFO  epoch 4 training [time: 3.13s, train loss: 75.1639]
Wed 15 Apr 2026 14:44:55 INFO  epoch 4 evaluating [time: 3.31s, valid_score: 0.840895]
Wed 15 Apr 2026 14:44:55 INFO  valid result: 
ndcg@10 : 0.840895
Wed 15 Apr 2026 14:44:55 INFO  Saving current: saved/BPR-Apr-15-2026_14-44-22.pth
Wed 15 Apr 2026 14:44:59 INFO  epoch 5 training [time: 3.12s, train loss: 67.7643]
Wed 15 Apr 2026 14:45:02 INFO  epoch 5 evaluating [time: 3.13s, valid_score: 0.838808]
Wed 15 Apr 2026 14:45:02 INFO  valid result: 
ndcg@10 : 0.838808
Wed 15 Apr 2026 14:45:05 INFO  epoch 6 training [time: 3.55s, train loss: 60.4947]
Wed 15 Apr 2026 14:45:10 INFO  epoch 6 evaluating [time: 4.59s, valid_score: 0.836654]
Wed 15 Apr 2026 14:45:10 INFO  valid result: 
ndcg@10 : 0.836654
Wed 15 Apr 2026 14:45:13 INFO  epoch 7 training [time: 3.12s, train loss: 53.8477]
Wed 15 Apr 2026 14:45:18 INFO  epoch 7 evaluating [time: 5.47s, valid_score: 0.841886]
Wed 15 Apr 2026 14:45:18 INFO  valid result: 
ndcg@10 : 0.841886
Wed 15 Apr 2026 14:45:18 INFO  Saving current: saved/BPR-Apr-15-2026_14-44-22.pth
Wed 15 Apr 2026 14:45:22 INFO  epoch 8 training [time: 3.16s, train loss: 48.0241]
Wed 15 Apr 2026 14:45:25 INFO  epoch 8 evaluating [time: 3.22s, valid_score: 0.846560]
Wed 15 Apr 2026 14:45:25 INFO  valid result: 
ndcg@10 : 0.84656
Wed 15 Apr 2026 14:45:25 INFO  Saving current: saved/BPR-Apr-15-2026_14-44-22.pth
Wed 15 Apr 2026 14:45:28 INFO  epoch 9 training [time: 3.16s, train loss: 42.8397]
Wed 15 Apr 2026 14:45:31 INFO  epoch 9 evaluating [time: 3.31s, valid_score: 0.849646]
Wed 15 Apr 2026 14:45:31 INFO  valid result: 
ndcg@10 : 0.849646
Wed 15 Apr 2026 14:45:31 INFO  Saving current: saved/BPR-Apr-15-2026_14-44-22.pth
Wed 15 Apr 2026 14:45:34 INFO  epoch 10 training [time: 3.13s, train loss: 38.3139]
Wed 15 Apr 2026 14:45:37 INFO  epoch 10 evaluating [time: 2.93s, valid_score: 0.850322]
Wed 15 Apr 2026 14:45:37 INFO  valid result: 
ndcg@10 : 0.850322
Wed 15 Apr 2026 14:45:37 INFO  Saving current: saved/BPR-Apr-15-2026_14-44-22.pth
Wed 15 Apr 2026 14:45:40 INFO  epoch 11 training [time: 3.11s, train loss: 34.3751]
Wed 15 Apr 2026 14:45:44 INFO  epoch 11 evaluating [time: 3.22s, valid_score: 0.852216]
Wed 15 Apr 2026 14:45:44 INFO  valid result: 
ndcg@10 : 0.852216
Wed 15 Apr 2026 14:45:44 INFO  Saving current: saved/BPR-Apr-15-2026_14-44-22.pth
Wed 15 Apr 2026 14:45:47 INFO  epoch 12 training [time: 3.18s, train loss: 31.0837]
Wed 15 Apr 2026 14:45:50 INFO  epoch 12 evaluating [time: 3.41s, valid_score: 0.853233]
Wed 15 Apr 2026 14:45:50 INFO  valid result: 
ndcg@10 : 0.853233
Wed 15 Apr 2026 14:45:50 INFO  Saving current: saved/BPR-Apr-15-2026_14-44-22.pth
Wed 15 Apr 2026 14:45:53 INFO  epoch 13 training [time: 3.16s, train loss: 28.1724]
Wed 15 Apr 2026 14:45:57 INFO  epoch 13 evaluating [time: 3.04s, valid_score: 0.850543]
Wed 15 Apr 2026 14:45:57 INFO  valid result: 
ndcg@10 : 0.850543
Wed 15 Apr 2026 14:46:00 INFO  epoch 14 training [time: 3.09s, train loss: 25.4086]
Wed 15 Apr 2026 14:46:03 INFO  epoch 14 evaluating [time: 3.30s, valid_score: 0.853926]
Wed 15 Apr 2026 14:46:03 INFO  valid result: 
ndcg@10 : 0.853926
Wed 15 Apr 2026 14:46:03 INFO  Saving current: saved/BPR-Apr-15-2026_14-44-22.pth
Wed 15 Apr 2026 14:46:03 INFO  best valid : OrderedDict([('ndcg@10', 0.853926)])
Wed 15 Apr 2026 14:46:03 INFO  
General Hyper Parameters:
gpu_id = 0
use_gpu = True
seed = 2020
state = INFO
reproducibility = True
data_path = recbole_tmp/dataset
checkpoint_dir = saved
show_progress = True
save_dataset = False
dataset_save_path = None
save_dataloaders = False
dataloaders_save_path = None
log_wandb = False

Training Hyper Parameters:
epochs = 15
train_batch_size = 2048
learner = adam
learning_rate = 0.001
train_neg_sample_args = {'distribution': 'uniform', 'sample_num': 1, 'alpha': 1.0, 'dynamic': False, 'candidate_num': 0}
eval_step = 1
stopping_step = 5
clip_grad_norm = None
weight_decay = 0.0
loss_decimal_place = 4

Evaluation Hyper Parameters:
eval_args = {'split': {'RS': [0.75, 0.2, 0.05]}, 'order': 'RO', 'group_by': 'user', 'mode': {'valid': 'full', 'test': 'full'}}
repeatable = False
metrics = ['NDCG']
topk = [10]
valid_metric = NDCG@10
valid_metric_bigger = True
eval_batch_size = 2048
metric_decimal_place = 6

Dataset Hyper Parameters:
field_separator = 	
seq_separator =  
USER_ID_FIELD = user_id
ITEM_ID_FIELD = item_id
RATING_FIELD = rating
TIME_FIELD = timestamp
seq_len = None
LABEL_FIELD = label
threshold = None
NEG_PREFIX = neg_
load_col = {'inter': ['user_id', 'item_id']}
unload_col = None
unused_col = None
additional_feat_suffix = None
rm_dup_inter = None
val_interval = None
filter_inter_by_user_or_item = True
user_inter_num_interval = [0,inf)
item_inter_num_interval = [0,inf)
alias_of_user_id = None
alias_of_item_id = None
alias_of_entity_id = None
alias_of_relation_id = None
preload_weight = None
normalize_field = None
normalize_all = None
ITEM_LIST_LENGTH_FIELD = item_length
LIST_SUFFIX = _list
MAX_ITEM_LIST_LENGTH = 500
POSITION_FIELD = position_id
HEAD_ENTITY_ID_FIELD = head_id
TAIL_ENTITY_ID_FIELD = tail_id
RELATION_ID_FIELD = relation_id
ENTITY_ID_FIELD = entity_id
benchmark_filename = None

Other Hyper Parameters: 
worker = 0
wandb_project = recbole
shuffle = True
require_pow = False
enable_amp = False
enable_scaler = False
transform = None
embedding_size = 256
numerical_features = []
discretization = None
kg_reverse_r = False
entity_kg_num_interval = [0,inf)
relation_kg_num_interval = [0,inf)
MODEL_TYPE = ModelType.GENERAL
MODEL_INPUT_TYPE = InputType.PAIRWISE
eval_type = EvaluatorType.RANKING
single_spec = True
local_rank = 0
device = cuda
valid_neg_sample_args = {'distribution': 'uniform', 'sample_num': 'none'}
test_neg_sample_args = {'distribution': 'uniform', 'sample_num': 'none'}


Wed 15 Apr 2026 14:46:04 INFO  dataset
The number of users: 656
Average actions of users: 872.1908396946565
The number of items: 992
Average actions of items: 576.473259334006
The number of inters: 571285
The sparsity of the dataset: 12.21156446695516%
Remain Fields: ['user_id', 'item_id']
Wed 15 Apr 2026 14:46:05 INFO  [Training]: train_batch_size = [2048] train_neg_sample_args: [{'distribution': 'uniform', 'sample_num': 1, 'alpha': 1.0, 'dynamic': False, 'candidate_num': 0}]
Wed 15 Apr 2026 14:46:05 INFO  [Evaluation]: eval_batch_size = [2048] eval_args: [{'split': {'RS': [0.75, 0.2, 0.05]}, 'order': 'RO', 'group_by': 'user', 'mode': {'valid': 'full', 'test': 'full'}}]
