Wed 15 Apr 2026 14:28:34 INFO  ['main.py', 'babyLFM2b1k', '77', '--clean', '--model', 'BPR', '--choice-model', 'consume_all', '--config', 'recbole_config_default.yaml']
Wed 15 Apr 2026 14:28:34 INFO  
General Hyper Parameters:
gpu_id = 0
use_gpu = True
seed = 2020
state = INFO
reproducibility = True
data_path = recbole_tmp/dataset
checkpoint_dir = saved
show_progress = True
save_dataset = False
dataset_save_path = None
save_dataloaders = False
dataloaders_save_path = None
log_wandb = False

Training Hyper Parameters:
epochs = 15
train_batch_size = 2048
learner = adam
learning_rate = 0.001
train_neg_sample_args = {'distribution': 'uniform', 'sample_num': 1, 'alpha': 1.0, 'dynamic': False, 'candidate_num': 0}
eval_step = 1
stopping_step = 5
clip_grad_norm = None
weight_decay = 0.0
loss_decimal_place = 4

Evaluation Hyper Parameters:
eval_args = {'split': {'RS': [0.75, 0.2, 0.05]}, 'order': 'RO', 'group_by': 'user', 'mode': {'valid': 'full', 'test': 'full'}}
repeatable = False
metrics = ['NDCG']
topk = [10]
valid_metric = NDCG@10
valid_metric_bigger = True
eval_batch_size = 2048
metric_decimal_place = 6

Dataset Hyper Parameters:
field_separator = 	
seq_separator =  
USER_ID_FIELD = user_id
ITEM_ID_FIELD = item_id
RATING_FIELD = rating
TIME_FIELD = timestamp
seq_len = None
LABEL_FIELD = label
threshold = None
NEG_PREFIX = neg_
load_col = {'inter': ['user_id', 'item_id']}
unload_col = None
unused_col = None
additional_feat_suffix = None
rm_dup_inter = None
val_interval = None
filter_inter_by_user_or_item = True
user_inter_num_interval = [0,inf)
item_inter_num_interval = [0,inf)
alias_of_user_id = None
alias_of_item_id = None
alias_of_entity_id = None
alias_of_relation_id = None
preload_weight = None
normalize_field = None
normalize_all = None
ITEM_LIST_LENGTH_FIELD = item_length
LIST_SUFFIX = _list
MAX_ITEM_LIST_LENGTH = 500
POSITION_FIELD = position_id
HEAD_ENTITY_ID_FIELD = head_id
TAIL_ENTITY_ID_FIELD = tail_id
RELATION_ID_FIELD = relation_id
ENTITY_ID_FIELD = entity_id
benchmark_filename = None

Other Hyper Parameters: 
worker = 0
wandb_project = recbole
shuffle = True
require_pow = False
enable_amp = False
enable_scaler = False
transform = None
embedding_size = 256
numerical_features = []
discretization = None
kg_reverse_r = False
entity_kg_num_interval = [0,inf)
relation_kg_num_interval = [0,inf)
MODEL_TYPE = ModelType.GENERAL
MODEL_INPUT_TYPE = InputType.PAIRWISE
eval_type = EvaluatorType.RANKING
single_spec = True
local_rank = 0
device = cuda
valid_neg_sample_args = {'distribution': 'uniform', 'sample_num': 'none'}
test_neg_sample_args = {'distribution': 'uniform', 'sample_num': 'none'}


Wed 15 Apr 2026 14:28:35 INFO  dataset
The number of users: 656
Average actions of users: 782.2045801526717
The number of items: 992
Average actions of items: 516.9969727547931
The number of inters: 512344
The sparsity of the dataset: 21.26893194335169%
Remain Fields: ['user_id', 'item_id']
Wed 15 Apr 2026 14:28:35 INFO  Preparing dataset
Wed 15 Apr 2026 14:28:36 INFO  [Training]: train_batch_size = [2048] train_neg_sample_args: [{'distribution': 'uniform', 'sample_num': 1, 'alpha': 1.0, 'dynamic': False, 'candidate_num': 0}]
Wed 15 Apr 2026 14:28:36 INFO  [Evaluation]: eval_batch_size = [2048] eval_args: [{'split': {'RS': [0.75, 0.2, 0.05]}, 'order': 'RO', 'group_by': 'user', 'mode': {'valid': 'full', 'test': 'full'}}]
Wed 15 Apr 2026 14:28:36 INFO  Done!
Wed 15 Apr 2026 14:28:36 INFO  BPR(
  (user_embedding): Embedding(656, 256)
  (item_embedding): Embedding(992, 256)
  (loss): BPRLoss()
)
Trainable parameters: 421888
Wed 15 Apr 2026 14:28:37 INFO  FLOPs: 512.0
Wed 15 Apr 2026 14:28:41 INFO  epoch 0 training [time: 2.88s, train loss: 117.1913]
Wed 15 Apr 2026 14:28:44 INFO  epoch 0 evaluating [time: 3.21s, valid_score: 0.809599]
Wed 15 Apr 2026 14:28:44 INFO  valid result: 
ndcg@10 : 0.809599
Wed 15 Apr 2026 14:28:44 INFO  Saving current: saved/BPR-Apr-15-2026_14-28-37.pth
Wed 15 Apr 2026 14:28:46 INFO  epoch 1 training [time: 2.07s, train loss: 65.6213]
Wed 15 Apr 2026 14:28:49 INFO  epoch 1 evaluating [time: 2.87s, valid_score: 0.813517]
Wed 15 Apr 2026 14:28:49 INFO  valid result: 
ndcg@10 : 0.813517
Wed 15 Apr 2026 14:28:49 INFO  Saving current: saved/BPR-Apr-15-2026_14-28-37.pth
Wed 15 Apr 2026 14:28:52 INFO  epoch 2 training [time: 2.70s, train loss: 61.0351]
Wed 15 Apr 2026 14:28:55 INFO  epoch 2 evaluating [time: 3.04s, valid_score: 0.810197]
Wed 15 Apr 2026 14:28:55 INFO  valid result: 
ndcg@10 : 0.810197
Wed 15 Apr 2026 14:28:57 INFO  epoch 3 training [time: 2.72s, train loss: 58.8259]
Wed 15 Apr 2026 14:29:00 INFO  epoch 3 evaluating [time: 2.97s, valid_score: 0.822919]
Wed 15 Apr 2026 14:29:00 INFO  valid result: 
ndcg@10 : 0.822919
Wed 15 Apr 2026 14:29:00 INFO  Saving current: saved/BPR-Apr-15-2026_14-28-37.pth
Wed 15 Apr 2026 14:29:03 INFO  epoch 4 training [time: 2.81s, train loss: 55.9891]
Wed 15 Apr 2026 14:29:06 INFO  epoch 4 evaluating [time: 3.06s, valid_score: 0.828294]
Wed 15 Apr 2026 14:29:06 INFO  valid result: 
ndcg@10 : 0.828294
Wed 15 Apr 2026 14:29:06 INFO  Saving current: saved/BPR-Apr-15-2026_14-28-37.pth
Wed 15 Apr 2026 14:29:09 INFO  epoch 5 training [time: 2.76s, train loss: 52.3695]
Wed 15 Apr 2026 14:29:12 INFO  epoch 5 evaluating [time: 3.39s, valid_score: 0.836626]
Wed 15 Apr 2026 14:29:12 INFO  valid result: 
ndcg@10 : 0.836626
Wed 15 Apr 2026 14:29:12 INFO  Saving current: saved/BPR-Apr-15-2026_14-28-37.pth
Wed 15 Apr 2026 14:29:15 INFO  epoch 6 training [time: 2.77s, train loss: 48.3718]
Wed 15 Apr 2026 14:29:18 INFO  epoch 6 evaluating [time: 3.11s, valid_score: 0.832769]
Wed 15 Apr 2026 14:29:18 INFO  valid result: 
ndcg@10 : 0.832769
Wed 15 Apr 2026 14:29:21 INFO  epoch 7 training [time: 2.88s, train loss: 44.3792]
Wed 15 Apr 2026 14:29:24 INFO  epoch 7 evaluating [time: 3.07s, valid_score: 0.838307]
Wed 15 Apr 2026 14:29:24 INFO  valid result: 
ndcg@10 : 0.838307
Wed 15 Apr 2026 14:29:24 INFO  Saving current: saved/BPR-Apr-15-2026_14-28-37.pth
Wed 15 Apr 2026 14:29:27 INFO  epoch 8 training [time: 2.66s, train loss: 40.4018]
Wed 15 Apr 2026 14:29:30 INFO  epoch 8 evaluating [time: 2.83s, valid_score: 0.840288]
Wed 15 Apr 2026 14:29:30 INFO  valid result: 
ndcg@10 : 0.840288
Wed 15 Apr 2026 14:29:30 INFO  Saving current: saved/BPR-Apr-15-2026_14-28-37.pth
Wed 15 Apr 2026 14:29:33 INFO  epoch 9 training [time: 2.70s, train loss: 36.9002]
Wed 15 Apr 2026 14:29:36 INFO  epoch 9 evaluating [time: 3.19s, valid_score: 0.845814]
Wed 15 Apr 2026 14:29:36 INFO  valid result: 
ndcg@10 : 0.845814
Wed 15 Apr 2026 14:29:36 INFO  Saving current: saved/BPR-Apr-15-2026_14-28-37.pth
Wed 15 Apr 2026 14:29:39 INFO  epoch 10 training [time: 2.84s, train loss: 33.3887]
Wed 15 Apr 2026 14:29:42 INFO  epoch 10 evaluating [time: 3.36s, valid_score: 0.846661]
Wed 15 Apr 2026 14:29:42 INFO  valid result: 
ndcg@10 : 0.846661
Wed 15 Apr 2026 14:29:42 INFO  Saving current: saved/BPR-Apr-15-2026_14-28-37.pth
Wed 15 Apr 2026 14:29:45 INFO  epoch 11 training [time: 2.71s, train loss: 30.3894]
Wed 15 Apr 2026 14:29:48 INFO  epoch 11 evaluating [time: 3.26s, valid_score: 0.849234]
Wed 15 Apr 2026 14:29:48 INFO  valid result: 
ndcg@10 : 0.849234
Wed 15 Apr 2026 14:29:48 INFO  Saving current: saved/BPR-Apr-15-2026_14-28-37.pth
Wed 15 Apr 2026 14:29:51 INFO  epoch 12 training [time: 2.66s, train loss: 27.8453]
Wed 15 Apr 2026 14:29:58 INFO  epoch 12 evaluating [time: 7.78s, valid_score: 0.848371]
Wed 15 Apr 2026 14:29:58 INFO  valid result: 
ndcg@10 : 0.848371
Wed 15 Apr 2026 14:30:03 INFO  epoch 13 training [time: 4.13s, train loss: 25.5656]
Wed 15 Apr 2026 14:30:11 INFO  epoch 13 evaluating [time: 8.71s, valid_score: 0.848764]
Wed 15 Apr 2026 14:30:11 INFO  valid result: 
ndcg@10 : 0.848764
Wed 15 Apr 2026 14:30:15 INFO  epoch 14 training [time: 4.05s, train loss: 23.2189]
Wed 15 Apr 2026 14:30:20 INFO  epoch 14 evaluating [time: 5.22s, valid_score: 0.849502]
Wed 15 Apr 2026 14:30:20 INFO  valid result: 
ndcg@10 : 0.849502
Wed 15 Apr 2026 14:30:21 INFO  Saving current: saved/BPR-Apr-15-2026_14-28-37.pth
Wed 15 Apr 2026 14:30:21 INFO  best valid : OrderedDict([('ndcg@10', 0.849502)])
Wed 15 Apr 2026 14:30:21 INFO  
General Hyper Parameters:
gpu_id = 0
use_gpu = True
seed = 2020
state = INFO
reproducibility = True
data_path = recbole_tmp/dataset
checkpoint_dir = saved
show_progress = True
save_dataset = False
dataset_save_path = None
save_dataloaders = False
dataloaders_save_path = None
log_wandb = False

Training Hyper Parameters:
epochs = 15
train_batch_size = 2048
learner = adam
learning_rate = 0.001
train_neg_sample_args = {'distribution': 'uniform', 'sample_num': 1, 'alpha': 1.0, 'dynamic': False, 'candidate_num': 0}
eval_step = 1
stopping_step = 5
clip_grad_norm = None
weight_decay = 0.0
loss_decimal_place = 4

Evaluation Hyper Parameters:
eval_args = {'split': {'RS': [0.75, 0.2, 0.05]}, 'order': 'RO', 'group_by': 'user', 'mode': {'valid': 'full', 'test': 'full'}}
repeatable = False
metrics = ['NDCG']
topk = [10]
valid_metric = NDCG@10
valid_metric_bigger = True
eval_batch_size = 2048
metric_decimal_place = 6

Dataset Hyper Parameters:
field_separator = 	
seq_separator =  
USER_ID_FIELD = user_id
ITEM_ID_FIELD = item_id
RATING_FIELD = rating
TIME_FIELD = timestamp
seq_len = None
LABEL_FIELD = label
threshold = None
NEG_PREFIX = neg_
load_col = {'inter': ['user_id', 'item_id']}
unload_col = None
unused_col = None
additional_feat_suffix = None
rm_dup_inter = None
val_interval = None
filter_inter_by_user_or_item = True
user_inter_num_interval = [0,inf)
item_inter_num_interval = [0,inf)
alias_of_user_id = None
alias_of_item_id = None
alias_of_entity_id = None
alias_of_relation_id = None
preload_weight = None
normalize_field = None
normalize_all = None
ITEM_LIST_LENGTH_FIELD = item_length
LIST_SUFFIX = _list
MAX_ITEM_LIST_LENGTH = 500
POSITION_FIELD = position_id
HEAD_ENTITY_ID_FIELD = head_id
TAIL_ENTITY_ID_FIELD = tail_id
RELATION_ID_FIELD = relation_id
ENTITY_ID_FIELD = entity_id
benchmark_filename = None

Other Hyper Parameters: 
worker = 0
wandb_project = recbole
shuffle = True
require_pow = False
enable_amp = False
enable_scaler = False
transform = None
embedding_size = 256
numerical_features = []
discretization = None
kg_reverse_r = False
entity_kg_num_interval = [0,inf)
relation_kg_num_interval = [0,inf)
MODEL_TYPE = ModelType.GENERAL
MODEL_INPUT_TYPE = InputType.PAIRWISE
eval_type = EvaluatorType.RANKING
single_spec = True
local_rank = 0
device = cuda
valid_neg_sample_args = {'distribution': 'uniform', 'sample_num': 'none'}
test_neg_sample_args = {'distribution': 'uniform', 'sample_num': 'none'}


Wed 15 Apr 2026 14:30:22 INFO  dataset
The number of users: 656
Average actions of users: 782.2045801526717
The number of items: 992
Average actions of items: 516.9969727547931
The number of inters: 512344
The sparsity of the dataset: 21.26893194335169%
Remain Fields: ['user_id', 'item_id']
Wed 15 Apr 2026 14:30:23 INFO  [Training]: train_batch_size = [2048] train_neg_sample_args: [{'distribution': 'uniform', 'sample_num': 1, 'alpha': 1.0, 'dynamic': False, 'candidate_num': 0}]
Wed 15 Apr 2026 14:30:23 INFO  [Evaluation]: eval_batch_size = [2048] eval_args: [{'split': {'RS': [0.75, 0.2, 0.05]}, 'order': 'RO', 'group_by': 'user', 'mode': {'valid': 'full', 'test': 'full'}}]
