Fri 17 Apr 2026 15:44:03 INFO  ['main.py', 'babyLFM2b1k', '77', '--clean', '--model', 'BPR', '--choice-model', 'consume_all', '--config', 'recbole_config_default.yaml', '--warm-start']
Fri 17 Apr 2026 15:44:03 INFO  
General Hyper Parameters:
gpu_id = 0
use_gpu = True
seed = 2020
state = INFO
reproducibility = True
data_path = recbole_tmp/dataset
checkpoint_dir = saved
show_progress = True
save_dataset = False
dataset_save_path = None
save_dataloaders = False
dataloaders_save_path = None
log_wandb = False

Training Hyper Parameters:
epochs = 10
train_batch_size = 2048
learner = adam
learning_rate = 0.001
train_neg_sample_args = {'distribution': 'uniform', 'sample_num': 1, 'alpha': 1.0, 'dynamic': False, 'candidate_num': 0}
eval_step = 1
stopping_step = 500
clip_grad_norm = None
weight_decay = 0.0
loss_decimal_place = 4

Evaluation Hyper Parameters:
eval_args = {'split': {'RS': [0.75, 0.2, 0.05]}, 'order': 'RO', 'group_by': 'user', 'mode': {'valid': 'full', 'test': 'full'}}
repeatable = False
metrics = ['NDCG']
topk = [10]
valid_metric = NDCG@10
valid_metric_bigger = True
eval_batch_size = 2048
metric_decimal_place = 3

Dataset Hyper Parameters:
field_separator = 	
seq_separator =  
USER_ID_FIELD = user_id
ITEM_ID_FIELD = item_id
RATING_FIELD = rating
TIME_FIELD = timestamp
seq_len = None
LABEL_FIELD = label
threshold = None
NEG_PREFIX = neg_
load_col = {'inter': ['user_id', 'item_id']}
unload_col = None
unused_col = None
additional_feat_suffix = None
rm_dup_inter = None
val_interval = None
filter_inter_by_user_or_item = True
user_inter_num_interval = [0,inf)
item_inter_num_interval = [0,inf)
alias_of_user_id = None
alias_of_item_id = None
alias_of_entity_id = None
alias_of_relation_id = None
preload_weight = None
normalize_field = None
normalize_all = None
ITEM_LIST_LENGTH_FIELD = item_length
LIST_SUFFIX = _list
MAX_ITEM_LIST_LENGTH = 500
POSITION_FIELD = position_id
HEAD_ENTITY_ID_FIELD = head_id
TAIL_ENTITY_ID_FIELD = tail_id
RELATION_ID_FIELD = relation_id
ENTITY_ID_FIELD = entity_id
benchmark_filename = None

Other Hyper Parameters: 
worker = 0
wandb_project = recbole
shuffle = True
require_pow = False
enable_amp = False
enable_scaler = False
transform = None
embedding_size = 256
numerical_features = []
discretization = None
kg_reverse_r = False
entity_kg_num_interval = [0,inf)
relation_kg_num_interval = [0,inf)
MODEL_TYPE = ModelType.GENERAL
MODEL_INPUT_TYPE = InputType.PAIRWISE
eval_type = EvaluatorType.RANKING
single_spec = True
local_rank = 0
device = cuda
valid_neg_sample_args = {'distribution': 'uniform', 'sample_num': 'none'}
test_neg_sample_args = {'distribution': 'uniform', 'sample_num': 'none'}


Fri 17 Apr 2026 15:44:05 INFO  dataset
The number of users: 656
Average actions of users: 782.2045801526717
The number of items: 992
Average actions of items: 516.9969727547931
The number of inters: 512344
The sparsity of the dataset: 21.26893194335169%
Remain Fields: ['user_id', 'item_id']
Fri 17 Apr 2026 15:44:05 INFO  Preparing dataset
Fri 17 Apr 2026 15:44:06 INFO  [Training]: train_batch_size = [2048] train_neg_sample_args: [{'distribution': 'uniform', 'sample_num': 1, 'alpha': 1.0, 'dynamic': False, 'candidate_num': 0}]
Fri 17 Apr 2026 15:44:06 INFO  [Evaluation]: eval_batch_size = [2048] eval_args: [{'split': {'RS': [0.75, 0.2, 0.05]}, 'order': 'RO', 'group_by': 'user', 'mode': {'valid': 'full', 'test': 'full'}}]
Fri 17 Apr 2026 15:44:06 INFO  Done!
Fri 17 Apr 2026 15:44:06 INFO  BPR(
  (user_embedding): Embedding(656, 256)
  (item_embedding): Embedding(992, 256)
  (loss): BPRLoss()
)
Trainable parameters: 421888
Fri 17 Apr 2026 15:44:06 INFO  FLOPs: 512.0
Fri 17 Apr 2026 15:44:07 INFO  Resuming training from checkpoint: experiments/babyLFM2b1k/output/iteration_76_checkpoint.pth
Fri 17 Apr 2026 15:44:07 INFO  Checkpoint loaded. Resume training from epoch 11
Fri 17 Apr 2026 15:44:09 INFO  epoch 0 training [time: 1.64s, train loss: 87.2541]
Fri 17 Apr 2026 15:44:10 INFO  epoch 0 evaluating [time: 0.69s, valid_score: 0.792000]
Fri 17 Apr 2026 15:44:10 INFO  valid result: 
ndcg@10 : 0.792
Fri 17 Apr 2026 15:44:10 INFO  Saving current: experiments/babyLFM2b1k/output/iteration_76_checkpoint.pth
Fri 17 Apr 2026 15:44:12 INFO  epoch 1 training [time: 1.82s, train loss: 74.5970]
Fri 17 Apr 2026 15:44:12 INFO  epoch 1 evaluating [time: 0.74s, valid_score: 0.809000]
Fri 17 Apr 2026 15:44:12 INFO  valid result: 
ndcg@10 : 0.809
Fri 17 Apr 2026 15:44:12 INFO  Saving current: experiments/babyLFM2b1k/output/iteration_76_checkpoint.pth
Fri 17 Apr 2026 15:44:14 INFO  epoch 2 training [time: 1.90s, train loss: 66.8042]
Fri 17 Apr 2026 15:44:15 INFO  epoch 2 evaluating [time: 0.87s, valid_score: 0.809000]
Fri 17 Apr 2026 15:44:15 INFO  valid result: 
ndcg@10 : 0.809
Fri 17 Apr 2026 15:44:15 INFO  Saving current: experiments/babyLFM2b1k/output/iteration_76_checkpoint.pth
Fri 17 Apr 2026 15:44:17 INFO  epoch 3 training [time: 1.70s, train loss: 61.3717]
Fri 17 Apr 2026 15:44:18 INFO  epoch 3 evaluating [time: 0.85s, valid_score: 0.814000]
Fri 17 Apr 2026 15:44:18 INFO  valid result: 
ndcg@10 : 0.814
Fri 17 Apr 2026 15:44:18 INFO  Saving current: experiments/babyLFM2b1k/output/iteration_76_checkpoint.pth
Fri 17 Apr 2026 15:44:19 INFO  epoch 4 training [time: 1.73s, train loss: 57.2160]
Fri 17 Apr 2026 15:44:20 INFO  epoch 4 evaluating [time: 0.86s, valid_score: 0.815000]
Fri 17 Apr 2026 15:44:20 INFO  valid result: 
ndcg@10 : 0.815
Fri 17 Apr 2026 15:44:20 INFO  Saving current: experiments/babyLFM2b1k/output/iteration_76_checkpoint.pth
Fri 17 Apr 2026 15:44:22 INFO  epoch 5 training [time: 1.75s, train loss: 53.2341]
Fri 17 Apr 2026 15:44:23 INFO  epoch 5 evaluating [time: 0.65s, valid_score: 0.819000]
Fri 17 Apr 2026 15:44:23 INFO  valid result: 
ndcg@10 : 0.819
Fri 17 Apr 2026 15:44:23 INFO  Saving current: experiments/babyLFM2b1k/output/iteration_76_checkpoint.pth
Fri 17 Apr 2026 15:44:24 INFO  epoch 6 training [time: 1.70s, train loss: 49.9273]
Fri 17 Apr 2026 15:44:25 INFO  epoch 6 evaluating [time: 0.52s, valid_score: 0.820000]
Fri 17 Apr 2026 15:44:25 INFO  valid result: 
ndcg@10 : 0.82
Fri 17 Apr 2026 15:44:25 INFO  Saving current: experiments/babyLFM2b1k/output/iteration_76_checkpoint.pth
Fri 17 Apr 2026 15:44:27 INFO  epoch 7 training [time: 1.55s, train loss: 47.0614]
Fri 17 Apr 2026 15:44:27 INFO  epoch 7 evaluating [time: 0.52s, valid_score: 0.827000]
Fri 17 Apr 2026 15:44:27 INFO  valid result: 
ndcg@10 : 0.827
Fri 17 Apr 2026 15:44:27 INFO  Saving current: experiments/babyLFM2b1k/output/iteration_76_checkpoint.pth
Fri 17 Apr 2026 15:44:29 INFO  epoch 8 training [time: 1.51s, train loss: 44.3054]
Fri 17 Apr 2026 15:44:29 INFO  epoch 8 evaluating [time: 0.86s, valid_score: 0.825000]
Fri 17 Apr 2026 15:44:29 INFO  valid result: 
ndcg@10 : 0.825
Fri 17 Apr 2026 15:44:31 INFO  epoch 9 training [time: 1.65s, train loss: 41.8993]
Fri 17 Apr 2026 15:44:32 INFO  epoch 9 evaluating [time: 0.61s, valid_score: 0.829000]
Fri 17 Apr 2026 15:44:32 INFO  valid result: 
ndcg@10 : 0.829
Fri 17 Apr 2026 15:44:32 INFO  Saving current: experiments/babyLFM2b1k/output/iteration_76_checkpoint.pth
Fri 17 Apr 2026 15:44:32 INFO  best valid : OrderedDict([('ndcg@10', 0.829)])
Fri 17 Apr 2026 15:44:32 INFO  No new best model saved (score did not improve). Force-saving current model state to: saved/iteration_76_checkpoint.pth
Fri 17 Apr 2026 15:44:32 INFO  Saving current: saved/iteration_76_checkpoint.pth
Fri 17 Apr 2026 15:44:32 INFO  
General Hyper Parameters:
gpu_id = 0
use_gpu = True
seed = 2020
state = INFO
reproducibility = True
data_path = recbole_tmp/dataset
checkpoint_dir = saved
show_progress = True
save_dataset = False
dataset_save_path = None
save_dataloaders = False
dataloaders_save_path = None
log_wandb = False

Training Hyper Parameters:
epochs = 10
train_batch_size = 2048
learner = adam
learning_rate = 0.001
train_neg_sample_args = {'distribution': 'uniform', 'sample_num': 1, 'alpha': 1.0, 'dynamic': False, 'candidate_num': 0}
eval_step = 1
stopping_step = 500
clip_grad_norm = None
weight_decay = 0.0
loss_decimal_place = 4

Evaluation Hyper Parameters:
eval_args = {'split': {'RS': [0.75, 0.2, 0.05]}, 'order': 'RO', 'group_by': 'user', 'mode': {'valid': 'full', 'test': 'full'}}
repeatable = False
metrics = ['NDCG']
topk = [10]
valid_metric = NDCG@10
valid_metric_bigger = True
eval_batch_size = 2048
metric_decimal_place = 3

Dataset Hyper Parameters:
field_separator = 	
seq_separator =  
USER_ID_FIELD = user_id
ITEM_ID_FIELD = item_id
RATING_FIELD = rating
TIME_FIELD = timestamp
seq_len = None
LABEL_FIELD = label
threshold = None
NEG_PREFIX = neg_
load_col = {'inter': ['user_id', 'item_id']}
unload_col = None
unused_col = None
additional_feat_suffix = None
rm_dup_inter = None
val_interval = None
filter_inter_by_user_or_item = True
user_inter_num_interval = [0,inf)
item_inter_num_interval = [0,inf)
alias_of_user_id = None
alias_of_item_id = None
alias_of_entity_id = None
alias_of_relation_id = None
preload_weight = None
normalize_field = None
normalize_all = None
ITEM_LIST_LENGTH_FIELD = item_length
LIST_SUFFIX = _list
MAX_ITEM_LIST_LENGTH = 500
POSITION_FIELD = position_id
HEAD_ENTITY_ID_FIELD = head_id
TAIL_ENTITY_ID_FIELD = tail_id
RELATION_ID_FIELD = relation_id
ENTITY_ID_FIELD = entity_id
benchmark_filename = None

Other Hyper Parameters: 
worker = 0
wandb_project = recbole
shuffle = True
require_pow = False
enable_amp = False
enable_scaler = False
transform = None
embedding_size = 256
numerical_features = []
discretization = None
kg_reverse_r = False
entity_kg_num_interval = [0,inf)
relation_kg_num_interval = [0,inf)
MODEL_TYPE = ModelType.GENERAL
MODEL_INPUT_TYPE = InputType.PAIRWISE
eval_type = EvaluatorType.RANKING
single_spec = True
local_rank = 0
device = cuda
valid_neg_sample_args = {'distribution': 'uniform', 'sample_num': 'none'}
test_neg_sample_args = {'distribution': 'uniform', 'sample_num': 'none'}


Fri 17 Apr 2026 15:44:33 INFO  dataset
The number of users: 656
Average actions of users: 782.2045801526717
The number of items: 992
Average actions of items: 516.9969727547931
The number of inters: 512344
The sparsity of the dataset: 21.26893194335169%
Remain Fields: ['user_id', 'item_id']
Fri 17 Apr 2026 15:44:34 INFO  [Training]: train_batch_size = [2048] train_neg_sample_args: [{'distribution': 'uniform', 'sample_num': 1, 'alpha': 1.0, 'dynamic': False, 'candidate_num': 0}]
Fri 17 Apr 2026 15:44:34 INFO  [Evaluation]: eval_batch_size = [2048] eval_args: [{'split': {'RS': [0.75, 0.2, 0.05]}, 'order': 'RO', 'group_by': 'user', 'mode': {'valid': 'full', 'test': 'full'}}]
