Wed 15 Apr 2026 14:18:10 INFO  ['main.py', 'babyLFM2b1k', '71', '--clean', '--model', 'BPR', '--choice-model', 'consume_all', '--config', 'recbole_config_default.yaml']
Wed 15 Apr 2026 14:18:10 INFO  
General Hyper Parameters:
gpu_id = 0
use_gpu = True
seed = 2020
state = INFO
reproducibility = True
data_path = recbole_tmp/dataset
checkpoint_dir = saved
show_progress = True
save_dataset = False
dataset_save_path = None
save_dataloaders = False
dataloaders_save_path = None
log_wandb = False

Training Hyper Parameters:
epochs = 15
train_batch_size = 2048
learner = adam
learning_rate = 0.001
train_neg_sample_args = {'distribution': 'uniform', 'sample_num': 1, 'alpha': 1.0, 'dynamic': False, 'candidate_num': 0}
eval_step = 1
stopping_step = 5
clip_grad_norm = None
weight_decay = 0.0
loss_decimal_place = 4

Evaluation Hyper Parameters:
eval_args = {'split': {'RS': [0.75, 0.2, 0.05]}, 'order': 'RO', 'group_by': 'user', 'mode': {'valid': 'full', 'test': 'full'}}
repeatable = False
metrics = ['NDCG']
topk = [10]
valid_metric = NDCG@10
valid_metric_bigger = True
eval_batch_size = 2048
metric_decimal_place = 6

Dataset Hyper Parameters:
field_separator = 	
seq_separator =  
USER_ID_FIELD = user_id
ITEM_ID_FIELD = item_id
RATING_FIELD = rating
TIME_FIELD = timestamp
seq_len = None
LABEL_FIELD = label
threshold = None
NEG_PREFIX = neg_
load_col = {'inter': ['user_id', 'item_id']}
unload_col = None
unused_col = None
additional_feat_suffix = None
rm_dup_inter = None
val_interval = None
filter_inter_by_user_or_item = True
user_inter_num_interval = [0,inf)
item_inter_num_interval = [0,inf)
alias_of_user_id = None
alias_of_item_id = None
alias_of_entity_id = None
alias_of_relation_id = None
preload_weight = None
normalize_field = None
normalize_all = None
ITEM_LIST_LENGTH_FIELD = item_length
LIST_SUFFIX = _list
MAX_ITEM_LIST_LENGTH = 500
POSITION_FIELD = position_id
HEAD_ENTITY_ID_FIELD = head_id
TAIL_ENTITY_ID_FIELD = tail_id
RELATION_ID_FIELD = relation_id
ENTITY_ID_FIELD = entity_id
benchmark_filename = None

Other Hyper Parameters: 
worker = 0
wandb_project = recbole
shuffle = True
require_pow = False
enable_amp = False
enable_scaler = False
transform = None
embedding_size = 256
numerical_features = []
discretization = None
kg_reverse_r = False
entity_kg_num_interval = [0,inf)
relation_kg_num_interval = [0,inf)
MODEL_TYPE = ModelType.GENERAL
MODEL_INPUT_TYPE = InputType.PAIRWISE
eval_type = EvaluatorType.RANKING
single_spec = True
local_rank = 0
device = cuda
valid_neg_sample_args = {'distribution': 'uniform', 'sample_num': 'none'}
test_neg_sample_args = {'distribution': 'uniform', 'sample_num': 'none'}


Wed 15 Apr 2026 14:18:12 INFO  dataset
The number of users: 656
Average actions of users: 722.2137404580153
The number of items: 992
Average actions of items: 477.34611503531784
The number of inters: 473050
The sparsity of the dataset: 27.30717692761605%
Remain Fields: ['user_id', 'item_id']
Wed 15 Apr 2026 14:18:12 INFO  Preparing dataset
Wed 15 Apr 2026 14:18:12 INFO  [Training]: train_batch_size = [2048] train_neg_sample_args: [{'distribution': 'uniform', 'sample_num': 1, 'alpha': 1.0, 'dynamic': False, 'candidate_num': 0}]
Wed 15 Apr 2026 14:18:12 INFO  [Evaluation]: eval_batch_size = [2048] eval_args: [{'split': {'RS': [0.75, 0.2, 0.05]}, 'order': 'RO', 'group_by': 'user', 'mode': {'valid': 'full', 'test': 'full'}}]
Wed 15 Apr 2026 14:18:12 INFO  Done!
Wed 15 Apr 2026 14:18:13 INFO  BPR(
  (user_embedding): Embedding(656, 256)
  (item_embedding): Embedding(992, 256)
  (loss): BPRLoss()
)
Trainable parameters: 421888
Wed 15 Apr 2026 14:18:13 INFO  FLOPs: 512.0
Wed 15 Apr 2026 14:18:17 INFO  epoch 0 training [time: 2.63s, train loss: 108.0170]
Wed 15 Apr 2026 14:18:20 INFO  epoch 0 evaluating [time: 3.15s, valid_score: 0.816817]
Wed 15 Apr 2026 14:18:20 INFO  valid result: 
ndcg@10 : 0.816817
Wed 15 Apr 2026 14:18:20 INFO  Saving current: saved/BPR-Apr-15-2026_14-18-13.pth
Wed 15 Apr 2026 14:18:23 INFO  epoch 1 training [time: 2.47s, train loss: 52.8170]
Wed 15 Apr 2026 14:18:26 INFO  epoch 1 evaluating [time: 3.28s, valid_score: 0.817166]
Wed 15 Apr 2026 14:18:26 INFO  valid result: 
ndcg@10 : 0.817166
Wed 15 Apr 2026 14:18:26 INFO  Saving current: saved/BPR-Apr-15-2026_14-18-13.pth
Wed 15 Apr 2026 14:18:28 INFO  epoch 2 training [time: 2.52s, train loss: 48.2340]
Wed 15 Apr 2026 14:18:31 INFO  epoch 2 evaluating [time: 3.06s, valid_score: 0.823594]
Wed 15 Apr 2026 14:18:31 INFO  valid result: 
ndcg@10 : 0.823594
Wed 15 Apr 2026 14:18:31 INFO  Saving current: saved/BPR-Apr-15-2026_14-18-13.pth
Wed 15 Apr 2026 14:18:34 INFO  epoch 3 training [time: 2.45s, train loss: 46.7817]
Wed 15 Apr 2026 14:18:37 INFO  epoch 3 evaluating [time: 2.99s, valid_score: 0.829744]
Wed 15 Apr 2026 14:18:37 INFO  valid result: 
ndcg@10 : 0.829744
Wed 15 Apr 2026 14:18:37 INFO  Saving current: saved/BPR-Apr-15-2026_14-18-13.pth
Wed 15 Apr 2026 14:18:39 INFO  epoch 4 training [time: 2.42s, train loss: 45.1745]
Wed 15 Apr 2026 14:18:43 INFO  epoch 4 evaluating [time: 3.20s, valid_score: 0.835311]
Wed 15 Apr 2026 14:18:43 INFO  valid result: 
ndcg@10 : 0.835311
Wed 15 Apr 2026 14:18:43 INFO  Saving current: saved/BPR-Apr-15-2026_14-18-13.pth
Wed 15 Apr 2026 14:18:45 INFO  epoch 5 training [time: 2.39s, train loss: 43.0258]
Wed 15 Apr 2026 14:18:48 INFO  epoch 5 evaluating [time: 3.06s, valid_score: 0.842946]
Wed 15 Apr 2026 14:18:48 INFO  valid result: 
ndcg@10 : 0.842946
Wed 15 Apr 2026 14:18:48 INFO  Saving current: saved/BPR-Apr-15-2026_14-18-13.pth
Wed 15 Apr 2026 14:18:50 INFO  epoch 6 training [time: 2.42s, train loss: 40.6331]
Wed 15 Apr 2026 14:18:53 INFO  epoch 6 evaluating [time: 3.03s, valid_score: 0.841465]
Wed 15 Apr 2026 14:18:53 INFO  valid result: 
ndcg@10 : 0.841465
Wed 15 Apr 2026 14:18:56 INFO  epoch 7 training [time: 2.52s, train loss: 38.0074]
Wed 15 Apr 2026 14:18:59 INFO  epoch 7 evaluating [time: 3.06s, valid_score: 0.844735]
Wed 15 Apr 2026 14:18:59 INFO  valid result: 
ndcg@10 : 0.844735
Wed 15 Apr 2026 14:18:59 INFO  Saving current: saved/BPR-Apr-15-2026_14-18-13.pth
Wed 15 Apr 2026 14:19:02 INFO  epoch 8 training [time: 2.45s, train loss: 35.2137]
Wed 15 Apr 2026 14:19:05 INFO  epoch 8 evaluating [time: 3.48s, valid_score: 0.844083]
Wed 15 Apr 2026 14:19:05 INFO  valid result: 
ndcg@10 : 0.844083
Wed 15 Apr 2026 14:19:08 INFO  epoch 9 training [time: 2.53s, train loss: 32.5612]
Wed 15 Apr 2026 14:19:11 INFO  epoch 9 evaluating [time: 3.24s, valid_score: 0.847252]
Wed 15 Apr 2026 14:19:11 INFO  valid result: 
ndcg@10 : 0.847252
Wed 15 Apr 2026 14:19:11 INFO  Saving current: saved/BPR-Apr-15-2026_14-18-13.pth
Wed 15 Apr 2026 14:19:13 INFO  epoch 10 training [time: 2.47s, train loss: 29.9336]
Wed 15 Apr 2026 14:19:16 INFO  epoch 10 evaluating [time: 3.02s, valid_score: 0.848560]
Wed 15 Apr 2026 14:19:16 INFO  valid result: 
ndcg@10 : 0.84856
Wed 15 Apr 2026 14:19:16 INFO  Saving current: saved/BPR-Apr-15-2026_14-18-13.pth
Wed 15 Apr 2026 14:19:19 INFO  epoch 11 training [time: 2.53s, train loss: 27.6130]
Wed 15 Apr 2026 14:19:22 INFO  epoch 11 evaluating [time: 3.34s, valid_score: 0.843829]
Wed 15 Apr 2026 14:19:22 INFO  valid result: 
ndcg@10 : 0.843829
Wed 15 Apr 2026 14:19:25 INFO  epoch 12 training [time: 2.51s, train loss: 25.4235]
Wed 15 Apr 2026 14:19:30 INFO  epoch 12 evaluating [time: 5.68s, valid_score: 0.843677]
Wed 15 Apr 2026 14:19:30 INFO  valid result: 
ndcg@10 : 0.843677
Wed 15 Apr 2026 14:19:34 INFO  epoch 13 training [time: 3.67s, train loss: 23.3903]
Wed 15 Apr 2026 14:19:37 INFO  epoch 13 evaluating [time: 3.20s, valid_score: 0.846639]
Wed 15 Apr 2026 14:19:37 INFO  valid result: 
ndcg@10 : 0.846639
Wed 15 Apr 2026 14:19:40 INFO  epoch 14 training [time: 2.49s, train loss: 21.5286]
Wed 15 Apr 2026 14:19:43 INFO  epoch 14 evaluating [time: 3.13s, valid_score: 0.847705]
Wed 15 Apr 2026 14:19:43 INFO  valid result: 
ndcg@10 : 0.847705
Wed 15 Apr 2026 14:19:43 INFO  best valid : OrderedDict([('ndcg@10', 0.84856)])
Wed 15 Apr 2026 14:19:43 INFO  
General Hyper Parameters:
gpu_id = 0
use_gpu = True
seed = 2020
state = INFO
reproducibility = True
data_path = recbole_tmp/dataset
checkpoint_dir = saved
show_progress = True
save_dataset = False
dataset_save_path = None
save_dataloaders = False
dataloaders_save_path = None
log_wandb = False

Training Hyper Parameters:
epochs = 15
train_batch_size = 2048
learner = adam
learning_rate = 0.001
train_neg_sample_args = {'distribution': 'uniform', 'sample_num': 1, 'alpha': 1.0, 'dynamic': False, 'candidate_num': 0}
eval_step = 1
stopping_step = 5
clip_grad_norm = None
weight_decay = 0.0
loss_decimal_place = 4

Evaluation Hyper Parameters:
eval_args = {'split': {'RS': [0.75, 0.2, 0.05]}, 'order': 'RO', 'group_by': 'user', 'mode': {'valid': 'full', 'test': 'full'}}
repeatable = False
metrics = ['NDCG']
topk = [10]
valid_metric = NDCG@10
valid_metric_bigger = True
eval_batch_size = 2048
metric_decimal_place = 6

Dataset Hyper Parameters:
field_separator = 	
seq_separator =  
USER_ID_FIELD = user_id
ITEM_ID_FIELD = item_id
RATING_FIELD = rating
TIME_FIELD = timestamp
seq_len = None
LABEL_FIELD = label
threshold = None
NEG_PREFIX = neg_
load_col = {'inter': ['user_id', 'item_id']}
unload_col = None
unused_col = None
additional_feat_suffix = None
rm_dup_inter = None
val_interval = None
filter_inter_by_user_or_item = True
user_inter_num_interval = [0,inf)
item_inter_num_interval = [0,inf)
alias_of_user_id = None
alias_of_item_id = None
alias_of_entity_id = None
alias_of_relation_id = None
preload_weight = None
normalize_field = None
normalize_all = None
ITEM_LIST_LENGTH_FIELD = item_length
LIST_SUFFIX = _list
MAX_ITEM_LIST_LENGTH = 500
POSITION_FIELD = position_id
HEAD_ENTITY_ID_FIELD = head_id
TAIL_ENTITY_ID_FIELD = tail_id
RELATION_ID_FIELD = relation_id
ENTITY_ID_FIELD = entity_id
benchmark_filename = None

Other Hyper Parameters: 
worker = 0
wandb_project = recbole
shuffle = True
require_pow = False
enable_amp = False
enable_scaler = False
transform = None
embedding_size = 256
numerical_features = []
discretization = None
kg_reverse_r = False
entity_kg_num_interval = [0,inf)
relation_kg_num_interval = [0,inf)
MODEL_TYPE = ModelType.GENERAL
MODEL_INPUT_TYPE = InputType.PAIRWISE
eval_type = EvaluatorType.RANKING
single_spec = True
local_rank = 0
device = cuda
valid_neg_sample_args = {'distribution': 'uniform', 'sample_num': 'none'}
test_neg_sample_args = {'distribution': 'uniform', 'sample_num': 'none'}


Wed 15 Apr 2026 14:19:44 INFO  dataset
The number of users: 656
Average actions of users: 722.2137404580153
The number of items: 992
Average actions of items: 477.34611503531784
The number of inters: 473050
The sparsity of the dataset: 27.30717692761605%
Remain Fields: ['user_id', 'item_id']
Wed 15 Apr 2026 14:19:45 INFO  [Training]: train_batch_size = [2048] train_neg_sample_args: [{'distribution': 'uniform', 'sample_num': 1, 'alpha': 1.0, 'dynamic': False, 'candidate_num': 0}]
Wed 15 Apr 2026 14:19:45 INFO  [Evaluation]: eval_batch_size = [2048] eval_args: [{'split': {'RS': [0.75, 0.2, 0.05]}, 'order': 'RO', 'group_by': 'user', 'mode': {'valid': 'full', 'test': 'full'}}]
