Fri 17 Apr 2026 15:23:26 INFO  ['main.py', 'babyLFM2b1k', '41', '--clean', '--model', 'BPR', '--choice-model', 'consume_all', '--config', 'recbole_config_default.yaml', '--warm-start']
Fri 17 Apr 2026 15:23:26 INFO  
General Hyper Parameters:
gpu_id = 0
use_gpu = True
seed = 2020
state = INFO
reproducibility = True
data_path = recbole_tmp/dataset
checkpoint_dir = saved
show_progress = True
save_dataset = False
dataset_save_path = None
save_dataloaders = False
dataloaders_save_path = None
log_wandb = False

Training Hyper Parameters:
epochs = 10
train_batch_size = 2048
learner = adam
learning_rate = 0.001
train_neg_sample_args = {'distribution': 'uniform', 'sample_num': 1, 'alpha': 1.0, 'dynamic': False, 'candidate_num': 0}
eval_step = 1
stopping_step = 500
clip_grad_norm = None
weight_decay = 0.0
loss_decimal_place = 4

Evaluation Hyper Parameters:
eval_args = {'split': {'RS': [0.75, 0.2, 0.05]}, 'order': 'RO', 'group_by': 'user', 'mode': {'valid': 'full', 'test': 'full'}}
repeatable = False
metrics = ['NDCG']
topk = [10]
valid_metric = NDCG@10
valid_metric_bigger = True
eval_batch_size = 2048
metric_decimal_place = 3

Dataset Hyper Parameters:
field_separator = 	
seq_separator =  
USER_ID_FIELD = user_id
ITEM_ID_FIELD = item_id
RATING_FIELD = rating
TIME_FIELD = timestamp
seq_len = None
LABEL_FIELD = label
threshold = None
NEG_PREFIX = neg_
load_col = {'inter': ['user_id', 'item_id']}
unload_col = None
unused_col = None
additional_feat_suffix = None
rm_dup_inter = None
val_interval = None
filter_inter_by_user_or_item = True
user_inter_num_interval = [0,inf)
item_inter_num_interval = [0,inf)
alias_of_user_id = None
alias_of_item_id = None
alias_of_entity_id = None
alias_of_relation_id = None
preload_weight = None
normalize_field = None
normalize_all = None
ITEM_LIST_LENGTH_FIELD = item_length
LIST_SUFFIX = _list
MAX_ITEM_LIST_LENGTH = 500
POSITION_FIELD = position_id
HEAD_ENTITY_ID_FIELD = head_id
TAIL_ENTITY_ID_FIELD = tail_id
RELATION_ID_FIELD = relation_id
ENTITY_ID_FIELD = entity_id
benchmark_filename = None

Other Hyper Parameters: 
worker = 0
wandb_project = recbole
shuffle = True
require_pow = False
enable_amp = False
enable_scaler = False
transform = None
embedding_size = 256
numerical_features = []
discretization = None
kg_reverse_r = False
entity_kg_num_interval = [0,inf)
relation_kg_num_interval = [0,inf)
MODEL_TYPE = ModelType.GENERAL
MODEL_INPUT_TYPE = InputType.PAIRWISE
eval_type = EvaluatorType.RANKING
single_spec = True
local_rank = 0
device = cuda
valid_neg_sample_args = {'distribution': 'uniform', 'sample_num': 'none'}
test_neg_sample_args = {'distribution': 'uniform', 'sample_num': 'none'}


Fri 17 Apr 2026 15:23:27 INFO  dataset
The number of users: 656
Average actions of users: 422.25954198473283
The number of items: 992
Average actions of items: 279.09182643794145
The number of inters: 276580
The sparsity of the dataset: 57.49840184893784%
Remain Fields: ['user_id', 'item_id']
Fri 17 Apr 2026 15:23:27 INFO  Preparing dataset
Fri 17 Apr 2026 15:23:27 INFO  [Training]: train_batch_size = [2048] train_neg_sample_args: [{'distribution': 'uniform', 'sample_num': 1, 'alpha': 1.0, 'dynamic': False, 'candidate_num': 0}]
Fri 17 Apr 2026 15:23:27 INFO  [Evaluation]: eval_batch_size = [2048] eval_args: [{'split': {'RS': [0.75, 0.2, 0.05]}, 'order': 'RO', 'group_by': 'user', 'mode': {'valid': 'full', 'test': 'full'}}]
Fri 17 Apr 2026 15:23:27 INFO  Done!
Fri 17 Apr 2026 15:23:28 INFO  BPR(
  (user_embedding): Embedding(656, 256)
  (item_embedding): Embedding(992, 256)
  (loss): BPRLoss()
)
Trainable parameters: 421888
Fri 17 Apr 2026 15:23:28 INFO  FLOPs: 512.0
Fri 17 Apr 2026 15:23:29 INFO  Resuming training from checkpoint: experiments/babyLFM2b1k/output/iteration_40_checkpoint.pth
Fri 17 Apr 2026 15:23:29 INFO  Checkpoint loaded. Resume training from epoch 11
Fri 17 Apr 2026 15:23:30 INFO  epoch 0 training [time: 0.99s, train loss: 17.1124]
Fri 17 Apr 2026 15:23:30 INFO  epoch 0 evaluating [time: 0.56s, valid_score: 0.771000]
Fri 17 Apr 2026 15:23:30 INFO  valid result: 
ndcg@10 : 0.771
Fri 17 Apr 2026 15:23:30 INFO  Saving current: experiments/babyLFM2b1k/output/iteration_40_checkpoint.pth
Fri 17 Apr 2026 15:23:31 INFO  epoch 1 training [time: 0.76s, train loss: 14.8897]
Fri 17 Apr 2026 15:23:32 INFO  epoch 1 evaluating [time: 0.61s, valid_score: 0.786000]
Fri 17 Apr 2026 15:23:32 INFO  valid result: 
ndcg@10 : 0.786
Fri 17 Apr 2026 15:23:32 INFO  Saving current: experiments/babyLFM2b1k/output/iteration_40_checkpoint.pth
Fri 17 Apr 2026 15:23:33 INFO  epoch 2 training [time: 0.97s, train loss: 13.5407]
Fri 17 Apr 2026 15:23:33 INFO  epoch 2 evaluating [time: 0.69s, valid_score: 0.795000]
Fri 17 Apr 2026 15:23:33 INFO  valid result: 
ndcg@10 : 0.795
Fri 17 Apr 2026 15:23:33 INFO  Saving current: experiments/babyLFM2b1k/output/iteration_40_checkpoint.pth
Fri 17 Apr 2026 15:23:34 INFO  epoch 3 training [time: 0.89s, train loss: 12.8151]
Fri 17 Apr 2026 15:23:35 INFO  epoch 3 evaluating [time: 0.90s, valid_score: 0.801000]
Fri 17 Apr 2026 15:23:35 INFO  valid result: 
ndcg@10 : 0.801
Fri 17 Apr 2026 15:23:35 INFO  Saving current: experiments/babyLFM2b1k/output/iteration_40_checkpoint.pth
Fri 17 Apr 2026 15:23:36 INFO  epoch 4 training [time: 0.75s, train loss: 12.0667]
Fri 17 Apr 2026 15:23:37 INFO  epoch 4 evaluating [time: 0.61s, valid_score: 0.801000]
Fri 17 Apr 2026 15:23:37 INFO  valid result: 
ndcg@10 : 0.801
Fri 17 Apr 2026 15:23:37 INFO  Saving current: experiments/babyLFM2b1k/output/iteration_40_checkpoint.pth
Fri 17 Apr 2026 15:23:38 INFO  epoch 5 training [time: 0.89s, train loss: 11.5468]
Fri 17 Apr 2026 15:23:38 INFO  epoch 5 evaluating [time: 0.69s, valid_score: 0.810000]
Fri 17 Apr 2026 15:23:38 INFO  valid result: 
ndcg@10 : 0.81
Fri 17 Apr 2026 15:23:38 INFO  Saving current: experiments/babyLFM2b1k/output/iteration_40_checkpoint.pth
Fri 17 Apr 2026 15:23:39 INFO  epoch 6 training [time: 0.66s, train loss: 11.2725]
Fri 17 Apr 2026 15:23:39 INFO  epoch 6 evaluating [time: 0.43s, valid_score: 0.810000]
Fri 17 Apr 2026 15:23:39 INFO  valid result: 
ndcg@10 : 0.81
Fri 17 Apr 2026 15:23:39 INFO  Saving current: experiments/babyLFM2b1k/output/iteration_40_checkpoint.pth
Fri 17 Apr 2026 15:23:40 INFO  epoch 7 training [time: 0.71s, train loss: 10.6954]
Fri 17 Apr 2026 15:23:41 INFO  epoch 7 evaluating [time: 1.00s, valid_score: 0.813000]
Fri 17 Apr 2026 15:23:41 INFO  valid result: 
ndcg@10 : 0.813
Fri 17 Apr 2026 15:23:41 INFO  Saving current: experiments/babyLFM2b1k/output/iteration_40_checkpoint.pth
Fri 17 Apr 2026 15:23:42 INFO  epoch 8 training [time: 0.94s, train loss: 10.4724]
Fri 17 Apr 2026 15:23:43 INFO  epoch 8 evaluating [time: 0.71s, valid_score: 0.817000]
Fri 17 Apr 2026 15:23:43 INFO  valid result: 
ndcg@10 : 0.817
Fri 17 Apr 2026 15:23:43 INFO  Saving current: experiments/babyLFM2b1k/output/iteration_40_checkpoint.pth
Fri 17 Apr 2026 15:23:43 INFO  epoch 9 training [time: 0.65s, train loss: 10.0721]
Fri 17 Apr 2026 15:23:44 INFO  epoch 9 evaluating [time: 1.10s, valid_score: 0.823000]
Fri 17 Apr 2026 15:23:44 INFO  valid result: 
ndcg@10 : 0.823
Fri 17 Apr 2026 15:23:45 INFO  Saving current: experiments/babyLFM2b1k/output/iteration_40_checkpoint.pth
Fri 17 Apr 2026 15:23:45 INFO  best valid : OrderedDict([('ndcg@10', 0.823)])
Fri 17 Apr 2026 15:23:45 INFO  No new best model saved (score did not improve). Force-saving current model state to: saved/iteration_40_checkpoint.pth
Fri 17 Apr 2026 15:23:45 INFO  Saving current: saved/iteration_40_checkpoint.pth
Fri 17 Apr 2026 15:23:45 INFO  
General Hyper Parameters:
gpu_id = 0
use_gpu = True
seed = 2020
state = INFO
reproducibility = True
data_path = recbole_tmp/dataset
checkpoint_dir = saved
show_progress = True
save_dataset = False
dataset_save_path = None
save_dataloaders = False
dataloaders_save_path = None
log_wandb = False

Training Hyper Parameters:
epochs = 10
train_batch_size = 2048
learner = adam
learning_rate = 0.001
train_neg_sample_args = {'distribution': 'uniform', 'sample_num': 1, 'alpha': 1.0, 'dynamic': False, 'candidate_num': 0}
eval_step = 1
stopping_step = 500
clip_grad_norm = None
weight_decay = 0.0
loss_decimal_place = 4

Evaluation Hyper Parameters:
eval_args = {'split': {'RS': [0.75, 0.2, 0.05]}, 'order': 'RO', 'group_by': 'user', 'mode': {'valid': 'full', 'test': 'full'}}
repeatable = False
metrics = ['NDCG']
topk = [10]
valid_metric = NDCG@10
valid_metric_bigger = True
eval_batch_size = 2048
metric_decimal_place = 3

Dataset Hyper Parameters:
field_separator = 	
seq_separator =  
USER_ID_FIELD = user_id
ITEM_ID_FIELD = item_id
RATING_FIELD = rating
TIME_FIELD = timestamp
seq_len = None
LABEL_FIELD = label
threshold = None
NEG_PREFIX = neg_
load_col = {'inter': ['user_id', 'item_id']}
unload_col = None
unused_col = None
additional_feat_suffix = None
rm_dup_inter = None
val_interval = None
filter_inter_by_user_or_item = True
user_inter_num_interval = [0,inf)
item_inter_num_interval = [0,inf)
alias_of_user_id = None
alias_of_item_id = None
alias_of_entity_id = None
alias_of_relation_id = None
preload_weight = None
normalize_field = None
normalize_all = None
ITEM_LIST_LENGTH_FIELD = item_length
LIST_SUFFIX = _list
MAX_ITEM_LIST_LENGTH = 500
POSITION_FIELD = position_id
HEAD_ENTITY_ID_FIELD = head_id
TAIL_ENTITY_ID_FIELD = tail_id
RELATION_ID_FIELD = relation_id
ENTITY_ID_FIELD = entity_id
benchmark_filename = None

Other Hyper Parameters: 
worker = 0
wandb_project = recbole
shuffle = True
require_pow = False
enable_amp = False
enable_scaler = False
transform = None
embedding_size = 256
numerical_features = []
discretization = None
kg_reverse_r = False
entity_kg_num_interval = [0,inf)
relation_kg_num_interval = [0,inf)
MODEL_TYPE = ModelType.GENERAL
MODEL_INPUT_TYPE = InputType.PAIRWISE
eval_type = EvaluatorType.RANKING
single_spec = True
local_rank = 0
device = cuda
valid_neg_sample_args = {'distribution': 'uniform', 'sample_num': 'none'}
test_neg_sample_args = {'distribution': 'uniform', 'sample_num': 'none'}


Fri 17 Apr 2026 15:23:45 INFO  dataset
The number of users: 656
Average actions of users: 422.25954198473283
The number of items: 992
Average actions of items: 279.09182643794145
The number of inters: 276580
The sparsity of the dataset: 57.49840184893784%
Remain Fields: ['user_id', 'item_id']
Fri 17 Apr 2026 15:23:46 INFO  [Training]: train_batch_size = [2048] train_neg_sample_args: [{'distribution': 'uniform', 'sample_num': 1, 'alpha': 1.0, 'dynamic': False, 'candidate_num': 0}]
Fri 17 Apr 2026 15:23:46 INFO  [Evaluation]: eval_batch_size = [2048] eval_args: [{'split': {'RS': [0.75, 0.2, 0.05]}, 'order': 'RO', 'group_by': 'user', 'mode': {'valid': 'full', 'test': 'full'}}]
