Wed 15 Apr 2026 13:49:50 INFO  ['main.py', 'babyLFM2b1k', '53', '--clean', '--model', 'BPR', '--choice-model', 'consume_all', '--config', 'recbole_config_default.yaml']
Wed 15 Apr 2026 13:49:50 INFO  
General Hyper Parameters:
gpu_id = 0
use_gpu = True
seed = 2020
state = INFO
reproducibility = True
data_path = recbole_tmp/dataset
checkpoint_dir = saved
show_progress = True
save_dataset = False
dataset_save_path = None
save_dataloaders = False
dataloaders_save_path = None
log_wandb = False

Training Hyper Parameters:
epochs = 15
train_batch_size = 2048
learner = adam
learning_rate = 0.001
train_neg_sample_args = {'distribution': 'uniform', 'sample_num': 1, 'alpha': 1.0, 'dynamic': False, 'candidate_num': 0}
eval_step = 1
stopping_step = 5
clip_grad_norm = None
weight_decay = 0.0
loss_decimal_place = 4

Evaluation Hyper Parameters:
eval_args = {'split': {'RS': [0.75, 0.2, 0.05]}, 'order': 'RO', 'group_by': 'user', 'mode': {'valid': 'full', 'test': 'full'}}
repeatable = False
metrics = ['NDCG']
topk = [10]
valid_metric = NDCG@10
valid_metric_bigger = True
eval_batch_size = 2048
metric_decimal_place = 6

Dataset Hyper Parameters:
field_separator = 	
seq_separator =  
USER_ID_FIELD = user_id
ITEM_ID_FIELD = item_id
RATING_FIELD = rating
TIME_FIELD = timestamp
seq_len = None
LABEL_FIELD = label
threshold = None
NEG_PREFIX = neg_
load_col = {'inter': ['user_id', 'item_id']}
unload_col = None
unused_col = None
additional_feat_suffix = None
rm_dup_inter = None
val_interval = None
filter_inter_by_user_or_item = True
user_inter_num_interval = [0,inf)
item_inter_num_interval = [0,inf)
alias_of_user_id = None
alias_of_item_id = None
alias_of_entity_id = None
alias_of_relation_id = None
preload_weight = None
normalize_field = None
normalize_all = None
ITEM_LIST_LENGTH_FIELD = item_length
LIST_SUFFIX = _list
MAX_ITEM_LIST_LENGTH = 500
POSITION_FIELD = position_id
HEAD_ENTITY_ID_FIELD = head_id
TAIL_ENTITY_ID_FIELD = tail_id
RELATION_ID_FIELD = relation_id
ENTITY_ID_FIELD = entity_id
benchmark_filename = None

Other Hyper Parameters: 
worker = 0
wandb_project = recbole
shuffle = True
require_pow = False
enable_amp = False
enable_scaler = False
transform = None
embedding_size = 256
numerical_features = []
discretization = None
kg_reverse_r = False
entity_kg_num_interval = [0,inf)
relation_kg_num_interval = [0,inf)
MODEL_TYPE = ModelType.GENERAL
MODEL_INPUT_TYPE = InputType.PAIRWISE
eval_type = EvaluatorType.RANKING
single_spec = True
local_rank = 0
device = cuda
valid_neg_sample_args = {'distribution': 'uniform', 'sample_num': 'none'}
test_neg_sample_args = {'distribution': 'uniform', 'sample_num': 'none'}


Wed 15 Apr 2026 13:49:51 INFO  dataset
The number of users: 656
Average actions of users: 542.2412213740458
The number of items: 992
Average actions of items: 358.393541876892
The number of inters: 355168
The sparsity of the dataset: 45.42191188040913%
Remain Fields: ['user_id', 'item_id']
Wed 15 Apr 2026 13:49:51 INFO  Preparing dataset
Wed 15 Apr 2026 13:49:52 INFO  [Training]: train_batch_size = [2048] train_neg_sample_args: [{'distribution': 'uniform', 'sample_num': 1, 'alpha': 1.0, 'dynamic': False, 'candidate_num': 0}]
Wed 15 Apr 2026 13:49:52 INFO  [Evaluation]: eval_batch_size = [2048] eval_args: [{'split': {'RS': [0.75, 0.2, 0.05]}, 'order': 'RO', 'group_by': 'user', 'mode': {'valid': 'full', 'test': 'full'}}]
Wed 15 Apr 2026 13:49:52 INFO  Done!
Wed 15 Apr 2026 13:49:52 INFO  BPR(
  (user_embedding): Embedding(656, 256)
  (item_embedding): Embedding(992, 256)
  (loss): BPRLoss()
)
Trainable parameters: 421888
Wed 15 Apr 2026 13:49:52 INFO  FLOPs: 512.0
Wed 15 Apr 2026 13:49:56 INFO  epoch 0 training [time: 2.25s, train loss: 84.3464]
Wed 15 Apr 2026 13:50:05 INFO  epoch 0 evaluating [time: 8.81s, valid_score: 0.820534]
Wed 15 Apr 2026 13:50:05 INFO  valid result: 
ndcg@10 : 0.820534
Wed 15 Apr 2026 13:50:05 INFO  Saving current: saved/BPR-Apr-15-2026_13-49-52.pth
Wed 15 Apr 2026 13:50:08 INFO  epoch 1 training [time: 2.94s, train loss: 32.5057]
Wed 15 Apr 2026 13:50:16 INFO  epoch 1 evaluating [time: 8.84s, valid_score: 0.814120]
Wed 15 Apr 2026 13:50:16 INFO  valid result: 
ndcg@10 : 0.81412
Wed 15 Apr 2026 13:50:20 INFO  epoch 2 training [time: 3.16s, train loss: 24.9659]
Wed 15 Apr 2026 13:50:25 INFO  epoch 2 evaluating [time: 5.11s, valid_score: 0.818152]
Wed 15 Apr 2026 13:50:25 INFO  valid result: 
ndcg@10 : 0.818152
Wed 15 Apr 2026 13:50:27 INFO  epoch 3 training [time: 1.80s, train loss: 24.1045]
Wed 15 Apr 2026 13:50:30 INFO  epoch 3 evaluating [time: 3.21s, valid_score: 0.828877]
Wed 15 Apr 2026 13:50:30 INFO  valid result: 
ndcg@10 : 0.828877
Wed 15 Apr 2026 13:50:30 INFO  Saving current: saved/BPR-Apr-15-2026_13-49-52.pth
Wed 15 Apr 2026 13:50:31 INFO  epoch 4 training [time: 1.69s, train loss: 23.8986]
Wed 15 Apr 2026 13:50:35 INFO  epoch 4 evaluating [time: 3.15s, valid_score: 0.823120]
Wed 15 Apr 2026 13:50:35 INFO  valid result: 
ndcg@10 : 0.82312
Wed 15 Apr 2026 13:50:36 INFO  epoch 5 training [time: 1.79s, train loss: 23.3723]
Wed 15 Apr 2026 13:50:39 INFO  epoch 5 evaluating [time: 3.07s, valid_score: 0.825907]
Wed 15 Apr 2026 13:50:39 INFO  valid result: 
ndcg@10 : 0.825907
Wed 15 Apr 2026 13:50:41 INFO  epoch 6 training [time: 1.70s, train loss: 22.8963]
Wed 15 Apr 2026 13:50:44 INFO  epoch 6 evaluating [time: 3.24s, valid_score: 0.833882]
Wed 15 Apr 2026 13:50:44 INFO  valid result: 
ndcg@10 : 0.833882
Wed 15 Apr 2026 13:50:44 INFO  Saving current: saved/BPR-Apr-15-2026_13-49-52.pth
Wed 15 Apr 2026 13:50:46 INFO  epoch 7 training [time: 1.78s, train loss: 22.4092]
Wed 15 Apr 2026 13:50:49 INFO  epoch 7 evaluating [time: 3.15s, valid_score: 0.830914]
Wed 15 Apr 2026 13:50:49 INFO  valid result: 
ndcg@10 : 0.830914
Wed 15 Apr 2026 13:50:51 INFO  epoch 8 training [time: 1.84s, train loss: 21.7368]
Wed 15 Apr 2026 13:50:52 INFO  epoch 8 evaluating [time: 0.74s, valid_score: 0.836653]
Wed 15 Apr 2026 13:50:52 INFO  valid result: 
ndcg@10 : 0.836653
Wed 15 Apr 2026 13:50:52 INFO  Saving current: saved/BPR-Apr-15-2026_13-49-52.pth
Wed 15 Apr 2026 13:50:53 INFO  epoch 9 training [time: 1.35s, train loss: 20.8291]
Wed 15 Apr 2026 13:50:56 INFO  epoch 9 evaluating [time: 3.05s, valid_score: 0.834976]
Wed 15 Apr 2026 13:50:56 INFO  valid result: 
ndcg@10 : 0.834976
Wed 15 Apr 2026 13:50:58 INFO  epoch 10 training [time: 1.71s, train loss: 19.8650]
Wed 15 Apr 2026 13:51:01 INFO  epoch 10 evaluating [time: 3.01s, valid_score: 0.842360]
Wed 15 Apr 2026 13:51:01 INFO  valid result: 
ndcg@10 : 0.84236
Wed 15 Apr 2026 13:51:01 INFO  Saving current: saved/BPR-Apr-15-2026_13-49-52.pth
Wed 15 Apr 2026 13:51:03 INFO  epoch 11 training [time: 1.67s, train loss: 19.0995]
Wed 15 Apr 2026 13:51:06 INFO  epoch 11 evaluating [time: 3.13s, valid_score: 0.840738]
Wed 15 Apr 2026 13:51:06 INFO  valid result: 
ndcg@10 : 0.840738
Wed 15 Apr 2026 13:51:08 INFO  epoch 12 training [time: 1.66s, train loss: 18.2317]
Wed 15 Apr 2026 13:51:11 INFO  epoch 12 evaluating [time: 3.20s, valid_score: 0.844165]
Wed 15 Apr 2026 13:51:11 INFO  valid result: 
ndcg@10 : 0.844165
Wed 15 Apr 2026 13:51:11 INFO  Saving current: saved/BPR-Apr-15-2026_13-49-52.pth
Wed 15 Apr 2026 13:51:13 INFO  epoch 13 training [time: 1.75s, train loss: 17.2646]
Wed 15 Apr 2026 13:51:20 INFO  epoch 13 evaluating [time: 7.72s, valid_score: 0.838279]
Wed 15 Apr 2026 13:51:20 INFO  valid result: 
ndcg@10 : 0.838279
Wed 15 Apr 2026 13:51:23 INFO  epoch 14 training [time: 2.73s, train loss: 16.1294]
Wed 15 Apr 2026 13:51:26 INFO  epoch 14 evaluating [time: 3.03s, valid_score: 0.837534]
Wed 15 Apr 2026 13:51:26 INFO  valid result: 
ndcg@10 : 0.837534
Wed 15 Apr 2026 13:51:26 INFO  best valid : OrderedDict([('ndcg@10', 0.844165)])
Wed 15 Apr 2026 13:51:26 INFO  
General Hyper Parameters:
gpu_id = 0
use_gpu = True
seed = 2020
state = INFO
reproducibility = True
data_path = recbole_tmp/dataset
checkpoint_dir = saved
show_progress = True
save_dataset = False
dataset_save_path = None
save_dataloaders = False
dataloaders_save_path = None
log_wandb = False

Training Hyper Parameters:
epochs = 15
train_batch_size = 2048
learner = adam
learning_rate = 0.001
train_neg_sample_args = {'distribution': 'uniform', 'sample_num': 1, 'alpha': 1.0, 'dynamic': False, 'candidate_num': 0}
eval_step = 1
stopping_step = 5
clip_grad_norm = None
weight_decay = 0.0
loss_decimal_place = 4

Evaluation Hyper Parameters:
eval_args = {'split': {'RS': [0.75, 0.2, 0.05]}, 'order': 'RO', 'group_by': 'user', 'mode': {'valid': 'full', 'test': 'full'}}
repeatable = False
metrics = ['NDCG']
topk = [10]
valid_metric = NDCG@10
valid_metric_bigger = True
eval_batch_size = 2048
metric_decimal_place = 6

Dataset Hyper Parameters:
field_separator = 	
seq_separator =  
USER_ID_FIELD = user_id
ITEM_ID_FIELD = item_id
RATING_FIELD = rating
TIME_FIELD = timestamp
seq_len = None
LABEL_FIELD = label
threshold = None
NEG_PREFIX = neg_
load_col = {'inter': ['user_id', 'item_id']}
unload_col = None
unused_col = None
additional_feat_suffix = None
rm_dup_inter = None
val_interval = None
filter_inter_by_user_or_item = True
user_inter_num_interval = [0,inf)
item_inter_num_interval = [0,inf)
alias_of_user_id = None
alias_of_item_id = None
alias_of_entity_id = None
alias_of_relation_id = None
preload_weight = None
normalize_field = None
normalize_all = None
ITEM_LIST_LENGTH_FIELD = item_length
LIST_SUFFIX = _list
MAX_ITEM_LIST_LENGTH = 500
POSITION_FIELD = position_id
HEAD_ENTITY_ID_FIELD = head_id
TAIL_ENTITY_ID_FIELD = tail_id
RELATION_ID_FIELD = relation_id
ENTITY_ID_FIELD = entity_id
benchmark_filename = None

Other Hyper Parameters: 
worker = 0
wandb_project = recbole
shuffle = True
require_pow = False
enable_amp = False
enable_scaler = False
transform = None
embedding_size = 256
numerical_features = []
discretization = None
kg_reverse_r = False
entity_kg_num_interval = [0,inf)
relation_kg_num_interval = [0,inf)
MODEL_TYPE = ModelType.GENERAL
MODEL_INPUT_TYPE = InputType.PAIRWISE
eval_type = EvaluatorType.RANKING
single_spec = True
local_rank = 0
device = cuda
valid_neg_sample_args = {'distribution': 'uniform', 'sample_num': 'none'}
test_neg_sample_args = {'distribution': 'uniform', 'sample_num': 'none'}


Wed 15 Apr 2026 13:51:27 INFO  dataset
The number of users: 656
Average actions of users: 542.2412213740458
The number of items: 992
Average actions of items: 358.393541876892
The number of inters: 355168
The sparsity of the dataset: 45.42191188040913%
Remain Fields: ['user_id', 'item_id']
Wed 15 Apr 2026 13:51:27 INFO  [Training]: train_batch_size = [2048] train_neg_sample_args: [{'distribution': 'uniform', 'sample_num': 1, 'alpha': 1.0, 'dynamic': False, 'candidate_num': 0}]
Wed 15 Apr 2026 13:51:27 INFO  [Evaluation]: eval_batch_size = [2048] eval_args: [{'split': {'RS': [0.75, 0.2, 0.05]}, 'order': 'RO', 'group_by': 'user', 'mode': {'valid': 'full', 'test': 'full'}}]
