Wed 15 Apr 2026 14:37:15 INFO  ['main.py', 'babyLFM2b1k', '82', '--clean', '--model', 'BPR', '--choice-model', 'consume_all', '--config', 'recbole_config_default.yaml']
Wed 15 Apr 2026 14:37:15 INFO  
General Hyper Parameters:
gpu_id = 0
use_gpu = True
seed = 2020
state = INFO
reproducibility = True
data_path = recbole_tmp/dataset
checkpoint_dir = saved
show_progress = True
save_dataset = False
dataset_save_path = None
save_dataloaders = False
dataloaders_save_path = None
log_wandb = False

Training Hyper Parameters:
epochs = 15
train_batch_size = 2048
learner = adam
learning_rate = 0.001
train_neg_sample_args = {'distribution': 'uniform', 'sample_num': 1, 'alpha': 1.0, 'dynamic': False, 'candidate_num': 0}
eval_step = 1
stopping_step = 5
clip_grad_norm = None
weight_decay = 0.0
loss_decimal_place = 4

Evaluation Hyper Parameters:
eval_args = {'split': {'RS': [0.75, 0.2, 0.05]}, 'order': 'RO', 'group_by': 'user', 'mode': {'valid': 'full', 'test': 'full'}}
repeatable = False
metrics = ['NDCG']
topk = [10]
valid_metric = NDCG@10
valid_metric_bigger = True
eval_batch_size = 2048
metric_decimal_place = 6

Dataset Hyper Parameters:
field_separator = 	
seq_separator =  
USER_ID_FIELD = user_id
ITEM_ID_FIELD = item_id
RATING_FIELD = rating
TIME_FIELD = timestamp
seq_len = None
LABEL_FIELD = label
threshold = None
NEG_PREFIX = neg_
load_col = {'inter': ['user_id', 'item_id']}
unload_col = None
unused_col = None
additional_feat_suffix = None
rm_dup_inter = None
val_interval = None
filter_inter_by_user_or_item = True
user_inter_num_interval = [0,inf)
item_inter_num_interval = [0,inf)
alias_of_user_id = None
alias_of_item_id = None
alias_of_entity_id = None
alias_of_relation_id = None
preload_weight = None
normalize_field = None
normalize_all = None
ITEM_LIST_LENGTH_FIELD = item_length
LIST_SUFFIX = _list
MAX_ITEM_LIST_LENGTH = 500
POSITION_FIELD = position_id
HEAD_ENTITY_ID_FIELD = head_id
TAIL_ENTITY_ID_FIELD = tail_id
RELATION_ID_FIELD = relation_id
ENTITY_ID_FIELD = entity_id
benchmark_filename = None

Other Hyper Parameters: 
worker = 0
wandb_project = recbole
shuffle = True
require_pow = False
enable_amp = False
enable_scaler = False
transform = None
embedding_size = 256
numerical_features = []
discretization = None
kg_reverse_r = False
entity_kg_num_interval = [0,inf)
relation_kg_num_interval = [0,inf)
MODEL_TYPE = ModelType.GENERAL
MODEL_INPUT_TYPE = InputType.PAIRWISE
eval_type = EvaluatorType.RANKING
single_spec = True
local_rank = 0
device = cuda
valid_neg_sample_args = {'distribution': 'uniform', 'sample_num': 'none'}
test_neg_sample_args = {'distribution': 'uniform', 'sample_num': 'none'}


Wed 15 Apr 2026 14:37:16 INFO  dataset
The number of users: 656
Average actions of users: 832.1969465648855
The number of items: 992
Average actions of items: 550.0393541876892
The number of inters: 545089
The sparsity of the dataset: 16.23706112313139%
Remain Fields: ['user_id', 'item_id']
Wed 15 Apr 2026 14:37:16 INFO  Preparing dataset
Wed 15 Apr 2026 14:37:17 INFO  [Training]: train_batch_size = [2048] train_neg_sample_args: [{'distribution': 'uniform', 'sample_num': 1, 'alpha': 1.0, 'dynamic': False, 'candidate_num': 0}]
Wed 15 Apr 2026 14:37:17 INFO  [Evaluation]: eval_batch_size = [2048] eval_args: [{'split': {'RS': [0.75, 0.2, 0.05]}, 'order': 'RO', 'group_by': 'user', 'mode': {'valid': 'full', 'test': 'full'}}]
Wed 15 Apr 2026 14:37:17 INFO  Done!
Wed 15 Apr 2026 14:37:17 INFO  BPR(
  (user_embedding): Embedding(656, 256)
  (item_embedding): Embedding(992, 256)
  (loss): BPRLoss()
)
Trainable parameters: 421888
Wed 15 Apr 2026 14:37:18 INFO  FLOPs: 512.0
Wed 15 Apr 2026 14:37:21 INFO  epoch 0 training [time: 2.34s, train loss: 126.6205]
Wed 15 Apr 2026 14:37:24 INFO  epoch 0 evaluating [time: 2.87s, valid_score: 0.817866]
Wed 15 Apr 2026 14:37:24 INFO  valid result: 
ndcg@10 : 0.817866
Wed 15 Apr 2026 14:37:24 INFO  Saving current: saved/BPR-Apr-15-2026_14-37-18.pth
Wed 15 Apr 2026 14:37:27 INFO  epoch 1 training [time: 2.93s, train loss: 78.7609]
Wed 15 Apr 2026 14:37:30 INFO  epoch 1 evaluating [time: 2.87s, valid_score: 0.808397]
Wed 15 Apr 2026 14:37:30 INFO  valid result: 
ndcg@10 : 0.808397
Wed 15 Apr 2026 14:37:33 INFO  epoch 2 training [time: 2.90s, train loss: 73.7731]
Wed 15 Apr 2026 14:37:36 INFO  epoch 2 evaluating [time: 3.02s, valid_score: 0.828055]
Wed 15 Apr 2026 14:37:36 INFO  valid result: 
ndcg@10 : 0.828055
Wed 15 Apr 2026 14:37:36 INFO  Saving current: saved/BPR-Apr-15-2026_14-37-18.pth
Wed 15 Apr 2026 14:37:39 INFO  epoch 3 training [time: 2.86s, train loss: 70.0911]
Wed 15 Apr 2026 14:37:42 INFO  epoch 3 evaluating [time: 2.95s, valid_score: 0.834771]
Wed 15 Apr 2026 14:37:42 INFO  valid result: 
ndcg@10 : 0.834771
Wed 15 Apr 2026 14:37:42 INFO  Saving current: saved/BPR-Apr-15-2026_14-37-18.pth
Wed 15 Apr 2026 14:37:45 INFO  epoch 4 training [time: 2.89s, train loss: 65.4222]
Wed 15 Apr 2026 14:37:48 INFO  epoch 4 evaluating [time: 3.10s, valid_score: 0.845689]
Wed 15 Apr 2026 14:37:48 INFO  valid result: 
ndcg@10 : 0.845689
Wed 15 Apr 2026 14:37:48 INFO  Saving current: saved/BPR-Apr-15-2026_14-37-18.pth
Wed 15 Apr 2026 14:37:51 INFO  epoch 5 training [time: 2.90s, train loss: 59.8582]
Wed 15 Apr 2026 14:37:54 INFO  epoch 5 evaluating [time: 3.28s, valid_score: 0.836036]
Wed 15 Apr 2026 14:37:54 INFO  valid result: 
ndcg@10 : 0.836036
Wed 15 Apr 2026 14:37:57 INFO  epoch 6 training [time: 2.95s, train loss: 54.2003]
Wed 15 Apr 2026 14:38:00 INFO  epoch 6 evaluating [time: 2.94s, valid_score: 0.847811]
Wed 15 Apr 2026 14:38:00 INFO  valid result: 
ndcg@10 : 0.847811
Wed 15 Apr 2026 14:38:00 INFO  Saving current: saved/BPR-Apr-15-2026_14-37-18.pth
Wed 15 Apr 2026 14:38:03 INFO  epoch 7 training [time: 2.98s, train loss: 48.8760]
Wed 15 Apr 2026 14:38:06 INFO  epoch 7 evaluating [time: 2.95s, valid_score: 0.846472]
Wed 15 Apr 2026 14:38:06 INFO  valid result: 
ndcg@10 : 0.846472
Wed 15 Apr 2026 14:38:09 INFO  epoch 8 training [time: 2.99s, train loss: 43.8626]
Wed 15 Apr 2026 14:38:12 INFO  epoch 8 evaluating [time: 3.13s, valid_score: 0.847913]
Wed 15 Apr 2026 14:38:12 INFO  valid result: 
ndcg@10 : 0.847913
Wed 15 Apr 2026 14:38:12 INFO  Saving current: saved/BPR-Apr-15-2026_14-37-18.pth
Wed 15 Apr 2026 14:38:15 INFO  epoch 9 training [time: 3.00s, train loss: 39.5726]
Wed 15 Apr 2026 14:38:18 INFO  epoch 9 evaluating [time: 3.04s, valid_score: 0.851234]
Wed 15 Apr 2026 14:38:18 INFO  valid result: 
ndcg@10 : 0.851234
Wed 15 Apr 2026 14:38:18 INFO  Saving current: saved/BPR-Apr-15-2026_14-37-18.pth
Wed 15 Apr 2026 14:38:21 INFO  epoch 10 training [time: 2.94s, train loss: 35.5916]
Wed 15 Apr 2026 14:38:24 INFO  epoch 10 evaluating [time: 3.06s, valid_score: 0.850058]
Wed 15 Apr 2026 14:38:24 INFO  valid result: 
ndcg@10 : 0.850058
Wed 15 Apr 2026 14:38:27 INFO  epoch 11 training [time: 2.98s, train loss: 32.0924]
Wed 15 Apr 2026 14:38:30 INFO  epoch 11 evaluating [time: 3.01s, valid_score: 0.849697]
Wed 15 Apr 2026 14:38:30 INFO  valid result: 
ndcg@10 : 0.849697
Wed 15 Apr 2026 14:38:33 INFO  epoch 12 training [time: 2.92s, train loss: 29.1657]
Wed 15 Apr 2026 14:38:36 INFO  epoch 12 evaluating [time: 2.95s, valid_score: 0.855052]
Wed 15 Apr 2026 14:38:36 INFO  valid result: 
ndcg@10 : 0.855052
Wed 15 Apr 2026 14:38:36 INFO  Saving current: saved/BPR-Apr-15-2026_14-37-18.pth
Wed 15 Apr 2026 14:38:39 INFO  epoch 13 training [time: 2.90s, train loss: 26.3187]
Wed 15 Apr 2026 14:38:42 INFO  epoch 13 evaluating [time: 3.00s, valid_score: 0.851622]
Wed 15 Apr 2026 14:38:42 INFO  valid result: 
ndcg@10 : 0.851622
Wed 15 Apr 2026 14:38:45 INFO  epoch 14 training [time: 3.10s, train loss: 24.0442]
Wed 15 Apr 2026 14:38:48 INFO  epoch 14 evaluating [time: 3.25s, valid_score: 0.856366]
Wed 15 Apr 2026 14:38:48 INFO  valid result: 
ndcg@10 : 0.856366
Wed 15 Apr 2026 14:38:48 INFO  Saving current: saved/BPR-Apr-15-2026_14-37-18.pth
Wed 15 Apr 2026 14:38:48 INFO  best valid : OrderedDict([('ndcg@10', 0.856366)])
Wed 15 Apr 2026 14:38:48 INFO  
General Hyper Parameters:
gpu_id = 0
use_gpu = True
seed = 2020
state = INFO
reproducibility = True
data_path = recbole_tmp/dataset
checkpoint_dir = saved
show_progress = True
save_dataset = False
dataset_save_path = None
save_dataloaders = False
dataloaders_save_path = None
log_wandb = False

Training Hyper Parameters:
epochs = 15
train_batch_size = 2048
learner = adam
learning_rate = 0.001
train_neg_sample_args = {'distribution': 'uniform', 'sample_num': 1, 'alpha': 1.0, 'dynamic': False, 'candidate_num': 0}
eval_step = 1
stopping_step = 5
clip_grad_norm = None
weight_decay = 0.0
loss_decimal_place = 4

Evaluation Hyper Parameters:
eval_args = {'split': {'RS': [0.75, 0.2, 0.05]}, 'order': 'RO', 'group_by': 'user', 'mode': {'valid': 'full', 'test': 'full'}}
repeatable = False
metrics = ['NDCG']
topk = [10]
valid_metric = NDCG@10
valid_metric_bigger = True
eval_batch_size = 2048
metric_decimal_place = 6

Dataset Hyper Parameters:
field_separator = 	
seq_separator =  
USER_ID_FIELD = user_id
ITEM_ID_FIELD = item_id
RATING_FIELD = rating
TIME_FIELD = timestamp
seq_len = None
LABEL_FIELD = label
threshold = None
NEG_PREFIX = neg_
load_col = {'inter': ['user_id', 'item_id']}
unload_col = None
unused_col = None
additional_feat_suffix = None
rm_dup_inter = None
val_interval = None
filter_inter_by_user_or_item = True
user_inter_num_interval = [0,inf)
item_inter_num_interval = [0,inf)
alias_of_user_id = None
alias_of_item_id = None
alias_of_entity_id = None
alias_of_relation_id = None
preload_weight = None
normalize_field = None
normalize_all = None
ITEM_LIST_LENGTH_FIELD = item_length
LIST_SUFFIX = _list
MAX_ITEM_LIST_LENGTH = 500
POSITION_FIELD = position_id
HEAD_ENTITY_ID_FIELD = head_id
TAIL_ENTITY_ID_FIELD = tail_id
RELATION_ID_FIELD = relation_id
ENTITY_ID_FIELD = entity_id
benchmark_filename = None

Other Hyper Parameters: 
worker = 0
wandb_project = recbole
shuffle = True
require_pow = False
enable_amp = False
enable_scaler = False
transform = None
embedding_size = 256
numerical_features = []
discretization = None
kg_reverse_r = False
entity_kg_num_interval = [0,inf)
relation_kg_num_interval = [0,inf)
MODEL_TYPE = ModelType.GENERAL
MODEL_INPUT_TYPE = InputType.PAIRWISE
eval_type = EvaluatorType.RANKING
single_spec = True
local_rank = 0
device = cuda
valid_neg_sample_args = {'distribution': 'uniform', 'sample_num': 'none'}
test_neg_sample_args = {'distribution': 'uniform', 'sample_num': 'none'}


Wed 15 Apr 2026 14:38:50 INFO  dataset
The number of users: 656
Average actions of users: 832.1969465648855
The number of items: 992
Average actions of items: 550.0393541876892
The number of inters: 545089
The sparsity of the dataset: 16.23706112313139%
Remain Fields: ['user_id', 'item_id']
Wed 15 Apr 2026 14:38:51 INFO  [Training]: train_batch_size = [2048] train_neg_sample_args: [{'distribution': 'uniform', 'sample_num': 1, 'alpha': 1.0, 'dynamic': False, 'candidate_num': 0}]
Wed 15 Apr 2026 14:38:51 INFO  [Evaluation]: eval_batch_size = [2048] eval_args: [{'split': {'RS': [0.75, 0.2, 0.05]}, 'order': 'RO', 'group_by': 'user', 'mode': {'valid': 'full', 'test': 'full'}}]
