Wed 15 Apr 2026 14:34:06 INFO  ['main.py', 'babyLFM2b1k', '80', '--clean', '--model', 'BPR', '--choice-model', 'consume_all', '--config', 'recbole_config_default.yaml']
Wed 15 Apr 2026 14:34:06 INFO  
General Hyper Parameters:
gpu_id = 0
use_gpu = True
seed = 2020
state = INFO
reproducibility = True
data_path = recbole_tmp/dataset
checkpoint_dir = saved
show_progress = True
save_dataset = False
dataset_save_path = None
save_dataloaders = False
dataloaders_save_path = None
log_wandb = False

Training Hyper Parameters:
epochs = 15
train_batch_size = 2048
learner = adam
learning_rate = 0.001
train_neg_sample_args = {'distribution': 'uniform', 'sample_num': 1, 'alpha': 1.0, 'dynamic': False, 'candidate_num': 0}
eval_step = 1
stopping_step = 5
clip_grad_norm = None
weight_decay = 0.0
loss_decimal_place = 4

Evaluation Hyper Parameters:
eval_args = {'split': {'RS': [0.75, 0.2, 0.05]}, 'order': 'RO', 'group_by': 'user', 'mode': {'valid': 'full', 'test': 'full'}}
repeatable = False
metrics = ['NDCG']
topk = [10]
valid_metric = NDCG@10
valid_metric_bigger = True
eval_batch_size = 2048
metric_decimal_place = 6

Dataset Hyper Parameters:
field_separator = 	
seq_separator =  
USER_ID_FIELD = user_id
ITEM_ID_FIELD = item_id
RATING_FIELD = rating
TIME_FIELD = timestamp
seq_len = None
LABEL_FIELD = label
threshold = None
NEG_PREFIX = neg_
load_col = {'inter': ['user_id', 'item_id']}
unload_col = None
unused_col = None
additional_feat_suffix = None
rm_dup_inter = None
val_interval = None
filter_inter_by_user_or_item = True
user_inter_num_interval = [0,inf)
item_inter_num_interval = [0,inf)
alias_of_user_id = None
alias_of_item_id = None
alias_of_entity_id = None
alias_of_relation_id = None
preload_weight = None
normalize_field = None
normalize_all = None
ITEM_LIST_LENGTH_FIELD = item_length
LIST_SUFFIX = _list
MAX_ITEM_LIST_LENGTH = 500
POSITION_FIELD = position_id
HEAD_ENTITY_ID_FIELD = head_id
TAIL_ENTITY_ID_FIELD = tail_id
RELATION_ID_FIELD = relation_id
ENTITY_ID_FIELD = entity_id
benchmark_filename = None

Other Hyper Parameters: 
worker = 0
wandb_project = recbole
shuffle = True
require_pow = False
enable_amp = False
enable_scaler = False
transform = None
embedding_size = 256
numerical_features = []
discretization = None
kg_reverse_r = False
entity_kg_num_interval = [0,inf)
relation_kg_num_interval = [0,inf)
MODEL_TYPE = ModelType.GENERAL
MODEL_INPUT_TYPE = InputType.PAIRWISE
eval_type = EvaluatorType.RANKING
single_spec = True
local_rank = 0
device = cuda
valid_neg_sample_args = {'distribution': 'uniform', 'sample_num': 'none'}
test_neg_sample_args = {'distribution': 'uniform', 'sample_num': 'none'}


Wed 15 Apr 2026 14:34:07 INFO  dataset
The number of users: 656
Average actions of users: 812.2
The number of items: 992
Average actions of items: 536.8224016145308
The number of inters: 531991
The sparsity of the dataset: 18.249809451219512%
Remain Fields: ['user_id', 'item_id']
Wed 15 Apr 2026 14:34:07 INFO  Preparing dataset
Wed 15 Apr 2026 14:34:08 INFO  [Training]: train_batch_size = [2048] train_neg_sample_args: [{'distribution': 'uniform', 'sample_num': 1, 'alpha': 1.0, 'dynamic': False, 'candidate_num': 0}]
Wed 15 Apr 2026 14:34:08 INFO  [Evaluation]: eval_batch_size = [2048] eval_args: [{'split': {'RS': [0.75, 0.2, 0.05]}, 'order': 'RO', 'group_by': 'user', 'mode': {'valid': 'full', 'test': 'full'}}]
Wed 15 Apr 2026 14:34:08 INFO  Done!
Wed 15 Apr 2026 14:34:08 INFO  BPR(
  (user_embedding): Embedding(656, 256)
  (item_embedding): Embedding(992, 256)
  (loss): BPRLoss()
)
Trainable parameters: 421888
Wed 15 Apr 2026 14:34:09 INFO  FLOPs: 512.0
Wed 15 Apr 2026 14:34:13 INFO  epoch 0 training [time: 2.96s, train loss: 122.9965]
Wed 15 Apr 2026 14:34:16 INFO  epoch 0 evaluating [time: 3.31s, valid_score: 0.819128]
Wed 15 Apr 2026 14:34:16 INFO  valid result: 
ndcg@10 : 0.819128
Wed 15 Apr 2026 14:34:16 INFO  Saving current: saved/BPR-Apr-15-2026_14-34-09.pth
Wed 15 Apr 2026 14:34:19 INFO  epoch 1 training [time: 2.93s, train loss: 73.8675]
Wed 15 Apr 2026 14:34:22 INFO  epoch 1 evaluating [time: 3.29s, valid_score: 0.803404]
Wed 15 Apr 2026 14:34:22 INFO  valid result: 
ndcg@10 : 0.803404
Wed 15 Apr 2026 14:34:25 INFO  epoch 2 training [time: 2.91s, train loss: 68.8916]
Wed 15 Apr 2026 14:34:28 INFO  epoch 2 evaluating [time: 3.15s, valid_score: 0.823778]
Wed 15 Apr 2026 14:34:28 INFO  valid result: 
ndcg@10 : 0.823778
Wed 15 Apr 2026 14:34:28 INFO  Saving current: saved/BPR-Apr-15-2026_14-34-09.pth
Wed 15 Apr 2026 14:34:31 INFO  epoch 3 training [time: 2.98s, train loss: 66.1649]
Wed 15 Apr 2026 14:34:35 INFO  epoch 3 evaluating [time: 3.27s, valid_score: 0.827226]
Wed 15 Apr 2026 14:34:35 INFO  valid result: 
ndcg@10 : 0.827226
Wed 15 Apr 2026 14:34:35 INFO  Saving current: saved/BPR-Apr-15-2026_14-34-09.pth
Wed 15 Apr 2026 14:34:38 INFO  epoch 4 training [time: 2.99s, train loss: 62.2439]
Wed 15 Apr 2026 14:34:41 INFO  epoch 4 evaluating [time: 3.13s, valid_score: 0.833335]
Wed 15 Apr 2026 14:34:41 INFO  valid result: 
ndcg@10 : 0.833335
Wed 15 Apr 2026 14:34:41 INFO  Saving current: saved/BPR-Apr-15-2026_14-34-09.pth
Wed 15 Apr 2026 14:34:44 INFO  epoch 5 training [time: 3.07s, train loss: 57.5721]
Wed 15 Apr 2026 14:34:47 INFO  epoch 5 evaluating [time: 3.16s, valid_score: 0.835131]
Wed 15 Apr 2026 14:34:47 INFO  valid result: 
ndcg@10 : 0.835131
Wed 15 Apr 2026 14:34:47 INFO  Saving current: saved/BPR-Apr-15-2026_14-34-09.pth
Wed 15 Apr 2026 14:34:50 INFO  epoch 6 training [time: 3.15s, train loss: 52.5181]
Wed 15 Apr 2026 14:34:53 INFO  epoch 6 evaluating [time: 3.04s, valid_score: 0.841641]
Wed 15 Apr 2026 14:34:53 INFO  valid result: 
ndcg@10 : 0.841641
Wed 15 Apr 2026 14:34:53 INFO  Saving current: saved/BPR-Apr-15-2026_14-34-09.pth
Wed 15 Apr 2026 14:34:56 INFO  epoch 7 training [time: 2.91s, train loss: 47.7802]
Wed 15 Apr 2026 14:35:00 INFO  epoch 7 evaluating [time: 3.26s, valid_score: 0.843511]
Wed 15 Apr 2026 14:35:00 INFO  valid result: 
ndcg@10 : 0.843511
Wed 15 Apr 2026 14:35:00 INFO  Saving current: saved/BPR-Apr-15-2026_14-34-09.pth
Wed 15 Apr 2026 14:35:02 INFO  epoch 8 training [time: 2.96s, train loss: 43.3012]
Wed 15 Apr 2026 14:35:06 INFO  epoch 8 evaluating [time: 3.14s, valid_score: 0.842364]
Wed 15 Apr 2026 14:35:06 INFO  valid result: 
ndcg@10 : 0.842364
Wed 15 Apr 2026 14:35:09 INFO  epoch 9 training [time: 2.87s, train loss: 38.9073]
Wed 15 Apr 2026 14:35:12 INFO  epoch 9 evaluating [time: 3.21s, valid_score: 0.844714]
Wed 15 Apr 2026 14:35:12 INFO  valid result: 
ndcg@10 : 0.844714
Wed 15 Apr 2026 14:35:12 INFO  Saving current: saved/BPR-Apr-15-2026_14-34-09.pth
Wed 15 Apr 2026 14:35:15 INFO  epoch 10 training [time: 2.81s, train loss: 35.4680]
Wed 15 Apr 2026 14:35:17 INFO  epoch 10 evaluating [time: 2.94s, valid_score: 0.846250]
Wed 15 Apr 2026 14:35:17 INFO  valid result: 
ndcg@10 : 0.84625
Wed 15 Apr 2026 14:35:18 INFO  Saving current: saved/BPR-Apr-15-2026_14-34-09.pth
Wed 15 Apr 2026 14:35:20 INFO  epoch 11 training [time: 2.93s, train loss: 32.2906]
Wed 15 Apr 2026 14:35:24 INFO  epoch 11 evaluating [time: 3.18s, valid_score: 0.847449]
Wed 15 Apr 2026 14:35:24 INFO  valid result: 
ndcg@10 : 0.847449
Wed 15 Apr 2026 14:35:24 INFO  Saving current: saved/BPR-Apr-15-2026_14-34-09.pth
Wed 15 Apr 2026 14:35:27 INFO  epoch 12 training [time: 3.84s, train loss: 29.2622]
Wed 15 Apr 2026 14:35:36 INFO  epoch 12 evaluating [time: 8.55s, valid_score: 0.846776]
Wed 15 Apr 2026 14:35:36 INFO  valid result: 
ndcg@10 : 0.846776
Wed 15 Apr 2026 14:35:40 INFO  epoch 13 training [time: 3.69s, train loss: 26.6141]
Wed 15 Apr 2026 14:35:43 INFO  epoch 13 evaluating [time: 3.20s, valid_score: 0.846083]
Wed 15 Apr 2026 14:35:43 INFO  valid result: 
ndcg@10 : 0.846083
Wed 15 Apr 2026 14:35:46 INFO  epoch 14 training [time: 2.86s, train loss: 24.4471]
Wed 15 Apr 2026 14:35:49 INFO  epoch 14 evaluating [time: 3.17s, valid_score: 0.851705]
Wed 15 Apr 2026 14:35:49 INFO  valid result: 
ndcg@10 : 0.851705
Wed 15 Apr 2026 14:35:49 INFO  Saving current: saved/BPR-Apr-15-2026_14-34-09.pth
Wed 15 Apr 2026 14:35:49 INFO  best valid : OrderedDict([('ndcg@10', 0.851705)])
Wed 15 Apr 2026 14:35:49 INFO  
General Hyper Parameters:
gpu_id = 0
use_gpu = True
seed = 2020
state = INFO
reproducibility = True
data_path = recbole_tmp/dataset
checkpoint_dir = saved
show_progress = True
save_dataset = False
dataset_save_path = None
save_dataloaders = False
dataloaders_save_path = None
log_wandb = False

Training Hyper Parameters:
epochs = 15
train_batch_size = 2048
learner = adam
learning_rate = 0.001
train_neg_sample_args = {'distribution': 'uniform', 'sample_num': 1, 'alpha': 1.0, 'dynamic': False, 'candidate_num': 0}
eval_step = 1
stopping_step = 5
clip_grad_norm = None
weight_decay = 0.0
loss_decimal_place = 4

Evaluation Hyper Parameters:
eval_args = {'split': {'RS': [0.75, 0.2, 0.05]}, 'order': 'RO', 'group_by': 'user', 'mode': {'valid': 'full', 'test': 'full'}}
repeatable = False
metrics = ['NDCG']
topk = [10]
valid_metric = NDCG@10
valid_metric_bigger = True
eval_batch_size = 2048
metric_decimal_place = 6

Dataset Hyper Parameters:
field_separator = 	
seq_separator =  
USER_ID_FIELD = user_id
ITEM_ID_FIELD = item_id
RATING_FIELD = rating
TIME_FIELD = timestamp
seq_len = None
LABEL_FIELD = label
threshold = None
NEG_PREFIX = neg_
load_col = {'inter': ['user_id', 'item_id']}
unload_col = None
unused_col = None
additional_feat_suffix = None
rm_dup_inter = None
val_interval = None
filter_inter_by_user_or_item = True
user_inter_num_interval = [0,inf)
item_inter_num_interval = [0,inf)
alias_of_user_id = None
alias_of_item_id = None
alias_of_entity_id = None
alias_of_relation_id = None
preload_weight = None
normalize_field = None
normalize_all = None
ITEM_LIST_LENGTH_FIELD = item_length
LIST_SUFFIX = _list
MAX_ITEM_LIST_LENGTH = 500
POSITION_FIELD = position_id
HEAD_ENTITY_ID_FIELD = head_id
TAIL_ENTITY_ID_FIELD = tail_id
RELATION_ID_FIELD = relation_id
ENTITY_ID_FIELD = entity_id
benchmark_filename = None

Other Hyper Parameters: 
worker = 0
wandb_project = recbole
shuffle = True
require_pow = False
enable_amp = False
enable_scaler = False
transform = None
embedding_size = 256
numerical_features = []
discretization = None
kg_reverse_r = False
entity_kg_num_interval = [0,inf)
relation_kg_num_interval = [0,inf)
MODEL_TYPE = ModelType.GENERAL
MODEL_INPUT_TYPE = InputType.PAIRWISE
eval_type = EvaluatorType.RANKING
single_spec = True
local_rank = 0
device = cuda
valid_neg_sample_args = {'distribution': 'uniform', 'sample_num': 'none'}
test_neg_sample_args = {'distribution': 'uniform', 'sample_num': 'none'}


Wed 15 Apr 2026 14:35:50 INFO  dataset
The number of users: 656
Average actions of users: 812.2
The number of items: 992
Average actions of items: 536.8224016145308
The number of inters: 531991
The sparsity of the dataset: 18.249809451219512%
Remain Fields: ['user_id', 'item_id']
Wed 15 Apr 2026 14:35:51 INFO  [Training]: train_batch_size = [2048] train_neg_sample_args: [{'distribution': 'uniform', 'sample_num': 1, 'alpha': 1.0, 'dynamic': False, 'candidate_num': 0}]
Wed 15 Apr 2026 14:35:51 INFO  [Evaluation]: eval_batch_size = [2048] eval_args: [{'split': {'RS': [0.75, 0.2, 0.05]}, 'order': 'RO', 'group_by': 'user', 'mode': {'valid': 'full', 'test': 'full'}}]
