Wed 15 Apr 2026 14:57:17 INFO  ['main.py', 'babyLFM2b1k', '93', '--clean', '--model', 'BPR', '--choice-model', 'consume_all', '--config', 'recbole_config_default.yaml']
Wed 15 Apr 2026 14:57:17 INFO  
General Hyper Parameters:
gpu_id = 0
use_gpu = True
seed = 2020
state = INFO
reproducibility = True
data_path = recbole_tmp/dataset
checkpoint_dir = saved
show_progress = True
save_dataset = False
dataset_save_path = None
save_dataloaders = False
dataloaders_save_path = None
log_wandb = False

Training Hyper Parameters:
epochs = 15
train_batch_size = 2048
learner = adam
learning_rate = 0.001
train_neg_sample_args = {'distribution': 'uniform', 'sample_num': 1, 'alpha': 1.0, 'dynamic': False, 'candidate_num': 0}
eval_step = 1
stopping_step = 5
clip_grad_norm = None
weight_decay = 0.0
loss_decimal_place = 4

Evaluation Hyper Parameters:
eval_args = {'split': {'RS': [0.75, 0.2, 0.05]}, 'order': 'RO', 'group_by': 'user', 'mode': {'valid': 'full', 'test': 'full'}}
repeatable = False
metrics = ['NDCG']
topk = [10]
valid_metric = NDCG@10
valid_metric_bigger = True
eval_batch_size = 2048
metric_decimal_place = 6

Dataset Hyper Parameters:
field_separator = 	
seq_separator =  
USER_ID_FIELD = user_id
ITEM_ID_FIELD = item_id
RATING_FIELD = rating
TIME_FIELD = timestamp
seq_len = None
LABEL_FIELD = label
threshold = None
NEG_PREFIX = neg_
load_col = {'inter': ['user_id', 'item_id']}
unload_col = None
unused_col = None
additional_feat_suffix = None
rm_dup_inter = None
val_interval = None
filter_inter_by_user_or_item = True
user_inter_num_interval = [0,inf)
item_inter_num_interval = [0,inf)
alias_of_user_id = None
alias_of_item_id = None
alias_of_entity_id = None
alias_of_relation_id = None
preload_weight = None
normalize_field = None
normalize_all = None
ITEM_LIST_LENGTH_FIELD = item_length
LIST_SUFFIX = _list
MAX_ITEM_LIST_LENGTH = 500
POSITION_FIELD = position_id
HEAD_ENTITY_ID_FIELD = head_id
TAIL_ENTITY_ID_FIELD = tail_id
RELATION_ID_FIELD = relation_id
ENTITY_ID_FIELD = entity_id
benchmark_filename = None

Other Hyper Parameters: 
worker = 0
wandb_project = recbole
shuffle = True
require_pow = False
enable_amp = False
enable_scaler = False
transform = None
embedding_size = 256
numerical_features = []
discretization = None
kg_reverse_r = False
entity_kg_num_interval = [0,inf)
relation_kg_num_interval = [0,inf)
MODEL_TYPE = ModelType.GENERAL
MODEL_INPUT_TYPE = InputType.PAIRWISE
eval_type = EvaluatorType.RANKING
single_spec = True
local_rank = 0
device = cuda
valid_neg_sample_args = {'distribution': 'uniform', 'sample_num': 'none'}
test_neg_sample_args = {'distribution': 'uniform', 'sample_num': 'none'}


Wed 15 Apr 2026 14:57:18 INFO  dataset
The number of users: 656
Average actions of users: 942.1801526717558
The number of items: 992
Average actions of items: 622.7325933400606
The number of inters: 617128
The sparsity of the dataset: 5.166945318646732%
Remain Fields: ['user_id', 'item_id']
Wed 15 Apr 2026 14:57:19 INFO  Preparing dataset
Wed 15 Apr 2026 14:57:20 INFO  [Training]: train_batch_size = [2048] train_neg_sample_args: [{'distribution': 'uniform', 'sample_num': 1, 'alpha': 1.0, 'dynamic': False, 'candidate_num': 0}]
Wed 15 Apr 2026 14:57:20 INFO  [Evaluation]: eval_batch_size = [2048] eval_args: [{'split': {'RS': [0.75, 0.2, 0.05]}, 'order': 'RO', 'group_by': 'user', 'mode': {'valid': 'full', 'test': 'full'}}]
Wed 15 Apr 2026 14:57:20 INFO  Done!
Wed 15 Apr 2026 14:57:20 INFO  BPR(
  (user_embedding): Embedding(656, 256)
  (item_embedding): Embedding(992, 256)
  (loss): BPRLoss()
)
Trainable parameters: 421888
Wed 15 Apr 2026 14:57:20 INFO  FLOPs: 512.0
Wed 15 Apr 2026 14:57:25 INFO  epoch 0 training [time: 3.70s, train loss: 152.7572]
Wed 15 Apr 2026 14:57:28 INFO  epoch 0 evaluating [time: 2.97s, valid_score: 0.823497]
Wed 15 Apr 2026 14:57:28 INFO  valid result: 
ndcg@10 : 0.823497
Wed 15 Apr 2026 14:57:28 INFO  Saving current: saved/BPR-Apr-15-2026_14-57-20.pth
Wed 15 Apr 2026 14:57:32 INFO  epoch 1 training [time: 3.61s, train loss: 124.5464]
Wed 15 Apr 2026 14:57:35 INFO  epoch 1 evaluating [time: 3.18s, valid_score: 0.821443]
Wed 15 Apr 2026 14:57:35 INFO  valid result: 
ndcg@10 : 0.821443
Wed 15 Apr 2026 14:57:38 INFO  epoch 2 training [time: 3.35s, train loss: 113.8330]
Wed 15 Apr 2026 14:57:39 INFO  epoch 2 evaluating [time: 0.29s, valid_score: 0.834615]
Wed 15 Apr 2026 14:57:39 INFO  valid result: 
ndcg@10 : 0.834615
Wed 15 Apr 2026 14:57:39 INFO  Saving current: saved/BPR-Apr-15-2026_14-57-20.pth
Wed 15 Apr 2026 14:57:42 INFO  epoch 3 training [time: 3.41s, train loss: 102.7715]
Wed 15 Apr 2026 14:57:45 INFO  epoch 3 evaluating [time: 3.30s, valid_score: 0.842159]
Wed 15 Apr 2026 14:57:45 INFO  valid result: 
ndcg@10 : 0.842159
Wed 15 Apr 2026 14:57:45 INFO  Saving current: saved/BPR-Apr-15-2026_14-57-20.pth
Wed 15 Apr 2026 14:57:49 INFO  epoch 4 training [time: 3.41s, train loss: 90.3390]
Wed 15 Apr 2026 14:57:52 INFO  epoch 4 evaluating [time: 3.11s, valid_score: 0.842680]
Wed 15 Apr 2026 14:57:52 INFO  valid result: 
ndcg@10 : 0.84268
Wed 15 Apr 2026 14:57:52 INFO  Saving current: saved/BPR-Apr-15-2026_14-57-20.pth
Wed 15 Apr 2026 14:57:55 INFO  epoch 5 training [time: 3.57s, train loss: 78.4194]
Wed 15 Apr 2026 14:57:56 INFO  epoch 5 evaluating [time: 0.30s, valid_score: 0.839968]
Wed 15 Apr 2026 14:57:56 INFO  valid result: 
ndcg@10 : 0.839968
Wed 15 Apr 2026 14:57:59 INFO  epoch 6 training [time: 3.22s, train loss: 68.0373]
Wed 15 Apr 2026 14:58:02 INFO  epoch 6 evaluating [time: 3.23s, valid_score: 0.843428]
Wed 15 Apr 2026 14:58:02 INFO  valid result: 
ndcg@10 : 0.843428
Wed 15 Apr 2026 14:58:02 INFO  Saving current: saved/BPR-Apr-15-2026_14-57-20.pth
Wed 15 Apr 2026 14:58:06 INFO  epoch 7 training [time: 3.40s, train loss: 59.2282]
Wed 15 Apr 2026 14:58:10 INFO  epoch 7 evaluating [time: 4.21s, valid_score: 0.848903]
Wed 15 Apr 2026 14:58:10 INFO  valid result: 
ndcg@10 : 0.848903
Wed 15 Apr 2026 14:58:10 INFO  Saving current: saved/BPR-Apr-15-2026_14-57-20.pth
Wed 15 Apr 2026 14:58:13 INFO  epoch 8 training [time: 3.52s, train loss: 51.8078]
Wed 15 Apr 2026 14:58:21 INFO  epoch 8 evaluating [time: 8.04s, valid_score: 0.846042]
Wed 15 Apr 2026 14:58:21 INFO  valid result: 
ndcg@10 : 0.846042
Wed 15 Apr 2026 14:58:25 INFO  epoch 9 training [time: 3.37s, train loss: 45.6818]
Wed 15 Apr 2026 14:58:28 INFO  epoch 9 evaluating [time: 2.98s, valid_score: 0.848071]
Wed 15 Apr 2026 14:58:28 INFO  valid result: 
ndcg@10 : 0.848071
Wed 15 Apr 2026 14:58:31 INFO  epoch 10 training [time: 3.44s, train loss: 40.4334]
Wed 15 Apr 2026 14:58:34 INFO  epoch 10 evaluating [time: 3.18s, valid_score: 0.849104]
Wed 15 Apr 2026 14:58:34 INFO  valid result: 
ndcg@10 : 0.849104
Wed 15 Apr 2026 14:58:34 INFO  Saving current: saved/BPR-Apr-15-2026_14-57-20.pth
Wed 15 Apr 2026 14:58:38 INFO  epoch 11 training [time: 3.54s, train loss: 36.0783]
Wed 15 Apr 2026 14:58:41 INFO  epoch 11 evaluating [time: 3.39s, valid_score: 0.849929]
Wed 15 Apr 2026 14:58:41 INFO  valid result: 
ndcg@10 : 0.849929
Wed 15 Apr 2026 14:58:41 INFO  Saving current: saved/BPR-Apr-15-2026_14-57-20.pth
Wed 15 Apr 2026 14:58:45 INFO  epoch 12 training [time: 3.48s, train loss: 32.1985]
Wed 15 Apr 2026 14:58:48 INFO  epoch 12 evaluating [time: 3.20s, valid_score: 0.850956]
Wed 15 Apr 2026 14:58:48 INFO  valid result: 
ndcg@10 : 0.850956
Wed 15 Apr 2026 14:58:48 INFO  Saving current: saved/BPR-Apr-15-2026_14-57-20.pth
Wed 15 Apr 2026 14:58:52 INFO  epoch 13 training [time: 3.48s, train loss: 28.9408]
Wed 15 Apr 2026 14:58:55 INFO  epoch 13 evaluating [time: 3.07s, valid_score: 0.848342]
Wed 15 Apr 2026 14:58:55 INFO  valid result: 
ndcg@10 : 0.848342
Wed 15 Apr 2026 14:58:58 INFO  epoch 14 training [time: 3.36s, train loss: 26.1754]
Wed 15 Apr 2026 14:59:01 INFO  epoch 14 evaluating [time: 3.15s, valid_score: 0.854258]
Wed 15 Apr 2026 14:59:01 INFO  valid result: 
ndcg@10 : 0.854258
Wed 15 Apr 2026 14:59:01 INFO  Saving current: saved/BPR-Apr-15-2026_14-57-20.pth
Wed 15 Apr 2026 14:59:01 INFO  best valid : OrderedDict([('ndcg@10', 0.854258)])
Wed 15 Apr 2026 14:59:01 INFO  
General Hyper Parameters:
gpu_id = 0
use_gpu = True
seed = 2020
state = INFO
reproducibility = True
data_path = recbole_tmp/dataset
checkpoint_dir = saved
show_progress = True
save_dataset = False
dataset_save_path = None
save_dataloaders = False
dataloaders_save_path = None
log_wandb = False

Training Hyper Parameters:
epochs = 15
train_batch_size = 2048
learner = adam
learning_rate = 0.001
train_neg_sample_args = {'distribution': 'uniform', 'sample_num': 1, 'alpha': 1.0, 'dynamic': False, 'candidate_num': 0}
eval_step = 1
stopping_step = 5
clip_grad_norm = None
weight_decay = 0.0
loss_decimal_place = 4

Evaluation Hyper Parameters:
eval_args = {'split': {'RS': [0.75, 0.2, 0.05]}, 'order': 'RO', 'group_by': 'user', 'mode': {'valid': 'full', 'test': 'full'}}
repeatable = False
metrics = ['NDCG']
topk = [10]
valid_metric = NDCG@10
valid_metric_bigger = True
eval_batch_size = 2048
metric_decimal_place = 6

Dataset Hyper Parameters:
field_separator = 	
seq_separator =  
USER_ID_FIELD = user_id
ITEM_ID_FIELD = item_id
RATING_FIELD = rating
TIME_FIELD = timestamp
seq_len = None
LABEL_FIELD = label
threshold = None
NEG_PREFIX = neg_
load_col = {'inter': ['user_id', 'item_id']}
unload_col = None
unused_col = None
additional_feat_suffix = None
rm_dup_inter = None
val_interval = None
filter_inter_by_user_or_item = True
user_inter_num_interval = [0,inf)
item_inter_num_interval = [0,inf)
alias_of_user_id = None
alias_of_item_id = None
alias_of_entity_id = None
alias_of_relation_id = None
preload_weight = None
normalize_field = None
normalize_all = None
ITEM_LIST_LENGTH_FIELD = item_length
LIST_SUFFIX = _list
MAX_ITEM_LIST_LENGTH = 500
POSITION_FIELD = position_id
HEAD_ENTITY_ID_FIELD = head_id
TAIL_ENTITY_ID_FIELD = tail_id
RELATION_ID_FIELD = relation_id
ENTITY_ID_FIELD = entity_id
benchmark_filename = None

Other Hyper Parameters: 
worker = 0
wandb_project = recbole
shuffle = True
require_pow = False
enable_amp = False
enable_scaler = False
transform = None
embedding_size = 256
numerical_features = []
discretization = None
kg_reverse_r = False
entity_kg_num_interval = [0,inf)
relation_kg_num_interval = [0,inf)
MODEL_TYPE = ModelType.GENERAL
MODEL_INPUT_TYPE = InputType.PAIRWISE
eval_type = EvaluatorType.RANKING
single_spec = True
local_rank = 0
device = cuda
valid_neg_sample_args = {'distribution': 'uniform', 'sample_num': 'none'}
test_neg_sample_args = {'distribution': 'uniform', 'sample_num': 'none'}


Wed 15 Apr 2026 14:59:03 INFO  dataset
The number of users: 656
Average actions of users: 942.1801526717558
The number of items: 992
Average actions of items: 622.7325933400606
The number of inters: 617128
The sparsity of the dataset: 5.166945318646732%
Remain Fields: ['user_id', 'item_id']
Wed 15 Apr 2026 14:59:04 INFO  [Training]: train_batch_size = [2048] train_neg_sample_args: [{'distribution': 'uniform', 'sample_num': 1, 'alpha': 1.0, 'dynamic': False, 'candidate_num': 0}]
Wed 15 Apr 2026 14:59:04 INFO  [Evaluation]: eval_batch_size = [2048] eval_args: [{'split': {'RS': [0.75, 0.2, 0.05]}, 'order': 'RO', 'group_by': 'user', 'mode': {'valid': 'full', 'test': 'full'}}]
