Wed 15 Apr 2026 13:06:34 INFO  ['main.py', 'babyLFM2b1k', '13', '--clean', '--model', 'BPR', '--choice-model', 'consume_all', '--config', 'recbole_config_default.yaml']
Wed 15 Apr 2026 13:06:34 INFO  
General Hyper Parameters:
gpu_id = 0
use_gpu = True
seed = 2020
state = INFO
reproducibility = True
data_path = recbole_tmp/dataset
checkpoint_dir = saved
show_progress = True
save_dataset = False
dataset_save_path = None
save_dataloaders = False
dataloaders_save_path = None
log_wandb = False

Training Hyper Parameters:
epochs = 15
train_batch_size = 2048
learner = adam
learning_rate = 0.001
train_neg_sample_args = {'distribution': 'uniform', 'sample_num': 1, 'alpha': 1.0, 'dynamic': False, 'candidate_num': 0}
eval_step = 1
stopping_step = 5
clip_grad_norm = None
weight_decay = 0.0
loss_decimal_place = 4

Evaluation Hyper Parameters:
eval_args = {'split': {'RS': [0.75, 0.2, 0.05]}, 'order': 'RO', 'group_by': 'user', 'mode': {'valid': 'full', 'test': 'full'}}
repeatable = False
metrics = ['NDCG']
topk = [10]
valid_metric = NDCG@10
valid_metric_bigger = True
eval_batch_size = 2048
metric_decimal_place = 6

Dataset Hyper Parameters:
field_separator = 	
seq_separator =  
USER_ID_FIELD = user_id
ITEM_ID_FIELD = item_id
RATING_FIELD = rating
TIME_FIELD = timestamp
seq_len = None
LABEL_FIELD = label
threshold = None
NEG_PREFIX = neg_
load_col = {'inter': ['user_id', 'item_id']}
unload_col = None
unused_col = None
additional_feat_suffix = None
rm_dup_inter = None
val_interval = None
filter_inter_by_user_or_item = True
user_inter_num_interval = [0,inf)
item_inter_num_interval = [0,inf)
alias_of_user_id = None
alias_of_item_id = None
alias_of_entity_id = None
alias_of_relation_id = None
preload_weight = None
normalize_field = None
normalize_all = None
ITEM_LIST_LENGTH_FIELD = item_length
LIST_SUFFIX = _list
MAX_ITEM_LIST_LENGTH = 500
POSITION_FIELD = position_id
HEAD_ENTITY_ID_FIELD = head_id
TAIL_ENTITY_ID_FIELD = tail_id
RELATION_ID_FIELD = relation_id
ENTITY_ID_FIELD = entity_id
benchmark_filename = None

Other Hyper Parameters: 
worker = 0
wandb_project = recbole
shuffle = True
require_pow = False
enable_amp = False
enable_scaler = False
transform = None
embedding_size = 256
numerical_features = []
discretization = None
kg_reverse_r = False
entity_kg_num_interval = [0,inf)
relation_kg_num_interval = [0,inf)
MODEL_TYPE = ModelType.GENERAL
MODEL_INPUT_TYPE = InputType.PAIRWISE
eval_type = EvaluatorType.RANKING
single_spec = True
local_rank = 0
device = cuda
valid_neg_sample_args = {'distribution': 'uniform', 'sample_num': 'none'}
test_neg_sample_args = {'distribution': 'uniform', 'sample_num': 'none'}


Wed 15 Apr 2026 13:06:35 INFO  dataset
The number of users: 656
Average actions of users: 142.30229007633588
The number of items: 992
Average actions of items: 94.05449041372351
The number of inters: 93208
The sparsity of the dataset: 85.67687844217151%
Remain Fields: ['user_id', 'item_id']
Wed 15 Apr 2026 13:06:35 INFO  Preparing dataset
Wed 15 Apr 2026 13:06:35 INFO  [Training]: train_batch_size = [2048] train_neg_sample_args: [{'distribution': 'uniform', 'sample_num': 1, 'alpha': 1.0, 'dynamic': False, 'candidate_num': 0}]
Wed 15 Apr 2026 13:06:35 INFO  [Evaluation]: eval_batch_size = [2048] eval_args: [{'split': {'RS': [0.75, 0.2, 0.05]}, 'order': 'RO', 'group_by': 'user', 'mode': {'valid': 'full', 'test': 'full'}}]
Wed 15 Apr 2026 13:06:35 INFO  Done!
Wed 15 Apr 2026 13:06:35 INFO  BPR(
  (user_embedding): Embedding(656, 256)
  (item_embedding): Embedding(992, 256)
  (loss): BPRLoss()
)
Trainable parameters: 421888
Wed 15 Apr 2026 13:06:35 INFO  FLOPs: 512.0
Wed 15 Apr 2026 13:06:37 INFO  epoch 0 training [time: 0.58s, train loss: 24.1452]
Wed 15 Apr 2026 13:06:41 INFO  epoch 0 evaluating [time: 3.40s, valid_score: 0.120725]
Wed 15 Apr 2026 13:06:41 INFO  valid result: 
ndcg@10 : 0.120725
Wed 15 Apr 2026 13:06:41 INFO  Saving current: saved/BPR-Apr-15-2026_13-06-35.pth
Wed 15 Apr 2026 13:06:41 INFO  epoch 1 training [time: 0.43s, train loss: 22.9612]
Wed 15 Apr 2026 13:06:44 INFO  epoch 1 evaluating [time: 3.17s, valid_score: 0.791912]
Wed 15 Apr 2026 13:06:44 INFO  valid result: 
ndcg@10 : 0.791912
Wed 15 Apr 2026 13:06:44 INFO  Saving current: saved/BPR-Apr-15-2026_13-06-35.pth
Wed 15 Apr 2026 13:06:45 INFO  epoch 2 training [time: 0.45s, train loss: 17.4457]
Wed 15 Apr 2026 13:06:48 INFO  epoch 2 evaluating [time: 3.23s, valid_score: 0.810383]
Wed 15 Apr 2026 13:06:48 INFO  valid result: 
ndcg@10 : 0.810383
Wed 15 Apr 2026 13:06:48 INFO  Saving current: saved/BPR-Apr-15-2026_13-06-35.pth
Wed 15 Apr 2026 13:06:48 INFO  epoch 3 training [time: 0.46s, train loss: 8.4286]
Wed 15 Apr 2026 13:06:52 INFO  epoch 3 evaluating [time: 3.07s, valid_score: 0.818343]
Wed 15 Apr 2026 13:06:52 INFO  valid result: 
ndcg@10 : 0.818343
Wed 15 Apr 2026 13:06:52 INFO  Saving current: saved/BPR-Apr-15-2026_13-06-35.pth
Wed 15 Apr 2026 13:06:52 INFO  epoch 4 training [time: 0.43s, train loss: 4.5149]
Wed 15 Apr 2026 13:06:55 INFO  epoch 4 evaluating [time: 3.00s, valid_score: 0.825056]
Wed 15 Apr 2026 13:06:55 INFO  valid result: 
ndcg@10 : 0.825056
Wed 15 Apr 2026 13:06:55 INFO  Saving current: saved/BPR-Apr-15-2026_13-06-35.pth
Wed 15 Apr 2026 13:06:55 INFO  epoch 5 training [time: 0.43s, train loss: 3.5730]
Wed 15 Apr 2026 13:06:59 INFO  epoch 5 evaluating [time: 3.21s, valid_score: 0.826200]
Wed 15 Apr 2026 13:06:59 INFO  valid result: 
ndcg@10 : 0.8262
Wed 15 Apr 2026 13:06:59 INFO  Saving current: saved/BPR-Apr-15-2026_13-06-35.pth
Wed 15 Apr 2026 13:06:59 INFO  epoch 6 training [time: 0.41s, train loss: 3.1350]
Wed 15 Apr 2026 13:07:02 INFO  epoch 6 evaluating [time: 3.20s, valid_score: 0.827954]
Wed 15 Apr 2026 13:07:02 INFO  valid result: 
ndcg@10 : 0.827954
Wed 15 Apr 2026 13:07:02 INFO  Saving current: saved/BPR-Apr-15-2026_13-06-35.pth
Wed 15 Apr 2026 13:07:03 INFO  epoch 7 training [time: 0.48s, train loss: 2.9464]
Wed 15 Apr 2026 13:07:06 INFO  epoch 7 evaluating [time: 3.08s, valid_score: 0.824037]
Wed 15 Apr 2026 13:07:06 INFO  valid result: 
ndcg@10 : 0.824037
Wed 15 Apr 2026 13:07:06 INFO  epoch 8 training [time: 0.45s, train loss: 2.8778]
Wed 15 Apr 2026 13:07:09 INFO  epoch 8 evaluating [time: 3.14s, valid_score: 0.823637]
Wed 15 Apr 2026 13:07:09 INFO  valid result: 
ndcg@10 : 0.823637
Wed 15 Apr 2026 13:07:10 INFO  epoch 9 training [time: 0.44s, train loss: 2.7638]
Wed 15 Apr 2026 13:07:13 INFO  epoch 9 evaluating [time: 3.13s, valid_score: 0.821257]
Wed 15 Apr 2026 13:07:13 INFO  valid result: 
ndcg@10 : 0.821257
Wed 15 Apr 2026 13:07:13 INFO  epoch 10 training [time: 0.43s, train loss: 2.6845]
Wed 15 Apr 2026 13:07:17 INFO  epoch 10 evaluating [time: 3.26s, valid_score: 0.818200]
Wed 15 Apr 2026 13:07:17 INFO  valid result: 
ndcg@10 : 0.8182
Wed 15 Apr 2026 13:07:17 INFO  epoch 11 training [time: 0.46s, train loss: 2.5723]
Wed 15 Apr 2026 13:07:20 INFO  epoch 11 evaluating [time: 3.14s, valid_score: 0.817304]
Wed 15 Apr 2026 13:07:20 INFO  valid result: 
ndcg@10 : 0.817304
Wed 15 Apr 2026 13:07:21 INFO  epoch 12 training [time: 0.46s, train loss: 2.4808]
Wed 15 Apr 2026 13:07:24 INFO  epoch 12 evaluating [time: 3.17s, valid_score: 0.822326]
Wed 15 Apr 2026 13:07:24 INFO  valid result: 
ndcg@10 : 0.822326
Wed 15 Apr 2026 13:07:24 INFO  Finished training, best eval result in epoch 6
Wed 15 Apr 2026 13:07:24 INFO  best valid : OrderedDict([('ndcg@10', 0.827954)])
Wed 15 Apr 2026 13:07:24 INFO  
General Hyper Parameters:
gpu_id = 0
use_gpu = True
seed = 2020
state = INFO
reproducibility = True
data_path = recbole_tmp/dataset
checkpoint_dir = saved
show_progress = True
save_dataset = False
dataset_save_path = None
save_dataloaders = False
dataloaders_save_path = None
log_wandb = False

Training Hyper Parameters:
epochs = 15
train_batch_size = 2048
learner = adam
learning_rate = 0.001
train_neg_sample_args = {'distribution': 'uniform', 'sample_num': 1, 'alpha': 1.0, 'dynamic': False, 'candidate_num': 0}
eval_step = 1
stopping_step = 5
clip_grad_norm = None
weight_decay = 0.0
loss_decimal_place = 4

Evaluation Hyper Parameters:
eval_args = {'split': {'RS': [0.75, 0.2, 0.05]}, 'order': 'RO', 'group_by': 'user', 'mode': {'valid': 'full', 'test': 'full'}}
repeatable = False
metrics = ['NDCG']
topk = [10]
valid_metric = NDCG@10
valid_metric_bigger = True
eval_batch_size = 2048
metric_decimal_place = 6

Dataset Hyper Parameters:
field_separator = 	
seq_separator =  
USER_ID_FIELD = user_id
ITEM_ID_FIELD = item_id
RATING_FIELD = rating
TIME_FIELD = timestamp
seq_len = None
LABEL_FIELD = label
threshold = None
NEG_PREFIX = neg_
load_col = {'inter': ['user_id', 'item_id']}
unload_col = None
unused_col = None
additional_feat_suffix = None
rm_dup_inter = None
val_interval = None
filter_inter_by_user_or_item = True
user_inter_num_interval = [0,inf)
item_inter_num_interval = [0,inf)
alias_of_user_id = None
alias_of_item_id = None
alias_of_entity_id = None
alias_of_relation_id = None
preload_weight = None
normalize_field = None
normalize_all = None
ITEM_LIST_LENGTH_FIELD = item_length
LIST_SUFFIX = _list
MAX_ITEM_LIST_LENGTH = 500
POSITION_FIELD = position_id
HEAD_ENTITY_ID_FIELD = head_id
TAIL_ENTITY_ID_FIELD = tail_id
RELATION_ID_FIELD = relation_id
ENTITY_ID_FIELD = entity_id
benchmark_filename = None

Other Hyper Parameters: 
worker = 0
wandb_project = recbole
shuffle = True
require_pow = False
enable_amp = False
enable_scaler = False
transform = None
embedding_size = 256
numerical_features = []
discretization = None
kg_reverse_r = False
entity_kg_num_interval = [0,inf)
relation_kg_num_interval = [0,inf)
MODEL_TYPE = ModelType.GENERAL
MODEL_INPUT_TYPE = InputType.PAIRWISE
eval_type = EvaluatorType.RANKING
single_spec = True
local_rank = 0
device = cuda
valid_neg_sample_args = {'distribution': 'uniform', 'sample_num': 'none'}
test_neg_sample_args = {'distribution': 'uniform', 'sample_num': 'none'}


Wed 15 Apr 2026 13:07:24 INFO  dataset
The number of users: 656
Average actions of users: 142.30229007633588
The number of items: 992
Average actions of items: 94.05449041372351
The number of inters: 93208
The sparsity of the dataset: 85.67687844217151%
Remain Fields: ['user_id', 'item_id']
Wed 15 Apr 2026 13:07:24 INFO  [Training]: train_batch_size = [2048] train_neg_sample_args: [{'distribution': 'uniform', 'sample_num': 1, 'alpha': 1.0, 'dynamic': False, 'candidate_num': 0}]
Wed 15 Apr 2026 13:07:24 INFO  [Evaluation]: eval_batch_size = [2048] eval_args: [{'split': {'RS': [0.75, 0.2, 0.05]}, 'order': 'RO', 'group_by': 'user', 'mode': {'valid': 'full', 'test': 'full'}}]
