Wed 15 Apr 2026 14:46:14 INFO  ['main.py', 'babyLFM2b1k', '87', '--clean', '--model', 'BPR', '--choice-model', 'consume_all', '--config', 'recbole_config_default.yaml']
Wed 15 Apr 2026 14:46:14 INFO  
General Hyper Parameters:
gpu_id = 0
use_gpu = True
seed = 2020
state = INFO
reproducibility = True
data_path = recbole_tmp/dataset
checkpoint_dir = saved
show_progress = True
save_dataset = False
dataset_save_path = None
save_dataloaders = False
dataloaders_save_path = None
log_wandb = False

Training Hyper Parameters:
epochs = 15
train_batch_size = 2048
learner = adam
learning_rate = 0.001
train_neg_sample_args = {'distribution': 'uniform', 'sample_num': 1, 'alpha': 1.0, 'dynamic': False, 'candidate_num': 0}
eval_step = 1
stopping_step = 5
clip_grad_norm = None
weight_decay = 0.0
loss_decimal_place = 4

Evaluation Hyper Parameters:
eval_args = {'split': {'RS': [0.75, 0.2, 0.05]}, 'order': 'RO', 'group_by': 'user', 'mode': {'valid': 'full', 'test': 'full'}}
repeatable = False
metrics = ['NDCG']
topk = [10]
valid_metric = NDCG@10
valid_metric_bigger = True
eval_batch_size = 2048
metric_decimal_place = 6

Dataset Hyper Parameters:
field_separator = 	
seq_separator =  
USER_ID_FIELD = user_id
ITEM_ID_FIELD = item_id
RATING_FIELD = rating
TIME_FIELD = timestamp
seq_len = None
LABEL_FIELD = label
threshold = None
NEG_PREFIX = neg_
load_col = {'inter': ['user_id', 'item_id']}
unload_col = None
unused_col = None
additional_feat_suffix = None
rm_dup_inter = None
val_interval = None
filter_inter_by_user_or_item = True
user_inter_num_interval = [0,inf)
item_inter_num_interval = [0,inf)
alias_of_user_id = None
alias_of_item_id = None
alias_of_entity_id = None
alias_of_relation_id = None
preload_weight = None
normalize_field = None
normalize_all = None
ITEM_LIST_LENGTH_FIELD = item_length
LIST_SUFFIX = _list
MAX_ITEM_LIST_LENGTH = 500
POSITION_FIELD = position_id
HEAD_ENTITY_ID_FIELD = head_id
TAIL_ENTITY_ID_FIELD = tail_id
RELATION_ID_FIELD = relation_id
ENTITY_ID_FIELD = entity_id
benchmark_filename = None

Other Hyper Parameters: 
worker = 0
wandb_project = recbole
shuffle = True
require_pow = False
enable_amp = False
enable_scaler = False
transform = None
embedding_size = 256
numerical_features = []
discretization = None
kg_reverse_r = False
entity_kg_num_interval = [0,inf)
relation_kg_num_interval = [0,inf)
MODEL_TYPE = ModelType.GENERAL
MODEL_INPUT_TYPE = InputType.PAIRWISE
eval_type = EvaluatorType.RANKING
single_spec = True
local_rank = 0
device = cuda
valid_neg_sample_args = {'distribution': 'uniform', 'sample_num': 'none'}
test_neg_sample_args = {'distribution': 'uniform', 'sample_num': 'none'}


Wed 15 Apr 2026 14:46:15 INFO  dataset
The number of users: 656
Average actions of users: 882.1893129770992
The number of items: 992
Average actions of items: 583.0817356205853
The number of inters: 577834
The sparsity of the dataset: 11.205190302911095%
Remain Fields: ['user_id', 'item_id']
Wed 15 Apr 2026 14:46:15 INFO  Preparing dataset
Wed 15 Apr 2026 14:46:16 INFO  [Training]: train_batch_size = [2048] train_neg_sample_args: [{'distribution': 'uniform', 'sample_num': 1, 'alpha': 1.0, 'dynamic': False, 'candidate_num': 0}]
Wed 15 Apr 2026 14:46:16 INFO  [Evaluation]: eval_batch_size = [2048] eval_args: [{'split': {'RS': [0.75, 0.2, 0.05]}, 'order': 'RO', 'group_by': 'user', 'mode': {'valid': 'full', 'test': 'full'}}]
Wed 15 Apr 2026 14:46:16 INFO  Done!
Wed 15 Apr 2026 14:46:16 INFO  BPR(
  (user_embedding): Embedding(656, 256)
  (item_embedding): Embedding(992, 256)
  (loss): BPRLoss()
)
Trainable parameters: 421888
Wed 15 Apr 2026 14:46:17 INFO  FLOPs: 512.0
Wed 15 Apr 2026 14:46:21 INFO  epoch 0 training [time: 3.26s, train loss: 137.4183]
Wed 15 Apr 2026 14:46:24 INFO  epoch 0 evaluating [time: 3.40s, valid_score: 0.811086]
Wed 15 Apr 2026 14:46:24 INFO  valid result: 
ndcg@10 : 0.811086
Wed 15 Apr 2026 14:46:24 INFO  Saving current: saved/BPR-Apr-15-2026_14-46-17.pth
Wed 15 Apr 2026 14:46:28 INFO  epoch 1 training [time: 3.22s, train loss: 96.7975]
Wed 15 Apr 2026 14:46:31 INFO  epoch 1 evaluating [time: 3.05s, valid_score: 0.822521]
Wed 15 Apr 2026 14:46:31 INFO  valid result: 
ndcg@10 : 0.822521
Wed 15 Apr 2026 14:46:31 INFO  Saving current: saved/BPR-Apr-15-2026_14-46-17.pth
Wed 15 Apr 2026 14:46:34 INFO  epoch 2 training [time: 3.41s, train loss: 90.2064]
Wed 15 Apr 2026 14:46:38 INFO  epoch 2 evaluating [time: 3.56s, valid_score: 0.825497]
Wed 15 Apr 2026 14:46:38 INFO  valid result: 
ndcg@10 : 0.825497
Wed 15 Apr 2026 14:46:38 INFO  Saving current: saved/BPR-Apr-15-2026_14-46-17.pth
Wed 15 Apr 2026 14:46:41 INFO  epoch 3 training [time: 3.17s, train loss: 84.4625]
Wed 15 Apr 2026 14:46:46 INFO  epoch 3 evaluating [time: 4.94s, valid_score: 0.835321]
Wed 15 Apr 2026 14:46:46 INFO  valid result: 
ndcg@10 : 0.835321
Wed 15 Apr 2026 14:46:46 INFO  Saving current: saved/BPR-Apr-15-2026_14-46-17.pth
Wed 15 Apr 2026 14:46:49 INFO  epoch 4 training [time: 3.19s, train loss: 76.9414]
Wed 15 Apr 2026 14:46:52 INFO  epoch 4 evaluating [time: 3.11s, valid_score: 0.832764]
Wed 15 Apr 2026 14:46:52 INFO  valid result: 
ndcg@10 : 0.832764
Wed 15 Apr 2026 14:46:55 INFO  epoch 5 training [time: 3.30s, train loss: 68.7591]
Wed 15 Apr 2026 14:47:01 INFO  epoch 5 evaluating [time: 5.56s, valid_score: 0.833203]
Wed 15 Apr 2026 14:47:01 INFO  valid result: 
ndcg@10 : 0.833203
Wed 15 Apr 2026 14:47:04 INFO  epoch 6 training [time: 3.25s, train loss: 61.2950]
Wed 15 Apr 2026 14:47:08 INFO  epoch 6 evaluating [time: 3.51s, valid_score: 0.833042]
Wed 15 Apr 2026 14:47:08 INFO  valid result: 
ndcg@10 : 0.833042
Wed 15 Apr 2026 14:47:11 INFO  epoch 7 training [time: 3.30s, train loss: 54.2029]
Wed 15 Apr 2026 14:47:14 INFO  epoch 7 evaluating [time: 3.21s, valid_score: 0.837161]
Wed 15 Apr 2026 14:47:14 INFO  valid result: 
ndcg@10 : 0.837161
Wed 15 Apr 2026 14:47:14 INFO  Saving current: saved/BPR-Apr-15-2026_14-46-17.pth
Wed 15 Apr 2026 14:47:17 INFO  epoch 8 training [time: 3.15s, train loss: 48.3587]
Wed 15 Apr 2026 14:47:21 INFO  epoch 8 evaluating [time: 3.20s, valid_score: 0.837509]
Wed 15 Apr 2026 14:47:21 INFO  valid result: 
ndcg@10 : 0.837509
Wed 15 Apr 2026 14:47:21 INFO  Saving current: saved/BPR-Apr-15-2026_14-46-17.pth
Wed 15 Apr 2026 14:47:24 INFO  epoch 9 training [time: 3.10s, train loss: 42.9798]
Wed 15 Apr 2026 14:47:27 INFO  epoch 9 evaluating [time: 3.10s, valid_score: 0.839521]
Wed 15 Apr 2026 14:47:27 INFO  valid result: 
ndcg@10 : 0.839521
Wed 15 Apr 2026 14:47:27 INFO  Saving current: saved/BPR-Apr-15-2026_14-46-17.pth
Wed 15 Apr 2026 14:47:29 INFO  epoch 10 training [time: 2.38s, train loss: 38.3421]
Wed 15 Apr 2026 14:47:30 INFO  epoch 10 evaluating [time: 0.45s, valid_score: 0.841475]
Wed 15 Apr 2026 14:47:30 INFO  valid result: 
ndcg@10 : 0.841475
Wed 15 Apr 2026 14:47:30 INFO  Saving current: saved/BPR-Apr-15-2026_14-46-17.pth
Wed 15 Apr 2026 14:47:32 INFO  epoch 11 training [time: 1.80s, train loss: 34.4680]
Wed 15 Apr 2026 14:47:32 INFO  epoch 11 evaluating [time: 0.47s, valid_score: 0.839809]
Wed 15 Apr 2026 14:47:32 INFO  valid result: 
ndcg@10 : 0.839809
Wed 15 Apr 2026 14:47:34 INFO  epoch 12 training [time: 1.82s, train loss: 31.0241]
Wed 15 Apr 2026 14:47:34 INFO  epoch 12 evaluating [time: 0.48s, valid_score: 0.838821]
Wed 15 Apr 2026 14:47:34 INFO  valid result: 
ndcg@10 : 0.838821
Wed 15 Apr 2026 14:47:36 INFO  epoch 13 training [time: 1.77s, train loss: 27.9941]
Wed 15 Apr 2026 14:47:37 INFO  epoch 13 evaluating [time: 0.45s, valid_score: 0.841524]
Wed 15 Apr 2026 14:47:37 INFO  valid result: 
ndcg@10 : 0.841524
Wed 15 Apr 2026 14:47:37 INFO  Saving current: saved/BPR-Apr-15-2026_14-46-17.pth
Wed 15 Apr 2026 14:47:38 INFO  epoch 14 training [time: 1.74s, train loss: 25.3723]
Wed 15 Apr 2026 14:47:41 INFO  epoch 14 evaluating [time: 3.15s, valid_score: 0.842244]
Wed 15 Apr 2026 14:47:41 INFO  valid result: 
ndcg@10 : 0.842244
Wed 15 Apr 2026 14:47:41 INFO  Saving current: saved/BPR-Apr-15-2026_14-46-17.pth
Wed 15 Apr 2026 14:47:41 INFO  best valid : OrderedDict([('ndcg@10', 0.842244)])
Wed 15 Apr 2026 14:47:41 INFO  
General Hyper Parameters:
gpu_id = 0
use_gpu = True
seed = 2020
state = INFO
reproducibility = True
data_path = recbole_tmp/dataset
checkpoint_dir = saved
show_progress = True
save_dataset = False
dataset_save_path = None
save_dataloaders = False
dataloaders_save_path = None
log_wandb = False

Training Hyper Parameters:
epochs = 15
train_batch_size = 2048
learner = adam
learning_rate = 0.001
train_neg_sample_args = {'distribution': 'uniform', 'sample_num': 1, 'alpha': 1.0, 'dynamic': False, 'candidate_num': 0}
eval_step = 1
stopping_step = 5
clip_grad_norm = None
weight_decay = 0.0
loss_decimal_place = 4

Evaluation Hyper Parameters:
eval_args = {'split': {'RS': [0.75, 0.2, 0.05]}, 'order': 'RO', 'group_by': 'user', 'mode': {'valid': 'full', 'test': 'full'}}
repeatable = False
metrics = ['NDCG']
topk = [10]
valid_metric = NDCG@10
valid_metric_bigger = True
eval_batch_size = 2048
metric_decimal_place = 6

Dataset Hyper Parameters:
field_separator = 	
seq_separator =  
USER_ID_FIELD = user_id
ITEM_ID_FIELD = item_id
RATING_FIELD = rating
TIME_FIELD = timestamp
seq_len = None
LABEL_FIELD = label
threshold = None
NEG_PREFIX = neg_
load_col = {'inter': ['user_id', 'item_id']}
unload_col = None
unused_col = None
additional_feat_suffix = None
rm_dup_inter = None
val_interval = None
filter_inter_by_user_or_item = True
user_inter_num_interval = [0,inf)
item_inter_num_interval = [0,inf)
alias_of_user_id = None
alias_of_item_id = None
alias_of_entity_id = None
alias_of_relation_id = None
preload_weight = None
normalize_field = None
normalize_all = None
ITEM_LIST_LENGTH_FIELD = item_length
LIST_SUFFIX = _list
MAX_ITEM_LIST_LENGTH = 500
POSITION_FIELD = position_id
HEAD_ENTITY_ID_FIELD = head_id
TAIL_ENTITY_ID_FIELD = tail_id
RELATION_ID_FIELD = relation_id
ENTITY_ID_FIELD = entity_id
benchmark_filename = None

Other Hyper Parameters: 
worker = 0
wandb_project = recbole
shuffle = True
require_pow = False
enable_amp = False
enable_scaler = False
transform = None
embedding_size = 256
numerical_features = []
discretization = None
kg_reverse_r = False
entity_kg_num_interval = [0,inf)
relation_kg_num_interval = [0,inf)
MODEL_TYPE = ModelType.GENERAL
MODEL_INPUT_TYPE = InputType.PAIRWISE
eval_type = EvaluatorType.RANKING
single_spec = True
local_rank = 0
device = cuda
valid_neg_sample_args = {'distribution': 'uniform', 'sample_num': 'none'}
test_neg_sample_args = {'distribution': 'uniform', 'sample_num': 'none'}


Wed 15 Apr 2026 14:47:43 INFO  dataset
The number of users: 656
Average actions of users: 882.1893129770992
The number of items: 992
Average actions of items: 583.0817356205853
The number of inters: 577834
The sparsity of the dataset: 11.205190302911095%
Remain Fields: ['user_id', 'item_id']
Wed 15 Apr 2026 14:47:44 INFO  [Training]: train_batch_size = [2048] train_neg_sample_args: [{'distribution': 'uniform', 'sample_num': 1, 'alpha': 1.0, 'dynamic': False, 'candidate_num': 0}]
Wed 15 Apr 2026 14:47:44 INFO  [Evaluation]: eval_batch_size = [2048] eval_args: [{'split': {'RS': [0.75, 0.2, 0.05]}, 'order': 'RO', 'group_by': 'user', 'mode': {'valid': 'full', 'test': 'full'}}]
