Wed 15 Apr 2026 13:31:33 INFO  ['main.py', 'babyLFM2b1k', '39', '--clean', '--model', 'BPR', '--choice-model', 'consume_all', '--config', 'recbole_config_default.yaml']
Wed 15 Apr 2026 13:31:33 INFO  
General Hyper Parameters:
gpu_id = 0
use_gpu = True
seed = 2020
state = INFO
reproducibility = True
data_path = recbole_tmp/dataset
checkpoint_dir = saved
show_progress = True
save_dataset = False
dataset_save_path = None
save_dataloaders = False
dataloaders_save_path = None
log_wandb = False

Training Hyper Parameters:
epochs = 15
train_batch_size = 2048
learner = adam
learning_rate = 0.001
train_neg_sample_args = {'distribution': 'uniform', 'sample_num': 1, 'alpha': 1.0, 'dynamic': False, 'candidate_num': 0}
eval_step = 1
stopping_step = 5
clip_grad_norm = None
weight_decay = 0.0
loss_decimal_place = 4

Evaluation Hyper Parameters:
eval_args = {'split': {'RS': [0.75, 0.2, 0.05]}, 'order': 'RO', 'group_by': 'user', 'mode': {'valid': 'full', 'test': 'full'}}
repeatable = False
metrics = ['NDCG']
topk = [10]
valid_metric = NDCG@10
valid_metric_bigger = True
eval_batch_size = 2048
metric_decimal_place = 6

Dataset Hyper Parameters:
field_separator = 	
seq_separator =  
USER_ID_FIELD = user_id
ITEM_ID_FIELD = item_id
RATING_FIELD = rating
TIME_FIELD = timestamp
seq_len = None
LABEL_FIELD = label
threshold = None
NEG_PREFIX = neg_
load_col = {'inter': ['user_id', 'item_id']}
unload_col = None
unused_col = None
additional_feat_suffix = None
rm_dup_inter = None
val_interval = None
filter_inter_by_user_or_item = True
user_inter_num_interval = [0,inf)
item_inter_num_interval = [0,inf)
alias_of_user_id = None
alias_of_item_id = None
alias_of_entity_id = None
alias_of_relation_id = None
preload_weight = None
normalize_field = None
normalize_all = None
ITEM_LIST_LENGTH_FIELD = item_length
LIST_SUFFIX = _list
MAX_ITEM_LIST_LENGTH = 500
POSITION_FIELD = position_id
HEAD_ENTITY_ID_FIELD = head_id
TAIL_ENTITY_ID_FIELD = tail_id
RELATION_ID_FIELD = relation_id
ENTITY_ID_FIELD = entity_id
benchmark_filename = None

Other Hyper Parameters: 
worker = 0
wandb_project = recbole
shuffle = True
require_pow = False
enable_amp = False
enable_scaler = False
transform = None
embedding_size = 256
numerical_features = []
discretization = None
kg_reverse_r = False
entity_kg_num_interval = [0,inf)
relation_kg_num_interval = [0,inf)
MODEL_TYPE = ModelType.GENERAL
MODEL_INPUT_TYPE = InputType.PAIRWISE
eval_type = EvaluatorType.RANKING
single_spec = True
local_rank = 0
device = cuda
valid_neg_sample_args = {'distribution': 'uniform', 'sample_num': 'none'}
test_neg_sample_args = {'distribution': 'uniform', 'sample_num': 'none'}


Wed 15 Apr 2026 13:31:33 INFO  dataset
The number of users: 656
Average actions of users: 402.26259541984734
The number of items: 992
Average actions of items: 265.87487386478307
The number of inters: 263482
The sparsity of the dataset: 59.511150177025975%
Remain Fields: ['user_id', 'item_id']
Wed 15 Apr 2026 13:31:33 INFO  Preparing dataset
Wed 15 Apr 2026 13:31:34 INFO  [Training]: train_batch_size = [2048] train_neg_sample_args: [{'distribution': 'uniform', 'sample_num': 1, 'alpha': 1.0, 'dynamic': False, 'candidate_num': 0}]
Wed 15 Apr 2026 13:31:34 INFO  [Evaluation]: eval_batch_size = [2048] eval_args: [{'split': {'RS': [0.75, 0.2, 0.05]}, 'order': 'RO', 'group_by': 'user', 'mode': {'valid': 'full', 'test': 'full'}}]
Wed 15 Apr 2026 13:31:34 INFO  Done!
Wed 15 Apr 2026 13:31:34 INFO  BPR(
  (user_embedding): Embedding(656, 256)
  (item_embedding): Embedding(992, 256)
  (loss): BPRLoss()
)
Trainable parameters: 421888
Wed 15 Apr 2026 13:31:34 INFO  FLOPs: 512.0
Wed 15 Apr 2026 13:31:37 INFO  epoch 0 training [time: 1.38s, train loss: 65.2466]
Wed 15 Apr 2026 13:31:40 INFO  epoch 0 evaluating [time: 3.29s, valid_score: 0.814264]
Wed 15 Apr 2026 13:31:40 INFO  valid result: 
ndcg@10 : 0.814264
Wed 15 Apr 2026 13:31:40 INFO  Saving current: saved/BPR-Apr-15-2026_13-31-34.pth
Wed 15 Apr 2026 13:31:41 INFO  epoch 1 training [time: 1.27s, train loss: 29.7238]
Wed 15 Apr 2026 13:31:45 INFO  epoch 1 evaluating [time: 3.28s, valid_score: 0.807606]
Wed 15 Apr 2026 13:31:45 INFO  valid result: 
ndcg@10 : 0.807606
Wed 15 Apr 2026 13:31:46 INFO  epoch 2 training [time: 1.22s, train loss: 14.5546]
Wed 15 Apr 2026 13:31:49 INFO  epoch 2 evaluating [time: 3.05s, valid_score: 0.808500]
Wed 15 Apr 2026 13:31:49 INFO  valid result: 
ndcg@10 : 0.8085
Wed 15 Apr 2026 13:31:50 INFO  epoch 3 training [time: 1.25s, train loss: 13.8222]
Wed 15 Apr 2026 13:31:54 INFO  epoch 3 evaluating [time: 3.33s, valid_score: 0.811701]
Wed 15 Apr 2026 13:31:54 INFO  valid result: 
ndcg@10 : 0.811701
Wed 15 Apr 2026 13:31:55 INFO  epoch 4 training [time: 1.32s, train loss: 13.4735]
Wed 15 Apr 2026 13:31:58 INFO  epoch 4 evaluating [time: 3.19s, valid_score: 0.816058]
Wed 15 Apr 2026 13:31:58 INFO  valid result: 
ndcg@10 : 0.816058
Wed 15 Apr 2026 13:31:58 INFO  Saving current: saved/BPR-Apr-15-2026_13-31-34.pth
Wed 15 Apr 2026 13:31:59 INFO  epoch 5 training [time: 1.27s, train loss: 13.1943]
Wed 15 Apr 2026 13:32:03 INFO  epoch 5 evaluating [time: 3.18s, valid_score: 0.811633]
Wed 15 Apr 2026 13:32:03 INFO  valid result: 
ndcg@10 : 0.811633
Wed 15 Apr 2026 13:32:04 INFO  epoch 6 training [time: 1.23s, train loss: 12.9023]
Wed 15 Apr 2026 13:32:07 INFO  epoch 6 evaluating [time: 3.12s, valid_score: 0.822008]
Wed 15 Apr 2026 13:32:07 INFO  valid result: 
ndcg@10 : 0.822008
Wed 15 Apr 2026 13:32:07 INFO  Saving current: saved/BPR-Apr-15-2026_13-31-34.pth
Wed 15 Apr 2026 13:32:08 INFO  epoch 7 training [time: 1.22s, train loss: 12.7473]
Wed 15 Apr 2026 13:32:11 INFO  epoch 7 evaluating [time: 2.95s, valid_score: 0.820117]
Wed 15 Apr 2026 13:32:11 INFO  valid result: 
ndcg@10 : 0.820117
Wed 15 Apr 2026 13:32:12 INFO  epoch 8 training [time: 1.31s, train loss: 12.6622]
Wed 15 Apr 2026 13:32:16 INFO  epoch 8 evaluating [time: 3.21s, valid_score: 0.830271]
Wed 15 Apr 2026 13:32:16 INFO  valid result: 
ndcg@10 : 0.830271
Wed 15 Apr 2026 13:32:16 INFO  Saving current: saved/BPR-Apr-15-2026_13-31-34.pth
Wed 15 Apr 2026 13:32:17 INFO  epoch 9 training [time: 1.26s, train loss: 12.2928]
Wed 15 Apr 2026 13:32:23 INFO  epoch 9 evaluating [time: 6.65s, valid_score: 0.830658]
Wed 15 Apr 2026 13:32:23 INFO  valid result: 
ndcg@10 : 0.830658
Wed 15 Apr 2026 13:32:24 INFO  Saving current: saved/BPR-Apr-15-2026_13-31-34.pth
Wed 15 Apr 2026 13:32:25 INFO  epoch 10 training [time: 1.87s, train loss: 12.1827]
Wed 15 Apr 2026 13:32:30 INFO  epoch 10 evaluating [time: 4.67s, valid_score: 0.827943]
Wed 15 Apr 2026 13:32:30 INFO  valid result: 
ndcg@10 : 0.827943
Wed 15 Apr 2026 13:32:31 INFO  epoch 11 training [time: 1.22s, train loss: 11.8253]
Wed 15 Apr 2026 13:32:34 INFO  epoch 11 evaluating [time: 2.90s, valid_score: 0.828661]
Wed 15 Apr 2026 13:32:34 INFO  valid result: 
ndcg@10 : 0.828661
Wed 15 Apr 2026 13:32:35 INFO  epoch 12 training [time: 1.24s, train loss: 11.4153]
Wed 15 Apr 2026 13:32:39 INFO  epoch 12 evaluating [time: 3.18s, valid_score: 0.835386]
Wed 15 Apr 2026 13:32:39 INFO  valid result: 
ndcg@10 : 0.835386
Wed 15 Apr 2026 13:32:39 INFO  Saving current: saved/BPR-Apr-15-2026_13-31-34.pth
Wed 15 Apr 2026 13:32:40 INFO  epoch 13 training [time: 1.27s, train loss: 11.1103]
Wed 15 Apr 2026 13:32:43 INFO  epoch 13 evaluating [time: 3.24s, valid_score: 0.832552]
Wed 15 Apr 2026 13:32:43 INFO  valid result: 
ndcg@10 : 0.832552
Wed 15 Apr 2026 13:32:44 INFO  epoch 14 training [time: 1.29s, train loss: 10.7135]
Wed 15 Apr 2026 13:32:47 INFO  epoch 14 evaluating [time: 3.03s, valid_score: 0.834340]
Wed 15 Apr 2026 13:32:47 INFO  valid result: 
ndcg@10 : 0.83434
Wed 15 Apr 2026 13:32:47 INFO  best valid : OrderedDict([('ndcg@10', 0.835386)])
Wed 15 Apr 2026 13:32:47 INFO  
General Hyper Parameters:
gpu_id = 0
use_gpu = True
seed = 2020
state = INFO
reproducibility = True
data_path = recbole_tmp/dataset
checkpoint_dir = saved
show_progress = True
save_dataset = False
dataset_save_path = None
save_dataloaders = False
dataloaders_save_path = None
log_wandb = False

Training Hyper Parameters:
epochs = 15
train_batch_size = 2048
learner = adam
learning_rate = 0.001
train_neg_sample_args = {'distribution': 'uniform', 'sample_num': 1, 'alpha': 1.0, 'dynamic': False, 'candidate_num': 0}
eval_step = 1
stopping_step = 5
clip_grad_norm = None
weight_decay = 0.0
loss_decimal_place = 4

Evaluation Hyper Parameters:
eval_args = {'split': {'RS': [0.75, 0.2, 0.05]}, 'order': 'RO', 'group_by': 'user', 'mode': {'valid': 'full', 'test': 'full'}}
repeatable = False
metrics = ['NDCG']
topk = [10]
valid_metric = NDCG@10
valid_metric_bigger = True
eval_batch_size = 2048
metric_decimal_place = 6

Dataset Hyper Parameters:
field_separator = 	
seq_separator =  
USER_ID_FIELD = user_id
ITEM_ID_FIELD = item_id
RATING_FIELD = rating
TIME_FIELD = timestamp
seq_len = None
LABEL_FIELD = label
threshold = None
NEG_PREFIX = neg_
load_col = {'inter': ['user_id', 'item_id']}
unload_col = None
unused_col = None
additional_feat_suffix = None
rm_dup_inter = None
val_interval = None
filter_inter_by_user_or_item = True
user_inter_num_interval = [0,inf)
item_inter_num_interval = [0,inf)
alias_of_user_id = None
alias_of_item_id = None
alias_of_entity_id = None
alias_of_relation_id = None
preload_weight = None
normalize_field = None
normalize_all = None
ITEM_LIST_LENGTH_FIELD = item_length
LIST_SUFFIX = _list
MAX_ITEM_LIST_LENGTH = 500
POSITION_FIELD = position_id
HEAD_ENTITY_ID_FIELD = head_id
TAIL_ENTITY_ID_FIELD = tail_id
RELATION_ID_FIELD = relation_id
ENTITY_ID_FIELD = entity_id
benchmark_filename = None

Other Hyper Parameters: 
worker = 0
wandb_project = recbole
shuffle = True
require_pow = False
enable_amp = False
enable_scaler = False
transform = None
embedding_size = 256
numerical_features = []
discretization = None
kg_reverse_r = False
entity_kg_num_interval = [0,inf)
relation_kg_num_interval = [0,inf)
MODEL_TYPE = ModelType.GENERAL
MODEL_INPUT_TYPE = InputType.PAIRWISE
eval_type = EvaluatorType.RANKING
single_spec = True
local_rank = 0
device = cuda
valid_neg_sample_args = {'distribution': 'uniform', 'sample_num': 'none'}
test_neg_sample_args = {'distribution': 'uniform', 'sample_num': 'none'}


Wed 15 Apr 2026 13:32:48 INFO  dataset
The number of users: 656
Average actions of users: 402.26259541984734
The number of items: 992
Average actions of items: 265.87487386478307
The number of inters: 263482
The sparsity of the dataset: 59.511150177025975%
Remain Fields: ['user_id', 'item_id']
Wed 15 Apr 2026 13:32:49 INFO  [Training]: train_batch_size = [2048] train_neg_sample_args: [{'distribution': 'uniform', 'sample_num': 1, 'alpha': 1.0, 'dynamic': False, 'candidate_num': 0}]
Wed 15 Apr 2026 13:32:49 INFO  [Evaluation]: eval_batch_size = [2048] eval_args: [{'split': {'RS': [0.75, 0.2, 0.05]}, 'order': 'RO', 'group_by': 'user', 'mode': {'valid': 'full', 'test': 'full'}}]
