Wed 15 Apr 2026 13:35:15 INFO  ['main.py', 'babyLFM2b1k', '42', '--clean', '--model', 'BPR', '--choice-model', 'consume_all', '--config', 'recbole_config_default.yaml']
Wed 15 Apr 2026 13:35:15 INFO  
General Hyper Parameters:
gpu_id = 0
use_gpu = True
seed = 2020
state = INFO
reproducibility = True
data_path = recbole_tmp/dataset
checkpoint_dir = saved
show_progress = True
save_dataset = False
dataset_save_path = None
save_dataloaders = False
dataloaders_save_path = None
log_wandb = False

Training Hyper Parameters:
epochs = 15
train_batch_size = 2048
learner = adam
learning_rate = 0.001
train_neg_sample_args = {'distribution': 'uniform', 'sample_num': 1, 'alpha': 1.0, 'dynamic': False, 'candidate_num': 0}
eval_step = 1
stopping_step = 5
clip_grad_norm = None
weight_decay = 0.0
loss_decimal_place = 4

Evaluation Hyper Parameters:
eval_args = {'split': {'RS': [0.75, 0.2, 0.05]}, 'order': 'RO', 'group_by': 'user', 'mode': {'valid': 'full', 'test': 'full'}}
repeatable = False
metrics = ['NDCG']
topk = [10]
valid_metric = NDCG@10
valid_metric_bigger = True
eval_batch_size = 2048
metric_decimal_place = 6

Dataset Hyper Parameters:
field_separator = 	
seq_separator =  
USER_ID_FIELD = user_id
ITEM_ID_FIELD = item_id
RATING_FIELD = rating
TIME_FIELD = timestamp
seq_len = None
LABEL_FIELD = label
threshold = None
NEG_PREFIX = neg_
load_col = {'inter': ['user_id', 'item_id']}
unload_col = None
unused_col = None
additional_feat_suffix = None
rm_dup_inter = None
val_interval = None
filter_inter_by_user_or_item = True
user_inter_num_interval = [0,inf)
item_inter_num_interval = [0,inf)
alias_of_user_id = None
alias_of_item_id = None
alias_of_entity_id = None
alias_of_relation_id = None
preload_weight = None
normalize_field = None
normalize_all = None
ITEM_LIST_LENGTH_FIELD = item_length
LIST_SUFFIX = _list
MAX_ITEM_LIST_LENGTH = 500
POSITION_FIELD = position_id
HEAD_ENTITY_ID_FIELD = head_id
TAIL_ENTITY_ID_FIELD = tail_id
RELATION_ID_FIELD = relation_id
ENTITY_ID_FIELD = entity_id
benchmark_filename = None

Other Hyper Parameters: 
worker = 0
wandb_project = recbole
shuffle = True
require_pow = False
enable_amp = False
enable_scaler = False
transform = None
embedding_size = 256
numerical_features = []
discretization = None
kg_reverse_r = False
entity_kg_num_interval = [0,inf)
relation_kg_num_interval = [0,inf)
MODEL_TYPE = ModelType.GENERAL
MODEL_INPUT_TYPE = InputType.PAIRWISE
eval_type = EvaluatorType.RANKING
single_spec = True
local_rank = 0
device = cuda
valid_neg_sample_args = {'distribution': 'uniform', 'sample_num': 'none'}
test_neg_sample_args = {'distribution': 'uniform', 'sample_num': 'none'}


Wed 15 Apr 2026 13:35:16 INFO  dataset
The number of users: 656
Average actions of users: 432.25801526717555
The number of items: 992
Average actions of items: 285.70030272452067
The number of inters: 283129
The sparsity of the dataset: 56.492027684893785%
Remain Fields: ['user_id', 'item_id']
Wed 15 Apr 2026 13:35:16 INFO  Preparing dataset
Wed 15 Apr 2026 13:35:16 INFO  [Training]: train_batch_size = [2048] train_neg_sample_args: [{'distribution': 'uniform', 'sample_num': 1, 'alpha': 1.0, 'dynamic': False, 'candidate_num': 0}]
Wed 15 Apr 2026 13:35:16 INFO  [Evaluation]: eval_batch_size = [2048] eval_args: [{'split': {'RS': [0.75, 0.2, 0.05]}, 'order': 'RO', 'group_by': 'user', 'mode': {'valid': 'full', 'test': 'full'}}]
Wed 15 Apr 2026 13:35:16 INFO  Done!
Wed 15 Apr 2026 13:35:16 INFO  BPR(
  (user_embedding): Embedding(656, 256)
  (item_embedding): Embedding(992, 256)
  (loss): BPRLoss()
)
Trainable parameters: 421888
Wed 15 Apr 2026 13:35:17 INFO  FLOPs: 512.0
Wed 15 Apr 2026 13:35:19 INFO  epoch 0 training [time: 1.51s, train loss: 69.4580]
Wed 15 Apr 2026 13:35:22 INFO  epoch 0 evaluating [time: 3.23s, valid_score: 0.824616]
Wed 15 Apr 2026 13:35:22 INFO  valid result: 
ndcg@10 : 0.824616
Wed 15 Apr 2026 13:35:22 INFO  Saving current: saved/BPR-Apr-15-2026_13-35-17.pth
Wed 15 Apr 2026 13:35:24 INFO  epoch 1 training [time: 1.40s, train loss: 29.4028]
Wed 15 Apr 2026 13:35:27 INFO  epoch 1 evaluating [time: 3.27s, valid_score: 0.819409]
Wed 15 Apr 2026 13:35:27 INFO  valid result: 
ndcg@10 : 0.819409
Wed 15 Apr 2026 13:35:29 INFO  epoch 2 training [time: 1.43s, train loss: 16.0510]
Wed 15 Apr 2026 13:35:32 INFO  epoch 2 evaluating [time: 2.99s, valid_score: 0.818212]
Wed 15 Apr 2026 13:35:32 INFO  valid result: 
ndcg@10 : 0.818212
Wed 15 Apr 2026 13:35:33 INFO  epoch 3 training [time: 1.41s, train loss: 15.3939]
Wed 15 Apr 2026 13:35:36 INFO  epoch 3 evaluating [time: 3.34s, valid_score: 0.816060]
Wed 15 Apr 2026 13:35:36 INFO  valid result: 
ndcg@10 : 0.81606
Wed 15 Apr 2026 13:35:38 INFO  epoch 4 training [time: 1.39s, train loss: 14.8737]
Wed 15 Apr 2026 13:35:41 INFO  epoch 4 evaluating [time: 3.20s, valid_score: 0.814554]
Wed 15 Apr 2026 13:35:41 INFO  valid result: 
ndcg@10 : 0.814554
Wed 15 Apr 2026 13:35:42 INFO  epoch 5 training [time: 1.41s, train loss: 14.8423]
Wed 15 Apr 2026 13:35:46 INFO  epoch 5 evaluating [time: 3.36s, valid_score: 0.814549]
Wed 15 Apr 2026 13:35:46 INFO  valid result: 
ndcg@10 : 0.814549
Wed 15 Apr 2026 13:35:47 INFO  epoch 6 training [time: 1.36s, train loss: 14.5680]
Wed 15 Apr 2026 13:35:50 INFO  epoch 6 evaluating [time: 3.22s, valid_score: 0.815984]
Wed 15 Apr 2026 13:35:50 INFO  valid result: 
ndcg@10 : 0.815984
Wed 15 Apr 2026 13:35:50 INFO  Finished training, best eval result in epoch 0
Wed 15 Apr 2026 13:35:50 INFO  best valid : OrderedDict([('ndcg@10', 0.824616)])
Wed 15 Apr 2026 13:35:50 INFO  
General Hyper Parameters:
gpu_id = 0
use_gpu = True
seed = 2020
state = INFO
reproducibility = True
data_path = recbole_tmp/dataset
checkpoint_dir = saved
show_progress = True
save_dataset = False
dataset_save_path = None
save_dataloaders = False
dataloaders_save_path = None
log_wandb = False

Training Hyper Parameters:
epochs = 15
train_batch_size = 2048
learner = adam
learning_rate = 0.001
train_neg_sample_args = {'distribution': 'uniform', 'sample_num': 1, 'alpha': 1.0, 'dynamic': False, 'candidate_num': 0}
eval_step = 1
stopping_step = 5
clip_grad_norm = None
weight_decay = 0.0
loss_decimal_place = 4

Evaluation Hyper Parameters:
eval_args = {'split': {'RS': [0.75, 0.2, 0.05]}, 'order': 'RO', 'group_by': 'user', 'mode': {'valid': 'full', 'test': 'full'}}
repeatable = False
metrics = ['NDCG']
topk = [10]
valid_metric = NDCG@10
valid_metric_bigger = True
eval_batch_size = 2048
metric_decimal_place = 6

Dataset Hyper Parameters:
field_separator = 	
seq_separator =  
USER_ID_FIELD = user_id
ITEM_ID_FIELD = item_id
RATING_FIELD = rating
TIME_FIELD = timestamp
seq_len = None
LABEL_FIELD = label
threshold = None
NEG_PREFIX = neg_
load_col = {'inter': ['user_id', 'item_id']}
unload_col = None
unused_col = None
additional_feat_suffix = None
rm_dup_inter = None
val_interval = None
filter_inter_by_user_or_item = True
user_inter_num_interval = [0,inf)
item_inter_num_interval = [0,inf)
alias_of_user_id = None
alias_of_item_id = None
alias_of_entity_id = None
alias_of_relation_id = None
preload_weight = None
normalize_field = None
normalize_all = None
ITEM_LIST_LENGTH_FIELD = item_length
LIST_SUFFIX = _list
MAX_ITEM_LIST_LENGTH = 500
POSITION_FIELD = position_id
HEAD_ENTITY_ID_FIELD = head_id
TAIL_ENTITY_ID_FIELD = tail_id
RELATION_ID_FIELD = relation_id
ENTITY_ID_FIELD = entity_id
benchmark_filename = None

Other Hyper Parameters: 
worker = 0
wandb_project = recbole
shuffle = True
require_pow = False
enable_amp = False
enable_scaler = False
transform = None
embedding_size = 256
numerical_features = []
discretization = None
kg_reverse_r = False
entity_kg_num_interval = [0,inf)
relation_kg_num_interval = [0,inf)
MODEL_TYPE = ModelType.GENERAL
MODEL_INPUT_TYPE = InputType.PAIRWISE
eval_type = EvaluatorType.RANKING
single_spec = True
local_rank = 0
device = cuda
valid_neg_sample_args = {'distribution': 'uniform', 'sample_num': 'none'}
test_neg_sample_args = {'distribution': 'uniform', 'sample_num': 'none'}


Wed 15 Apr 2026 13:35:51 INFO  dataset
The number of users: 656
Average actions of users: 432.25801526717555
The number of items: 992
Average actions of items: 285.70030272452067
The number of inters: 283129
The sparsity of the dataset: 56.492027684893785%
Remain Fields: ['user_id', 'item_id']
Wed 15 Apr 2026 13:35:52 INFO  [Training]: train_batch_size = [2048] train_neg_sample_args: [{'distribution': 'uniform', 'sample_num': 1, 'alpha': 1.0, 'dynamic': False, 'candidate_num': 0}]
Wed 15 Apr 2026 13:35:52 INFO  [Evaluation]: eval_batch_size = [2048] eval_args: [{'split': {'RS': [0.75, 0.2, 0.05]}, 'order': 'RO', 'group_by': 'user', 'mode': {'valid': 'full', 'test': 'full'}}]
