Wed 15 Apr 2026 14:16:32 INFO  ['main.py', 'babyLFM2b1k', '70', '--clean', '--model', 'BPR', '--choice-model', 'consume_all', '--config', 'recbole_config_default.yaml']
Wed 15 Apr 2026 14:16:32 INFO  
General Hyper Parameters:
gpu_id = 0
use_gpu = True
seed = 2020
state = INFO
reproducibility = True
data_path = recbole_tmp/dataset
checkpoint_dir = saved
show_progress = True
save_dataset = False
dataset_save_path = None
save_dataloaders = False
dataloaders_save_path = None
log_wandb = False

Training Hyper Parameters:
epochs = 15
train_batch_size = 2048
learner = adam
learning_rate = 0.001
train_neg_sample_args = {'distribution': 'uniform', 'sample_num': 1, 'alpha': 1.0, 'dynamic': False, 'candidate_num': 0}
eval_step = 1
stopping_step = 5
clip_grad_norm = None
weight_decay = 0.0
loss_decimal_place = 4

Evaluation Hyper Parameters:
eval_args = {'split': {'RS': [0.75, 0.2, 0.05]}, 'order': 'RO', 'group_by': 'user', 'mode': {'valid': 'full', 'test': 'full'}}
repeatable = False
metrics = ['NDCG']
topk = [10]
valid_metric = NDCG@10
valid_metric_bigger = True
eval_batch_size = 2048
metric_decimal_place = 6

Dataset Hyper Parameters:
field_separator = 	
seq_separator =  
USER_ID_FIELD = user_id
ITEM_ID_FIELD = item_id
RATING_FIELD = rating
TIME_FIELD = timestamp
seq_len = None
LABEL_FIELD = label
threshold = None
NEG_PREFIX = neg_
load_col = {'inter': ['user_id', 'item_id']}
unload_col = None
unused_col = None
additional_feat_suffix = None
rm_dup_inter = None
val_interval = None
filter_inter_by_user_or_item = True
user_inter_num_interval = [0,inf)
item_inter_num_interval = [0,inf)
alias_of_user_id = None
alias_of_item_id = None
alias_of_entity_id = None
alias_of_relation_id = None
preload_weight = None
normalize_field = None
normalize_all = None
ITEM_LIST_LENGTH_FIELD = item_length
LIST_SUFFIX = _list
MAX_ITEM_LIST_LENGTH = 500
POSITION_FIELD = position_id
HEAD_ENTITY_ID_FIELD = head_id
TAIL_ENTITY_ID_FIELD = tail_id
RELATION_ID_FIELD = relation_id
ENTITY_ID_FIELD = entity_id
benchmark_filename = None

Other Hyper Parameters: 
worker = 0
wandb_project = recbole
shuffle = True
require_pow = False
enable_amp = False
enable_scaler = False
transform = None
embedding_size = 256
numerical_features = []
discretization = None
kg_reverse_r = False
entity_kg_num_interval = [0,inf)
relation_kg_num_interval = [0,inf)
MODEL_TYPE = ModelType.GENERAL
MODEL_INPUT_TYPE = InputType.PAIRWISE
eval_type = EvaluatorType.RANKING
single_spec = True
local_rank = 0
device = cuda
valid_neg_sample_args = {'distribution': 'uniform', 'sample_num': 'none'}
test_neg_sample_args = {'distribution': 'uniform', 'sample_num': 'none'}


Wed 15 Apr 2026 14:16:34 INFO  dataset
The number of users: 656
Average actions of users: 712.2152671755725
The number of items: 992
Average actions of items: 470.7376387487387
The number of inters: 466501
The sparsity of the dataset: 28.313551091660106%
Remain Fields: ['user_id', 'item_id']
Wed 15 Apr 2026 14:16:34 INFO  Preparing dataset
Wed 15 Apr 2026 14:16:35 INFO  [Training]: train_batch_size = [2048] train_neg_sample_args: [{'distribution': 'uniform', 'sample_num': 1, 'alpha': 1.0, 'dynamic': False, 'candidate_num': 0}]
Wed 15 Apr 2026 14:16:35 INFO  [Evaluation]: eval_batch_size = [2048] eval_args: [{'split': {'RS': [0.75, 0.2, 0.05]}, 'order': 'RO', 'group_by': 'user', 'mode': {'valid': 'full', 'test': 'full'}}]
Wed 15 Apr 2026 14:16:35 INFO  Done!
Wed 15 Apr 2026 14:16:35 INFO  BPR(
  (user_embedding): Embedding(656, 256)
  (item_embedding): Embedding(992, 256)
  (loss): BPRLoss()
)
Trainable parameters: 421888
Wed 15 Apr 2026 14:16:35 INFO  FLOPs: 512.0
Wed 15 Apr 2026 14:16:38 INFO  epoch 0 training [time: 1.99s, train loss: 106.5383]
Wed 15 Apr 2026 14:16:40 INFO  epoch 0 evaluating [time: 2.20s, valid_score: 0.831952]
Wed 15 Apr 2026 14:16:40 INFO  valid result: 
ndcg@10 : 0.831952
Wed 15 Apr 2026 14:16:40 INFO  Saving current: saved/BPR-Apr-15-2026_14-16-35.pth
Wed 15 Apr 2026 14:16:43 INFO  epoch 1 training [time: 2.39s, train loss: 51.1802]
Wed 15 Apr 2026 14:16:46 INFO  epoch 1 evaluating [time: 3.10s, valid_score: 0.823628]
Wed 15 Apr 2026 14:16:46 INFO  valid result: 
ndcg@10 : 0.823628
Wed 15 Apr 2026 14:16:48 INFO  epoch 2 training [time: 2.42s, train loss: 46.5864]
Wed 15 Apr 2026 14:16:51 INFO  epoch 2 evaluating [time: 3.14s, valid_score: 0.829917]
Wed 15 Apr 2026 14:16:51 INFO  valid result: 
ndcg@10 : 0.829917
Wed 15 Apr 2026 14:16:54 INFO  epoch 3 training [time: 2.39s, train loss: 45.5013]
Wed 15 Apr 2026 14:16:57 INFO  epoch 3 evaluating [time: 3.16s, valid_score: 0.830678]
Wed 15 Apr 2026 14:16:57 INFO  valid result: 
ndcg@10 : 0.830678
Wed 15 Apr 2026 14:17:00 INFO  epoch 4 training [time: 2.55s, train loss: 43.8326]
Wed 15 Apr 2026 14:17:03 INFO  epoch 4 evaluating [time: 3.28s, valid_score: 0.831537]
Wed 15 Apr 2026 14:17:03 INFO  valid result: 
ndcg@10 : 0.831537
Wed 15 Apr 2026 14:17:05 INFO  epoch 5 training [time: 2.44s, train loss: 42.0948]
Wed 15 Apr 2026 14:17:08 INFO  epoch 5 evaluating [time: 3.05s, valid_score: 0.834547]
Wed 15 Apr 2026 14:17:08 INFO  valid result: 
ndcg@10 : 0.834547
Wed 15 Apr 2026 14:17:08 INFO  Saving current: saved/BPR-Apr-15-2026_14-16-35.pth
Wed 15 Apr 2026 14:17:11 INFO  epoch 6 training [time: 2.44s, train loss: 39.7302]
Wed 15 Apr 2026 14:17:14 INFO  epoch 6 evaluating [time: 3.01s, valid_score: 0.831811]
Wed 15 Apr 2026 14:17:14 INFO  valid result: 
ndcg@10 : 0.831811
Wed 15 Apr 2026 14:17:16 INFO  epoch 7 training [time: 2.46s, train loss: 37.3341]
Wed 15 Apr 2026 14:17:19 INFO  epoch 7 evaluating [time: 3.16s, valid_score: 0.832822]
Wed 15 Apr 2026 14:17:19 INFO  valid result: 
ndcg@10 : 0.832822
Wed 15 Apr 2026 14:17:22 INFO  epoch 8 training [time: 2.28s, train loss: 34.5434]
Wed 15 Apr 2026 14:17:25 INFO  epoch 8 evaluating [time: 3.08s, valid_score: 0.834631]
Wed 15 Apr 2026 14:17:25 INFO  valid result: 
ndcg@10 : 0.834631
Wed 15 Apr 2026 14:17:25 INFO  Saving current: saved/BPR-Apr-15-2026_14-16-35.pth
Wed 15 Apr 2026 14:17:27 INFO  epoch 9 training [time: 2.39s, train loss: 32.1390]
Wed 15 Apr 2026 14:17:30 INFO  epoch 9 evaluating [time: 2.99s, valid_score: 0.839389]
Wed 15 Apr 2026 14:17:30 INFO  valid result: 
ndcg@10 : 0.839389
Wed 15 Apr 2026 14:17:30 INFO  Saving current: saved/BPR-Apr-15-2026_14-16-35.pth
Wed 15 Apr 2026 14:17:33 INFO  epoch 10 training [time: 2.49s, train loss: 29.6895]
Wed 15 Apr 2026 14:17:36 INFO  epoch 10 evaluating [time: 2.95s, valid_score: 0.837186]
Wed 15 Apr 2026 14:17:36 INFO  valid result: 
ndcg@10 : 0.837186
Wed 15 Apr 2026 14:17:38 INFO  epoch 11 training [time: 2.38s, train loss: 27.4157]
Wed 15 Apr 2026 14:17:41 INFO  epoch 11 evaluating [time: 3.21s, valid_score: 0.843665]
Wed 15 Apr 2026 14:17:41 INFO  valid result: 
ndcg@10 : 0.843665
Wed 15 Apr 2026 14:17:41 INFO  Saving current: saved/BPR-Apr-15-2026_14-16-35.pth
Wed 15 Apr 2026 14:17:44 INFO  epoch 12 training [time: 2.44s, train loss: 25.2046]
Wed 15 Apr 2026 14:17:47 INFO  epoch 12 evaluating [time: 3.12s, valid_score: 0.845302]
Wed 15 Apr 2026 14:17:47 INFO  valid result: 
ndcg@10 : 0.845302
Wed 15 Apr 2026 14:17:47 INFO  Saving current: saved/BPR-Apr-15-2026_14-16-35.pth
Wed 15 Apr 2026 14:17:49 INFO  epoch 13 training [time: 2.36s, train loss: 23.1826]
Wed 15 Apr 2026 14:17:54 INFO  epoch 13 evaluating [time: 5.18s, valid_score: 0.843975]
Wed 15 Apr 2026 14:17:54 INFO  valid result: 
ndcg@10 : 0.843975
Wed 15 Apr 2026 14:17:57 INFO  epoch 14 training [time: 2.37s, train loss: 21.5102]
Wed 15 Apr 2026 14:18:00 INFO  epoch 14 evaluating [time: 3.08s, valid_score: 0.842673]
Wed 15 Apr 2026 14:18:00 INFO  valid result: 
ndcg@10 : 0.842673
Wed 15 Apr 2026 14:18:00 INFO  best valid : OrderedDict([('ndcg@10', 0.845302)])
Wed 15 Apr 2026 14:18:00 INFO  
General Hyper Parameters:
gpu_id = 0
use_gpu = True
seed = 2020
state = INFO
reproducibility = True
data_path = recbole_tmp/dataset
checkpoint_dir = saved
show_progress = True
save_dataset = False
dataset_save_path = None
save_dataloaders = False
dataloaders_save_path = None
log_wandb = False

Training Hyper Parameters:
epochs = 15
train_batch_size = 2048
learner = adam
learning_rate = 0.001
train_neg_sample_args = {'distribution': 'uniform', 'sample_num': 1, 'alpha': 1.0, 'dynamic': False, 'candidate_num': 0}
eval_step = 1
stopping_step = 5
clip_grad_norm = None
weight_decay = 0.0
loss_decimal_place = 4

Evaluation Hyper Parameters:
eval_args = {'split': {'RS': [0.75, 0.2, 0.05]}, 'order': 'RO', 'group_by': 'user', 'mode': {'valid': 'full', 'test': 'full'}}
repeatable = False
metrics = ['NDCG']
topk = [10]
valid_metric = NDCG@10
valid_metric_bigger = True
eval_batch_size = 2048
metric_decimal_place = 6

Dataset Hyper Parameters:
field_separator = 	
seq_separator =  
USER_ID_FIELD = user_id
ITEM_ID_FIELD = item_id
RATING_FIELD = rating
TIME_FIELD = timestamp
seq_len = None
LABEL_FIELD = label
threshold = None
NEG_PREFIX = neg_
load_col = {'inter': ['user_id', 'item_id']}
unload_col = None
unused_col = None
additional_feat_suffix = None
rm_dup_inter = None
val_interval = None
filter_inter_by_user_or_item = True
user_inter_num_interval = [0,inf)
item_inter_num_interval = [0,inf)
alias_of_user_id = None
alias_of_item_id = None
alias_of_entity_id = None
alias_of_relation_id = None
preload_weight = None
normalize_field = None
normalize_all = None
ITEM_LIST_LENGTH_FIELD = item_length
LIST_SUFFIX = _list
MAX_ITEM_LIST_LENGTH = 500
POSITION_FIELD = position_id
HEAD_ENTITY_ID_FIELD = head_id
TAIL_ENTITY_ID_FIELD = tail_id
RELATION_ID_FIELD = relation_id
ENTITY_ID_FIELD = entity_id
benchmark_filename = None

Other Hyper Parameters: 
worker = 0
wandb_project = recbole
shuffle = True
require_pow = False
enable_amp = False
enable_scaler = False
transform = None
embedding_size = 256
numerical_features = []
discretization = None
kg_reverse_r = False
entity_kg_num_interval = [0,inf)
relation_kg_num_interval = [0,inf)
MODEL_TYPE = ModelType.GENERAL
MODEL_INPUT_TYPE = InputType.PAIRWISE
eval_type = EvaluatorType.RANKING
single_spec = True
local_rank = 0
device = cuda
valid_neg_sample_args = {'distribution': 'uniform', 'sample_num': 'none'}
test_neg_sample_args = {'distribution': 'uniform', 'sample_num': 'none'}


Wed 15 Apr 2026 14:18:01 INFO  dataset
The number of users: 656
Average actions of users: 712.2152671755725
The number of items: 992
Average actions of items: 470.7376387487387
The number of inters: 466501
The sparsity of the dataset: 28.313551091660106%
Remain Fields: ['user_id', 'item_id']
Wed 15 Apr 2026 14:18:02 INFO  [Training]: train_batch_size = [2048] train_neg_sample_args: [{'distribution': 'uniform', 'sample_num': 1, 'alpha': 1.0, 'dynamic': False, 'candidate_num': 0}]
Wed 15 Apr 2026 14:18:02 INFO  [Evaluation]: eval_batch_size = [2048] eval_args: [{'split': {'RS': [0.75, 0.2, 0.05]}, 'order': 'RO', 'group_by': 'user', 'mode': {'valid': 'full', 'test': 'full'}}]
