Wed 15 Apr 2026 13:29:03 INFO  ['main.py', 'babyLFM2b1k', '37', '--clean', '--model', 'BPR', '--choice-model', 'consume_all', '--config', 'recbole_config_default.yaml']
Wed 15 Apr 2026 13:29:03 INFO  
General Hyper Parameters:
gpu_id = 0
use_gpu = True
seed = 2020
state = INFO
reproducibility = True
data_path = recbole_tmp/dataset
checkpoint_dir = saved
show_progress = True
save_dataset = False
dataset_save_path = None
save_dataloaders = False
dataloaders_save_path = None
log_wandb = False

Training Hyper Parameters:
epochs = 15
train_batch_size = 2048
learner = adam
learning_rate = 0.001
train_neg_sample_args = {'distribution': 'uniform', 'sample_num': 1, 'alpha': 1.0, 'dynamic': False, 'candidate_num': 0}
eval_step = 1
stopping_step = 5
clip_grad_norm = None
weight_decay = 0.0
loss_decimal_place = 4

Evaluation Hyper Parameters:
eval_args = {'split': {'RS': [0.75, 0.2, 0.05]}, 'order': 'RO', 'group_by': 'user', 'mode': {'valid': 'full', 'test': 'full'}}
repeatable = False
metrics = ['NDCG']
topk = [10]
valid_metric = NDCG@10
valid_metric_bigger = True
eval_batch_size = 2048
metric_decimal_place = 6

Dataset Hyper Parameters:
field_separator = 	
seq_separator =  
USER_ID_FIELD = user_id
ITEM_ID_FIELD = item_id
RATING_FIELD = rating
TIME_FIELD = timestamp
seq_len = None
LABEL_FIELD = label
threshold = None
NEG_PREFIX = neg_
load_col = {'inter': ['user_id', 'item_id']}
unload_col = None
unused_col = None
additional_feat_suffix = None
rm_dup_inter = None
val_interval = None
filter_inter_by_user_or_item = True
user_inter_num_interval = [0,inf)
item_inter_num_interval = [0,inf)
alias_of_user_id = None
alias_of_item_id = None
alias_of_entity_id = None
alias_of_relation_id = None
preload_weight = None
normalize_field = None
normalize_all = None
ITEM_LIST_LENGTH_FIELD = item_length
LIST_SUFFIX = _list
MAX_ITEM_LIST_LENGTH = 500
POSITION_FIELD = position_id
HEAD_ENTITY_ID_FIELD = head_id
TAIL_ENTITY_ID_FIELD = tail_id
RELATION_ID_FIELD = relation_id
ENTITY_ID_FIELD = entity_id
benchmark_filename = None

Other Hyper Parameters: 
worker = 0
wandb_project = recbole
shuffle = True
require_pow = False
enable_amp = False
enable_scaler = False
transform = None
embedding_size = 256
numerical_features = []
discretization = None
kg_reverse_r = False
entity_kg_num_interval = [0,inf)
relation_kg_num_interval = [0,inf)
MODEL_TYPE = ModelType.GENERAL
MODEL_INPUT_TYPE = InputType.PAIRWISE
eval_type = EvaluatorType.RANKING
single_spec = True
local_rank = 0
device = cuda
valid_neg_sample_args = {'distribution': 'uniform', 'sample_num': 'none'}
test_neg_sample_args = {'distribution': 'uniform', 'sample_num': 'none'}


Wed 15 Apr 2026 13:29:03 INFO  dataset
The number of users: 656
Average actions of users: 382.26564885496185
The number of items: 992
Average actions of items: 252.65792129162463
The number of inters: 250384
The sparsity of the dataset: 61.52389850511408%
Remain Fields: ['user_id', 'item_id']
Wed 15 Apr 2026 13:29:03 INFO  Preparing dataset
Wed 15 Apr 2026 13:29:04 INFO  [Training]: train_batch_size = [2048] train_neg_sample_args: [{'distribution': 'uniform', 'sample_num': 1, 'alpha': 1.0, 'dynamic': False, 'candidate_num': 0}]
Wed 15 Apr 2026 13:29:04 INFO  [Evaluation]: eval_batch_size = [2048] eval_args: [{'split': {'RS': [0.75, 0.2, 0.05]}, 'order': 'RO', 'group_by': 'user', 'mode': {'valid': 'full', 'test': 'full'}}]
Wed 15 Apr 2026 13:29:04 INFO  Done!
Wed 15 Apr 2026 13:29:04 INFO  BPR(
  (user_embedding): Embedding(656, 256)
  (item_embedding): Embedding(992, 256)
  (loss): BPRLoss()
)
Trainable parameters: 421888
Wed 15 Apr 2026 13:29:04 INFO  FLOPs: 512.0
Wed 15 Apr 2026 13:29:07 INFO  epoch 0 training [time: 1.32s, train loss: 62.1955]
Wed 15 Apr 2026 13:29:10 INFO  epoch 0 evaluating [time: 3.10s, valid_score: 0.818782]
Wed 15 Apr 2026 13:29:10 INFO  valid result: 
ndcg@10 : 0.818782
Wed 15 Apr 2026 13:29:10 INFO  Saving current: saved/BPR-Apr-15-2026_13-29-04.pth
Wed 15 Apr 2026 13:29:11 INFO  epoch 1 training [time: 1.16s, train loss: 30.6697]
Wed 15 Apr 2026 13:29:15 INFO  epoch 1 evaluating [time: 3.49s, valid_score: 0.817302]
Wed 15 Apr 2026 13:29:15 INFO  valid result: 
ndcg@10 : 0.817302
Wed 15 Apr 2026 13:29:17 INFO  epoch 2 training [time: 1.94s, train loss: 13.8330]
Wed 15 Apr 2026 13:29:25 INFO  epoch 2 evaluating [time: 8.69s, valid_score: 0.812653]
Wed 15 Apr 2026 13:29:25 INFO  valid result: 
ndcg@10 : 0.812653
Wed 15 Apr 2026 13:29:27 INFO  epoch 3 training [time: 1.76s, train loss: 13.0248]
Wed 15 Apr 2026 13:29:35 INFO  epoch 3 evaluating [time: 8.11s, valid_score: 0.816352]
Wed 15 Apr 2026 13:29:35 INFO  valid result: 
ndcg@10 : 0.816352
Wed 15 Apr 2026 13:29:37 INFO  epoch 4 training [time: 1.72s, train loss: 12.6851]
Wed 15 Apr 2026 13:29:41 INFO  epoch 4 evaluating [time: 4.22s, valid_score: 0.816647]
Wed 15 Apr 2026 13:29:41 INFO  valid result: 
ndcg@10 : 0.816647
Wed 15 Apr 2026 13:29:42 INFO  epoch 5 training [time: 1.14s, train loss: 12.5431]
Wed 15 Apr 2026 13:29:45 INFO  epoch 5 evaluating [time: 3.17s, valid_score: 0.815828]
Wed 15 Apr 2026 13:29:45 INFO  valid result: 
ndcg@10 : 0.815828
Wed 15 Apr 2026 13:29:47 INFO  epoch 6 training [time: 1.27s, train loss: 12.2898]
Wed 15 Apr 2026 13:29:50 INFO  epoch 6 evaluating [time: 2.98s, valid_score: 0.819517]
Wed 15 Apr 2026 13:29:50 INFO  valid result: 
ndcg@10 : 0.819517
Wed 15 Apr 2026 13:29:50 INFO  Saving current: saved/BPR-Apr-15-2026_13-29-04.pth
Wed 15 Apr 2026 13:29:51 INFO  epoch 7 training [time: 1.16s, train loss: 12.0165]
Wed 15 Apr 2026 13:29:54 INFO  epoch 7 evaluating [time: 2.96s, valid_score: 0.818688]
Wed 15 Apr 2026 13:29:54 INFO  valid result: 
ndcg@10 : 0.818688
Wed 15 Apr 2026 13:29:55 INFO  epoch 8 training [time: 1.23s, train loss: 11.8687]
Wed 15 Apr 2026 13:29:58 INFO  epoch 8 evaluating [time: 3.06s, valid_score: 0.825784]
Wed 15 Apr 2026 13:29:58 INFO  valid result: 
ndcg@10 : 0.825784
Wed 15 Apr 2026 13:29:58 INFO  Saving current: saved/BPR-Apr-15-2026_13-29-04.pth
Wed 15 Apr 2026 13:29:59 INFO  epoch 9 training [time: 1.23s, train loss: 11.7332]
Wed 15 Apr 2026 13:30:02 INFO  epoch 9 evaluating [time: 3.03s, valid_score: 0.826463]
Wed 15 Apr 2026 13:30:02 INFO  valid result: 
ndcg@10 : 0.826463
Wed 15 Apr 2026 13:30:02 INFO  Saving current: saved/BPR-Apr-15-2026_13-29-04.pth
Wed 15 Apr 2026 13:30:04 INFO  epoch 10 training [time: 1.20s, train loss: 11.5326]
Wed 15 Apr 2026 13:30:04 INFO  epoch 10 evaluating [time: 0.40s, valid_score: 0.828730]
Wed 15 Apr 2026 13:30:04 INFO  valid result: 
ndcg@10 : 0.82873
Wed 15 Apr 2026 13:30:04 INFO  Saving current: saved/BPR-Apr-15-2026_13-29-04.pth
Wed 15 Apr 2026 13:30:05 INFO  epoch 11 training [time: 0.64s, train loss: 11.1709]
Wed 15 Apr 2026 13:30:05 INFO  epoch 11 evaluating [time: 0.49s, valid_score: 0.832173]
Wed 15 Apr 2026 13:30:05 INFO  valid result: 
ndcg@10 : 0.832173
Wed 15 Apr 2026 13:30:05 INFO  Saving current: saved/BPR-Apr-15-2026_13-29-04.pth
Wed 15 Apr 2026 13:30:06 INFO  epoch 12 training [time: 0.60s, train loss: 10.7651]
Wed 15 Apr 2026 13:30:06 INFO  epoch 12 evaluating [time: 0.49s, valid_score: 0.827840]
Wed 15 Apr 2026 13:30:06 INFO  valid result: 
ndcg@10 : 0.82784
Wed 15 Apr 2026 13:30:07 INFO  epoch 13 training [time: 0.61s, train loss: 10.4207]
Wed 15 Apr 2026 13:30:07 INFO  epoch 13 evaluating [time: 0.49s, valid_score: 0.833314]
Wed 15 Apr 2026 13:30:07 INFO  valid result: 
ndcg@10 : 0.833314
Wed 15 Apr 2026 13:30:07 INFO  Saving current: saved/BPR-Apr-15-2026_13-29-04.pth
Wed 15 Apr 2026 13:30:08 INFO  epoch 14 training [time: 0.59s, train loss: 10.3126]
Wed 15 Apr 2026 13:30:08 INFO  epoch 14 evaluating [time: 0.45s, valid_score: 0.843928]
Wed 15 Apr 2026 13:30:08 INFO  valid result: 
ndcg@10 : 0.843928
Wed 15 Apr 2026 13:30:08 INFO  Saving current: saved/BPR-Apr-15-2026_13-29-04.pth
Wed 15 Apr 2026 13:30:08 INFO  best valid : OrderedDict([('ndcg@10', 0.843928)])
Wed 15 Apr 2026 13:30:08 INFO  
General Hyper Parameters:
gpu_id = 0
use_gpu = True
seed = 2020
state = INFO
reproducibility = True
data_path = recbole_tmp/dataset
checkpoint_dir = saved
show_progress = True
save_dataset = False
dataset_save_path = None
save_dataloaders = False
dataloaders_save_path = None
log_wandb = False

Training Hyper Parameters:
epochs = 15
train_batch_size = 2048
learner = adam
learning_rate = 0.001
train_neg_sample_args = {'distribution': 'uniform', 'sample_num': 1, 'alpha': 1.0, 'dynamic': False, 'candidate_num': 0}
eval_step = 1
stopping_step = 5
clip_grad_norm = None
weight_decay = 0.0
loss_decimal_place = 4

Evaluation Hyper Parameters:
eval_args = {'split': {'RS': [0.75, 0.2, 0.05]}, 'order': 'RO', 'group_by': 'user', 'mode': {'valid': 'full', 'test': 'full'}}
repeatable = False
metrics = ['NDCG']
topk = [10]
valid_metric = NDCG@10
valid_metric_bigger = True
eval_batch_size = 2048
metric_decimal_place = 6

Dataset Hyper Parameters:
field_separator = 	
seq_separator =  
USER_ID_FIELD = user_id
ITEM_ID_FIELD = item_id
RATING_FIELD = rating
TIME_FIELD = timestamp
seq_len = None
LABEL_FIELD = label
threshold = None
NEG_PREFIX = neg_
load_col = {'inter': ['user_id', 'item_id']}
unload_col = None
unused_col = None
additional_feat_suffix = None
rm_dup_inter = None
val_interval = None
filter_inter_by_user_or_item = True
user_inter_num_interval = [0,inf)
item_inter_num_interval = [0,inf)
alias_of_user_id = None
alias_of_item_id = None
alias_of_entity_id = None
alias_of_relation_id = None
preload_weight = None
normalize_field = None
normalize_all = None
ITEM_LIST_LENGTH_FIELD = item_length
LIST_SUFFIX = _list
MAX_ITEM_LIST_LENGTH = 500
POSITION_FIELD = position_id
HEAD_ENTITY_ID_FIELD = head_id
TAIL_ENTITY_ID_FIELD = tail_id
RELATION_ID_FIELD = relation_id
ENTITY_ID_FIELD = entity_id
benchmark_filename = None

Other Hyper Parameters: 
worker = 0
wandb_project = recbole
shuffle = True
require_pow = False
enable_amp = False
enable_scaler = False
transform = None
embedding_size = 256
numerical_features = []
discretization = None
kg_reverse_r = False
entity_kg_num_interval = [0,inf)
relation_kg_num_interval = [0,inf)
MODEL_TYPE = ModelType.GENERAL
MODEL_INPUT_TYPE = InputType.PAIRWISE
eval_type = EvaluatorType.RANKING
single_spec = True
local_rank = 0
device = cuda
valid_neg_sample_args = {'distribution': 'uniform', 'sample_num': 'none'}
test_neg_sample_args = {'distribution': 'uniform', 'sample_num': 'none'}


Wed 15 Apr 2026 13:30:09 INFO  dataset
The number of users: 656
Average actions of users: 382.26564885496185
The number of items: 992
Average actions of items: 252.65792129162463
The number of inters: 250384
The sparsity of the dataset: 61.52389850511408%
Remain Fields: ['user_id', 'item_id']
Wed 15 Apr 2026 13:30:09 INFO  [Training]: train_batch_size = [2048] train_neg_sample_args: [{'distribution': 'uniform', 'sample_num': 1, 'alpha': 1.0, 'dynamic': False, 'candidate_num': 0}]
Wed 15 Apr 2026 13:30:09 INFO  [Evaluation]: eval_batch_size = [2048] eval_args: [{'split': {'RS': [0.75, 0.2, 0.05]}, 'order': 'RO', 'group_by': 'user', 'mode': {'valid': 'full', 'test': 'full'}}]
