Wed 15 Apr 2026 12:54:56 INFO  ['main.py', 'babyLFM2b1k', '1', '--clean', '--model', 'BPR', '--choice-model', 'consume_all', '--config', 'recbole_config_default.yaml']
Wed 15 Apr 2026 12:54:56 INFO  
General Hyper Parameters:
gpu_id = 0
use_gpu = True
seed = 2020
state = INFO
reproducibility = True
data_path = recbole_tmp/dataset
checkpoint_dir = saved
show_progress = True
save_dataset = False
dataset_save_path = None
save_dataloaders = False
dataloaders_save_path = None
log_wandb = False

Training Hyper Parameters:
epochs = 15
train_batch_size = 2048
learner = adam
learning_rate = 0.001
train_neg_sample_args = {'distribution': 'uniform', 'sample_num': 1, 'alpha': 1.0, 'dynamic': False, 'candidate_num': 0}
eval_step = 1
stopping_step = 5
clip_grad_norm = None
weight_decay = 0.0
loss_decimal_place = 4

Evaluation Hyper Parameters:
eval_args = {'split': {'RS': [0.75, 0.2, 0.05]}, 'order': 'RO', 'group_by': 'user', 'mode': {'valid': 'full', 'test': 'full'}}
repeatable = False
metrics = ['NDCG']
topk = [10]
valid_metric = NDCG@10
valid_metric_bigger = True
eval_batch_size = 2048
metric_decimal_place = 6

Dataset Hyper Parameters:
field_separator = 	
seq_separator =  
USER_ID_FIELD = user_id
ITEM_ID_FIELD = item_id
RATING_FIELD = rating
TIME_FIELD = timestamp
seq_len = None
LABEL_FIELD = label
threshold = None
NEG_PREFIX = neg_
load_col = {'inter': ['user_id', 'item_id']}
unload_col = None
unused_col = None
additional_feat_suffix = None
rm_dup_inter = None
val_interval = None
filter_inter_by_user_or_item = True
user_inter_num_interval = [0,inf)
item_inter_num_interval = [0,inf)
alias_of_user_id = None
alias_of_item_id = None
alias_of_entity_id = None
alias_of_relation_id = None
preload_weight = None
normalize_field = None
normalize_all = None
ITEM_LIST_LENGTH_FIELD = item_length
LIST_SUFFIX = _list
MAX_ITEM_LIST_LENGTH = 500
POSITION_FIELD = position_id
HEAD_ENTITY_ID_FIELD = head_id
TAIL_ENTITY_ID_FIELD = tail_id
RELATION_ID_FIELD = relation_id
ENTITY_ID_FIELD = entity_id
benchmark_filename = None

Other Hyper Parameters: 
worker = 0
wandb_project = recbole
shuffle = True
require_pow = False
enable_amp = False
enable_scaler = False
transform = None
embedding_size = 256
numerical_features = []
discretization = None
kg_reverse_r = False
entity_kg_num_interval = [0,inf)
relation_kg_num_interval = [0,inf)
MODEL_TYPE = ModelType.GENERAL
MODEL_INPUT_TYPE = InputType.PAIRWISE
eval_type = EvaluatorType.RANKING
single_spec = True
local_rank = 0
device = cuda
valid_neg_sample_args = {'distribution': 'uniform', 'sample_num': 'none'}
test_neg_sample_args = {'distribution': 'uniform', 'sample_num': 'none'}


Wed 15 Apr 2026 12:54:56 INFO  dataset
The number of users: 656
Average actions of users: 22.3206106870229
The number of items: 992
Average actions of items: 14.752774974772956
The number of inters: 14620
The sparsity of the dataset: 97.75336841070023%
Remain Fields: ['user_id', 'item_id']
Wed 15 Apr 2026 12:54:56 INFO  Preparing dataset
Wed 15 Apr 2026 12:54:56 INFO  [Training]: train_batch_size = [2048] train_neg_sample_args: [{'distribution': 'uniform', 'sample_num': 1, 'alpha': 1.0, 'dynamic': False, 'candidate_num': 0}]
Wed 15 Apr 2026 12:54:56 INFO  [Evaluation]: eval_batch_size = [2048] eval_args: [{'split': {'RS': [0.75, 0.2, 0.05]}, 'order': 'RO', 'group_by': 'user', 'mode': {'valid': 'full', 'test': 'full'}}]
Wed 15 Apr 2026 12:54:56 INFO  Done!
Wed 15 Apr 2026 12:54:56 INFO  BPR(
  (user_embedding): Embedding(656, 256)
  (item_embedding): Embedding(992, 256)
  (loss): BPRLoss()
)
Trainable parameters: 421888
Wed 15 Apr 2026 12:54:57 INFO  FLOPs: 512.0
Wed 15 Apr 2026 12:54:59 INFO  epoch 0 training [time: 0.35s, train loss: 4.1255]
Wed 15 Apr 2026 12:55:02 INFO  epoch 0 evaluating [time: 3.35s, valid_score: 0.049170]
Wed 15 Apr 2026 12:55:02 INFO  valid result: 
ndcg@10 : 0.04917
Wed 15 Apr 2026 12:55:02 INFO  Saving current: saved/BPR-Apr-15-2026_12-54-57.pth
Wed 15 Apr 2026 12:55:02 INFO  epoch 1 training [time: 0.07s, train loss: 4.0216]
Wed 15 Apr 2026 12:55:05 INFO  epoch 1 evaluating [time: 3.08s, valid_score: 0.166611]
Wed 15 Apr 2026 12:55:05 INFO  valid result: 
ndcg@10 : 0.166611
Wed 15 Apr 2026 12:55:05 INFO  Saving current: saved/BPR-Apr-15-2026_12-54-57.pth
Wed 15 Apr 2026 12:55:06 INFO  epoch 2 training [time: 0.08s, train loss: 3.9223]
Wed 15 Apr 2026 12:55:09 INFO  epoch 2 evaluating [time: 3.07s, valid_score: 0.257408]
Wed 15 Apr 2026 12:55:09 INFO  valid result: 
ndcg@10 : 0.257408
Wed 15 Apr 2026 12:55:09 INFO  Saving current: saved/BPR-Apr-15-2026_12-54-57.pth
Wed 15 Apr 2026 12:55:09 INFO  epoch 3 training [time: 0.08s, train loss: 3.8255]
Wed 15 Apr 2026 12:55:12 INFO  epoch 3 evaluating [time: 3.11s, valid_score: 0.338144]
Wed 15 Apr 2026 12:55:12 INFO  valid result: 
ndcg@10 : 0.338144
Wed 15 Apr 2026 12:55:12 INFO  Saving current: saved/BPR-Apr-15-2026_12-54-57.pth
Wed 15 Apr 2026 12:55:12 INFO  epoch 4 training [time: 0.09s, train loss: 3.7190]
Wed 15 Apr 2026 12:55:15 INFO  epoch 4 evaluating [time: 3.10s, valid_score: 0.402319]
Wed 15 Apr 2026 12:55:15 INFO  valid result: 
ndcg@10 : 0.402319
Wed 15 Apr 2026 12:55:15 INFO  Saving current: saved/BPR-Apr-15-2026_12-54-57.pth
Wed 15 Apr 2026 12:55:15 INFO  epoch 5 training [time: 0.09s, train loss: 3.6111]
Wed 15 Apr 2026 12:55:18 INFO  epoch 5 evaluating [time: 2.94s, valid_score: 0.447703]
Wed 15 Apr 2026 12:55:18 INFO  valid result: 
ndcg@10 : 0.447703
Wed 15 Apr 2026 12:55:18 INFO  Saving current: saved/BPR-Apr-15-2026_12-54-57.pth
Wed 15 Apr 2026 12:55:18 INFO  epoch 6 training [time: 0.09s, train loss: 3.4948]
Wed 15 Apr 2026 12:55:21 INFO  epoch 6 evaluating [time: 3.06s, valid_score: 0.475377]
Wed 15 Apr 2026 12:55:21 INFO  valid result: 
ndcg@10 : 0.475377
Wed 15 Apr 2026 12:55:21 INFO  Saving current: saved/BPR-Apr-15-2026_12-54-57.pth
Wed 15 Apr 2026 12:55:21 INFO  epoch 7 training [time: 0.05s, train loss: 3.3691]
Wed 15 Apr 2026 12:55:24 INFO  epoch 7 evaluating [time: 3.15s, valid_score: 0.508056]
Wed 15 Apr 2026 12:55:24 INFO  valid result: 
ndcg@10 : 0.508056
Wed 15 Apr 2026 12:55:24 INFO  Saving current: saved/BPR-Apr-15-2026_12-54-57.pth
Wed 15 Apr 2026 12:55:25 INFO  epoch 8 training [time: 0.06s, train loss: 3.2364]
Wed 15 Apr 2026 12:55:28 INFO  epoch 8 evaluating [time: 3.21s, valid_score: 0.527784]
Wed 15 Apr 2026 12:55:28 INFO  valid result: 
ndcg@10 : 0.527784
Wed 15 Apr 2026 12:55:28 INFO  Saving current: saved/BPR-Apr-15-2026_12-54-57.pth
Wed 15 Apr 2026 12:55:28 INFO  epoch 9 training [time: 0.09s, train loss: 3.0946]
Wed 15 Apr 2026 12:55:31 INFO  epoch 9 evaluating [time: 3.23s, valid_score: 0.548915]
Wed 15 Apr 2026 12:55:31 INFO  valid result: 
ndcg@10 : 0.548915
Wed 15 Apr 2026 12:55:31 INFO  Saving current: saved/BPR-Apr-15-2026_12-54-57.pth
Wed 15 Apr 2026 12:55:31 INFO  epoch 10 training [time: 0.04s, train loss: 2.9564]
Wed 15 Apr 2026 12:55:34 INFO  epoch 10 evaluating [time: 3.02s, valid_score: 0.563448]
Wed 15 Apr 2026 12:55:34 INFO  valid result: 
ndcg@10 : 0.563448
Wed 15 Apr 2026 12:55:34 INFO  Saving current: saved/BPR-Apr-15-2026_12-54-57.pth
Wed 15 Apr 2026 12:55:34 INFO  epoch 11 training [time: 0.05s, train loss: 2.8123]
Wed 15 Apr 2026 12:55:37 INFO  epoch 11 evaluating [time: 3.13s, valid_score: 0.573950]
Wed 15 Apr 2026 12:55:37 INFO  valid result: 
ndcg@10 : 0.57395
Wed 15 Apr 2026 12:55:37 INFO  Saving current: saved/BPR-Apr-15-2026_12-54-57.pth
Wed 15 Apr 2026 12:55:37 INFO  epoch 12 training [time: 0.05s, train loss: 2.6650]
Wed 15 Apr 2026 12:55:41 INFO  epoch 12 evaluating [time: 3.13s, valid_score: 0.584002]
Wed 15 Apr 2026 12:55:41 INFO  valid result: 
ndcg@10 : 0.584002
Wed 15 Apr 2026 12:55:41 INFO  Saving current: saved/BPR-Apr-15-2026_12-54-57.pth
Wed 15 Apr 2026 12:55:41 INFO  epoch 13 training [time: 0.09s, train loss: 2.5321]
Wed 15 Apr 2026 12:55:44 INFO  epoch 13 evaluating [time: 3.22s, valid_score: 0.587999]
Wed 15 Apr 2026 12:55:44 INFO  valid result: 
ndcg@10 : 0.587999
Wed 15 Apr 2026 12:55:44 INFO  Saving current: saved/BPR-Apr-15-2026_12-54-57.pth
Wed 15 Apr 2026 12:55:44 INFO  epoch 14 training [time: 0.09s, train loss: 2.3908]
Wed 15 Apr 2026 12:55:47 INFO  epoch 14 evaluating [time: 3.25s, valid_score: 0.594338]
Wed 15 Apr 2026 12:55:47 INFO  valid result: 
ndcg@10 : 0.594338
Wed 15 Apr 2026 12:55:47 INFO  Saving current: saved/BPR-Apr-15-2026_12-54-57.pth
Wed 15 Apr 2026 12:55:47 INFO  best valid : OrderedDict([('ndcg@10', 0.594338)])
Wed 15 Apr 2026 12:55:47 INFO  
General Hyper Parameters:
gpu_id = 0
use_gpu = True
seed = 2020
state = INFO
reproducibility = True
data_path = recbole_tmp/dataset
checkpoint_dir = saved
show_progress = True
save_dataset = False
dataset_save_path = None
save_dataloaders = False
dataloaders_save_path = None
log_wandb = False

Training Hyper Parameters:
epochs = 15
train_batch_size = 2048
learner = adam
learning_rate = 0.001
train_neg_sample_args = {'distribution': 'uniform', 'sample_num': 1, 'alpha': 1.0, 'dynamic': False, 'candidate_num': 0}
eval_step = 1
stopping_step = 5
clip_grad_norm = None
weight_decay = 0.0
loss_decimal_place = 4

Evaluation Hyper Parameters:
eval_args = {'split': {'RS': [0.75, 0.2, 0.05]}, 'order': 'RO', 'group_by': 'user', 'mode': {'valid': 'full', 'test': 'full'}}
repeatable = False
metrics = ['NDCG']
topk = [10]
valid_metric = NDCG@10
valid_metric_bigger = True
eval_batch_size = 2048
metric_decimal_place = 6

Dataset Hyper Parameters:
field_separator = 	
seq_separator =  
USER_ID_FIELD = user_id
ITEM_ID_FIELD = item_id
RATING_FIELD = rating
TIME_FIELD = timestamp
seq_len = None
LABEL_FIELD = label
threshold = None
NEG_PREFIX = neg_
load_col = {'inter': ['user_id', 'item_id']}
unload_col = None
unused_col = None
additional_feat_suffix = None
rm_dup_inter = None
val_interval = None
filter_inter_by_user_or_item = True
user_inter_num_interval = [0,inf)
item_inter_num_interval = [0,inf)
alias_of_user_id = None
alias_of_item_id = None
alias_of_entity_id = None
alias_of_relation_id = None
preload_weight = None
normalize_field = None
normalize_all = None
ITEM_LIST_LENGTH_FIELD = item_length
LIST_SUFFIX = _list
MAX_ITEM_LIST_LENGTH = 500
POSITION_FIELD = position_id
HEAD_ENTITY_ID_FIELD = head_id
TAIL_ENTITY_ID_FIELD = tail_id
RELATION_ID_FIELD = relation_id
ENTITY_ID_FIELD = entity_id
benchmark_filename = None

Other Hyper Parameters: 
worker = 0
wandb_project = recbole
shuffle = True
require_pow = False
enable_amp = False
enable_scaler = False
transform = None
embedding_size = 256
numerical_features = []
discretization = None
kg_reverse_r = False
entity_kg_num_interval = [0,inf)
relation_kg_num_interval = [0,inf)
MODEL_TYPE = ModelType.GENERAL
MODEL_INPUT_TYPE = InputType.PAIRWISE
eval_type = EvaluatorType.RANKING
single_spec = True
local_rank = 0
device = cuda
valid_neg_sample_args = {'distribution': 'uniform', 'sample_num': 'none'}
test_neg_sample_args = {'distribution': 'uniform', 'sample_num': 'none'}


Wed 15 Apr 2026 12:55:47 INFO  dataset
The number of users: 656
Average actions of users: 22.3206106870229
The number of items: 992
Average actions of items: 14.752774974772956
The number of inters: 14620
The sparsity of the dataset: 97.75336841070023%
Remain Fields: ['user_id', 'item_id']
Wed 15 Apr 2026 12:55:48 INFO  [Training]: train_batch_size = [2048] train_neg_sample_args: [{'distribution': 'uniform', 'sample_num': 1, 'alpha': 1.0, 'dynamic': False, 'candidate_num': 0}]
Wed 15 Apr 2026 12:55:48 INFO  [Evaluation]: eval_batch_size = [2048] eval_args: [{'split': {'RS': [0.75, 0.2, 0.05]}, 'order': 'RO', 'group_by': 'user', 'mode': {'valid': 'full', 'test': 'full'}}]
