Wed 15 Apr 2026 14:08:12 INFO  ['main.py', 'babyLFM2b1k', '65', '--clean', '--model', 'BPR', '--choice-model', 'consume_all', '--config', 'recbole_config_default.yaml']
Wed 15 Apr 2026 14:08:12 INFO  
General Hyper Parameters:
gpu_id = 0
use_gpu = True
seed = 2020
state = INFO
reproducibility = True
data_path = recbole_tmp/dataset
checkpoint_dir = saved
show_progress = True
save_dataset = False
dataset_save_path = None
save_dataloaders = False
dataloaders_save_path = None
log_wandb = False

Training Hyper Parameters:
epochs = 15
train_batch_size = 2048
learner = adam
learning_rate = 0.001
train_neg_sample_args = {'distribution': 'uniform', 'sample_num': 1, 'alpha': 1.0, 'dynamic': False, 'candidate_num': 0}
eval_step = 1
stopping_step = 5
clip_grad_norm = None
weight_decay = 0.0
loss_decimal_place = 4

Evaluation Hyper Parameters:
eval_args = {'split': {'RS': [0.75, 0.2, 0.05]}, 'order': 'RO', 'group_by': 'user', 'mode': {'valid': 'full', 'test': 'full'}}
repeatable = False
metrics = ['NDCG']
topk = [10]
valid_metric = NDCG@10
valid_metric_bigger = True
eval_batch_size = 2048
metric_decimal_place = 6

Dataset Hyper Parameters:
field_separator = 	
seq_separator =  
USER_ID_FIELD = user_id
ITEM_ID_FIELD = item_id
RATING_FIELD = rating
TIME_FIELD = timestamp
seq_len = None
LABEL_FIELD = label
threshold = None
NEG_PREFIX = neg_
load_col = {'inter': ['user_id', 'item_id']}
unload_col = None
unused_col = None
additional_feat_suffix = None
rm_dup_inter = None
val_interval = None
filter_inter_by_user_or_item = True
user_inter_num_interval = [0,inf)
item_inter_num_interval = [0,inf)
alias_of_user_id = None
alias_of_item_id = None
alias_of_entity_id = None
alias_of_relation_id = None
preload_weight = None
normalize_field = None
normalize_all = None
ITEM_LIST_LENGTH_FIELD = item_length
LIST_SUFFIX = _list
MAX_ITEM_LIST_LENGTH = 500
POSITION_FIELD = position_id
HEAD_ENTITY_ID_FIELD = head_id
TAIL_ENTITY_ID_FIELD = tail_id
RELATION_ID_FIELD = relation_id
ENTITY_ID_FIELD = entity_id
benchmark_filename = None

Other Hyper Parameters: 
worker = 0
wandb_project = recbole
shuffle = True
require_pow = False
enable_amp = False
enable_scaler = False
transform = None
embedding_size = 256
numerical_features = []
discretization = None
kg_reverse_r = False
entity_kg_num_interval = [0,inf)
relation_kg_num_interval = [0,inf)
MODEL_TYPE = ModelType.GENERAL
MODEL_INPUT_TYPE = InputType.PAIRWISE
eval_type = EvaluatorType.RANKING
single_spec = True
local_rank = 0
device = cuda
valid_neg_sample_args = {'distribution': 'uniform', 'sample_num': 'none'}
test_neg_sample_args = {'distribution': 'uniform', 'sample_num': 'none'}


Wed 15 Apr 2026 14:08:13 INFO  dataset
The number of users: 656
Average actions of users: 662.2229007633588
The number of items: 992
Average actions of items: 437.6952573158426
The number of inters: 433756
The sparsity of the dataset: 33.3454219118804%
Remain Fields: ['user_id', 'item_id']
Wed 15 Apr 2026 14:08:13 INFO  Preparing dataset
Wed 15 Apr 2026 14:08:14 INFO  [Training]: train_batch_size = [2048] train_neg_sample_args: [{'distribution': 'uniform', 'sample_num': 1, 'alpha': 1.0, 'dynamic': False, 'candidate_num': 0}]
Wed 15 Apr 2026 14:08:14 INFO  [Evaluation]: eval_batch_size = [2048] eval_args: [{'split': {'RS': [0.75, 0.2, 0.05]}, 'order': 'RO', 'group_by': 'user', 'mode': {'valid': 'full', 'test': 'full'}}]
Wed 15 Apr 2026 14:08:14 INFO  Done!
Wed 15 Apr 2026 14:08:14 INFO  BPR(
  (user_embedding): Embedding(656, 256)
  (item_embedding): Embedding(992, 256)
  (loss): BPRLoss()
)
Trainable parameters: 421888
Wed 15 Apr 2026 14:08:15 INFO  FLOPs: 512.0
Wed 15 Apr 2026 14:08:18 INFO  epoch 0 training [time: 2.38s, train loss: 99.3605]
Wed 15 Apr 2026 14:08:21 INFO  epoch 0 evaluating [time: 3.20s, valid_score: 0.817099]
Wed 15 Apr 2026 14:08:21 INFO  valid result: 
ndcg@10 : 0.817099
Wed 15 Apr 2026 14:08:21 INFO  Saving current: saved/BPR-Apr-15-2026_14-08-15.pth
Wed 15 Apr 2026 14:08:24 INFO  epoch 1 training [time: 2.22s, train loss: 43.1355]
Wed 15 Apr 2026 14:08:27 INFO  epoch 1 evaluating [time: 3.11s, valid_score: 0.814346]
Wed 15 Apr 2026 14:08:27 INFO  valid result: 
ndcg@10 : 0.814346
Wed 15 Apr 2026 14:08:29 INFO  epoch 2 training [time: 2.17s, train loss: 38.5753]
Wed 15 Apr 2026 14:08:32 INFO  epoch 2 evaluating [time: 3.13s, valid_score: 0.811423]
Wed 15 Apr 2026 14:08:32 INFO  valid result: 
ndcg@10 : 0.811423
Wed 15 Apr 2026 14:08:34 INFO  epoch 3 training [time: 2.21s, train loss: 37.4992]
Wed 15 Apr 2026 14:08:37 INFO  epoch 3 evaluating [time: 3.17s, valid_score: 0.825819]
Wed 15 Apr 2026 14:08:37 INFO  valid result: 
ndcg@10 : 0.825819
Wed 15 Apr 2026 14:08:37 INFO  Saving current: saved/BPR-Apr-15-2026_14-08-15.pth
Wed 15 Apr 2026 14:08:40 INFO  epoch 4 training [time: 2.20s, train loss: 36.7612]
Wed 15 Apr 2026 14:08:43 INFO  epoch 4 evaluating [time: 3.40s, valid_score: 0.824011]
Wed 15 Apr 2026 14:08:43 INFO  valid result: 
ndcg@10 : 0.824011
Wed 15 Apr 2026 14:08:45 INFO  epoch 5 training [time: 2.37s, train loss: 35.5313]
Wed 15 Apr 2026 14:08:49 INFO  epoch 5 evaluating [time: 3.32s, valid_score: 0.827486]
Wed 15 Apr 2026 14:08:49 INFO  valid result: 
ndcg@10 : 0.827486
Wed 15 Apr 2026 14:08:49 INFO  Saving current: saved/BPR-Apr-15-2026_14-08-15.pth
Wed 15 Apr 2026 14:08:51 INFO  epoch 6 training [time: 2.28s, train loss: 34.0704]
Wed 15 Apr 2026 14:08:54 INFO  epoch 6 evaluating [time: 3.18s, valid_score: 0.834343]
Wed 15 Apr 2026 14:08:54 INFO  valid result: 
ndcg@10 : 0.834343
Wed 15 Apr 2026 14:08:54 INFO  Saving current: saved/BPR-Apr-15-2026_14-08-15.pth
Wed 15 Apr 2026 14:08:56 INFO  epoch 7 training [time: 2.22s, train loss: 32.3619]
Wed 15 Apr 2026 14:09:00 INFO  epoch 7 evaluating [time: 3.27s, valid_score: 0.838780]
Wed 15 Apr 2026 14:09:00 INFO  valid result: 
ndcg@10 : 0.83878
Wed 15 Apr 2026 14:09:00 INFO  Saving current: saved/BPR-Apr-15-2026_14-08-15.pth
Wed 15 Apr 2026 14:09:02 INFO  epoch 8 training [time: 2.27s, train loss: 30.4836]
Wed 15 Apr 2026 14:09:05 INFO  epoch 8 evaluating [time: 3.24s, valid_score: 0.838241]
Wed 15 Apr 2026 14:09:05 INFO  valid result: 
ndcg@10 : 0.838241
Wed 15 Apr 2026 14:09:07 INFO  epoch 9 training [time: 2.25s, train loss: 28.8348]
Wed 15 Apr 2026 14:09:11 INFO  epoch 9 evaluating [time: 3.21s, valid_score: 0.839533]
Wed 15 Apr 2026 14:09:11 INFO  valid result: 
ndcg@10 : 0.839533
Wed 15 Apr 2026 14:09:11 INFO  Saving current: saved/BPR-Apr-15-2026_14-08-15.pth
Wed 15 Apr 2026 14:09:13 INFO  epoch 10 training [time: 2.24s, train loss: 26.9444]
Wed 15 Apr 2026 14:09:16 INFO  epoch 10 evaluating [time: 3.34s, valid_score: 0.840303]
Wed 15 Apr 2026 14:09:16 INFO  valid result: 
ndcg@10 : 0.840303
Wed 15 Apr 2026 14:09:16 INFO  Saving current: saved/BPR-Apr-15-2026_14-08-15.pth
Wed 15 Apr 2026 14:09:18 INFO  epoch 11 training [time: 2.16s, train loss: 25.0394]
Wed 15 Apr 2026 14:09:22 INFO  epoch 11 evaluating [time: 3.16s, valid_score: 0.842344]
Wed 15 Apr 2026 14:09:22 INFO  valid result: 
ndcg@10 : 0.842344
Wed 15 Apr 2026 14:09:22 INFO  Saving current: saved/BPR-Apr-15-2026_14-08-15.pth
Wed 15 Apr 2026 14:09:24 INFO  epoch 12 training [time: 2.10s, train loss: 23.3907]
Wed 15 Apr 2026 14:09:27 INFO  epoch 12 evaluating [time: 3.22s, valid_score: 0.846437]
Wed 15 Apr 2026 14:09:27 INFO  valid result: 
ndcg@10 : 0.846437
Wed 15 Apr 2026 14:09:27 INFO  Saving current: saved/BPR-Apr-15-2026_14-08-15.pth
Wed 15 Apr 2026 14:09:29 INFO  epoch 13 training [time: 2.32s, train loss: 21.8374]
Wed 15 Apr 2026 14:09:32 INFO  epoch 13 evaluating [time: 3.26s, valid_score: 0.842676]
Wed 15 Apr 2026 14:09:32 INFO  valid result: 
ndcg@10 : 0.842676
Wed 15 Apr 2026 14:09:35 INFO  epoch 14 training [time: 2.34s, train loss: 20.2059]
Wed 15 Apr 2026 14:09:38 INFO  epoch 14 evaluating [time: 2.98s, valid_score: 0.842967]
Wed 15 Apr 2026 14:09:38 INFO  valid result: 
ndcg@10 : 0.842967
Wed 15 Apr 2026 14:09:38 INFO  best valid : OrderedDict([('ndcg@10', 0.846437)])
Wed 15 Apr 2026 14:09:38 INFO  
General Hyper Parameters:
gpu_id = 0
use_gpu = True
seed = 2020
state = INFO
reproducibility = True
data_path = recbole_tmp/dataset
checkpoint_dir = saved
show_progress = True
save_dataset = False
dataset_save_path = None
save_dataloaders = False
dataloaders_save_path = None
log_wandb = False

Training Hyper Parameters:
epochs = 15
train_batch_size = 2048
learner = adam
learning_rate = 0.001
train_neg_sample_args = {'distribution': 'uniform', 'sample_num': 1, 'alpha': 1.0, 'dynamic': False, 'candidate_num': 0}
eval_step = 1
stopping_step = 5
clip_grad_norm = None
weight_decay = 0.0
loss_decimal_place = 4

Evaluation Hyper Parameters:
eval_args = {'split': {'RS': [0.75, 0.2, 0.05]}, 'order': 'RO', 'group_by': 'user', 'mode': {'valid': 'full', 'test': 'full'}}
repeatable = False
metrics = ['NDCG']
topk = [10]
valid_metric = NDCG@10
valid_metric_bigger = True
eval_batch_size = 2048
metric_decimal_place = 6

Dataset Hyper Parameters:
field_separator = 	
seq_separator =  
USER_ID_FIELD = user_id
ITEM_ID_FIELD = item_id
RATING_FIELD = rating
TIME_FIELD = timestamp
seq_len = None
LABEL_FIELD = label
threshold = None
NEG_PREFIX = neg_
load_col = {'inter': ['user_id', 'item_id']}
unload_col = None
unused_col = None
additional_feat_suffix = None
rm_dup_inter = None
val_interval = None
filter_inter_by_user_or_item = True
user_inter_num_interval = [0,inf)
item_inter_num_interval = [0,inf)
alias_of_user_id = None
alias_of_item_id = None
alias_of_entity_id = None
alias_of_relation_id = None
preload_weight = None
normalize_field = None
normalize_all = None
ITEM_LIST_LENGTH_FIELD = item_length
LIST_SUFFIX = _list
MAX_ITEM_LIST_LENGTH = 500
POSITION_FIELD = position_id
HEAD_ENTITY_ID_FIELD = head_id
TAIL_ENTITY_ID_FIELD = tail_id
RELATION_ID_FIELD = relation_id
ENTITY_ID_FIELD = entity_id
benchmark_filename = None

Other Hyper Parameters: 
worker = 0
wandb_project = recbole
shuffle = True
require_pow = False
enable_amp = False
enable_scaler = False
transform = None
embedding_size = 256
numerical_features = []
discretization = None
kg_reverse_r = False
entity_kg_num_interval = [0,inf)
relation_kg_num_interval = [0,inf)
MODEL_TYPE = ModelType.GENERAL
MODEL_INPUT_TYPE = InputType.PAIRWISE
eval_type = EvaluatorType.RANKING
single_spec = True
local_rank = 0
device = cuda
valid_neg_sample_args = {'distribution': 'uniform', 'sample_num': 'none'}
test_neg_sample_args = {'distribution': 'uniform', 'sample_num': 'none'}


Wed 15 Apr 2026 14:09:39 INFO  dataset
The number of users: 656
Average actions of users: 662.2229007633588
The number of items: 992
Average actions of items: 437.6952573158426
The number of inters: 433756
The sparsity of the dataset: 33.3454219118804%
Remain Fields: ['user_id', 'item_id']
Wed 15 Apr 2026 14:09:40 INFO  [Training]: train_batch_size = [2048] train_neg_sample_args: [{'distribution': 'uniform', 'sample_num': 1, 'alpha': 1.0, 'dynamic': False, 'candidate_num': 0}]
Wed 15 Apr 2026 14:09:40 INFO  [Evaluation]: eval_batch_size = [2048] eval_args: [{'split': {'RS': [0.75, 0.2, 0.05]}, 'order': 'RO', 'group_by': 'user', 'mode': {'valid': 'full', 'test': 'full'}}]
