Wed 15 Apr 2026 14:47:52 INFO  ['main.py', 'babyLFM2b1k', '88', '--clean', '--model', 'BPR', '--choice-model', 'consume_all', '--config', 'recbole_config_default.yaml']
Wed 15 Apr 2026 14:47:52 INFO  
General Hyper Parameters:
gpu_id = 0
use_gpu = True
seed = 2020
state = INFO
reproducibility = True
data_path = recbole_tmp/dataset
checkpoint_dir = saved
show_progress = True
save_dataset = False
dataset_save_path = None
save_dataloaders = False
dataloaders_save_path = None
log_wandb = False

Training Hyper Parameters:
epochs = 15
train_batch_size = 2048
learner = adam
learning_rate = 0.001
train_neg_sample_args = {'distribution': 'uniform', 'sample_num': 1, 'alpha': 1.0, 'dynamic': False, 'candidate_num': 0}
eval_step = 1
stopping_step = 5
clip_grad_norm = None
weight_decay = 0.0
loss_decimal_place = 4

Evaluation Hyper Parameters:
eval_args = {'split': {'RS': [0.75, 0.2, 0.05]}, 'order': 'RO', 'group_by': 'user', 'mode': {'valid': 'full', 'test': 'full'}}
repeatable = False
metrics = ['NDCG']
topk = [10]
valid_metric = NDCG@10
valid_metric_bigger = True
eval_batch_size = 2048
metric_decimal_place = 6

Dataset Hyper Parameters:
field_separator = 	
seq_separator =  
USER_ID_FIELD = user_id
ITEM_ID_FIELD = item_id
RATING_FIELD = rating
TIME_FIELD = timestamp
seq_len = None
LABEL_FIELD = label
threshold = None
NEG_PREFIX = neg_
load_col = {'inter': ['user_id', 'item_id']}
unload_col = None
unused_col = None
additional_feat_suffix = None
rm_dup_inter = None
val_interval = None
filter_inter_by_user_or_item = True
user_inter_num_interval = [0,inf)
item_inter_num_interval = [0,inf)
alias_of_user_id = None
alias_of_item_id = None
alias_of_entity_id = None
alias_of_relation_id = None
preload_weight = None
normalize_field = None
normalize_all = None
ITEM_LIST_LENGTH_FIELD = item_length
LIST_SUFFIX = _list
MAX_ITEM_LIST_LENGTH = 500
POSITION_FIELD = position_id
HEAD_ENTITY_ID_FIELD = head_id
TAIL_ENTITY_ID_FIELD = tail_id
RELATION_ID_FIELD = relation_id
ENTITY_ID_FIELD = entity_id
benchmark_filename = None

Other Hyper Parameters: 
worker = 0
wandb_project = recbole
shuffle = True
require_pow = False
enable_amp = False
enable_scaler = False
transform = None
embedding_size = 256
numerical_features = []
discretization = None
kg_reverse_r = False
entity_kg_num_interval = [0,inf)
relation_kg_num_interval = [0,inf)
MODEL_TYPE = ModelType.GENERAL
MODEL_INPUT_TYPE = InputType.PAIRWISE
eval_type = EvaluatorType.RANKING
single_spec = True
local_rank = 0
device = cuda
valid_neg_sample_args = {'distribution': 'uniform', 'sample_num': 'none'}
test_neg_sample_args = {'distribution': 'uniform', 'sample_num': 'none'}


Wed 15 Apr 2026 14:47:54 INFO  dataset
The number of users: 656
Average actions of users: 892.187786259542
The number of items: 992
Average actions of items: 589.6902119071644
The number of inters: 584383
The sparsity of the dataset: 10.19881613886704%
Remain Fields: ['user_id', 'item_id']
Wed 15 Apr 2026 14:47:54 INFO  Preparing dataset
Wed 15 Apr 2026 14:47:55 INFO  [Training]: train_batch_size = [2048] train_neg_sample_args: [{'distribution': 'uniform', 'sample_num': 1, 'alpha': 1.0, 'dynamic': False, 'candidate_num': 0}]
Wed 15 Apr 2026 14:47:55 INFO  [Evaluation]: eval_batch_size = [2048] eval_args: [{'split': {'RS': [0.75, 0.2, 0.05]}, 'order': 'RO', 'group_by': 'user', 'mode': {'valid': 'full', 'test': 'full'}}]
Wed 15 Apr 2026 14:47:55 INFO  Done!
Wed 15 Apr 2026 14:47:55 INFO  BPR(
  (user_embedding): Embedding(656, 256)
  (item_embedding): Embedding(992, 256)
  (loss): BPRLoss()
)
Trainable parameters: 421888
Wed 15 Apr 2026 14:47:55 INFO  FLOPs: 512.0
Wed 15 Apr 2026 14:48:00 INFO  epoch 0 training [time: 3.34s, train loss: 140.2257]
Wed 15 Apr 2026 14:48:03 INFO  epoch 0 evaluating [time: 3.06s, valid_score: 0.819059]
Wed 15 Apr 2026 14:48:03 INFO  valid result: 
ndcg@10 : 0.819059
Wed 15 Apr 2026 14:48:03 INFO  Saving current: saved/BPR-Apr-15-2026_14-47-55.pth
Wed 15 Apr 2026 14:48:06 INFO  epoch 1 training [time: 3.14s, train loss: 100.9321]
Wed 15 Apr 2026 14:48:09 INFO  epoch 1 evaluating [time: 2.82s, valid_score: 0.817524]
Wed 15 Apr 2026 14:48:09 INFO  valid result: 
ndcg@10 : 0.817524
Wed 15 Apr 2026 14:48:12 INFO  epoch 2 training [time: 3.12s, train loss: 94.1785]
Wed 15 Apr 2026 14:48:15 INFO  epoch 2 evaluating [time: 3.12s, valid_score: 0.829269]
Wed 15 Apr 2026 14:48:15 INFO  valid result: 
ndcg@10 : 0.829269
Wed 15 Apr 2026 14:48:15 INFO  Saving current: saved/BPR-Apr-15-2026_14-47-55.pth
Wed 15 Apr 2026 14:48:18 INFO  epoch 3 training [time: 3.14s, train loss: 87.5162]
Wed 15 Apr 2026 14:48:21 INFO  epoch 3 evaluating [time: 3.10s, valid_score: 0.843892]
Wed 15 Apr 2026 14:48:21 INFO  valid result: 
ndcg@10 : 0.843892
Wed 15 Apr 2026 14:48:22 INFO  Saving current: saved/BPR-Apr-15-2026_14-47-55.pth
Wed 15 Apr 2026 14:48:25 INFO  epoch 4 training [time: 3.29s, train loss: 79.5253]
Wed 15 Apr 2026 14:48:28 INFO  epoch 4 evaluating [time: 3.25s, valid_score: 0.838788]
Wed 15 Apr 2026 14:48:28 INFO  valid result: 
ndcg@10 : 0.838788
Wed 15 Apr 2026 14:48:31 INFO  epoch 5 training [time: 3.17s, train loss: 70.8700]
Wed 15 Apr 2026 14:48:34 INFO  epoch 5 evaluating [time: 2.92s, valid_score: 0.839375]
Wed 15 Apr 2026 14:48:34 INFO  valid result: 
ndcg@10 : 0.839375
Wed 15 Apr 2026 14:48:38 INFO  epoch 6 training [time: 4.19s, train loss: 62.7092]
Wed 15 Apr 2026 14:48:42 INFO  epoch 6 evaluating [time: 3.32s, valid_score: 0.848555]
Wed 15 Apr 2026 14:48:42 INFO  valid result: 
ndcg@10 : 0.848555
Wed 15 Apr 2026 14:48:42 INFO  Saving current: saved/BPR-Apr-15-2026_14-47-55.pth
Wed 15 Apr 2026 14:48:45 INFO  epoch 7 training [time: 3.20s, train loss: 55.4806]
Wed 15 Apr 2026 14:48:48 INFO  epoch 7 evaluating [time: 3.02s, valid_score: 0.846511]
Wed 15 Apr 2026 14:48:48 INFO  valid result: 
ndcg@10 : 0.846511
Wed 15 Apr 2026 14:48:51 INFO  epoch 8 training [time: 3.25s, train loss: 49.1698]
Wed 15 Apr 2026 14:48:59 INFO  epoch 8 evaluating [time: 7.89s, valid_score: 0.847183]
Wed 15 Apr 2026 14:48:59 INFO  valid result: 
ndcg@10 : 0.847183
Wed 15 Apr 2026 14:49:03 INFO  epoch 9 training [time: 4.03s, train loss: 43.7591]
Wed 15 Apr 2026 14:49:06 INFO  epoch 9 evaluating [time: 3.14s, valid_score: 0.845520]
Wed 15 Apr 2026 14:49:06 INFO  valid result: 
ndcg@10 : 0.84552
Wed 15 Apr 2026 14:49:09 INFO  epoch 10 training [time: 3.16s, train loss: 39.1804]
Wed 15 Apr 2026 14:49:12 INFO  epoch 10 evaluating [time: 3.13s, valid_score: 0.850087]
Wed 15 Apr 2026 14:49:12 INFO  valid result: 
ndcg@10 : 0.850087
Wed 15 Apr 2026 14:49:13 INFO  Saving current: saved/BPR-Apr-15-2026_14-47-55.pth
Wed 15 Apr 2026 14:49:16 INFO  epoch 11 training [time: 3.22s, train loss: 35.0752]
Wed 15 Apr 2026 14:49:19 INFO  epoch 11 evaluating [time: 3.16s, valid_score: 0.851927]
Wed 15 Apr 2026 14:49:19 INFO  valid result: 
ndcg@10 : 0.851927
Wed 15 Apr 2026 14:49:19 INFO  Saving current: saved/BPR-Apr-15-2026_14-47-55.pth
Wed 15 Apr 2026 14:49:22 INFO  epoch 12 training [time: 3.24s, train loss: 31.5420]
Wed 15 Apr 2026 14:49:25 INFO  epoch 12 evaluating [time: 3.17s, valid_score: 0.850411]
Wed 15 Apr 2026 14:49:25 INFO  valid result: 
ndcg@10 : 0.850411
Wed 15 Apr 2026 14:49:28 INFO  epoch 13 training [time: 3.17s, train loss: 28.5393]
Wed 15 Apr 2026 14:49:32 INFO  epoch 13 evaluating [time: 3.21s, valid_score: 0.852345]
Wed 15 Apr 2026 14:49:32 INFO  valid result: 
ndcg@10 : 0.852345
Wed 15 Apr 2026 14:49:32 INFO  Saving current: saved/BPR-Apr-15-2026_14-47-55.pth
Wed 15 Apr 2026 14:49:35 INFO  epoch 14 training [time: 3.19s, train loss: 25.7934]
Wed 15 Apr 2026 14:49:38 INFO  epoch 14 evaluating [time: 3.28s, valid_score: 0.849499]
Wed 15 Apr 2026 14:49:38 INFO  valid result: 
ndcg@10 : 0.849499
Wed 15 Apr 2026 14:49:38 INFO  best valid : OrderedDict([('ndcg@10', 0.852345)])
Wed 15 Apr 2026 14:49:38 INFO  
General Hyper Parameters:
gpu_id = 0
use_gpu = True
seed = 2020
state = INFO
reproducibility = True
data_path = recbole_tmp/dataset
checkpoint_dir = saved
show_progress = True
save_dataset = False
dataset_save_path = None
save_dataloaders = False
dataloaders_save_path = None
log_wandb = False

Training Hyper Parameters:
epochs = 15
train_batch_size = 2048
learner = adam
learning_rate = 0.001
train_neg_sample_args = {'distribution': 'uniform', 'sample_num': 1, 'alpha': 1.0, 'dynamic': False, 'candidate_num': 0}
eval_step = 1
stopping_step = 5
clip_grad_norm = None
weight_decay = 0.0
loss_decimal_place = 4

Evaluation Hyper Parameters:
eval_args = {'split': {'RS': [0.75, 0.2, 0.05]}, 'order': 'RO', 'group_by': 'user', 'mode': {'valid': 'full', 'test': 'full'}}
repeatable = False
metrics = ['NDCG']
topk = [10]
valid_metric = NDCG@10
valid_metric_bigger = True
eval_batch_size = 2048
metric_decimal_place = 6

Dataset Hyper Parameters:
field_separator = 	
seq_separator =  
USER_ID_FIELD = user_id
ITEM_ID_FIELD = item_id
RATING_FIELD = rating
TIME_FIELD = timestamp
seq_len = None
LABEL_FIELD = label
threshold = None
NEG_PREFIX = neg_
load_col = {'inter': ['user_id', 'item_id']}
unload_col = None
unused_col = None
additional_feat_suffix = None
rm_dup_inter = None
val_interval = None
filter_inter_by_user_or_item = True
user_inter_num_interval = [0,inf)
item_inter_num_interval = [0,inf)
alias_of_user_id = None
alias_of_item_id = None
alias_of_entity_id = None
alias_of_relation_id = None
preload_weight = None
normalize_field = None
normalize_all = None
ITEM_LIST_LENGTH_FIELD = item_length
LIST_SUFFIX = _list
MAX_ITEM_LIST_LENGTH = 500
POSITION_FIELD = position_id
HEAD_ENTITY_ID_FIELD = head_id
TAIL_ENTITY_ID_FIELD = tail_id
RELATION_ID_FIELD = relation_id
ENTITY_ID_FIELD = entity_id
benchmark_filename = None

Other Hyper Parameters: 
worker = 0
wandb_project = recbole
shuffle = True
require_pow = False
enable_amp = False
enable_scaler = False
transform = None
embedding_size = 256
numerical_features = []
discretization = None
kg_reverse_r = False
entity_kg_num_interval = [0,inf)
relation_kg_num_interval = [0,inf)
MODEL_TYPE = ModelType.GENERAL
MODEL_INPUT_TYPE = InputType.PAIRWISE
eval_type = EvaluatorType.RANKING
single_spec = True
local_rank = 0
device = cuda
valid_neg_sample_args = {'distribution': 'uniform', 'sample_num': 'none'}
test_neg_sample_args = {'distribution': 'uniform', 'sample_num': 'none'}


Wed 15 Apr 2026 14:49:40 INFO  dataset
The number of users: 656
Average actions of users: 892.187786259542
The number of items: 992
Average actions of items: 589.6902119071644
The number of inters: 584383
The sparsity of the dataset: 10.19881613886704%
Remain Fields: ['user_id', 'item_id']
Wed 15 Apr 2026 14:49:41 INFO  [Training]: train_batch_size = [2048] train_neg_sample_args: [{'distribution': 'uniform', 'sample_num': 1, 'alpha': 1.0, 'dynamic': False, 'candidate_num': 0}]
Wed 15 Apr 2026 14:49:41 INFO  [Evaluation]: eval_batch_size = [2048] eval_args: [{'split': {'RS': [0.75, 0.2, 0.05]}, 'order': 'RO', 'group_by': 'user', 'mode': {'valid': 'full', 'test': 'full'}}]
