Tue 21 Apr 2026 12:18:34 INFO  ['main.py', 'babyLFM2b1k', '4', '--clean', '--model', 'BPR', '--choice-model', 'random', '--config', 'recbole_config_default.yaml', '--train-from-checkpoint']
Tue 21 Apr 2026 12:18:34 INFO  
General Hyper Parameters:
gpu_id = 0
use_gpu = True
seed = 2020
state = INFO
reproducibility = True
data_path = recbole_tmp/dataset
checkpoint_dir = saved
show_progress = True
save_dataset = False
dataset_save_path = None
save_dataloaders = False
dataloaders_save_path = None
log_wandb = False

Training Hyper Parameters:
epochs = 10
train_batch_size = 2048
learner = adam
learning_rate = 0.001
train_neg_sample_args = {'distribution': 'uniform', 'sample_num': 1, 'alpha': 1.0, 'dynamic': False, 'candidate_num': 0}
eval_step = 1
stopping_step = 500
clip_grad_norm = None
weight_decay = 0.0
loss_decimal_place = 4

Evaluation Hyper Parameters:
eval_args = {'split': {'RS': [0.75, 0.2, 0.05]}, 'order': 'RO', 'group_by': 'user', 'mode': {'valid': 'full', 'test': 'full'}}
repeatable = False
metrics = ['NDCG']
topk = [10]
valid_metric = NDCG@10
valid_metric_bigger = True
eval_batch_size = 2048
metric_decimal_place = 3

Dataset Hyper Parameters:
field_separator = 	
seq_separator =  
USER_ID_FIELD = user_id
ITEM_ID_FIELD = item_id
RATING_FIELD = rating
TIME_FIELD = timestamp
seq_len = None
LABEL_FIELD = label
threshold = None
NEG_PREFIX = neg_
load_col = {'inter': ['user_id', 'item_id']}
unload_col = None
unused_col = None
additional_feat_suffix = None
rm_dup_inter = None
val_interval = None
filter_inter_by_user_or_item = True
user_inter_num_interval = [0,inf)
item_inter_num_interval = [0,inf)
alias_of_user_id = None
alias_of_item_id = None
alias_of_entity_id = None
alias_of_relation_id = None
preload_weight = None
normalize_field = None
normalize_all = None
ITEM_LIST_LENGTH_FIELD = item_length
LIST_SUFFIX = _list
MAX_ITEM_LIST_LENGTH = 500
POSITION_FIELD = position_id
HEAD_ENTITY_ID_FIELD = head_id
TAIL_ENTITY_ID_FIELD = tail_id
RELATION_ID_FIELD = relation_id
ENTITY_ID_FIELD = entity_id
benchmark_filename = None

Other Hyper Parameters: 
worker = 0
wandb_project = recbole
shuffle = True
require_pow = False
enable_amp = False
enable_scaler = False
transform = None
embedding_size = 256
numerical_features = []
discretization = None
kg_reverse_r = False
entity_kg_num_interval = [0,inf)
relation_kg_num_interval = [0,inf)
MODEL_TYPE = ModelType.GENERAL
MODEL_INPUT_TYPE = InputType.PAIRWISE
eval_type = EvaluatorType.RANKING
single_spec = True
local_rank = 0
device = cuda
valid_neg_sample_args = {'distribution': 'uniform', 'sample_num': 'none'}
test_neg_sample_args = {'distribution': 'uniform', 'sample_num': 'none'}


Tue 21 Apr 2026 12:18:34 INFO  dataset
The number of users: 656
Average actions of users: 52.31603053435114
The number of items: 992
Average actions of items: 34.578203834510596
The number of inters: 34267
The sparsity of the dataset: 94.73424591856806%
Remain Fields: ['user_id', 'item_id']
Tue 21 Apr 2026 12:18:34 INFO  Preparing dataset
Tue 21 Apr 2026 12:18:34 INFO  [Training]: train_batch_size = [2048] train_neg_sample_args: [{'distribution': 'uniform', 'sample_num': 1, 'alpha': 1.0, 'dynamic': False, 'candidate_num': 0}]
Tue 21 Apr 2026 12:18:34 INFO  [Evaluation]: eval_batch_size = [2048] eval_args: [{'split': {'RS': [0.75, 0.2, 0.05]}, 'order': 'RO', 'group_by': 'user', 'mode': {'valid': 'full', 'test': 'full'}}]
Tue 21 Apr 2026 12:18:34 INFO  Done!
Tue 21 Apr 2026 12:18:35 INFO  BPR(
  (user_embedding): Embedding(656, 256)
  (item_embedding): Embedding(992, 256)
  (loss): BPRLoss()
)
Trainable parameters: 421888
Tue 21 Apr 2026 12:18:35 INFO  FLOPs: 512.0
Tue 21 Apr 2026 12:18:36 INFO  Resuming training from checkpoint: experiments/babyLFM2b1k/output/iteration_3_checkpoint.pth
Tue 21 Apr 2026 12:18:36 INFO  Checkpoint loaded. Resume training from epoch 10
Tue 21 Apr 2026 12:18:36 INFO  epoch 0 training [time: 0.29s, train loss: 6.3582]
Tue 21 Apr 2026 12:18:38 INFO  epoch 0 evaluating [time: 1.75s, valid_score: 0.124000]
Tue 21 Apr 2026 12:18:38 INFO  valid result: 
ndcg@10 : 0.124
Tue 21 Apr 2026 12:18:38 INFO  Saving current: saved/iteration_3_checkpoint.pth
Tue 21 Apr 2026 12:18:38 INFO  epoch 1 training [time: 0.11s, train loss: 5.4482]
Tue 21 Apr 2026 12:18:40 INFO  epoch 1 evaluating [time: 1.65s, valid_score: 0.179000]
Tue 21 Apr 2026 12:18:40 INFO  valid result: 
ndcg@10 : 0.179
Tue 21 Apr 2026 12:18:40 INFO  Saving current: saved/iteration_3_checkpoint.pth
Tue 21 Apr 2026 12:18:40 INFO  epoch 2 training [time: 0.15s, train loss: 4.7401]
Tue 21 Apr 2026 12:18:42 INFO  epoch 2 evaluating [time: 1.57s, valid_score: 0.233000]
Tue 21 Apr 2026 12:18:42 INFO  valid result: 
ndcg@10 : 0.233
Tue 21 Apr 2026 12:18:42 INFO  Saving current: saved/iteration_3_checkpoint.pth
Tue 21 Apr 2026 12:18:42 INFO  epoch 3 training [time: 0.21s, train loss: 4.1840]
Tue 21 Apr 2026 12:18:43 INFO  epoch 3 evaluating [time: 1.53s, valid_score: 0.280000]
Tue 21 Apr 2026 12:18:43 INFO  valid result: 
ndcg@10 : 0.28
Tue 21 Apr 2026 12:18:43 INFO  Saving current: saved/iteration_3_checkpoint.pth
Tue 21 Apr 2026 12:18:44 INFO  epoch 4 training [time: 0.18s, train loss: 3.8596]
Tue 21 Apr 2026 12:18:45 INFO  epoch 4 evaluating [time: 1.69s, valid_score: 0.326000]
Tue 21 Apr 2026 12:18:45 INFO  valid result: 
ndcg@10 : 0.326
Tue 21 Apr 2026 12:18:45 INFO  Saving current: saved/iteration_3_checkpoint.pth
Tue 21 Apr 2026 12:18:45 INFO  epoch 5 training [time: 0.07s, train loss: 3.5330]
Tue 21 Apr 2026 12:18:47 INFO  epoch 5 evaluating [time: 1.69s, valid_score: 0.354000]
Tue 21 Apr 2026 12:18:47 INFO  valid result: 
ndcg@10 : 0.354
Tue 21 Apr 2026 12:18:47 INFO  Saving current: saved/iteration_3_checkpoint.pth
Tue 21 Apr 2026 12:18:47 INFO  epoch 6 training [time: 0.16s, train loss: 3.3363]
Tue 21 Apr 2026 12:18:49 INFO  epoch 6 evaluating [time: 1.58s, valid_score: 0.377000]
Tue 21 Apr 2026 12:18:49 INFO  valid result: 
ndcg@10 : 0.377
Tue 21 Apr 2026 12:18:49 INFO  Saving current: saved/iteration_3_checkpoint.pth
Tue 21 Apr 2026 12:18:49 INFO  epoch 7 training [time: 0.21s, train loss: 3.1599]
Tue 21 Apr 2026 12:18:51 INFO  epoch 7 evaluating [time: 1.56s, valid_score: 0.394000]
Tue 21 Apr 2026 12:18:51 INFO  valid result: 
ndcg@10 : 0.394
Tue 21 Apr 2026 12:18:51 INFO  Saving current: saved/iteration_3_checkpoint.pth
Tue 21 Apr 2026 12:18:51 INFO  epoch 8 training [time: 0.17s, train loss: 3.0498]
Tue 21 Apr 2026 12:18:52 INFO  epoch 8 evaluating [time: 1.49s, valid_score: 0.405000]
Tue 21 Apr 2026 12:18:52 INFO  valid result: 
ndcg@10 : 0.405
Tue 21 Apr 2026 12:18:52 INFO  Saving current: saved/iteration_3_checkpoint.pth
Tue 21 Apr 2026 12:18:52 INFO  epoch 9 training [time: 0.21s, train loss: 2.8931]
Tue 21 Apr 2026 12:18:54 INFO  epoch 9 evaluating [time: 1.50s, valid_score: 0.415000]
Tue 21 Apr 2026 12:18:54 INFO  valid result: 
ndcg@10 : 0.415
Tue 21 Apr 2026 12:18:54 INFO  Saving current: saved/iteration_3_checkpoint.pth
Tue 21 Apr 2026 12:18:54 INFO  best valid : OrderedDict([('ndcg@10', 0.415)])
Tue 21 Apr 2026 12:18:54 INFO  
General Hyper Parameters:
gpu_id = 0
use_gpu = True
seed = 2020
state = INFO
reproducibility = True
data_path = recbole_tmp/dataset
checkpoint_dir = saved
show_progress = True
save_dataset = False
dataset_save_path = None
save_dataloaders = False
dataloaders_save_path = None
log_wandb = False

Training Hyper Parameters:
epochs = 10
train_batch_size = 2048
learner = adam
learning_rate = 0.001
train_neg_sample_args = {'distribution': 'uniform', 'sample_num': 1, 'alpha': 1.0, 'dynamic': False, 'candidate_num': 0}
eval_step = 1
stopping_step = 500
clip_grad_norm = None
weight_decay = 0.0
loss_decimal_place = 4

Evaluation Hyper Parameters:
eval_args = {'split': {'RS': [0.75, 0.2, 0.05]}, 'order': 'RO', 'group_by': 'user', 'mode': {'valid': 'full', 'test': 'full'}}
repeatable = False
metrics = ['NDCG']
topk = [10]
valid_metric = NDCG@10
valid_metric_bigger = True
eval_batch_size = 2048
metric_decimal_place = 3

Dataset Hyper Parameters:
field_separator = 	
seq_separator =  
USER_ID_FIELD = user_id
ITEM_ID_FIELD = item_id
RATING_FIELD = rating
TIME_FIELD = timestamp
seq_len = None
LABEL_FIELD = label
threshold = None
NEG_PREFIX = neg_
load_col = {'inter': ['user_id', 'item_id']}
unload_col = None
unused_col = None
additional_feat_suffix = None
rm_dup_inter = None
val_interval = None
filter_inter_by_user_or_item = True
user_inter_num_interval = [0,inf)
item_inter_num_interval = [0,inf)
alias_of_user_id = None
alias_of_item_id = None
alias_of_entity_id = None
alias_of_relation_id = None
preload_weight = None
normalize_field = None
normalize_all = None
ITEM_LIST_LENGTH_FIELD = item_length
LIST_SUFFIX = _list
MAX_ITEM_LIST_LENGTH = 500
POSITION_FIELD = position_id
HEAD_ENTITY_ID_FIELD = head_id
TAIL_ENTITY_ID_FIELD = tail_id
RELATION_ID_FIELD = relation_id
ENTITY_ID_FIELD = entity_id
benchmark_filename = None

Other Hyper Parameters: 
worker = 0
wandb_project = recbole
shuffle = True
require_pow = False
enable_amp = False
enable_scaler = False
transform = None
embedding_size = 256
numerical_features = []
discretization = None
kg_reverse_r = False
entity_kg_num_interval = [0,inf)
relation_kg_num_interval = [0,inf)
MODEL_TYPE = ModelType.GENERAL
MODEL_INPUT_TYPE = InputType.PAIRWISE
eval_type = EvaluatorType.RANKING
single_spec = True
local_rank = 0
device = cuda
valid_neg_sample_args = {'distribution': 'uniform', 'sample_num': 'none'}
test_neg_sample_args = {'distribution': 'uniform', 'sample_num': 'none'}


Tue 21 Apr 2026 12:18:54 INFO  dataset
The number of users: 656
Average actions of users: 52.31603053435114
The number of items: 992
Average actions of items: 34.578203834510596
The number of inters: 34267
The sparsity of the dataset: 94.73424591856806%
Remain Fields: ['user_id', 'item_id']
Tue 21 Apr 2026 12:18:54 INFO  [Training]: train_batch_size = [2048] train_neg_sample_args: [{'distribution': 'uniform', 'sample_num': 1, 'alpha': 1.0, 'dynamic': False, 'candidate_num': 0}]
Tue 21 Apr 2026 12:18:54 INFO  [Evaluation]: eval_batch_size = [2048] eval_args: [{'split': {'RS': [0.75, 0.2, 0.05]}, 'order': 'RO', 'group_by': 'user', 'mode': {'valid': 'full', 'test': 'full'}}]
